806,2025-09-01 06:58:19,WIN-HOST-076,4627,Microsoft-Windows-Security-Auditing,Information,Administrator,29.58.225.49,C:\Windows\System32\cmd.exe,"""C:\Windows\System32\cmd.exe"" -arg5 /c ""do_something""",C:\Users\Administrator\AppData\Local\Temp\aba9c71b.tmp,722e7c49ca5b85926c99568bbd4d803887dcbc0d2776ff9f21a555ad4e66fc4d,Group membership information.,Exfiltration,Exfiltration Over C2 Channel,T1041,
807,2025-09-11 17:39:00,WIN-HOST-026,7045,Service Control Manager,Information,svc_sql,173.171.123.1,C:\Program Files\OpenSSH\ssh.exe,"""C:\Program Files\OpenSSH\ssh.exe"" -arg1 /c ""do_something""",C:\Users\svc_sql\AppData\Local\Temp\624f3d38.tmp,818edb1fafd99b379064f56cd265d9c65a555967c2471cf718b56f38c9ad02b5,A service was installed in the system.,Defense Evasion,Timestomping,T1099,
808,2025-07-23 22:36:24,WIN-HOST-070,1,Microsoft-Windows-Sysmon,Information,Guest,203.8.182.5,C:\Program Files\OpenSSH\ssh.exe,"""C:\Program Files\OpenSSH\ssh.exe"" -arg1 /c ""do_something""",C:\Users\Guest\AppData\Local\Temp\7dfea33a.tmp,3f3f47ec9a0dfc019129656af50a047160e169cabc77a71ab491bd012939c81f,Scheduled task created or executed.,Execution,Scheduled Task/Job,T1053.005,Persistence via scheduled task.
809,2025-08-16 06:55:36,WIN-HOST-009,4688,Microsoft-Windows-Security-Auditing,Information,Administrator,106.71.141.223,C:\Program Files\7-Zip\7z.exe,"""C:\Program Files\7-Zip\7z.exe"" -arg3 /c ""do_something""",C:\Users\Administrator\AppData\Local\Temp\ea7e4d16.tmp,ba81099b5af26a996e0f3df145e8a9f0a6eb90407e00f9a77bcc0e30742a6f64,A new process has been created.,Impact,Service Stop,T1489,
810,2025-09-01 20:12:54,WIN-HOST-057,4663,Microsoft-Windows-Security-Auditing,Information,svc_backup,34.36.152.19,C:\Windows\System32\svchost.exe,"""C:\Windows\System32\svchost.exe"" -arg6 /c ""do_something""",C:\Users\svc_backup\AppData\Local\Temp\21d2986c.tmp,e3ea7dc842df88283906e488ef6aa19dc576ba85fe30a40c1de47da0dc79bd52,An attempt was made to access an object.,Defense Evasion,Masquerading,T1036,
811,2025-08-12 08:15:30,WIN-HOST-021,3001,Microsoft-Windows-InternetExplorer,Information,SYSTEM,20.170.60.163,C:\Windows\System32\mpssvc.dll,"""C:\Windows\System32\mpssvc.dll"" -arg2 /c ""do_something""",C:\Users\SYSTEM\AppData\Local\Temp\3b3e9a8b.tmp,f48017fcc7a93c46c0b4267a399b43ad3aa4690cecd3e8eabeeba3df15702d10,User clicked on compromised web resource.,Initial Access,Drive-by Compromise,T1189,Possible drive-by compromise.
812,2025-09-09 04:59:35,WIN-HOST-076,8,Microsoft-Windows-Sysmon,Information,svc_updater,32.124.5.148,C:\Windows\System32\taskhostw.exe,"C:\Windows\System32\taskhostw.exe -ExecutionPolicy Bypass -NoProfile -WindowStyle Hidden -Command ""Invoke-Expression ...""",C:\Users\svc_updater\AppData\Local\Temp\dd5968fc.tmp,31122ac694246a400bab89dda8119235ddc5693496555cf078bed87b026efd5c,Command executed via scripting engine.,Execution,PowerShell,T1059.001,Suspicious scripting activity; check base64 or obfuscation.
813,2025-07-29 01:49:35,WIN-HOST-058,1102,Microsoft-Windows-Eventlog,Warning,svc_sql,240.38.164.24,C:\Program Files\Mozilla Firefox\firefox.exe,"""C:\Program Files\Mozilla Firefox\firefox.exe"" -arg6 /c ""do_something""",C:\Users\svc_sql\AppData\Local\Temp\7b97501e.tmp,fc8089589b983d786190ed26cf0ac754f455813fdd68c2ca36cbb0fd18f17ec5,The audit log was cleared.,Exfiltration,Exfiltration Over C2 Channel,T1041,
814,2025-07-21 23:17:34,WIN-HOST-024,4625,Microsoft-Windows-Security-Auditing,Information,alice,200.87.92.138,C:\Windows\System32\cmd.exe,"""C:\Windows\System32\cmd.exe"" -arg4 /c ""do_something""",C:\Users\alice\AppData\Local\Temp\3b7d4c07.tmp,342d79c6310ecef37a61eb999f444e8ef86b8e62064879e3fe6509218d9365f8,Multiple failed logon attempts detected.,Credential Access,Brute Force,T1110,Failed logon count: 3
815,2025-08-25 23:37:42,WIN-HOST-025,4663,Microsoft-Windows-Security-Auditing,Information,Administrator,250.15.1.164,C:\Program Files\Git\bin\bash.exe,"""C:\Program Files\Git\bin\bash.exe"" -arg3 /c ""do_something""",C:\Users\Administrator\AppData\Local\Temp\d4c504f8.tmp,e201d4f15639fbceba3ae8f1552d22840ccd6a2a4cf249cccf0c735686594f47,An attempt was made to access an object.,Exfiltration,Exfiltration Over C2 Channel,T1041,
816,2025-07-05 23:08:59,WIN-HOST-070,7,Microsoft-Windows-Sysmon,Warning,bob,53.70.156.177,C:\Program Files\Mozilla Firefox\firefox.exe,"""C:\Program Files\Mozilla Firefox\firefox.exe"" -arg2 /c ""do_something""",C:\Users\bob\AppData\Local\Temp\25eb6168.tmp,86509274dfdb69536f385167d8ed0b644ed7fd315622e9c16cdbfb7776dba1a0,Image loaded (DLL).,Initial Access,Phishing: Spearphishing Attachment,T1566.001,
817,2025-07-02 12:27:52,WIN-HOST-020,7045,Microsoft-Windows-Security-Auditing,Warning,IIS_APPPOOL\DefaultAppPool,127.93.33.242,C:\Windows\System32\sc.exe,"""C:\Windows\System32\mpssvc.dll"" -arg6 /c ""do_something""",C:\Users\IIS_APPPOOL\DefaultAppPool\AppData\Local\Temp\ee46128b.tmp,1dcb29fdb68d34cbc3ae8bdae6dca0df1873833a703197676b0034e9939fc801,Service installation detected.,Persistence,Create or Modify System Process,T1543,Service created - could be persistence.
818,2025-09-13 16:14:26,WIN-HOST-007,5156,Microsoft-Windows-Sysmon,Information,IIS_APPPOOL\DefaultAppPool,72.249.253.13,C:\Program Files\OpenSSH\ssh.exe,"""C:\Program Files\OpenSSH\ssh.exe"" -arg3 /c ""do_something""",C:\Users\IIS_APPPOOL\DefaultAppPool\AppData\Local\Temp\96a7924a.tmp,968a62d6fb2e36c770e8b9bd9df59680ab1dbc7eb8f90082269ba88e4c22c74f,Network scanning activity detected.,Discovery,Network Service Scanning,T1046,Port/protocol scanning pattern observed.
819,2025-07-01 16:33:47,WIN-HOST-059,4627,Microsoft-Windows-Security-Auditing,Information,SYSTEM,189.139.246.3,C:\Windows\System32\cmd.exe,"""C:\Windows\System32\cmd.exe"" -arg5 /c ""do_something""",C:\Users\SYSTEM\AppData\Local\Temp\dac26820.tmp,feaa408d844b749f59815a644a4f10bd965036e88349bd66c22b41d7fb486a22,Group membership information.,Credential Access,Input Capture: Keylogging,T1056.001,
820,2025-09-02 12:26:03,WIN-HOST-004,4688,Microsoft-Windows-Security-Auditing,Information,alice,29.182.113.1,C:\Program Files\Git\bin\bash.exe,"""C:\Program Files\Git\bin\bash.exe"" -arg2 /c ""do_something""",C:\Users\alice\AppData\Local\Temp\7f3a1603.tmp,523bc66c769b32b84ffc5c55a95535bd0eddae11695edfac1090a236adcd79c0,A new process has been created.,Privilege Escalation,Valid Accounts,T1078,
821,2025-08-05 16:11:57,WIN-HOST-076,3,Microsoft-Windows-Sysmon,Information,krbtgt,107.71.237.97,C:\Program Files\OpenSSH\ssh.exe,"""C:\Program Files\OpenSSH\ssh.exe"" -arg6 /c ""do_something""",C:\Users\krbtgt\AppData\Local\Temp\e808854e.tmp,0b9d7403528548fbad90dc43034fa5e3d60d7c0c8cdbaacdf243d19f709f2c69,Network Connection detected.,Impact,System Shutdown/Reboot,T1529,
822,2025-08-17 05:48:22,WIN-HOST-030,8,Microsoft-Windows-Sysmon,Information,Administrator,58.79.236.231,C:\Program Files\OpenSSH\ssh.exe,"""C:\Program Files\OpenSSH\ssh.exe"" -arg6 /c ""do_something""",C:\Users\Administrator\AppData\Local\Temp\3f1b15bc.tmp,70f7292b077d89b9a518b6b5894baaaf56268284c272959ec43601215d66f1f5,CreateRemoteThread detected.,Persistence,Service Registry Permissions Weakness,T1547.001,
823,2025-06-25 09:43:30,WIN-HOST-026,5156,Microsoft-Windows-Security-Auditing,Information,svc_sql,18.210.215.230,C:\Program Files\Mozilla Firefox\firefox.exe,"""C:\Program Files\Mozilla Firefox\firefox.exe"" -arg4 /c ""do_something""",C:\Users\svc_sql\AppData\Local\Temp\ee651630.tmp,2a1193a6da7b09140bd68acd3636c060bae8cd5d2e20d70023e2e3a09b950e3e,Encrypted outbound connection established.,Command and Control,Encrypted Channel,T1573,Potential C2 channel over TLS.
824,2025-08-06 13:04:04,WIN-HOST-019,4625,Microsoft-Windows-Sysmon,Information,svc_backup,45.149.99.237,C:\Windows\System32\mpssvc.dll,"""C:\Windows\System32\mpssvc.dll"" -arg2 /c ""do_something""",C:\Users\svc_backup\AppData\Local\Temp\150f1f7e.tmp,1e9883856baa0173e08fc627c533a1c9e8281929597e17aab48e7a027ca22fa8,Multiple failed logon attempts detected.,Credential Access,Brute Force,T1110,Failed logon count: 17
825,2025-08-30 00:17:36,WIN-HOST-046,3,Microsoft-Windows-Sysmon,Information,svc_updater,85.252.249.145,C:\Program Files\Mozilla Firefox\firefox.exe,"""C:\Program Files\Mozilla Firefox\firefox.exe"" -arg6 /c ""do_something""",C:\Users\svc_updater\AppData\Local\Temp\c003bba2.tmp,458b6a0367f02bf144f86e9bb579c880211aa7b53957c66c7e947655dea4d067,Network Connection detected.,Initial Access,Phishing: Spearphishing Attachment,T1566.001,
826,2025-09-12 01:42:31,WIN-HOST-036,4627,Microsoft-Windows-Security-Auditing,Information,Guest,218.5.210.252,C:\Windows\System32\cmd.exe,"""C:\Windows\System32\cmd.exe"" -arg4 /c ""do_something""",C:\Users\Guest\AppData\Local\Temp\65c77e3a.tmp,7dc62da48cee9b56ffb74cd9617b5acf003a7e403f100bd727fc167b46bb02e3,Group membership information.,Discovery,System Network Connections Discovery,T1049,
827,2025-07-06 00:59:15,WIN-HOST-044,4688,Microsoft-Windows-Security-Auditing,Information,svc_backup,154.135.227.87,C:\Program Files\7-Zip\7z.exe,"""C:\Program Files\7-Zip\7z.exe"" -arg6 /c ""do_something""",C:\Users\svc_backup\AppData\Local\Temp\d74c65b2.tmp,1f84dc503a4f5ce12b677813964f7a64d8021654df7679590701f2d16632f48d,A new process has been created.,Defense Evasion,Masquerading,T1036,
828,2025-06-21 22:33:26,WIN-HOST-022,4627,Microsoft-Windows-Security-Auditing,Information,krbtgt,218.225.139.40,C:\Program Files\Git\bin\bash.exe,"""C:\Program Files\Git\bin\bash.exe"" -arg4 /c ""do_something""",C:\Users\krbtgt\AppData\Local\Temp\225b4389.tmp,77aa28f50d6a4d3e069bdbb3b92ba55a85455a200df8a76905278d17ce0a79a0,Group membership information.,Initial Access,Exploit Public-Facing Application,T1190,
829,2025-07-29 04:53:52,WIN-HOST-063,7,Microsoft-Windows-Sysmon,Warning,svc_backup,214.68.233.174,C:\Windows\System32\mpssvc.dll,"""C:\Windows\System32\mpssvc.dll"" -arg1 /c ""do_something""",C:\Users\svc_backup\AppData\Local\Temp\75e6389f.tmp,126072028197e39462a2a3c299ff87b804e87066d22b81a08dcbd237ec1ad6d9,Image loaded (DLL).,Privilege Escalation,Exploitation for Privilege Escalation,T1068,
830,2025-08-07 07:08:15,WIN-HOST-032,3,Microsoft-Windows-Sysmon,Information,svc_backup,242.61.152.32,C:\Program Files\OpenSSH\ssh.exe,"""C:\Program Files\OpenSSH\ssh.exe"" -arg5 /c ""do_something""",C:\Users\svc_backup\AppData\Local\Temp\83b23e81.tmp,5af1b44d8500b69c91d3e30ca660204203448bd7cdbbd95726ec2e3c5ae77e3c,Network Connection detected.,Credential Access,Input Capture: Keylogging,T1056.001,
831,2025-09-17 08:52:32,WIN-HOST-054,8,Microsoft-Windows-Sysmon,Information,SYSTEM,253.196.25.178,C:\Windows\System32\svchost.exe,"""C:\Windows\System32\svchost.exe"" -arg5 /c ""do_something""",C:\Users\SYSTEM\AppData\Local\Temp\6aab56e7.tmp,02da6726341c84bfcb2f40f80e262a2bbecf4a8b9b63f5b0dfbc0a3d0015b9ed,CreateRemoteThread detected.,Impact,System Shutdown/Reboot,T1529,
832,2025-08-07 12:45:35,WIN-HOST-068,4624,Microsoft-Windows-Security-Auditing,Information,svc_sql,25.22.121.211,C:\Windows\System32\mpssvc.dll,"""C:\Windows\System32\mpssvc.dll"" -arg2 /c ""do_something""",C:\Users\svc_sql\AppData\Local\Temp\5ff13053.tmp,190b1a16862743144a4d5cf26e122c8e04e95b7dc7188086f57ac2dc8ef0ba49,An account was successfully logged on.,Lateral Movement,Remote Services,T1021,
833,2025-07-25 15:20:17,WIN-HOST-002,4625,Microsoft-Windows-Security-Auditing,Warning,svc_sql,33.249.105.233,C:\Program Files\Mozilla Firefox\firefox.exe,"""C:\Program Files\Mozilla Firefox\firefox.exe"" -arg2 /c ""do_something""",C:\Users\svc_sql\AppData\Local\Temp\43efbef3.tmp,7676534de22bf405cee285060eae6d2f9abdb0c594351005b7e948721e2ffb1d,Obfuscated script or binary detected.,Defense Evasion,Obfuscated Files or Information,T1027,Base64-heavy command line or packed binary.
834,2025-09-09 01:17:31,WIN-HOST-003,1,Microsoft-Windows-Sysmon,Information,alice,149.106.191.223,C:\Program Files\7-Zip\7z.exe,"""C:\Program Files\7-Zip\7z.exe"" -arg4 /c ""do_something""",C:\Users\alice\AppData\Local\Temp\c3fbaed1.tmp,d6ea3de783af789ce44ab70005ccffb61cc7668bb0d88688313556815f191c2d,Process Create.,Discovery,System Network Connections Discovery,T1049,
835,2025-09-04 09:41:24,WIN-HOST-052,11,Microsoft-Windows-Sysmon,Error,Guest,160.118.174.214,C:\Program Files\OpenSSH\ssh.exe,"""C:\Program Files\OpenSSH\ssh.exe"" -arg6 /c ""do_something""",C:\Users\Guest\AppData\Local\Temp\c83af6f1.tmp,12efd8c4665cbda65bdd1abf9b21f17139485e83a0bce4ca77806479cae0a065,File created.,Impact,Service Stop,T1489,
836,2025-06-26 07:52:13,WIN-HOST-010,4624,Microsoft-Windows-Security-Auditing,Information,svc_sql,135.234.101.27,C:\Program Files\OpenSSH\ssh.exe,"""C:\Program Files\OpenSSH\ssh.exe"" -arg4 /c ""do_something""",C:\Users\svc_sql\AppData\Local\Temp\b947cd24.tmp,f7ddd88775002ceb420aeb6ab5e108fdef45089cb5a66be96e9db3b4c0f2beb1,Obfuscated script or binary detected.,Defense Evasion,Obfuscated Files or Information,T1027,Base64-heavy command line or packed binary.
837,2025-08-22 16:03:08,WIN-HOST-079,11,Microsoft-Windows-Sysmon,Error,bob,225.127.52.141,C:\Program Files\Mozilla Firefox\firefox.exe,"""C:\Program Files\Mozilla Firefox\firefox.exe"" -arg1 /c ""do_something""",C:\Users\bob\AppData\Local\Temp\64e95a7a.tmp,6fe8a4cee7a4adeb3d8650ecf6ba1a36b74b3fe7bb1f3420765bf8bb8a38d7c7,File created.,Impact,System Shutdown/Reboot,T1529,
838,2025-06-21 12:14:38,WIN-HOST-047,4663,Microsoft-Windows-Security-Auditing,Information,SYSTEM,98.9.86.168,C:\Windows\System32\cmd.exe,"""C:\Windows\System32\cmd.exe"" -arg5 /c ""do_something""",C:\Users\SYSTEM\AppData\Local\Temp\e89b3fcc.tmp,0ba5e237db837b79e99e5fb9ee9a6ea9f29ecdb909ab85e0c0e1070959a21cfc,An attempt was made to access an object.,Discovery,System Network Connections Discovery,T1049,
839,2025-08-13 08:51:52,WIN-HOST-047,4624,Microsoft-Windows-Security-Auditing,Information,Guest,180.114.153.182,C:\Program Files\Git\bin\bash.exe,"""C:\Program Files\Git\bin\bash.exe"" -arg6 /c ""do_something""",C:\Users\Guest\AppData\Local\Temp\89db4610.tmp,dde9476444ce760dc30dd2071990c67f94db40f59d423a7b162af50a4d8bf433,An account was successfully logged on.,Collection,Input Capture,T1056,
840,2025-08-28 23:41:32,WIN-HOST-018,11,Microsoft-Windows-Sysmon,Error,john.doe,138.37.113.89,C:\Program Files\Mozilla Firefox\firefox.exe,"""C:\Program Files\Mozilla Firefox\firefox.exe"" -arg4 /c ""do_something""",C:\Users\john.doe\AppData\Local\Temp\f3d3de40.tmp,be77a2429d947b29b3cb24a08d8b4e0cf132563d4dd5e7e957ff43debb37f3e4,Mass deletion of files detected.,Impact,Data Destruction,T1485,Data destruction activity suspected.
841,2025-07-06 19:46:27,WIN-HOST-075,3,Microsoft-Windows-Sysmon,Information,svc_backup,82.9.234.171,C:\Program Files\Mozilla Firefox\firefox.exe,"""C:\Program Files\Mozilla Firefox\firefox.exe"" -arg3 /c ""do_something""",C:\Users\svc_backup\AppData\Local\Temp\318a1b00.tmp,8118a072675bba69f8b01f56d6478ac1bc6aca2c67a0c76b1f949fab0f75fd25,Network Connection detected.,Privilege Escalation,Valid Accounts,T1078,
842,2025-07-13 19:39:50,WIN-HOST-055,4625,Microsoft-Windows-Security-Auditing,Information,svc_updater,16.56.246.118,C:\Windows\System32\svchost.exe,"""C:\Windows\System32\svchost.exe"" -arg4 /c ""do_something""",C:\Users\svc_updater\AppData\Local\Temp\32035230.tmp,64500d0da0a18148602ee9c8b577061a4920ceaa36cb9a9fe4946e88a2f63998,Multiple failed logon attempts detected.,Credential Access,Brute Force,T1110,Failed logon count: 18
843,2025-07-28 17:26:52,WIN-HOST-016,4663,Microsoft-Windows-Security-Auditing,Information,alice,74.209.214.52,C:\Program Files\Git\bin\bash.exe,"""C:\Program Files\Git\bin\bash.exe"" -arg3 /c ""do_something""",C:\Users\alice\AppData\Local\Temp\d7477602.tmp,3f7e0595c824d25937b1033bbf31b21015c8249d85b9fe63e0c324098a642508,An attempt was made to access an object.,Exfiltration,Exfiltration Over C2 Channel,T1041,
844,2025-07-14 11:47:21,WIN-HOST-009,1,Microsoft-Windows-Sysmon,Error,svc_backup,22.89.221.204,C:\Windows\System32\rundll32.exe,"""C:\Windows\System32\mpssvc.dll"" -arg2 /c ""do_something""",C:\Users\svc_backup\AppData\Local\Temp\269d0829.tmp,2102f8ffac92784f1504f6755ad88c11fcb0b1c58ec50ba9d870bfbc0ffbef8d,Attempt to read LSASS memory process or dump credentials detected.,Credential Access,Credential Dumping,T1003,Possible Mimikatz-like activity: access to lsass.exe memory.
845,2025-09-07 05:52:06,WIN-HOST-022,4625,Microsoft-Windows-Security-Auditing,Warning,svc_updater,178.115.249.60,C:\Windows\System32\cmd.exe,"""C:\Windows\System32\cmd.exe"" -arg2 /c ""do_something""",C:\Users\svc_updater\AppData\Local\Temp\67d6143b.tmp,4d62fa47a63e2ef519913afeeb0b400f9d7294c6ffec33f08996259474046879,An account failed to log on.,Lateral Movement,Remote Services,T1021,
846,2025-08-29 00:45:21,WIN-HOST-067,1102,Microsoft-Windows-Sysmon,Warning,IIS_APPPOOL\DefaultAppPool,75.13.39.22,C:\Windows\System32\svchost.exe,"""C:\Windows\System32\svchost.exe"" -arg5 /c ""do_something""",C:\Users\IIS_APPPOOL\DefaultAppPool\AppData\Local\Temp\1938ee24.tmp,fbaa655844efb5b97ce8c7505325a3249554817ebac4ac75e93ce262b8a6109d,File encryption/ransomware activity observed (file renames & extensions).,Impact,Ransomware,T1486,Mass file modifications and suspicious file extensions.
847,2025-08-15 04:50:13,WIN-HOST-054,4672,Microsoft-Windows-Security-Auditing,Information,alice,74.160.216.66,C:\Windows\System32\svchost.exe,"""C:\Windows\System32\svchost.exe"" -arg1 /c ""do_something""",C:\Users\alice\AppData\Local\Temp\f9cd740f.tmp,72149f4b805ee65b3352e037b096df3c9519287cd104708852374d5bea96df6b,Special privileges assigned to new logon.,Initial Access,Exploit Public-Facing Application,T1190,
848,2025-07-01 23:56:13,WIN-HOST-030,3,Microsoft-Windows-Sysmon,Warning,bob,83.136.209.40,C:\Program Files\OpenSSH\ssh.exe,"""C:\Program Files\OpenSSH\ssh.exe"" -arg6 /c ""do_something""",C:\Users\bob\AppData\Local\Temp\597db844.tmp,662b1caf96f8fadcdfe945a65bdd8468b73665f196e79cefa69ad1667fad6184,Encrypted outbound connection established.,Command and Control,Encrypted Channel,T1573,Potential C2 channel over TLS.
849,2025-08-19 08:08:38,WIN-HOST-073,4672,Microsoft-Windows-Security-Auditing,Information,Guest,66.143.217.65,C:\Program Files\7-Zip\7z.exe,"""C:\Program Files\7-Zip\7z.exe"" -arg3 /c ""do_something""",C:\Users\Guest\AppData\Local\Temp\9cfd78a2.tmp,0ce44296de2953bc125bd5f82a2cce123d69a198d5dd95447ac0a1089f1d227b,Special privileges assigned to new logon.,Lateral Movement,Remote Services,T1021,
850,2025-07-05 03:03:37,WIN-HOST-007,1102,Microsoft-Windows-Eventlog,Warning,Guest,72.205.66.192,C:\Program Files\OpenSSH\ssh.exe,"""C:\Program Files\OpenSSH\ssh.exe"" -arg2 /c ""do_something""",C:\Users\Guest\AppData\Local\Temp\2653cd26.tmp,f74709c6e284d0dc60f8e7a10c988e7db788395616ca729745fa2e385a014372,The audit log was cleared.,Persistence,Boot or Logon Autostart Execution,T1547,
851,2025-06-20 03:19:27,WIN-HOST-021,7045,Microsoft-Windows-Security-Auditing,Information,bob,203.97.141.117,C:\Windows\System32\sc.exe,"""C:\Program Files\7-Zip\7z.exe"" -arg2 /c ""do_something""",C:\Users\bob\AppData\Local\Temp\f12155bd.tmp,f3db10555bc6247f2c73e2db05d8b76a849bcd7b9add42c89c719e32a0d5253a,Service installation detected.,Persistence,Create or Modify System Process,T1543,Service created - could be persistence.
852,2025-09-13 20:49:02,WIN-HOST-041,4625,Microsoft-Windows-Security-Auditing,Warning,krbtgt,112.222.19.252,C:\Windows\System32\WindowsPowerShell\v1.0\powershell.exe,"""C:\Windows\System32\WindowsPowerShell\v1.0\powershell.exe"" -arg2 /c ""do_something""",C:\Users\krbtgt\AppData\Local\Temp\40f4ac69.tmp,9456935aa5d632082748e1854859bb61eb4a80186beec2d0690a9713d64de3d3,Multiple failed logon attempts detected.,Credential Access,Brute Force,T1110,Failed logon count: 9
853,2025-07-11 04:57:52,WIN-HOST-005,4663,Microsoft-Windows-Security-Auditing,Information,IIS_APPPOOL\DefaultAppPool,250.95.175.219,C:\Program Files\OpenSSH\ssh.exe,"C:\Program Files\OpenSSH\ssh.exe -ExecutionPolicy Bypass -NoProfile -WindowStyle Hidden -Command ""Invoke-Expression ...""",C:\Users\IIS_APPPOOL\DefaultAppPool\AppData\Local\Temp\2b6441c7.tmp,897be93d64d2ee00c44fe1c6569b71b83b5ae918fca39982143789682ad54954,Command executed via scripting engine.,Execution,PowerShell,T1059.001,Suspicious scripting activity; check base64 or obfuscation.
854,2025-07-27 10:43:36,WIN-HOST-021,4672,Microsoft-Windows-Security-Auditing,Information,bob,6.97.127.149,C:\Program Files\7-Zip\7z.exe,"""C:\Program Files\7-Zip\7z.exe"" -arg4 /c ""do_something""",C:\Users\bob\AppData\Local\Temp\80fb10fa.tmp,d102221a1f5bf5fb188da8aecbe41b93c2d21a8d7cc5b432d596d5d1947cf5bf,Special privileges assigned to new logon.,Credential Access,Input Capture: Keylogging,T1056.001,
855,2025-09-03 17:56:17,WIN-HOST-059,11,Microsoft-Windows-Sysmon,Error,john.doe,180.152.117.208,C:\Windows\System32\WindowsPowerShell\v1.0\powershell.exe,"""C:\Windows\System32\WindowsPowerShell\v1.0\powershell.exe"" -arg3 /c ""do_something""",C:\Users\john.doe\AppData\Local\Temp\5ed85286.tmp,eb5ba0208acf19b2a27fbb6ce8f6de7d5b9135f0090ba7b39ac8ae555fb8f571,File created.,Lateral Movement,Remote Services,T1021,
856,2025-07-24 03:49:30,WIN-HOST-019,1102,Microsoft-Windows-Sysmon,Error,krbtgt,10.66.190.63,C:\Windows\System32\mpssvc.dll,"""C:\Windows\System32\mpssvc.dll"" -arg5 /c ""do_something""",C:\Users\krbtgt\AppData\Local\Temp\1f678978.tmp,74456d4bef8593548f043356108609eb0e78a0c43c3b07f9dd3ae983125417f2,File encryption/ransomware activity observed (file renames & extensions).,Impact,Ransomware,T1486,Mass file modifications and suspicious file extensions.
857,2025-09-15 10:55:45,WIN-HOST-052,1102,Microsoft-Windows-Eventlog,Warning,krbtgt,114.43.68.57,C:\Program Files\Mozilla Firefox\firefox.exe,"""C:\Program Files\Mozilla Firefox\firefox.exe"" -arg3 /c ""do_something""",C:\Users\krbtgt\AppData\Local\Temp\88743ca0.tmp,8395d500caa730b4fec877490151d11d3df88c8a6a0fa83d097be5187b20d5c3,The audit log was cleared.,Initial Access,Exploit Public-Facing Application,T1190,
858,2025-07-20 19:36:43,WIN-HOST-025,3001,Microsoft-Windows-InternetExplorer,Information,krbtgt,71.38.60.36,C:\Program Files\Git\bin\bash.exe,"""C:\Program Files\Git\bin\bash.exe"" -arg1 /c ""do_something""",C:\Users\krbtgt\AppData\Local\Temp\81269455.tmp,a5575f5a8ba4ecefd50da9908e0dd8d7b418848b450f0587e66ca52f56674815,User clicked on compromised web resource.,Initial Access,Drive-by Compromise,T1189,Possible drive-by compromise.
859,2025-06-27 09:20:31,WIN-HOST-058,4663,Microsoft-Windows-Security-Auditing,Information,IIS_APPPOOL\DefaultAppPool,100.248.242.38,C:\Windows\System32\cmd.exe,"""C:\Windows\System32\cmd.exe"" -arg3 /c ""do_something""",C:\Users\IIS_APPPOOL\DefaultAppPool\AppData\Local\Temp\b216a509.tmp,b0351920e8969588bbda4e4f9277784230f186e1b6cfc1d21165ae403e0c42a7,An attempt was made to access an object.,Lateral Movement,Remote Services,T1021,
860,2025-07-21 02:46:25,WIN-HOST-066,4627,Microsoft-Windows-Security-Auditing,Information,SYSTEM,101.198.92.123,C:\Program Files\OpenSSH\ssh.exe,"""C:\Program Files\OpenSSH\ssh.exe"" -arg4 /c ""do_something""",C:\Users\SYSTEM\AppData\Local\Temp\235d8adf.tmp,9c8cf60f6e1886dd28bf071ffde9c66f7f4ad24b7251cb579f842b9bf8350f65,Group membership information.,Impact,Service Stop,T1489,
861,2025-08-11 08:59:58,WIN-HOST-048,5156,Microsoft-Windows-Security-Auditing,Information,SYSTEM,88.76.176.247,C:\Program Files\7-Zip\7z.exe,"""C:\Program Files\7-Zip\7z.exe"" -arg4 /c ""do_something""",C:\Users\SYSTEM\AppData\Local\Temp\7f227c57.tmp,fed763b97c7705b288cd9909e7f972eeba22605cf69c9150f62f33f3bdb15dcc,Obfuscated script or binary detected.,Defense Evasion,Obfuscated Files or Information,T1027,Base64-heavy command line or packed binary.
862,2025-07-25 09:24:19,WIN-HOST-012,7045,Microsoft-Windows-Sysmon,Warning,svc_backup,113.71.247.88,C:\Windows\System32\sc.exe,"""C:\Windows\System32\mpssvc.dll"" -arg6 /c ""do_something""",C:\Users\svc_backup\AppData\Local\Temp\8a46a3d1.tmp,91925f2effb4094ce73fade45ea7cd6f7043ae68eb0231072cf905fedb5d65e6,Service installation detected.,Persistence,Create or Modify System Process,T1543,Service created - could be persistence.
863,2025-08-07 17:06:23,WIN-HOST-054,8,Microsoft-Windows-Sysmon,Information,Guest,36.197.139.71,C:\Windows\System32\cmd.exe,"""C:\Windows\System32\cmd.exe"" -arg4 /c ""do_something""",C:\Users\Guest\AppData\Local\Temp\bc6fbd69.tmp,d458e38235e0ab852f86ec7c1089588e94a1dac7b708a4fea46704b7724720a7,Obfuscated script or binary detected.,Defense Evasion,Obfuscated Files or Information,T1027,Base64-heavy command line or packed binary.
864,2025-07-28 20:40:01,WIN-HOST-043,5156,Microsoft-Windows-Sysmon,Warning,Administrator,22.164.139.250,C:\Windows\System32\taskhostw.exe,"""C:\Windows\System32\taskhostw.exe"" -arg6 /c ""do_something""",C:\Users\Administrator\AppData\Local\Temp\ac28041c.tmp,665cda24bb6400978316902f34b85f5fd7ca00bdfc7ae71d196280b661bb3d20,Network scanning activity detected.,Discovery,Network Service Scanning,T1046,Port/protocol scanning pattern observed.
865,2025-08-31 21:10:37,WIN-HOST-072,1102,Microsoft-Windows-Security-Auditing,Information,alice,51.2.139.50,C:\Windows\System32\WindowsPowerShell\v1.0\powershell.exe,"""C:\Windows\System32\WindowsPowerShell\v1.0\powershell.exe"" -arg4 /c ""do_something""",C:\Users\alice\AppData\Local\Temp\7beed70c.tmp,a3ee32f346c72c753af940a55846c0db7bf8cf10de6f7f35e68774bdc50ee65f,Registry query or modification.,Discovery,Query Registry,T1012,Possible discovery of startup keys or persistence mechanisms.
866,2025-08-01 05:33:35,WIN-HOST-006,4663,Microsoft-Windows-Security-Auditing,Information,svc_updater,189.103.52.88,C:\Program Files\7-Zip\7z.exe,"""C:\Program Files\7-Zip\7z.exe"" -arg1 /c ""do_something""",C:\Users\svc_updater\AppData\Local\Temp\25129b96.tmp,6e22db688e03757796cf69e7ed9c4d432c4fdcbefaecc845c29faa8eb2985ee5,An attempt was made to access an object.,Persistence,Service Registry Permissions Weakness,T1547.001,
867,2025-09-17 15:00:21,WIN-HOST-020,11,Microsoft-Windows-Sysmon,Error,svc_updater,120.248.117.95,C:\Program Files\7-Zip\7z.exe,"""C:\Program Files\7-Zip\7z.exe"" -arg6 /c ""do_something""",C:\Users\svc_updater\AppData\Local\Temp\392ff2c1.tmp,b263bafd57fba5bc9cd86f9a3c10a3b6be3b6270da6dbd26db382e8cdbf015b6,Mass deletion of files detected.,Impact,Data Destruction,T1485,Data destruction activity suspected.
868,2025-08-20 22:20:35,WIN-HOST-054,3001,Microsoft-Windows-InternetExplorer,Information,Guest,165.16.175.101,C:\Windows\System32\mpssvc.dll,"""C:\Windows\System32\mpssvc.dll"" -arg1 /c ""do_something""",C:\Users\Guest\AppData\Local\Temp\1f00bf0e.tmp,548c0804a22c06f3da54f05c519ac5af0e5b9d9820e2b7367de7003e4c581316,User clicked on compromised web resource.,Initial Access,Drive-by Compromise,T1189,Possible drive-by compromise.
869,2025-08-21 22:44:40,WIN-HOST-064,3,Microsoft-Windows-Sysmon,Error,Administrator,148.192.185.224,C:\Program Files\OpenSSH\ssh.exe,"""C:\Program Files\OpenSSH\ssh.exe"" -arg4 /c ""do_something""",C:\Users\Administrator\AppData\Local\Temp\73e015fb.tmp,3521aca414f9a0acbb638730435e9efcc5936a9a1f9b3fcd5871fade0e07475b,Encrypted outbound connection established.,Command and Control,Encrypted Channel,T1573,Potential C2 channel over TLS.
870,2025-07-13 06:24:52,WIN-HOST-061,1,Microsoft-Windows-Sysmon,Information,Administrator,147.68.123.47,C:\Program Files\OpenSSH\ssh.exe,"""C:\Program Files\OpenSSH\ssh.exe"" -arg3 /c ""do_something""",C:\Users\Administrator\AppData\Local\Temp\9e1a49e3.tmp,c8cbb3b707b93429bc64881b3dbfb6719eba7340a638d2571797b658fc0d3e89,Process Create.,Discovery,File and Directory Discovery,T1083,
871,2025-07-23 09:21:14,WIN-HOST-008,4625,Microsoft-Windows-Security-Auditing,Information,Guest,177.122.255.109,C:\Program Files\OpenSSH\ssh.exe,"""C:\Program Files\OpenSSH\ssh.exe"" -arg2 /c ""do_something""",C:\Users\Guest\AppData\Local\Temp\8091063a.tmp,794bd1a2dfc97d27daef183fba4dbaece5fe4f8c36665fa9992153ed781661b2,Multiple failed logon attempts detected.,Credential Access,Brute Force,T1110,Failed logon count: 4
872,2025-08-13 19:08:07,WIN-HOST-054,1102,Microsoft-Windows-Eventlog,Warning,IIS_APPPOOL\DefaultAppPool,12.120.148.123,C:\Program Files\OpenSSH\ssh.exe,"""C:\Program Files\OpenSSH\ssh.exe"" -arg5 /c ""do_something""",C:\Users\IIS_APPPOOL\DefaultAppPool\AppData\Local\Temp\619e8751.tmp,55e30f2d732d46f58a61c7a9b0e4acff4ef44eb8dbb2d77d05b93896955b421c,Obfuscated script or binary detected.,Defense Evasion,Obfuscated Files or Information,T1027,Base64-heavy command line or packed binary.
873,2025-09-10 09:41:17,WIN-HOST-066,1,Microsoft-Windows-Sysmon,Information,svc_backup,195.194.174.230,C:\Windows\System32\WindowsPowerShell\v1.0\powershell.exe,"""C:\Windows\System32\WindowsPowerShell\v1.0\powershell.exe"" -arg2 /c ""do_something""",C:\Users\svc_backup\AppData\Local\Temp\ad36f217.tmp,fc5bfc7360fd725bbc2597939d0122dcd168fe09245f9b51a785f3677a5da1b6,Process Create.,Exfiltration,Exfiltration Over C2 Channel,T1041,
874,2025-08-17 12:58:43,WIN-HOST-041,4663,Microsoft-Windows-Security-Auditing,Information,IIS_APPPOOL\DefaultAppPool,92.206.73.93,C:\Program Files\7-Zip\7z.exe,"""C:\Program Files\7-Zip\7z.exe"" -arg5 /c ""do_something""",C:\Users\IIS_APPPOOL\DefaultAppPool\AppData\Local\Temp\8cf5df81.tmp,9ad3a8583ed1cfddcd34eae51a8943191db515aeee8d16c25abc681c45119537,An attempt was made to access an object.,Collection,Input Capture,T1056,
875,2025-06-29 22:14:40,WIN-HOST-019,4625,Microsoft-Windows-Security-Auditing,Information,SYSTEM,132.166.214.147,C:\Windows\System32\WindowsPowerShell\v1.0\powershell.exe,"""C:\Windows\System32\WindowsPowerShell\v1.0\powershell.exe"" -arg4 /c ""do_something""",C:\Users\SYSTEM\AppData\Local\Temp\a542f80d.tmp,02ad179d40697c2995672c020b5896248f1c77d6cc15156709b2bb18d7f9795a,Multiple failed logon attempts detected.,Credential Access,Brute Force,T1110,Failed logon count: 16
876,2025-06-20 10:50:15,WIN-HOST-021,5156,Microsoft-Windows-Security-Auditing,Information,Administrator,29.44.236.137,C:\Program Files\Mozilla Firefox\firefox.exe,"""C:\Program Files\Mozilla Firefox\firefox.exe"" -arg1 /c ""do_something""",C:\Users\Administrator\AppData\Local\Temp\aa27f2a9.tmp,b26d2bb3f53508bafd03f7083567e89a5e9e2463d577955fba24cba9ab2d680f,Windows Filtering Platform has permitted a connection.,Discovery,System Network Connections Discovery,T1049,
877,2025-06-30 08:39:38,WIN-HOST-017,4625,Microsoft-Windows-Security-Auditing,Warning,SYSTEM,89.36.72.238,C:\Windows\System32\mpssvc.dll,"""C:\Windows\System32\mpssvc.dll"" -arg3 /c ""do_something""",C:\Users\SYSTEM\AppData\Local\Temp\52c9d9ba.tmp,8e45e42392ad6502af23915288afe2aa803a94310669eb476af673607e58bdad,An account failed to log on.,Impact,Service Stop,T1489,
878,2025-06-30 12:52:08,WIN-HOST-057,4688,Microsoft-Windows-Security-Auditing,Information,krbtgt,87.144.69.21,C:\Program Files\Git\bin\bash.exe,"""C:\Program Files\Git\bin\bash.exe"" -arg3 /c ""do_something""",C:\Users\krbtgt\AppData\Local\Temp\a105f6b9.tmp,c9fe9fab77f707ebb7bd67b4e6967a7640168f50fd847524da1e7021385c21aa,A new process has been created.,Impact,Service Stop,T1489,
879,2025-07-07 13:59:21,WIN-HOST-016,4624,Microsoft-Windows-Security-Auditing,Information,svc_backup,58.0.200.62,C:\Windows\System32\WindowsPowerShell\v1.0\powershell.exe,"C:\Windows\System32\WindowsPowerShell\v1.0\powershell.exe -ExecutionPolicy Bypass -NoProfile -WindowStyle Hidden -Command ""Invoke-Expression ...""",C:\Users\svc_backup\AppData\Local\Temp\6649bed7.tmp,9f8c2fd40fe5bc3dcee98c1daa2d548cf1b66447f17400b44305211768ce0a12,Command executed via scripting engine.,Execution,PowerShell,T1059.001,Suspicious scripting activity; check base64 or obfuscation.
880,2025-09-10 05:32:39,WIN-HOST-055,4698,Microsoft-Windows-Security-Auditing,Information,Administrator,110.102.60.10,C:\Windows\System32\cmd.exe,"""C:\Windows\System32\cmd.exe"" -arg1 /c ""do_something""",C:\Users\Administrator\AppData\Local\Temp\86c22744.tmp,050ac3f4d990adf2f8325dcba007862867b662d6e6f68fbd792aba46ec996a6f,Scheduled task created or executed.,Persistence,Scheduled Task/Job,T1053,Persistence via scheduled task.
881,2025-07-15 19:17:16,WIN-HOST-066,11,Microsoft-Windows-Sysmon,Error,krbtgt,120.21.199.223,C:\Windows\System32\svchost.exe,"""C:\Windows\System32\svchost.exe"" -arg3 /c ""do_something""",C:\Users\krbtgt\AppData\Local\Temp\d8c0497c.tmp,6d45e6b9dc9dd9016bb5a021ff176df51f42efef70a22faeb2dc10a42a785a1d,File created.,Credential Access,Input Capture: Keylogging,T1056.001,
882,2025-09-11 10:20:22,WIN-HOST-039,4624,Microsoft-Windows-Security-Auditing,Information,IIS_APPPOOL\DefaultAppPool,193.42.52.244,C:\Windows\System32\svchost.exe,"""C:\Windows\System32\svchost.exe"" -arg1 /c ""do_something""",C:\Users\IIS_APPPOOL\DefaultAppPool\AppData\Local\Temp\3aaec2ec.tmp,d6567f7115d0c7764d731bc282d6d079b8869327fd7640316edc88f2f8f6645e,An account was successfully logged on.,Defense Evasion,Masquerading,T1036,
883,2025-07-21 10:25:49,WIN-HOST-027,8,Microsoft-Windows-Sysmon,Information,krbtgt,89.254.28.69,C:\Program Files\Mozilla Firefox\firefox.exe,"""C:\Program Files\Mozilla Firefox\firefox.exe"" -arg2 /c ""do_something""",C:\Users\krbtgt\AppData\Local\Temp\f15d5024.tmp,6e23dcda2dae3f2bfa78e2c7095a22ff7eeff8211712ab73c5fc8766c99c0df1,CreateRemoteThread detected.,Initial Access,Exploit Public-Facing Application,T1190,
884,2025-07-07 09:56:23,WIN-HOST-036,7,Microsoft-Windows-Sysmon,Warning,krbtgt,90.41.254.107,C:\Program Files\OpenSSH\ssh.exe,"""C:\Program Files\OpenSSH\ssh.exe"" -arg5 /c ""do_something""",C:\Users\krbtgt\AppData\Local\Temp\dff9eb61.tmp,71376826a4ea0c831023aba5d593219262bbf7b28d54448fee33bc9b346c3636,Image loaded (DLL).,Discovery,File and Directory Discovery,T1083,
885,2025-07-09 03:03:11,WIN-HOST-079,11,Microsoft-Windows-Sysmon,Error,svc_backup,145.250.241.199,C:\Program Files\Git\bin\bash.exe,"C:\Program Files\Git\bin\bash.exe -ExecutionPolicy Bypass -NoProfile -WindowStyle Hidden -Command ""Invoke-Expression ...""",C:\Users\svc_backup\AppData\Local\Temp\f55c7441.tmp,fe4b2338b228f87abae5e510096ab60d28aa6e353c8a123e394f5b63f17482b0,Command executed via scripting engine.,Execution,Command and Scripting Interpreter,T1059,Suspicious scripting activity; check base64 or obfuscation.
886,2025-09-16 12:07:17,WIN-HOST-068,7045,Microsoft-Windows-Sysmon,Error,svc_backup,246.217.254.23,C:\Windows\System32\sc.exe,"""C:\Program Files\Mozilla Firefox\firefox.exe"" -arg5 /c ""do_something""",C:\Users\svc_backup\AppData\Local\Temp\ee1c01c4.tmp,b0cbd886b8527c60558bbbc2526180ac6ab797c2e26dac9b408c13cb08d75f7b,Service installation detected.,Persistence,Create or Modify System Process,T1543,Service created - could be persistence.
887,2025-07-09 10:31:14,WIN-HOST-013,4624,Microsoft-Windows-Security-Auditing,Information,svc_backup,121.134.244.152,C:\Program Files\Git\bin\bash.exe,"""C:\Program Files\Git\bin\bash.exe"" -arg5 /c ""do_something""",C:\Users\svc_backup\AppData\Local\Temp\fbc761b1.tmp,431ad68a5920b6fc4617ab4d3008bc3bace314d8b810a1dfa4ec702262264810,An account was successfully logged on.,Impact,Service Stop,T1489,
888,2025-08-06 04:12:41,WIN-HOST-014,3,Microsoft-Windows-Security-Auditing,Information,Guest,251.54.140.244,C:\Program Files\OpenSSH\ssh.exe,"""C:\Program Files\OpenSSH\ssh.exe"" -arg2 /c ""do_something""",C:\Users\Guest\AppData\Local\Temp\345829d7.tmp,3b6311557b008a18580e72fb67e13256dc73eb202d50f1fc429069f3fcd5658a,Network scanning activity detected.,Discovery,Network Service Scanning,T1046,Port/protocol scanning pattern observed.
889,2025-09-06 21:45:29,WIN-HOST-041,1,Microsoft-Windows-Security-Auditing,Information,Administrator,34.203.39.32,C:\Windows\System32\mpssvc.dll,"""C:\Windows\System32\mpssvc.dll"" -arg3 /c ""do_something""",C:\Users\Administrator\AppData\Local\Temp\b156d043.tmp,f645857b3948330ef8d0c7004cd6c75b7338c919fad505da6ea9b4abdd61afea,Scheduled task created or executed.,Execution,Scheduled Task/Job,T1053.005,Persistence via scheduled task.
890,2025-07-25 18:29:43,WIN-HOST-006,1,Microsoft-Windows-Eventlog,Warning,Administrator,126.99.246.84,C:\Windows\System32\rundll32.exe,"""C:\Program Files\OpenSSH\ssh.exe"" -arg3 /c ""do_something""",C:\Users\Administrator\AppData\Local\Temp\6a8557da.tmp,09e79009afc6d23f9eebff945f9c16dfe8cec2ec8b7cedcf10a90be1a3b7621f,Attempt to read LSASS memory process or dump credentials detected.,Credential Access,Credential Dumping,T1003,Possible Mimikatz-like activity: access to lsass.exe memory.
891,2025-07-08 09:17:47,WIN-HOST-040,4627,Microsoft-Windows-Security-Auditing,Information,IIS_APPPOOL\DefaultAppPool,104.67.165.195,C:\Windows\System32\mpssvc.dll,"""C:\Windows\System32\mpssvc.dll"" -arg4 /c ""do_something""",C:\Users\IIS_APPPOOL\DefaultAppPool\AppData\Local\Temp\dbb3bed7.tmp,b3e065f0824a1252fcd86b103829fee965eb7ec028ed049e1b7cb236fba59329,Group membership information.,Discovery,File and Directory Discovery,T1083,
892,2025-06-26 16:16:46,WIN-HOST-009,11,Service Control Manager,Information,alice,45.230.109.91,C:\Program Files\OpenSSH\ssh.exe,"""C:\Program Files\OpenSSH\ssh.exe"" -arg4 /c ""do_something""",C:\Users\alice\AppData\Local\Temp\f089099f.tmp,47c9b38f0910130178dd644ac6d500bd7ef5818ddb5ba647352776f7420f6efa,File encryption/ransomware activity observed (file renames & extensions).,Impact,Ransomware,T1486,Mass file modifications and suspicious file extensions.
893,2025-08-10 09:05:55,WIN-HOST-057,7,Microsoft-Windows-Security-Auditing,Warning,bob,30.133.15.128,C:\Windows\System32\rundll32.exe,"""C:\Windows\System32\cmd.exe"" -arg4 /c ""do_something""",C:\Users\bob\AppData\Local\Temp\67c0adbe.tmp,6987f679e6b7721c9f9b2f1e2d0b4011901bedec8801ab04519ebae64be7d07f,Attempt to read LSASS memory process or dump credentials detected.,Credential Access,Credential Dumping,T1003,Possible Mimikatz-like activity: access to lsass.exe memory.
894,2025-09-07 23:40:38,WIN-HOST-022,4627,Microsoft-Windows-Security-Auditing,Information,Administrator,249.167.50.220,C:\Program Files\OpenSSH\ssh.exe,"""C:\Program Files\OpenSSH\ssh.exe"" -arg2 /c ""do_something""",C:\Users\Administrator\AppData\Local\Temp\0b3720ac.tmp,f7577657f466344b3ea840e5f6ec541f5020077f0a3040292e06d93bc7c12d0e,Group membership information.,Defense Evasion,Timestomping,T1099,
895,2025-06-27 21:58:33,WIN-HOST-052,4627,Microsoft-Windows-Security-Auditing,Information,Administrator,214.142.81.240,C:\Program Files\Mozilla Firefox\firefox.exe,"""C:\Program Files\Mozilla Firefox\firefox.exe"" -arg4 /c ""do_something""",C:\Users\Administrator\AppData\Local\Temp\db9e1cd7.tmp,ca27fed3479e3d1f7cd347646918d878e8d2e860353b7e0151fa3b1f3f715ab8,Group membership information.,Impact,System Shutdown/Reboot,T1529,
896,2025-07-05 14:33:15,WIN-HOST-075,4625,Microsoft-Windows-Eventlog,Warning,krbtgt,241.119.50.148,C:\Program Files\7-Zip\7z.exe,"""C:\Program Files\7-Zip\7z.exe"" -arg4 /c ""do_something""",C:\Users\krbtgt\AppData\Local\Temp\ac644dd8.tmp,b79d0f7a9912fbdd01be1b251ade76c96529eefdeff9cae0f3cd044e30b41123,Multiple failed logon attempts detected.,Credential Access,Brute Force,T1110,Failed logon count: 15
897,2025-07-30 05:01:30,WIN-HOST-036,4672,Microsoft-Windows-Security-Auditing,Information,Guest,27.168.74.145,C:\Windows\System32\mpssvc.dll,"""C:\Windows\System32\mpssvc.dll"" -arg4 /c ""do_something""",C:\Users\Guest\AppData\Local\Temp\301f32d4.tmp,9b179eecc3f892095814c35de3da71cdebccefff296643fd53b8a68feb306978,Special privileges assigned to new logon.,Privilege Escalation,Exploitation for Privilege Escalation,T1068,
898,2025-08-26 10:51:12,WIN-HOST-018,1102,Microsoft-Windows-Security-Auditing,Information,SYSTEM,188.224.90.99,C:\Windows\System32\cmd.exe,"""C:\Windows\System32\cmd.exe"" -arg1 /c ""do_something""",C:\Users\SYSTEM\AppData\Local\Temp\bb99fe6a.tmp,dcb6cc1db782e7ae387c60786f96b5826bb8e8b5c25b2601ad94882a919edd2e,Registry query or modification.,Discovery,Query Registry,T1012,Possible discovery of startup keys or persistence mechanisms.
899,2025-09-15 06:22:40,WIN-HOST-023,1,Microsoft-Windows-Sysmon,Information,svc_sql,39.25.191.219,C:\Program Files\OpenSSH\ssh.exe,"""C:\Program Files\OpenSSH\ssh.exe"" -arg5 /c ""do_something""",C:\Users\svc_sql\AppData\Local\Temp\fb6d8837.tmp,2083ca7090f68c3fb359b06b59e1143d8864b39dfcec0f60d9a36bd2ba13d067,Process Create.,Exfiltration,Exfiltration Over C2 Channel,T1041,
900,2025-07-06 01:22:45,WIN-HOST-010,4625,Microsoft-Windows-Security-Auditing,Warning,IIS_APPPOOL\DefaultAppPool,196.127.155.5,C:\Program Files\Git\bin\bash.exe,"""C:\Program Files\Git\bin\bash.exe"" -arg4 /c ""do_something""",C:\Users\IIS_APPPOOL\DefaultAppPool\AppData\Local\Temp\7b8f4eef.tmp,bfee8f4bd591abc3b535aced25a838ffb7e7ef31e31d773389f73398629f279b,An account failed to log on.,Defense Evasion,Masquerading,T1036,
901,2025-08-20 08:39:21,WIN-HOST-064,7045,Service Control Manager,Information,alice,139.239.74.118,C:\Program Files\Git\bin\bash.exe,"""C:\Program Files\Git\bin\bash.exe"" -arg1 /c ""do_something""",C:\Users\alice\AppData\Local\Temp\41ff76e5.tmp,e15cb3e7ad2db1840cd544ecd79827e9b7761934b93a1a42d769dcebf185965b,A service was installed in the system.,Persistence,Boot or Logon Autostart Execution,T1547,
902,2025-06-24 09:51:56,WIN-HOST-016,5145,Microsoft-Windows-Security-Auditing,Information,svc_sql,96.87.151.207,C:\Windows\System32\mpssvc.dll,"""C:\Windows\System32\mpssvc.dll"" -arg1 /c ""do_something""",C:\Users\svc_sql\AppData\Local\Temp\d5cd46ca.tmp,f9cce1320a6dafd4d0dd7f51c4eb57666940c7e3699ddd6f9e6f7924d684c796,A network share object was checked to see whether client can be granted desired access.,Discovery,System Network Connections Discovery,T1049,
903,2025-08-31 16:34:19,WIN-HOST-072,5156,Microsoft-Windows-Security-Auditing,Information,IIS_APPPOOL\DefaultAppPool,42.5.91.105,C:\Program Files\7-Zip\7z.exe,"""C:\Program Files\7-Zip\7z.exe"" -arg2 /c ""do_something""",C:\Users\IIS_APPPOOL\DefaultAppPool\AppData\Local\Temp\04ab069f.tmp,cf961b046066ff4a8bca7b8486fda71e12e813a12bbdfcb76814dd05b83cd64f,Network scanning activity detected.,Discovery,Network Service Scanning,T1046,Port/protocol scanning pattern observed.
904,2025-08-11 02:05:02,WIN-HOST-063,3,Microsoft-Windows-Sysmon,Information,Administrator,146.124.94.167,C:\Windows\System32\mpssvc.dll,"""C:\Windows\System32\mpssvc.dll"" -arg5 /c ""do_something""",C:\Users\Administrator\AppData\Local\Temp\b9c24fa2.tmp,2043df37cabce33511ec71d9e8b481cd4f33df30437f653fdc7fa77e4de8a89c,Network Connection detected.,Lateral Movement,Remote Services,T1021,
905,2025-09-02 16:28:34,WIN-HOST-065,3,Microsoft-Windows-Sysmon,Warning,SYSTEM,67.109.151.123,C:\Windows\System32\taskhostw.exe,"""C:\Windows\System32\taskhostw.exe"" -arg4 /c ""do_something""",C:\Users\SYSTEM\AppData\Local\Temp\e4e2bd1e.tmp,2325f9cfe2b77b495240ae83f7dd3e71b2dadf8466efbff57246763029fcdd08,Encrypted outbound connection established.,Command and Control,Encrypted Channel,T1573,Potential C2 channel over TLS.
906,2025-08-21 05:55:10,WIN-HOST-042,11,Microsoft-Windows-Sysmon,Error,SYSTEM,151.40.156.94,C:\Windows\System32\svchost.exe,"C:\Windows\System32\svchost.exe -ExecutionPolicy Bypass -NoProfile -WindowStyle Hidden -Command ""Invoke-Expression ...""",C:\Users\SYSTEM\AppData\Local\Temp\7b431cfb.tmp,1d0b6583f59a4b402c2db38b02e82dcf85236aa6713c998f850183cdf6a57b60,Command executed via scripting engine.,Execution,PowerShell,T1059.001,Suspicious scripting activity; check base64 or obfuscation.
907,2025-07-01 06:18:39,WIN-HOST-075,5156,Microsoft-Windows-Security-Auditing,Information,SYSTEM,97.109.65.200,C:\Program Files\OpenSSH\ssh.exe,"""C:\Program Files\OpenSSH\ssh.exe"" -arg3 /c ""do_something""",C:\Users\SYSTEM\AppData\Local\Temp\744bf97e.tmp,8ddc4a959955010bfca203e5d5271a4278acf254d406598eb808b42d77f75971,Network scanning activity detected.,Discovery,Network Service Scanning,T1046,Port/protocol scanning pattern observed.
908,2025-08-14 18:11:25,WIN-HOST-008,5145,Microsoft-Windows-Security-Auditing,Information,IIS_APPPOOL\DefaultAppPool,63.99.160.101,C:\Program Files\Mozilla Firefox\firefox.exe,"""C:\Program Files\Mozilla Firefox\firefox.exe"" -arg3 /c ""do_something""",C:\Users\IIS_APPPOOL\DefaultAppPool\AppData\Local\Temp\020d8c50.tmp,c4cf534492f53a7096ec52612fcbb107a77c49949a177121d4a008666aa0e2f3,Mass deletion of files detected.,Impact,Data Destruction,T1485,Data destruction activity suspected.
909,2025-09-09 14:46:43,WIN-HOST-009,3001,Microsoft-Windows-InternetExplorer,Information,svc_updater,86.108.147.204,C:\Windows\System32\cmd.exe,"""C:\Windows\System32\cmd.exe"" -arg5 /c ""do_something""",C:\Users\svc_updater\AppData\Local\Temp\da61e487.tmp,1d7230494a0097ad47b4988e9b2c2fd59df7a79b863faf8ffc9db8fdb2f8823e,User clicked on compromised web resource.,Initial Access,Drive-by Compromise,T1189,Possible drive-by compromise.
910,2025-09-14 05:36:39,WIN-HOST-059,5156,Microsoft-Windows-Security-Auditing,Information,IIS_APPPOOL\DefaultAppPool,230.194.203.183,C:\Windows\System32\taskhostw.exe,"""C:\Windows\System32\taskhostw.exe"" -arg1 /c ""do_something""",C:\Users\IIS_APPPOOL\DefaultAppPool\AppData\Local\Temp\eb8d0de4.tmp,eb19dd288f75794cd9ec86f83bb0da6c8ffb4e82f9b6e827e43437079f70d576,Windows Filtering Platform has permitted a connection.,Privilege Escalation,Exploitation for Privilege Escalation,T1068,
911,2025-08-03 06:13:37,WIN-HOST-076,3,Microsoft-Windows-Sysmon,Information,SYSTEM,99.234.192.161,C:\Program Files\OpenSSH\ssh.exe,"""C:\Program Files\OpenSSH\ssh.exe"" -arg1 /c ""do_something""",C:\Users\SYSTEM\AppData\Local\Temp\da2c84e0.tmp,dbde9cac704ed6765ee8d656ffa89bdd589f46ea22e9d121c760d0ca60bc4f5a,Encrypted outbound connection established.,Command and Control,Encrypted Channel,T1573,Potential C2 channel over TLS.
912,2025-07-12 18:52:39,WIN-HOST-027,4625,Microsoft-Windows-Security-Auditing,Warning,john.doe,86.236.14.85,C:\Windows\System32\mpssvc.dll,"""C:\Windows\System32\mpssvc.dll"" -arg3 /c ""do_something""",C:\Users\john.doe\AppData\Local\Temp\1cea965c.tmp,e4d5e4f26b1860cc362552a15d948f463e3656dc01eab8faa7bc89bf1481d2cd,An account failed to log on.,Exfiltration,Exfiltration Over C2 Channel,T1041,
913,2025-08-06 12:46:27,WIN-HOST-026,5156,Microsoft-Windows-Security-Auditing,Information,alice,137.44.107.51,C:\Windows\System32\cmd.exe,"""C:\Windows\System32\cmd.exe"" -arg3 /c ""do_something""",C:\Users\alice\AppData\Local\Temp\e40a2e84.tmp,2c7876806eb2276ca3c7e9a70fc602143e236add6942a94a58aa8e41b8a08ba8,Obfuscated script or binary detected.,Defense Evasion,Obfuscated Files or Information,T1027,Base64-heavy command line or packed binary.
914,2025-08-19 23:54:02,WIN-HOST-074,4624,Microsoft-Windows-Security-Auditing,Information,svc_sql,245.59.160.32,C:\Program Files\Mozilla Firefox\firefox.exe,"""C:\Program Files\Mozilla Firefox\firefox.exe"" -arg5 /c ""do_something""",C:\Users\svc_sql\AppData\Local\Temp\1b3ca4b7.tmp,af866bac106e9d5568fce438fe7dbe33a5ee9fd3f278a363c70927e77791b865,An account was successfully logged on.,Impact,Service Stop,T1489,
915,2025-07-22 09:33:45,WIN-HOST-044,5156,Microsoft-Windows-Security-Auditing,Warning,svc_updater,135.243.201.164,C:\Windows\System32\cmd.exe,"""C:\Windows\System32\cmd.exe"" -arg2 /c ""do_something""",C:\Users\svc_updater\AppData\Local\Temp\a8fd9ffe.tmp,a5a88ae4671439b14f06b0e12fb84b80deeb04a54371497a08ea8e8faadf3dce,Network scanning activity detected.,Discovery,Network Service Scanning,T1046,Port/protocol scanning pattern observed.
916,2025-09-10 10:04:21,WIN-HOST-039,4702,Microsoft-Windows-Sysmon,Error,bob,138.58.1.41,C:\Program Files\7-Zip\7z.exe,"""C:\Program Files\7-Zip\7z.exe"" -arg4 /c ""do_something""",C:\Users\bob\AppData\Local\Temp\78d79263.tmp,e97411ccee27e41db4cccccfe34978b323672dadfc75559000c585f40a09e7e5,Scheduled task created or executed.,Persistence,Scheduled Task/Job,T1053,Persistence via scheduled task.
917,2025-07-19 04:26:09,WIN-HOST-066,5156,Microsoft-Windows-Eventlog,Warning,alice,220.218.140.193,C:\Program Files\Git\bin\bash.exe,"""C:\Program Files\Git\bin\bash.exe"" -arg4 /c ""do_something""",C:\Users\alice\AppData\Local\Temp\e05be904.tmp,aaf013580cd974818fedb339ecf28606321548a9cb351706fde323b7f63f7d18,Encrypted outbound connection established.,Command and Control,Encrypted Channel,T1573,Potential C2 channel over TLS.
918,2025-06-29 20:51:44,WIN-HOST-060,1,Microsoft-Windows-Sysmon,Information,svc_updater,232.38.100.132,C:\Program Files\Git\bin\bash.exe,"""C:\Program Files\Git\bin\bash.exe"" -arg5 /c ""do_something""",C:\Users\svc_updater\AppData\Local\Temp\05a27704.tmp,61b7c6a7b4f22d433a96501cc6cc20fb01f349672a51607bbde33c0dc7484976,Process Create.,Credential Access,Input Capture: Keylogging,T1056.001,
919,2025-07-19 00:15:14,WIN-HOST-008,3,Microsoft-Windows-Sysmon,Information,bob,93.65.26.197,C:\Program Files\Mozilla Firefox\firefox.exe,"C:\Program Files\Mozilla Firefox\firefox.exe -ExecutionPolicy Bypass -NoProfile -WindowStyle Hidden -Command ""Invoke-Expression ...""",C:\Users\bob\AppData\Local\Temp\9e7df746.tmp,d551feade778546b9ebeb2ed8ee88bb1cc7a75be067d95d44fbdd659a8645e75,Command executed via scripting engine.,Execution,PowerShell,T1059.001,Suspicious scripting activity; check base64 or obfuscation.
920,2025-07-07 09:23:27,WIN-HOST-039,4688,Microsoft-Windows-Security-Auditing,Information,svc_sql,105.149.143.209,C:\Windows\System32\taskhostw.exe,"""C:\Windows\System32\taskhostw.exe"" -arg3 /c ""do_something""",C:\Users\svc_sql\AppData\Local\Temp\10443eca.tmp,3e6cf253426c77e1f6b50c21a455e5ccc43f8f3240080159a73cf56f9d736ad7,Registry query or modification.,Discovery,Query Registry,T1012,Possible discovery of startup keys or persistence mechanisms.
921,2025-08-23 23:08:35,WIN-HOST-077,4688,Microsoft-Windows-Security-Auditing,Information,svc_backup,61.13.63.253,C:\Windows\System32\taskhostw.exe,"C:\Windows\System32\taskhostw.exe -ExecutionPolicy Bypass -NoProfile -WindowStyle Hidden -Command ""Invoke-Expression ...""",C:\Users\svc_backup\AppData\Local\Temp\34f2da9d.tmp,bbb7fa370fe0e2b3690e4e287eeabb2d1ab350f6eb53cbd972a9c7bd6b99d39f,Command executed via scripting engine.,Execution,PowerShell,T1059.001,Suspicious scripting activity; check base64 or obfuscation.
