117,2025-08-16 14:03:57,WIN-HOST-071,5156,Microsoft-Windows-Security-Auditing,Information,bob,178.143.65.222,C:\Windows\System32\taskhostw.exe,"""C:\Windows\System32\taskhostw.exe"" -arg4 /c ""do_something""",C:\Users\bob\AppData\Local\Temp\ce95cefc.tmp,3d565dc391e7e325f910ab7b4e579a374bd0969637f507c4a3d8be6981dab7c0,Encrypted outbound connection established.,Command and Control,Encrypted Channel,T1573,Potential C2 channel over TLS.
118,2025-07-04 13:33:27,WIN-HOST-053,7,Microsoft-Windows-Sysmon,Warning,SYSTEM,190.164.255.49,C:\Program Files\OpenSSH\ssh.exe,"""C:\Program Files\OpenSSH\ssh.exe"" -arg4 /c ""do_something""",C:\Users\SYSTEM\AppData\Local\Temp\f7633ddf.tmp,987f5957cd89055bc8149c930e4941fc1446778e417164179b48dd05c60e437c,Image loaded (DLL).,Impact,Service Stop,T1489,
119,2025-07-15 10:12:00,WIN-HOST-020,5145,Microsoft-Windows-Security-Auditing,Information,alice,216.84.128.240,C:\Windows\System32\svchost.exe,"C:\Windows\System32\svchost.exe -ExecutionPolicy Bypass -NoProfile -WindowStyle Hidden -Command ""Invoke-Expression ...""",C:\Users\alice\AppData\Local\Temp\0c0195a9.tmp,acdb1b14f40dcbf3289f8a2d4bde4c74ee92a8d8899db03d6e363c96a1c96cd4,Command executed via scripting engine.,Execution,Command and Scripting Interpreter,T1059,Suspicious scripting activity; check base64 or obfuscation.
120,2025-08-04 11:59:15,WIN-HOST-002,8,Microsoft-Windows-Sysmon,Information,Guest,248.79.22.179,C:\Windows\System32\taskhostw.exe,"""C:\Windows\System32\taskhostw.exe"" -arg4 /c ""do_something""",C:\Users\Guest\AppData\Local\Temp\279db0f4.tmp,239d7c9a56e33c1af4dafcc8a8190a2921486e6c7c2b617a24ba006cbb8903bd,CreateRemoteThread detected.,Initial Access,Exploit Public-Facing Application,T1190,
121,2025-08-23 03:09:33,WIN-HOST-044,11,Microsoft-Windows-Sysmon,Error,krbtgt,166.91.177.242,C:\Windows\System32\taskhostw.exe,"""C:\Windows\System32\taskhostw.exe"" -arg3 /c ""do_something""",C:\Users\krbtgt\AppData\Local\Temp\63f11879.tmp,1a2ae53bc126e81a02bb203e9c2e53af519f57192ee51cfd1b573f83bdd60973,File created.,Discovery,File and Directory Discovery,T1083,
122,2025-07-14 09:20:25,WIN-HOST-069,7,Microsoft-Windows-Sysmon,Warning,svc_sql,138.128.6.141,C:\Program Files\OpenSSH\ssh.exe,"""C:\Program Files\OpenSSH\ssh.exe"" -arg1 /c ""do_something""",C:\Users\svc_sql\AppData\Local\Temp\b10bb531.tmp,363f4603f4e209570c18eb48fe49f3c001689c2beb3c334f5201787603d80753,Image loaded (DLL).,Exfiltration,Exfiltration Over C2 Channel,T1041,
123,2025-07-18 13:59:43,WIN-HOST-037,7045,Service Control Manager,Information,svc_backup,223.97.90.92,C:\Windows\System32\cmd.exe,"""C:\Windows\System32\cmd.exe"" -arg2 /c ""do_something""",C:\Users\svc_backup\AppData\Local\Temp\c3787929.tmp,0230799aa3af323f1a02e7fcf118bd050c973b0e27184403b47607fa514fbb3b,A service was installed in the system.,Discovery,System Network Connections Discovery,T1049,
124,2025-08-19 18:54:02,WIN-HOST-004,3,Microsoft-Windows-Sysmon,Information,SYSTEM,203.208.14.242,C:\Program Files\OpenSSH\ssh.exe,"""C:\Program Files\OpenSSH\ssh.exe"" -arg3 /c ""do_something""",C:\Users\SYSTEM\AppData\Local\Temp\07a42f13.tmp,0833288d504f63b27a2bf9e9792796f151c66faa3277b23c53cf9932c22a1973,Obfuscated script or binary detected.,Defense Evasion,Obfuscated Files or Information,T1027,Base64-heavy command line or packed binary.
125,2025-08-07 01:08:03,WIN-HOST-019,7045,Microsoft-Windows-Security-Auditing,Information,svc_backup,46.24.53.84,C:\Windows\System32\sc.exe,"""C:\Program Files\Git\bin\bash.exe"" -arg1 /c ""do_something""",C:\Users\svc_backup\AppData\Local\Temp\624be528.tmp,169692f7cbb6f12e2bff2646353c5f92ab00fd5324f1823988d4e7c5d5e8557e,Service installation detected.,Persistence,Create or Modify System Process,T1543,Service created - could be persistence.
126,2025-06-25 07:30:13,WIN-HOST-049,4627,Microsoft-Windows-Security-Auditing,Information,krbtgt,149.73.201.49,C:\Program Files\Mozilla Firefox\firefox.exe,"""C:\Program Files\Mozilla Firefox\firefox.exe"" -arg4 /c ""do_something""",C:\Users\krbtgt\AppData\Local\Temp\31c5321b.tmp,f4207b56481b8f4a157651a4392946545de837ff60c479757586dd37d5a5ca74,Group membership information.,Persistence,Service Registry Permissions Weakness,T1547.001,
127,2025-08-24 04:53:49,WIN-HOST-059,1,Microsoft-Windows-Sysmon,Information,svc_updater,139.237.219.18,C:\Windows\System32\svchost.exe,"""C:\Windows\System32\svchost.exe"" -arg4 /c ""do_something""",C:\Users\svc_updater\AppData\Local\Temp\6d370ca3.tmp,e54f2e9deb4388603968d83ccbbb058be830b8b08195a964edbb0ac4ec691579,Process Create.,Initial Access,Exploit Public-Facing Application,T1190,
128,2025-07-22 19:33:57,WIN-HOST-039,5156,Microsoft-Windows-Security-Auditing,Information,IIS_APPPOOL\DefaultAppPool,176.184.98.239,C:\Windows\System32\taskhostw.exe,"""C:\Windows\System32\taskhostw.exe"" -arg3 /c ""do_something""",C:\Users\IIS_APPPOOL\DefaultAppPool\AppData\Local\Temp\93b48563.tmp,b49ae21b8d408fd55cf97e87454afe1d144b3e3a3637c0b8d38c59d9c99bf101,Windows Filtering Platform has permitted a connection.,Discovery,System Network Connections Discovery,T1049,
129,2025-08-11 12:18:25,WIN-HOST-062,3001,Microsoft-Windows-InternetExplorer,Information,Administrator,179.3.244.56,C:\Program Files\Mozilla Firefox\firefox.exe,"""C:\Program Files\Mozilla Firefox\firefox.exe"" -arg6 /c ""do_something""",C:\Users\Administrator\AppData\Local\Temp\e5ec519a.tmp,472b4c5a722b86e32da03fcfe898b9f70a4aa90149716f05648d14c644249aa9,User clicked on compromised web resource.,Initial Access,Drive-by Compromise,T1189,Possible drive-by compromise.
130,2025-08-22 05:07:17,WIN-HOST-002,4657,Microsoft-Windows-Security-Auditing,Information,krbtgt,190.195.154.55,C:\Windows\System32\svchost.exe,"""C:\Windows\System32\svchost.exe"" -arg3 /c ""do_something""",C:\Users\krbtgt\AppData\Local\Temp\d1983696.tmp,3d068d69f1f55a74efd56981369a33ad4a55535a3c05e6a7c094430f2e5e4fdb,Registry query or modification.,Discovery,Query Registry,T1012,Possible discovery of startup keys or persistence mechanisms.
131,2025-07-02 00:04:13,WIN-HOST-046,11,Microsoft-Windows-Security-Auditing,Information,svc_backup,158.242.185.62,C:\Program Files\Mozilla Firefox\firefox.exe,"""C:\Program Files\Mozilla Firefox\firefox.exe"" -arg6 /c ""do_something""",C:\Users\svc_backup\AppData\Local\Temp\52782180.tmp,d90c2d9b5e7b0d8c195259e6bc685e21c1a48497d48e05a65e8f41ccdbcfd7c0,File encryption/ransomware activity observed (file renames & extensions).,Impact,Ransomware,T1486,Mass file modifications and suspicious file extensions.
132,2025-06-28 11:14:24,WIN-HOST-018,1,Microsoft-Windows-Sysmon,Information,IIS_APPPOOL\DefaultAppPool,165.118.148.17,C:\Windows\System32\cmd.exe,"""C:\Windows\System32\cmd.exe"" -arg4 /c ""do_something""",C:\Users\IIS_APPPOOL\DefaultAppPool\AppData\Local\Temp\ddb2cd78.tmp,d4acc0b3098ee1aa90badff19397ea4470fc90d2e1b6a91169852d99457e84c9,Obfuscated script or binary detected.,Defense Evasion,Obfuscated Files or Information,T1027,Base64-heavy command line or packed binary.
133,2025-07-23 14:12:08,WIN-HOST-047,4624,Microsoft-Windows-Security-Auditing,Information,Guest,232.221.94.90,C:\Windows\System32\cmd.exe,"""C:\Windows\System32\cmd.exe"" -arg6 /c ""do_something""",C:\Users\Guest\AppData\Local\Temp\103cb58c.tmp,03e2caf8cbf20cecdcf045800f396698a3886db3fa8ae2acc43ca5e072d13ea1,An account was successfully logged on.,Defense Evasion,Timestomping,T1099,
134,2025-08-31 19:26:10,WIN-HOST-026,5145,Microsoft-Windows-Security-Auditing,Information,Guest,42.31.149.90,C:\Program Files\Git\bin\bash.exe,"""C:\Program Files\Git\bin\bash.exe"" -arg4 /c ""do_something""",C:\Users\Guest\AppData\Local\Temp\90faa851.tmp,34cce4881696bce43b40204a0d9b118fedfcccee513bce23938bc64962baaa2a,A network share object was checked to see whether client can be granted desired access.,Credential Access,Input Capture: Keylogging,T1056.001,
135,2025-08-20 04:58:40,WIN-HOST-044,11,Microsoft-Windows-Sysmon,Error,Administrator,246.128.44.219,C:\Windows\System32\mpssvc.dll,"C:\Windows\System32\mpssvc.dll -ExecutionPolicy Bypass -NoProfile -WindowStyle Hidden -Command ""Invoke-Expression ...""",C:\Users\Administrator\AppData\Local\Temp\d1da39c5.tmp,8c73fb7b1fef039e7625e76f668e471b52808316521345f5e70d1b8f253d494a,Command executed via scripting engine.,Execution,PowerShell,T1059.001,Suspicious scripting activity; check base64 or obfuscation.
136,2025-07-14 04:45:31,WIN-HOST-051,7,Microsoft-Windows-Sysmon,Warning,bob,101.2.214.162,C:\Program Files\OpenSSH\ssh.exe,"""C:\Program Files\OpenSSH\ssh.exe"" -arg5 /c ""do_something""",C:\Users\bob\AppData\Local\Temp\a1711439.tmp,fa2d563c057d2a605c1ecc5d5fc2192b7c0c7c575def509c47ae1f7b11a61975,Image loaded (DLL).,Privilege Escalation,Exploitation for Privilege Escalation,T1068,
137,2025-08-04 16:58:44,WIN-HOST-048,1102,Microsoft-Windows-Security-Auditing,Warning,IIS_APPPOOL\DefaultAppPool,149.165.186.250,C:\Program Files\7-Zip\7z.exe,"""C:\Program Files\7-Zip\7z.exe"" -arg6 /c ""do_something""",C:\Users\IIS_APPPOOL\DefaultAppPool\AppData\Local\Temp\1928c622.tmp,13352e2f60ddb29b30dd2a14236025f13a2b3e101428ab0f4260cd79c33af50d,Registry query or modification.,Discovery,Query Registry,T1012,Possible discovery of startup keys or persistence mechanisms.
138,2025-07-14 08:13:26,WIN-HOST-030,4625,Microsoft-Windows-Security-Auditing,Warning,alice,156.46.88.222,C:\Windows\System32\svchost.exe,"""C:\Windows\System32\svchost.exe"" -arg1 /c ""do_something""",C:\Users\alice\AppData\Local\Temp\40fc404a.tmp,192732e84af753e468b5b3a808d692aee024979a2d5e94b5e2c4b665cf109da0,Mass deletion of files detected.,Impact,Data Destruction,T1485,Data destruction activity suspected.
139,2025-06-29 20:59:06,WIN-HOST-060,1,Microsoft-Windows-Sysmon,Information,svc_updater,29.222.121.105,C:\Windows\System32\taskhostw.exe,"""C:\Windows\System32\taskhostw.exe"" -arg1 /c ""do_something""",C:\Users\svc_updater\AppData\Local\Temp\bb358cea.tmp,3f877c29e6130fdb81dcc3f851f568c0cb6f57ae9ee461c498f77bc1ef2b6ebf,Process Create.,Initial Access,Phishing: Spearphishing Attachment,T1566.001,
140,2025-08-01 00:48:31,WIN-HOST-015,1102,Microsoft-Windows-Eventlog,Warning,Administrator,34.186.225.14,C:\Program Files\Mozilla Firefox\firefox.exe,"""C:\Program Files\Mozilla Firefox\firefox.exe"" -arg3 /c ""do_something""",C:\Users\Administrator\AppData\Local\Temp\5f1dce39.tmp,54b5557fff1ce6ee9489bea0c99c8cebb0663a52a43ebc460e1bad54610f7188,The audit log was cleared.,Discovery,System Network Connections Discovery,T1049,
141,2025-07-07 17:03:54,WIN-HOST-070,1,Microsoft-Windows-Sysmon,Information,svc_sql,226.170.122.93,C:\Windows\System32\WindowsPowerShell\v1.0\powershell.exe,"""C:\Windows\System32\WindowsPowerShell\v1.0\powershell.exe"" -arg1 /c ""do_something""",C:\Users\svc_sql\AppData\Local\Temp\3748d744.tmp,56d321458edc711bee2fec7d8191ed7c37d16d4c22ba7ae8b1a095e549879bdb,Mass deletion of files detected.,Impact,Data Destruction,T1485,Data destruction activity suspected.
142,2025-08-01 08:26:45,WIN-HOST-079,7,Microsoft-Windows-Sysmon,Warning,svc_sql,94.219.13.60,C:\Program Files\7-Zip\7z.exe,"""C:\Program Files\7-Zip\7z.exe"" -arg4 /c ""do_something""",C:\Users\svc_sql\AppData\Local\Temp\bdbde48d.tmp,78255e0fc0d46fd52fc2739a62606bbd9208ab2be06bbb0219bee422908fea6f,Image loaded (DLL).,Discovery,System Network Connections Discovery,T1049,
143,2025-06-26 19:21:49,WIN-HOST-047,4688,Service Control Manager,Information,Administrator,91.210.12.152,C:\Windows\System32\rundll32.exe,"""C:\Program Files\OpenSSH\ssh.exe"" -arg3 /c ""do_something""",C:\Users\Administrator\AppData\Local\Temp\8ac2b6f9.tmp,1c97c48d4623f4c371cbcb3e27c6c924fa5a240369e8b79abe6514f93c230b66,Attempt to read LSASS memory process or dump credentials detected.,Credential Access,Credential Dumping,T1003,Possible Mimikatz-like activity: access to lsass.exe memory.
144,2025-06-27 12:38:48,WIN-HOST-059,4625,Microsoft-Windows-Security-Auditing,Warning,Administrator,5.119.174.169,C:\Program Files\Mozilla Firefox\firefox.exe,"""C:\Program Files\Mozilla Firefox\firefox.exe"" -arg3 /c ""do_something""",C:\Users\Administrator\AppData\Local\Temp\4f332da6.tmp,e09e15953072348855cef4f5dea16fca2e3a4375e1a7440a58ce9f7d7bcfa996,An account failed to log on.,Defense Evasion,Masquerading,T1036,
145,2025-09-05 15:16:59,WIN-HOST-073,5156,Service Control Manager,Information,svc_backup,141.224.143.194,C:\Windows\System32\cmd.exe,"""C:\Windows\System32\cmd.exe"" -arg2 /c ""do_something""",C:\Users\svc_backup\AppData\Local\Temp\a9b47ce4.tmp,0c59a81dd634daafb17d0b891c9b5a3d047d9c6e0125a1228c96f2e12120fcc5,Encrypted outbound connection established.,Command and Control,Encrypted Channel,T1573,Potential C2 channel over TLS.
146,2025-07-04 16:17:51,WIN-HOST-019,5156,Microsoft-Windows-Security-Auditing,Information,krbtgt,251.233.68.153,C:\Windows\System32\svchost.exe,"C:\Windows\System32\svchost.exe -ExecutionPolicy Bypass -NoProfile -WindowStyle Hidden -Command ""Invoke-Expression ...""",C:\Users\krbtgt\AppData\Local\Temp\872b285e.tmp,f314ff7f4abf2878a8a24682ea681668a273c5e66c7ae705020aa8e544390337,Command executed via scripting engine.,Execution,PowerShell,T1059.001,Suspicious scripting activity; check base64 or obfuscation.
147,2025-07-02 08:02:06,WIN-HOST-023,4625,Microsoft-Windows-Eventlog,Warning,Administrator,33.189.219.65,C:\Windows\System32\svchost.exe,"""C:\Windows\System32\svchost.exe"" -arg2 /c ""do_something""",C:\Users\Administrator\AppData\Local\Temp\d92a3369.tmp,ccee12e765b506df980a3ca30f5755f9cbcb8e2ad2799d7207ab5176ba2dce15,Multiple failed logon attempts detected.,Credential Access,Brute Force,T1110,Failed logon count: 13
148,2025-08-31 22:41:02,WIN-HOST-034,5145,Microsoft-Windows-Security-Auditing,Information,SYSTEM,189.225.60.27,C:\Windows\System32\WindowsPowerShell\v1.0\powershell.exe,"""C:\Windows\System32\WindowsPowerShell\v1.0\powershell.exe"" -arg1 /c ""do_something""",C:\Users\SYSTEM\AppData\Local\Temp\c26b0f56.tmp,d7530076e9bbb60e05445e4c216dd377fd44f1b09f50ab089a2f3f1be9e74598,Access to ADMIN$ share or C$ share.,Lateral Movement,Windows Admin Shares,T1021.002,Possible lateral movement using admin shares.
149,2025-09-11 16:36:22,WIN-HOST-061,5145,Microsoft-Windows-Sysmon,Information,alice,27.234.246.172,C:\Program Files\OpenSSH\ssh.exe,"""C:\Program Files\OpenSSH\ssh.exe"" -arg2 /c ""do_something""",C:\Users\alice\AppData\Local\Temp\f5c5952c.tmp,19fb70ceba9e24d24e343e347760d4dfa7c86a332f7f2b6774297798d24f0601,Access to ADMIN$ share or C$ share.,Lateral Movement,Windows Admin Shares,T1021.002,Possible lateral movement using admin shares.
150,2025-09-13 15:39:33,WIN-HOST-067,4627,Microsoft-Windows-Security-Auditing,Information,svc_updater,7.249.125.5,C:\Windows\System32\mpssvc.dll,"""C:\Windows\System32\mpssvc.dll"" -arg4 /c ""do_something""",C:\Users\svc_updater\AppData\Local\Temp\0aefe64a.tmp,94aeb2a1bdcd06f3b5d497671b855e402f8805b7765673dd53e32005d551aa24,Group membership information.,Lateral Movement,Remote Services,T1021,
151,2025-07-13 05:59:03,WIN-HOST-014,5145,Microsoft-Windows-Security-Auditing,Information,alice,20.174.175.92,C:\Windows\System32\mpssvc.dll,"""C:\Windows\System32\mpssvc.dll"" -arg2 /c ""do_something""",C:\Users\alice\AppData\Local\Temp\dea0a284.tmp,2fbfd74087e7f1d542eb1fb67be7b148e669eebd37872a01815eab3b4b200126,A network share object was checked to see whether client can be granted desired access.,Exfiltration,Exfiltration Over C2 Channel,T1041,
152,2025-09-05 14:39:34,WIN-HOST-036,7,Microsoft-Windows-Security-Auditing,Warning,krbtgt,182.79.165.74,C:\Windows\System32\rundll32.exe,"""C:\Program Files\Git\bin\bash.exe"" -arg5 /c ""do_something""",C:\Users\krbtgt\AppData\Local\Temp\e697c61c.tmp,85ab9e6a7b0ea3f5cfbce72165bf68622fe76873c88b4d55302c36fd718415fb,Attempt to read LSASS memory process or dump credentials detected.,Credential Access,Credential Dumping,T1003,Possible Mimikatz-like activity: access to lsass.exe memory.
153,2025-08-04 19:28:25,WIN-HOST-065,1102,Microsoft-Windows-Eventlog,Warning,krbtgt,179.167.208.224,C:\Windows\System32\taskhostw.exe,"""C:\Windows\System32\taskhostw.exe"" -arg6 /c ""do_something""",C:\Users\krbtgt\AppData\Local\Temp\cfd162ba.tmp,6452e8d0ef3ea1d704fd7eaeb24d959e3ce77801a49d01ac5ded54c678b2e57e,The audit log was cleared.,Discovery,File and Directory Discovery,T1083,
154,2025-06-24 15:30:12,WIN-HOST-071,1,Microsoft-Windows-Sysmon,Information,svc_backup,58.126.142.20,C:\Windows\System32\taskhostw.exe,"""C:\Windows\System32\taskhostw.exe"" -arg4 /c ""do_something""",C:\Users\svc_backup\AppData\Local\Temp\e0b4d785.tmp,d0484aec1cd702313157241c837fd31f17c067cee53741f2ac9185c1fa425aec,Process Create.,Defense Evasion,Timestomping,T1099,
155,2025-08-08 11:22:51,WIN-HOST-013,5145,Microsoft-Windows-Security-Auditing,Information,john.doe,65.64.117.44,C:\Windows\System32\taskhostw.exe,"""C:\Windows\System32\taskhostw.exe"" -arg2 /c ""do_something""",C:\Users\john.doe\AppData\Local\Temp\f1b36ad8.tmp,a7352cf991884ff39d35760ba0304b9b4ca88c2298b2b6e2e7868f2552c92fc6,A network share object was checked to see whether client can be granted desired access.,Persistence,Boot or Logon Autostart Execution,T1547,
156,2025-06-20 05:59:46,WIN-HOST-061,1,Microsoft-Windows-Sysmon,Information,Administrator,212.239.0.170,C:\Windows\System32\cmd.exe,"""C:\Windows\System32\cmd.exe"" -arg4 /c ""do_something""",C:\Users\Administrator\AppData\Local\Temp\17a7a73e.tmp,6e293ef9972302c40de13754c4035b18db202c089c21d030ad0e4b91a1151f46,Process Create.,Initial Access,Exploit Public-Facing Application,T1190,
157,2025-07-07 13:41:21,WIN-HOST-048,4663,Microsoft-Windows-Security-Auditing,Warning,Guest,143.202.123.106,C:\Program Files\Git\bin\bash.exe,"""C:\Program Files\Git\bin\bash.exe"" -arg1 /c ""do_something""",C:\Users\Guest\AppData\Local\Temp\436cc0af.tmp,324647a5527426af00bb8fff168be382c25bec2707a9318f7d951aafbde551bb,File encryption/ransomware activity observed (file renames & extensions).,Impact,Ransomware,T1486,Mass file modifications and suspicious file extensions.
158,2025-06-25 01:03:16,WIN-HOST-055,4625,Microsoft-Windows-Security-Auditing,Information,SYSTEM,153.180.121.212,C:\Program Files\7-Zip\7z.exe,"""C:\Program Files\7-Zip\7z.exe"" -arg1 /c ""do_something""",C:\Users\SYSTEM\AppData\Local\Temp\c31b66e1.tmp,e4d3e5356d73ca67a134fd24bdbe86a9dfc877f51d0ecdeb034e00eca872d40c,Multiple failed logon attempts detected.,Credential Access,Brute Force,T1110,Failed logon count: 19
159,2025-09-02 20:09:35,WIN-HOST-062,7045,Service Control Manager,Information,svc_backup,142.103.106.1,C:\Windows\System32\cmd.exe,"C:\Windows\System32\cmd.exe -ExecutionPolicy Bypass -NoProfile -WindowStyle Hidden -Command ""Invoke-Expression ...""",C:\Users\svc_backup\AppData\Local\Temp\0d72af52.tmp,f954d97e7feafd99c8ab64f9b2d2e72f6e821e83ef892b5bbd0e4faf6d08ac1f,Command executed via scripting engine.,Execution,Command and Scripting Interpreter,T1059,Suspicious scripting activity; check base64 or obfuscation.
160,2025-08-26 21:43:06,WIN-HOST-055,7045,Microsoft-Windows-Security-Auditing,Information,bob,68.119.116.66,C:\Windows\System32\sc.exe,"""C:\Program Files\Git\bin\bash.exe"" -arg3 /c ""do_something""",C:\Users\bob\AppData\Local\Temp\2ba172e9.tmp,e694bbffbdc82dd3349546bf8717a443d6b1fcc308272ba26eb60466b32852c1,Service installation detected.,Persistence,Create or Modify System Process,T1543,Service created - could be persistence.
161,2025-07-05 20:09:51,WIN-HOST-040,3,Microsoft-Windows-Sysmon,Information,john.doe,1.144.38.32,C:\Program Files\OpenSSH\ssh.exe,"""C:\Program Files\OpenSSH\ssh.exe"" -arg2 /c ""do_something""",C:\Users\john.doe\AppData\Local\Temp\a6545b8b.tmp,59ea5f9921af6350a9174fbd4d724196e0c29b33cc9b71a2fabd7773b36064e4,Network Connection detected.,Discovery,File and Directory Discovery,T1083,
162,2025-07-16 00:58:59,WIN-HOST-052,4627,Microsoft-Windows-Security-Auditing,Information,Administrator,248.200.143.174,C:\Windows\System32\WindowsPowerShell\v1.0\powershell.exe,"""C:\Windows\System32\WindowsPowerShell\v1.0\powershell.exe"" -arg6 /c ""do_something""",C:\Users\Administrator\AppData\Local\Temp\92354706.tmp,5d4185de52f881dd9b5f5bdfcd2b99146d6145fb401a4c0564d629bee51db31e,Group membership information.,Initial Access,Exploit Public-Facing Application,T1190,
163,2025-08-27 23:24:40,WIN-HOST-049,4625,Microsoft-Windows-Security-Auditing,Information,svc_sql,87.68.245.150,C:\Windows\System32\mpssvc.dll,"""C:\Windows\System32\mpssvc.dll"" -arg3 /c ""do_something""",C:\Users\svc_sql\AppData\Local\Temp\27470f95.tmp,d8cded92c523263a4851c04eaf442b5adb97bd7c5118fe618317c700fa35b83b,Multiple failed logon attempts detected.,Credential Access,Brute Force,T1110,Failed logon count: 13
164,2025-07-24 18:07:06,WIN-HOST-077,4698,Microsoft-Windows-Sysmon,Error,Administrator,39.212.21.182,C:\Windows\System32\svchost.exe,"""C:\Windows\System32\svchost.exe"" -arg5 /c ""do_something""",C:\Users\Administrator\AppData\Local\Temp\9f18542d.tmp,d2b02f71c840e2cc21d51b57a5d9eb069c8338a2cff0e9dea459f5f6de389036,Scheduled task created or executed.,Execution,Scheduled Task/Job,T1053.005,Persistence via scheduled task.
165,2025-09-09 22:36:30,WIN-HOST-035,1,Microsoft-Windows-Sysmon,Information,alice,113.41.206.199,C:\Windows\System32\taskhostw.exe,"""C:\Windows\System32\taskhostw.exe"" -arg2 /c ""do_something""",C:\Users\alice\AppData\Local\Temp\4e5cfcae.tmp,1345e92cc595ee35cbe1201e75470d2b5a0432a3fc526e387f97712b22b9162b,Process Create.,Privilege Escalation,Exploitation for Privilege Escalation,T1068,
166,2025-07-30 02:51:13,WIN-HOST-015,11,Microsoft-Windows-Sysmon,Error,john.doe,28.99.69.171,C:\Windows\System32\taskhostw.exe,"""C:\Windows\System32\taskhostw.exe"" -arg6 /c ""do_something""",C:\Users\john.doe\AppData\Local\Temp\f285d2ba.tmp,f186b7a50ccef086f413ad590f80df7cf2a72500a53a48e14eafcf9a65206400,File encryption/ransomware activity observed (file renames & extensions).,Impact,Ransomware,T1486,Mass file modifications and suspicious file extensions.
167,2025-07-28 16:51:42,WIN-HOST-040,3001,Microsoft-Windows-InternetExplorer,Information,SYSTEM,153.109.92.80,C:\Program Files\Mozilla Firefox\firefox.exe,"""C:\Program Files\Mozilla Firefox\firefox.exe"" -arg2 /c ""do_something""",C:\Users\SYSTEM\AppData\Local\Temp\cb64401c.tmp,03737794735ac3d9eb8dc0627565d90e51399a01fd8e05f4b402021c56ea0471,User clicked on compromised web resource.,Initial Access,Drive-by Compromise,T1189,Possible drive-by compromise.
168,2025-08-28 08:29:46,WIN-HOST-018,3001,Microsoft-Windows-InternetExplorer,Warning,svc_updater,83.255.211.162,C:\Program Files\7-Zip\7z.exe,"""C:\Program Files\7-Zip\7z.exe"" -arg4 /c ""do_something""",C:\Users\svc_updater\AppData\Local\Temp\bdd34a3b.tmp,b5a7c89be39184db73ffee72883e3563c3927725f1e1dd46130ef1df2d368d59,User clicked on compromised web resource.,Initial Access,Drive-by Compromise,T1189,Possible drive-by compromise.
169,2025-08-07 01:12:29,WIN-HOST-023,4688,Microsoft-Windows-Sysmon,Information,Guest,90.170.179.47,C:\Windows\System32\rundll32.exe,"""C:\Windows\System32\taskhostw.exe"" -arg6 /c ""do_something""",C:\Users\Guest\AppData\Local\Temp\5adc2f1e.tmp,180757abcc27fd8fdc7efa25901f172ddfc3ce4efeee97e6bbeafa7cef505c3a,Attempt to read LSASS memory process or dump credentials detected.,Credential Access,Credential Dumping,T1003,Possible Mimikatz-like activity: access to lsass.exe memory.
170,2025-09-16 01:02:10,WIN-HOST-059,3,Microsoft-Windows-Security-Auditing,Information,Administrator,147.100.243.208,C:\Program Files\OpenSSH\ssh.exe,"""C:\Program Files\OpenSSH\ssh.exe"" -arg4 /c ""do_something""",C:\Users\Administrator\AppData\Local\Temp\e6377894.tmp,c01939c6bc996199300b22ba279a5534b8e8409f6f1549eb1b64b0488effa196,Encrypted outbound connection established.,Command and Control,Encrypted Channel,T1573,Potential C2 channel over TLS.
171,2025-09-06 16:20:01,WIN-HOST-052,3,Microsoft-Windows-Eventlog,Warning,SYSTEM,92.162.96.201,C:\Program Files\OpenSSH\ssh.exe,"""C:\Program Files\OpenSSH\ssh.exe"" -arg1 /c ""do_something""",C:\Users\SYSTEM\AppData\Local\Temp\3a26d7ba.tmp,dd82b2b3a198ed91f55bf997aae6f77ed1144ad0973034cc459bf3dea613d27e,Network scanning activity detected.,Discovery,Network Service Scanning,T1046,Port/protocol scanning pattern observed.
172,2025-07-22 16:32:15,WIN-HOST-052,5145,Microsoft-Windows-Security-Auditing,Information,bob,86.234.87.179,C:\Windows\System32\cmd.exe,"""C:\Windows\System32\cmd.exe"" -arg2 /c ""do_something""",C:\Users\bob\AppData\Local\Temp\35e2100d.tmp,3131b12edf63514e823d6df56c964dbb707b1985401865047f22acfb16bcb3fc,A network share object was checked to see whether client can be granted desired access.,Defense Evasion,Timestomping,T1099,
173,2025-07-30 07:11:41,WIN-HOST-015,4625,Microsoft-Windows-Security-Auditing,Warning,bob,198.182.228.173,C:\Program Files\Git\bin\bash.exe,"""C:\Program Files\Git\bin\bash.exe"" -arg6 /c ""do_something""",C:\Users\bob\AppData\Local\Temp\834fe26d.tmp,ee0c5a05c633a5addfd00795a2678649638ba0141640233e7f9d01c490fa034b,Multiple failed logon attempts detected.,Credential Access,Brute Force,T1110,Failed logon count: 7
174,2025-09-07 21:09:19,WIN-HOST-019,7045,Service Control Manager,Information,svc_updater,19.74.90.47,C:\Program Files\Mozilla Firefox\firefox.exe,"""C:\Program Files\Mozilla Firefox\firefox.exe"" -arg6 /c ""do_something""",C:\Users\svc_updater\AppData\Local\Temp\e41e3ef0.tmp,13d5dfa7781c7e4316473d9d9a77ff6fdc38c9cee2b254d7c7a809da803b58f0,A service was installed in the system.,Persistence,Boot or Logon Autostart Execution,T1547,
175,2025-08-03 19:37:05,WIN-HOST-073,4672,Microsoft-Windows-Security-Auditing,Information,krbtgt,80.238.122.146,C:\Windows\System32\mpssvc.dll,"""C:\Windows\System32\mpssvc.dll"" -arg1 /c ""do_something""",C:\Users\krbtgt\AppData\Local\Temp\349d6866.tmp,5b93becf5e3410cd9b3ed1e6dfc1bee62828dd3ead83c031bff8b125578aad78,Special privileges assigned to new logon.,Discovery,System Network Connections Discovery,T1049,
176,2025-08-05 22:17:15,WIN-HOST-039,4672,Microsoft-Windows-Security-Auditing,Information,svc_updater,18.254.40.191,C:\Windows\System32\svchost.exe,"""C:\Windows\System32\svchost.exe"" -arg4 /c ""do_something""",C:\Users\svc_updater\AppData\Local\Temp\a452f702.tmp,948772b2412ac78b14918299249c4f5150210b98d3f844e8a9380d711f7afa5d,Special privileges assigned to new logon.,Discovery,System Network Connections Discovery,T1049,
177,2025-09-12 08:08:37,WIN-HOST-048,5156,Microsoft-Windows-Security-Auditing,Information,svc_updater,98.109.113.157,C:\Windows\System32\cmd.exe,"""C:\Windows\System32\cmd.exe"" -arg5 /c ""do_something""",C:\Users\svc_updater\AppData\Local\Temp\d65027cb.tmp,3c7b9749fb3137bf9083bc45f43713e0635071e8b6f7de620b0e444ed2752492,Encrypted outbound connection established.,Command and Control,Encrypted Channel,T1573,Potential C2 channel over TLS.
178,2025-06-21 14:28:02,WIN-HOST-074,4672,Microsoft-Windows-Security-Auditing,Information,IIS_APPPOOL\DefaultAppPool,15.214.244.126,C:\Program Files\Mozilla Firefox\firefox.exe,"C:\Program Files\Mozilla Firefox\firefox.exe -ExecutionPolicy Bypass -NoProfile -WindowStyle Hidden -Command ""Invoke-Expression ...""",C:\Users\IIS_APPPOOL\DefaultAppPool\AppData\Local\Temp\15481938.tmp,6eac4b414ea3f51e9d9e42d796219464e3dd2a28e71ec60665404c20cc20f7d7,Command executed via scripting engine.,Execution,Command and Scripting Interpreter,T1059,Suspicious scripting activity; check base64 or obfuscation.
179,2025-09-09 16:12:21,WIN-HOST-065,3,Microsoft-Windows-Sysmon,Information,IIS_APPPOOL\DefaultAppPool,10.5.55.240,C:\Windows\System32\WindowsPowerShell\v1.0\powershell.exe,"""C:\Windows\System32\WindowsPowerShell\v1.0\powershell.exe"" -arg4 /c ""do_something""",C:\Users\IIS_APPPOOL\DefaultAppPool\AppData\Local\Temp\6c728b8f.tmp,ae6fe75b0e93a909a12cbfa2d481df562229a3db9214fb582c411a2d46e5bd14,Network Connection detected.,Impact,Service Stop,T1489,
180,2025-07-28 23:32:20,WIN-HOST-067,4672,Microsoft-Windows-Security-Auditing,Information,krbtgt,93.40.106.164,C:\Windows\System32\WindowsPowerShell\v1.0\powershell.exe,"""C:\Windows\System32\WindowsPowerShell\v1.0\powershell.exe"" -arg3 /c ""do_something""",C:\Users\krbtgt\AppData\Local\Temp\a41a2492.tmp,01aaeaa970563d71081c818f847b750d222447b59545119b25c2c3d44101fce7,Special privileges assigned to new logon.,Credential Access,Input Capture: Keylogging,T1056.001,
181,2025-08-09 04:12:19,WIN-HOST-044,5145,Microsoft-Windows-Security-Auditing,Information,IIS_APPPOOL\DefaultAppPool,165.181.205.194,C:\Windows\System32\svchost.exe,"""C:\Windows\System32\svchost.exe"" -arg3 /c ""do_something""",C:\Users\IIS_APPPOOL\DefaultAppPool\AppData\Local\Temp\d464861a.tmp,52a4b0b0b78ac1986e0462f603abc9fb6ed93d61a1ed3272fd24766d9bd6a815,A network share object was checked to see whether client can be granted desired access.,Initial Access,Exploit Public-Facing Application,T1190,
182,2025-07-25 16:33:31,WIN-HOST-050,4625,Microsoft-Windows-Security-Auditing,Warning,svc_updater,223.143.65.151,C:\Program Files\7-Zip\7z.exe,"""C:\Program Files\7-Zip\7z.exe"" -arg1 /c ""do_something""",C:\Users\svc_updater\AppData\Local\Temp\5bb5ee16.tmp,d58ee26200d65577862cb14c9f0641449a04fe0e7fe499e290be60d3a0890737,An account failed to log on.,Defense Evasion,Timestomping,T1099,
183,2025-07-15 10:22:44,WIN-HOST-019,4627,Microsoft-Windows-Security-Auditing,Information,john.doe,100.87.91.196,C:\Program Files\7-Zip\7z.exe,"""C:\Program Files\7-Zip\7z.exe"" -arg6 /c ""do_something""",C:\Users\john.doe\AppData\Local\Temp\8b18b3f5.tmp,72853ab1b88646e955437c8ac3967a4130e1247c3917799d279a9398348905bc,Group membership information.,Exfiltration,Exfiltration Over C2 Channel,T1041,
184,2025-08-18 19:19:44,WIN-HOST-072,11,Microsoft-Windows-Security-Auditing,Warning,svc_sql,208.44.224.193,C:\Program Files\OpenSSH\ssh.exe,"""C:\Program Files\OpenSSH\ssh.exe"" -arg6 /c ""do_something""",C:\Users\svc_sql\AppData\Local\Temp\c145223f.tmp,464106f59b9a7c8935d46b54f60e441ba9ad20d459795c65d7e84dc2a002b047,File encryption/ransomware activity observed (file renames & extensions).,Impact,Ransomware,T1486,Mass file modifications and suspicious file extensions.
185,2025-06-21 06:32:57,WIN-HOST-068,3001,Microsoft-Windows-InternetExplorer,Information,Administrator,130.44.77.50,C:\Windows\System32\taskhostw.exe,"""C:\Windows\System32\taskhostw.exe"" -arg3 /c ""do_something""",C:\Users\Administrator\AppData\Local\Temp\b4a4dd53.tmp,2803010546142a20203a334b80d564ff684825a9c7abc6ae0988a935840c490a,User clicked on compromised web resource.,Initial Access,Drive-by Compromise,T1189,Possible drive-by compromise.
186,2025-08-31 08:39:51,WIN-HOST-028,1102,Microsoft-Windows-Eventlog,Warning,john.doe,49.39.65.72,C:\Windows\System32\mpssvc.dll,"C:\Windows\System32\mpssvc.dll -ExecutionPolicy Bypass -NoProfile -WindowStyle Hidden -Command ""Invoke-Expression ...""",C:\Users\john.doe\AppData\Local\Temp\232af6e1.tmp,970c44f57d5b8bf7f9082d5652340ae97107d6a1688cf14c47de2f622efd260c,Command executed via scripting engine.,Execution,PowerShell,T1059.001,Suspicious scripting activity; check base64 or obfuscation.
187,2025-08-20 03:27:42,WIN-HOST-013,7045,Microsoft-Windows-Security-Auditing,Warning,bob,96.112.182.161,C:\Windows\System32\sc.exe,"""C:\Program Files\Git\bin\bash.exe"" -arg2 /c ""do_something""",C:\Users\bob\AppData\Local\Temp\88ff3296.tmp,babc2ab6c50e0efcab2ade38a2dbdb2e6b17dc0e122de1a5d17873de41f89a01,Service installation detected.,Persistence,Create or Modify System Process,T1543,Service created - could be persistence.
188,2025-07-12 14:15:35,WIN-HOST-080,4625,Microsoft-Windows-Sysmon,Warning,Guest,11.47.109.92,C:\Windows\System32\mpssvc.dll,"""C:\Windows\System32\mpssvc.dll"" -arg6 /c ""do_something""",C:\Users\Guest\AppData\Local\Temp\101c2a26.tmp,fecc2ea7f0163fca7aaaad1b56a8525b10ebf614a2f476ba8b56d874807a13d0,Multiple failed logon attempts detected.,Credential Access,Brute Force,T1110,Failed logon count: 10
189,2025-07-20 13:55:00,WIN-HOST-037,4672,Microsoft-Windows-Security-Auditing,Information,alice,136.180.244.116,C:\Program Files\Mozilla Firefox\firefox.exe,"""C:\Program Files\Mozilla Firefox\firefox.exe"" -arg4 /c ""do_something""",C:\Users\alice\AppData\Local\Temp\ccc25f6b.tmp,c31336cbc380ad0d82ed8152db12871f9578643a9d0a4e77f3dfb69e5325a938,Obfuscated script or binary detected.,Defense Evasion,Obfuscated Files or Information,T1027,Base64-heavy command line or packed binary.
190,2025-06-28 18:45:07,WIN-HOST-025,8,Microsoft-Windows-Sysmon,Information,john.doe,135.7.154.212,C:\Windows\System32\mpssvc.dll,"""C:\Windows\System32\mpssvc.dll"" -arg2 /c ""do_something""",C:\Users\john.doe\AppData\Local\Temp\f9c7d438.tmp,9d8cba6514737c3ec024bd12ab169b96edee3273d47ce44282107ea3a2d855ec,CreateRemoteThread detected.,Persistence,Boot or Logon Autostart Execution,T1547,
191,2025-08-29 11:22:40,WIN-HOST-078,7,Microsoft-Windows-Sysmon,Warning,Guest,239.45.220.196,C:\Program Files\7-Zip\7z.exe,"""C:\Program Files\7-Zip\7z.exe"" -arg5 /c ""do_something""",C:\Users\Guest\AppData\Local\Temp\daa11a5f.tmp,5d66bde4b640029059e014add26dcbf1a7a52577b3a3804aa819ec3d4e280fec,Image loaded (DLL).,Impact,Service Stop,T1489,
192,2025-09-05 18:11:13,WIN-HOST-037,7,Microsoft-Windows-Sysmon,Warning,Administrator,69.213.166.141,C:\Windows\System32\WindowsPowerShell\v1.0\powershell.exe,"""C:\Windows\System32\WindowsPowerShell\v1.0\powershell.exe"" -arg5 /c ""do_something""",C:\Users\Administrator\AppData\Local\Temp\bf291e5a.tmp,2f7ffb086f692c00dedf99ce65fc68d8d61fa5193925061bdbb9cf9b926fe102,Image loaded (DLL).,Privilege Escalation,Valid Accounts,T1078,
193,2025-06-29 04:13:40,WIN-HOST-056,4688,Microsoft-Windows-Security-Auditing,Information,Administrator,209.19.118.224,C:\Program Files\Mozilla Firefox\firefox.exe,"""C:\Program Files\Mozilla Firefox\firefox.exe"" -arg3 /c ""do_something""",C:\Users\Administrator\AppData\Local\Temp\09c4a51c.tmp,b64a05cb535b8c64d0e7ac6b3fec1a8673f6fa4da35f41a29beac194c6847509,A new process has been created.,Privilege Escalation,Valid Accounts,T1078,
194,2025-09-15 06:33:40,WIN-HOST-054,8,Microsoft-Windows-Sysmon,Information,SYSTEM,128.131.137.200,C:\Windows\System32\taskhostw.exe,"""C:\Windows\System32\taskhostw.exe"" -arg4 /c ""do_something""",C:\Users\SYSTEM\AppData\Local\Temp\05d70524.tmp,c67b474d1f9df1843302ab2e44560e43a2e8eb942c6e46063b39aeb2d7dcb94b,CreateRemoteThread detected.,Persistence,Service Registry Permissions Weakness,T1547.001,
195,2025-08-12 11:05:50,WIN-HOST-029,4688,Microsoft-Windows-Security-Auditing,Warning,SYSTEM,238.74.155.93,C:\Program Files\OpenSSH\ssh.exe,"""C:\Program Files\OpenSSH\ssh.exe"" -arg6 /c ""do_something""",C:\Users\SYSTEM\AppData\Local\Temp\47ce1e4a.tmp,3027ac6ac325ddc69248b68d81f4cafbb4a3f6d05bab7bae130e5de13fbd9156,Registry query or modification.,Discovery,Query Registry,T1012,Possible discovery of startup keys or persistence mechanisms.
196,2025-07-03 00:39:24,WIN-HOST-019,5156,Microsoft-Windows-Security-Auditing,Information,Guest,212.107.65.93,C:\Windows\System32\svchost.exe,"""C:\Windows\System32\svchost.exe"" -arg2 /c ""do_something""",C:\Users\Guest\AppData\Local\Temp\ce742dc3.tmp,2315383643392c4190e212d7bb3ab3cdeb714c9fccad74febb8873501096d6f6,Windows Filtering Platform has permitted a connection.,Impact,Service Stop,T1489,
197,2025-07-11 08:41:19,WIN-HOST-061,3001,Microsoft-Windows-InternetExplorer,Error,alice,231.230.70.199,C:\Windows\System32\svchost.exe,"""C:\Windows\System32\svchost.exe"" -arg3 /c ""do_something""",C:\Users\alice\AppData\Local\Temp\1db17ec1.tmp,62fe2673a6665735e19bf546dfb07fa98317733f6edb6c08557c47a044b7d77d,User clicked on compromised web resource.,Initial Access,Drive-by Compromise,T1189,Possible drive-by compromise.
198,2025-06-28 19:06:07,WIN-HOST-020,4698,Service Control Manager,Information,bob,108.90.108.147,C:\Program Files\Git\bin\bash.exe,"""C:\Program Files\Git\bin\bash.exe"" -arg3 /c ""do_something""",C:\Users\bob\AppData\Local\Temp\44fdd532.tmp,b6f51f7a67735d6c69815bb967610e0e0d4612750c879ab1b7d69a165339ee79,Scheduled task created or executed.,Execution,Scheduled Task/Job,T1053.005,Persistence via scheduled task.
199,2025-09-06 00:46:47,WIN-HOST-007,1102,Microsoft-Windows-Eventlog,Warning,svc_backup,159.112.131.104,C:\Windows\System32\taskhostw.exe,"""C:\Windows\System32\taskhostw.exe"" -arg1 /c ""do_something""",C:\Users\svc_backup\AppData\Local\Temp\39c84437.tmp,76aece22805b6602138bb8b451f6217c3fa1cd68c5605d8f50795b022a202b9a,The audit log was cleared.,Initial Access,Exploit Public-Facing Application,T1190,
200,2025-06-21 23:33:43,WIN-HOST-064,5156,Microsoft-Windows-Sysmon,Warning,krbtgt,36.193.115.185,C:\Program Files\Git\bin\bash.exe,"""C:\Program Files\Git\bin\bash.exe"" -arg1 /c ""do_something""",C:\Users\krbtgt\AppData\Local\Temp\242b8f49.tmp,22df65c5c59634d06b175f266bb08794819c644f47fd357a92383634029cd41f,Network scanning activity detected.,Discovery,Network Service Scanning,T1046,Port/protocol scanning pattern observed.
201,2025-07-24 10:57:51,WIN-HOST-054,7045,Service Control Manager,Information,Guest,92.80.135.32,C:\Windows\System32\cmd.exe,"""C:\Windows\System32\cmd.exe"" -arg5 /c ""do_something""",C:\Users\Guest\AppData\Local\Temp\a56c1c0e.tmp,3bb8b25c9b83d1201cbb8e122122b322a890b94d53806f536a59d18211b09efb,A service was installed in the system.,Persistence,Boot or Logon Autostart Execution,T1547,
202,2025-07-30 14:32:52,WIN-HOST-065,4663,Microsoft-Windows-Security-Auditing,Information,bob,120.90.197.208,C:\Windows\System32\svchost.exe,"""C:\Windows\System32\svchost.exe"" -arg4 /c ""do_something""",C:\Users\bob\AppData\Local\Temp\6a38b81f.tmp,e15a6fe0e547ffc3cefeb2c3c8991089f0231e127fa9e5cdedbaf9dc59d89a7b,Mass deletion of files detected.,Impact,Data Destruction,T1485,Data destruction activity suspected.
203,2025-08-24 05:39:33,WIN-HOST-003,5156,Microsoft-Windows-Security-Auditing,Information,john.doe,88.68.249.252,C:\Windows\System32\cmd.exe,"""C:\Windows\System32\cmd.exe"" -arg6 /c ""do_something""",C:\Users\john.doe\AppData\Local\Temp\040d00c3.tmp,51b25457c5bf865fe3ff38c7340545518c479f5557e4847c90d5028d7fd78214,Windows Filtering Platform has permitted a connection.,Impact,System Shutdown/Reboot,T1529,
204,2025-09-07 19:09:10,WIN-HOST-075,1,Microsoft-Windows-Sysmon,Information,john.doe,11.89.149.98,C:\Windows\System32\WindowsPowerShell\v1.0\powershell.exe,"""C:\Windows\System32\WindowsPowerShell\v1.0\powershell.exe"" -arg3 /c ""do_something""",C:\Users\john.doe\AppData\Local\Temp\f827b9a3.tmp,2750521fad5bdce434515dca6cb9d6f184a324e6e0c263b805d04f664f0875ae,Process Create.,Collection,Input Capture,T1056,
205,2025-07-17 10:53:05,WIN-HOST-023,7,Microsoft-Windows-Sysmon,Warning,IIS_APPPOOL\DefaultAppPool,34.133.178.239,C:\Windows\System32\mpssvc.dll,"""C:\Windows\System32\mpssvc.dll"" -arg4 /c ""do_something""",C:\Users\IIS_APPPOOL\DefaultAppPool\AppData\Local\Temp\529c15a2.tmp,12bce20b8b5dbcdcaee9e9e2875509f6c370afe2e2d2c6dc6d2d987b239727b9,Image loaded (DLL).,Impact,Service Stop,T1489,
206,2025-08-20 08:56:11,WIN-HOST-026,4624,Microsoft-Windows-Security-Auditing,Information,SYSTEM,226.195.40.170,C:\Program Files\Mozilla Firefox\firefox.exe,"""C:\Program Files\Mozilla Firefox\firefox.exe"" -arg3 /c ""do_something""",C:\Users\SYSTEM\AppData\Local\Temp\a6f2a190.tmp,f038951cbbd86981449ce301bf3c1f1332a5cac4bc8e30d1ac809e97637b7a3a,An account was successfully logged on.,Defense Evasion,Timestomping,T1099,
207,2025-08-10 04:46:40,WIN-HOST-070,4663,Microsoft-Windows-Security-Auditing,Information,alice,165.155.69.127,C:\Program Files\7-Zip\7z.exe,"""C:\Program Files\7-Zip\7z.exe"" -arg3 /c ""do_something""",C:\Users\alice\AppData\Local\Temp\cfbf6a78.tmp,1b6f37d6883428a683621a96988be4709b17eec8df6db9a1a0c0e9d911054159,Obfuscated script or binary detected.,Defense Evasion,Obfuscated Files or Information,T1027,Base64-heavy command line or packed binary.
208,2025-07-04 01:12:52,WIN-HOST-007,7,Microsoft-Windows-Sysmon,Warning,IIS_APPPOOL\DefaultAppPool,69.241.134.25,C:\Program Files\OpenSSH\ssh.exe,"""C:\Program Files\OpenSSH\ssh.exe"" -arg3 /c ""do_something""",C:\Users\IIS_APPPOOL\DefaultAppPool\AppData\Local\Temp\af4be17a.tmp,107f33de9a7eeab6a8afe7ecf326b0a318a60a22dca6a8b6c7384093b8ff63a7,Image loaded (DLL).,Defense Evasion,Masquerading,T1036,
209,2025-06-23 12:03:12,WIN-HOST-052,5145,Microsoft-Windows-Security-Auditing,Information,alice,47.211.64.192,C:\Windows\System32\taskhostw.exe,"""C:\Windows\System32\taskhostw.exe"" -arg4 /c ""do_something""",C:\Users\alice\AppData\Local\Temp\29989c39.tmp,e5ced62d204a2af63b0418ca202771d462ee2160662a440f1d48514daadbcb23,A network share object was checked to see whether client can be granted desired access.,Impact,Service Stop,T1489,
210,2025-06-20 02:54:27,WIN-HOST-067,5156,Microsoft-Windows-Security-Auditing,Information,svc_updater,186.34.0.101,C:\Windows\System32\cmd.exe,"""C:\Windows\System32\cmd.exe"" -arg4 /c ""do_something""",C:\Users\svc_updater\AppData\Local\Temp\f3d152c5.tmp,7345cc40dd0475b7944c5840872eb5d8c56c2f595ccc00c79ec537311bb51fbb,Windows Filtering Platform has permitted a connection.,Initial Access,Exploit Public-Facing Application,T1190,
211,2025-06-30 00:30:47,WIN-HOST-024,4627,Microsoft-Windows-Security-Auditing,Information,bob,82.58.233.147,C:\Program Files\7-Zip\7z.exe,"""C:\Program Files\7-Zip\7z.exe"" -arg3 /c ""do_something""",C:\Users\bob\AppData\Local\Temp\e129d5a4.tmp,9efc178e327b71715adfd441033c0bbe43179597e8663bb4a4f0dff39fa677de,Group membership information.,Initial Access,Exploit Public-Facing Application,T1190,
212,2025-08-20 03:48:58,WIN-HOST-040,1,Microsoft-Windows-Sysmon,Information,alice,113.163.250.210,C:\Windows\System32\taskhostw.exe,"""C:\Windows\System32\taskhostw.exe"" -arg1 /c ""do_something""",C:\Users\alice\AppData\Local\Temp\ad26f049.tmp,972c6f7d70879bb48ce6959317dd76697b10cc60ebc810a2d3bc6d4f794b591c,Process Create.,Discovery,System Network Connections Discovery,T1049,
213,2025-06-25 09:22:25,WIN-HOST-046,3,Microsoft-Windows-Sysmon,Information,krbtgt,242.169.220.138,C:\Windows\System32\taskhostw.exe,"""C:\Windows\System32\taskhostw.exe"" -arg6 /c ""do_something""",C:\Users\krbtgt\AppData\Local\Temp\7e1f31e6.tmp,207edd799c3b622ca7c06bf72873f413d75d217b9b728fc6c7fdde8d12cb373d,Network Connection detected.,Initial Access,Exploit Public-Facing Application,T1190,
214,2025-08-09 10:10:07,WIN-HOST-047,1,Microsoft-Windows-Sysmon,Information,bob,243.234.1.132,C:\Windows\System32\WindowsPowerShell\v1.0\powershell.exe,"C:\Windows\System32\WindowsPowerShell\v1.0\powershell.exe -ExecutionPolicy Bypass -NoProfile -WindowStyle Hidden -Command ""Invoke-Expression ...""",C:\Users\bob\AppData\Local\Temp\07e1985b.tmp,66b5f5740d14b6510ee56905f5e1c11132e3a077064fbc589536c7d523286005,Command executed via scripting engine.,Execution,PowerShell,T1059.001,Suspicious scripting activity; check base64 or obfuscation.
215,2025-07-04 00:07:06,WIN-HOST-057,4702,Microsoft-Windows-Sysmon,Information,SYSTEM,17.54.52.165,C:\Windows\System32\WindowsPowerShell\v1.0\powershell.exe,"""C:\Windows\System32\WindowsPowerShell\v1.0\powershell.exe"" -arg6 /c ""do_something""",C:\Users\SYSTEM\AppData\Local\Temp\248e2dcd.tmp,ddfad1f0dbe25d730359b131238ff82b2a58e5b3f20501492efd2ff95100181c,Scheduled task created or executed.,Execution,Scheduled Task/Job,T1053.005,Persistence via scheduled task.
216,2025-08-11 16:35:30,WIN-HOST-073,5156,Microsoft-Windows-Security-Auditing,Information,SYSTEM,173.215.2.201,C:\Windows\System32\WindowsPowerShell\v1.0\powershell.exe,"""C:\Windows\System32\WindowsPowerShell\v1.0\powershell.exe"" -arg3 /c ""do_something""",C:\Users\SYSTEM\AppData\Local\Temp\2317f058.tmp,f0e85d0f570263a250b0eb22ff1b51f1b7fafd89459ec8cb38bd42254878edb9,Windows Filtering Platform has permitted a connection.,Persistence,Boot or Logon Autostart Execution,T1547,
217,2025-08-05 18:15:13,WIN-HOST-010,7,Microsoft-Windows-Security-Auditing,Information,krbtgt,135.138.174.217,C:\Windows\System32\rundll32.exe,"""C:\Windows\System32\WindowsPowerShell\v1.0\powershell.exe"" -arg3 /c ""do_something""",C:\Users\krbtgt\AppData\Local\Temp\555d445f.tmp,c830a16ab132fbc0ef8f082e817718cf1fc8278afbe90ea74dc00a1c28f42f21,Attempt to read LSASS memory process or dump credentials detected.,Credential Access,Credential Dumping,T1003,Possible Mimikatz-like activity: access to lsass.exe memory.
218,2025-08-24 15:04:11,WIN-HOST-015,1102,Microsoft-Windows-Eventlog,Warning,SYSTEM,143.201.200.107,C:\Windows\System32\WindowsPowerShell\v1.0\powershell.exe,"""C:\Windows\System32\WindowsPowerShell\v1.0\powershell.exe"" -arg3 /c ""do_something""",C:\Users\SYSTEM\AppData\Local\Temp\50b3df0b.tmp,a4a8e3c0cdf67570b349f901d9485bfecdb76115115c427ad465972a58ca874a,The audit log was cleared.,Privilege Escalation,Exploitation for Privilege Escalation,T1068,
219,2025-08-05 12:48:55,WIN-HOST-028,4698,Microsoft-Windows-Sysmon,Information,krbtgt,255.166.35.208,C:\Program Files\7-Zip\7z.exe,"""C:\Program Files\7-Zip\7z.exe"" -arg1 /c ""do_something""",C:\Users\krbtgt\AppData\Local\Temp\9682adf5.tmp,daee1c7ede80d7a535e36f2a160b51c29cb8afe633d2a72e9a2d5a1b9dd00f8d,Scheduled task created or executed.,Persistence,Scheduled Task/Job,T1053,Persistence via scheduled task.
220,2025-09-10 16:09:12,WIN-HOST-058,7,Microsoft-Windows-Sysmon,Warning,Guest,255.76.150.214,C:\Windows\System32\mpssvc.dll,"""C:\Windows\System32\mpssvc.dll"" -arg6 /c ""do_something""",C:\Users\Guest\AppData\Local\Temp\7b0e386e.tmp,15dfa0d4b43ddc5e44a5c6b19fd99a5072eb541b5a4a29b40b1141c33e59d2e6,Image loaded (DLL).,Defense Evasion,Masquerading,T1036,
221,2025-08-17 20:00:49,WIN-HOST-045,7,Microsoft-Windows-Sysmon,Warning,Administrator,138.203.190.9,C:\Program Files\Git\bin\bash.exe,"""C:\Program Files\Git\bin\bash.exe"" -arg3 /c ""do_something""",C:\Users\Administrator\AppData\Local\Temp\4f76b940.tmp,c008c63e1a25fcc4c0d20432b58364f60d7251dafb90ca36bed2ecf9961f6dd5,Image loaded (DLL).,Privilege Escalation,Valid Accounts,T1078,
222,2025-09-02 13:41:36,WIN-HOST-023,4698,Microsoft-Windows-Sysmon,Warning,john.doe,57.103.230.10,C:\Program Files\Git\bin\bash.exe,"""C:\Program Files\Git\bin\bash.exe"" -arg2 /c ""do_something""",C:\Users\john.doe\AppData\Local\Temp\a940c9df.tmp,c6b0a42e2a85e2c4b6f52fc004117d530c8ac446cdcac91bf70a948a7ff8b13b,Scheduled task created or executed.,Persistence,Scheduled Task/Job,T1053,Persistence via scheduled task.
223,2025-07-31 21:33:09,WIN-HOST-004,11,Microsoft-Windows-Sysmon,Error,john.doe,146.128.197.170,C:\Program Files\Git\bin\bash.exe,"""C:\Program Files\Git\bin\bash.exe"" -arg5 /c ""do_something""",C:\Users\john.doe\AppData\Local\Temp\0f29b943.tmp,b11eb56b7adbeb182063a57c4b38e1b3dee425c2881c7b20f3cadb4269d43610,File created.,Discovery,System Network Connections Discovery,T1049,
224,2025-07-20 10:45:51,WIN-HOST-012,4688,Microsoft-Windows-Security-Auditing,Information,Administrator,147.44.174.1,C:\Program Files\7-Zip\7z.exe,"C:\Program Files\7-Zip\7z.exe -ExecutionPolicy Bypass -NoProfile -WindowStyle Hidden -Command ""Invoke-Expression ...""",C:\Users\Administrator\AppData\Local\Temp\d061ca42.tmp,d5949488606105867fd1c832361d58bf8e93c2b83934f5994af4e1a0ab231a7f,Command executed via scripting engine.,Execution,PowerShell,T1059.001,Suspicious scripting activity; check base64 or obfuscation.
225,2025-09-10 15:53:24,WIN-HOST-058,1,Microsoft-Windows-Sysmon,Information,alice,88.50.30.228,C:\Program Files\Git\bin\bash.exe,"""C:\Program Files\Git\bin\bash.exe"" -arg5 /c ""do_something""",C:\Users\alice\AppData\Local\Temp\efbb185e.tmp,dddf614fa5f53a7eb60ec743aa901aa5a6f2d3f5dc1e6b0670ffaa5c8564ab9f,Process Create.,Privilege Escalation,Valid Accounts,T1078,
226,2025-07-22 19:03:59,WIN-HOST-024,4688,Microsoft-Windows-Sysmon,Information,Guest,222.67.30.6,C:\Windows\System32\taskhostw.exe,"""C:\Windows\System32\taskhostw.exe"" -arg1 /c ""do_something""",C:\Users\Guest\AppData\Local\Temp\e19ac5b9.tmp,53f22eaeaebf99d735a1127097006c056dd36fc1717830eb0a48ebc53e2fb1e5,Registry query or modification.,Discovery,Query Registry,T1012,Possible discovery of startup keys or persistence mechanisms.
227,2025-08-19 08:02:44,WIN-HOST-022,4688,Microsoft-Windows-Security-Auditing,Information,Guest,57.184.107.178,C:\Program Files\OpenSSH\ssh.exe,"""C:\Program Files\OpenSSH\ssh.exe"" -arg5 /c ""do_something""",C:\Users\Guest\AppData\Local\Temp\adfecb16.tmp,1ae47e61c8613f621324099b1ab1d267a524f668905b9ccdb749816c34963438,A new process has been created.,Persistence,Boot or Logon Autostart Execution,T1547,
228,2025-08-21 06:49:36,WIN-HOST-011,8,Microsoft-Windows-Sysmon,Information,svc_updater,141.3.241.122,C:\Program Files\Mozilla Firefox\firefox.exe,"C:\Program Files\Mozilla Firefox\firefox.exe -ExecutionPolicy Bypass -NoProfile -WindowStyle Hidden -Command ""Invoke-Expression ...""",C:\Users\svc_updater\AppData\Local\Temp\32c5fe7d.tmp,4bc249ae240763863ef86ab5cfcbf3676b6b05845b202c3d64e88175283926e3,Command executed via scripting engine.,Execution,PowerShell,T1059.001,Suspicious scripting activity; check base64 or obfuscation.
229,2025-07-20 04:59:08,WIN-HOST-069,5156,Microsoft-Windows-Eventlog,Warning,Administrator,164.23.192.147,C:\Program Files\Git\bin\bash.exe,"""C:\Program Files\Git\bin\bash.exe"" -arg5 /c ""do_something""",C:\Users\Administrator\AppData\Local\Temp\8d3febb3.tmp,de61efdf486c934ca0f6357b8d8b63bfc05415365475c0635c94b0d1a1062ddb,Encrypted outbound connection established.,Command and Control,Encrypted Channel,T1573,Potential C2 channel over TLS.
230,2025-07-15 21:44:54,WIN-HOST-080,4657,Microsoft-Windows-Security-Auditing,Information,krbtgt,144.73.69.131,C:\Program Files\OpenSSH\ssh.exe,"""C:\Program Files\OpenSSH\ssh.exe"" -arg1 /c ""do_something""",C:\Users\krbtgt\AppData\Local\Temp\f2ff760a.tmp,6f047f2498ad5c6a48aa983b4e3964051fab5ed18699e9c774d35668113f4f43,Registry query or modification.,Discovery,Query Registry,T1012,Possible discovery of startup keys or persistence mechanisms.
231,2025-07-17 14:00:42,WIN-HOST-074,4624,Microsoft-Windows-Security-Auditing,Information,svc_updater,163.148.237.84,C:\Program Files\Mozilla Firefox\firefox.exe,"""C:\Program Files\Mozilla Firefox\firefox.exe"" -arg6 /c ""do_something""",C:\Users\svc_updater\AppData\Local\Temp\51f23b2d.tmp,2b3d019dfc8a1be71a5394e961849f04aa2ddf31a7d1b8331e1d5a99d84d5762,An account was successfully logged on.,Lateral Movement,Remote Services,T1021,
