461,2025-08-28 01:18:31,WIN-HOST-029,11,Microsoft-Windows-Sysmon,Error,IIS_APPPOOL\DefaultAppPool,173.125.111.129,C:\Program Files\Mozilla Firefox\firefox.exe,"""C:\Program Files\Mozilla Firefox\firefox.exe"" -arg6 /c ""do_something""",C:\Users\IIS_APPPOOL\DefaultAppPool\AppData\Local\Temp\15c8c9c6.tmp,b1c4a6e03e4141782a687fb72cbbbbb3aed8995d4f8f4da3636f3155e8597b2c,File created.,Privilege Escalation,Exploitation for Privilege Escalation,T1068,
462,2025-07-30 00:40:30,WIN-HOST-003,5145,Microsoft-Windows-Security-Auditing,Information,IIS_APPPOOL\DefaultAppPool,205.5.121.226,C:\Windows\System32\svchost.exe,"""C:\Windows\System32\svchost.exe"" -arg3 /c ""do_something""",C:\Users\IIS_APPPOOL\DefaultAppPool\AppData\Local\Temp\4deec430.tmp,6254e20bd26f9eba1a0cf0652560f77e680ab77f42dafa70f0bf9a5529ef4717,A network share object was checked to see whether client can be granted desired access.,Persistence,Service Registry Permissions Weakness,T1547.001,
463,2025-07-01 16:43:18,WIN-HOST-040,4627,Microsoft-Windows-Security-Auditing,Information,IIS_APPPOOL\DefaultAppPool,89.69.1.134,C:\Program Files\7-Zip\7z.exe,"""C:\Program Files\7-Zip\7z.exe"" -arg2 /c ""do_something""",C:\Users\IIS_APPPOOL\DefaultAppPool\AppData\Local\Temp\efe43ced.tmp,75c43bcc974cf4c777592684b250ae5a52071c904931968bd93897c9b60291e9,Group membership information.,Privilege Escalation,Exploitation for Privilege Escalation,T1068,
464,2025-08-19 12:39:29,WIN-HOST-067,3001,Microsoft-Windows-InternetExplorer,Information,krbtgt,149.160.243.86,C:\Windows\System32\taskhostw.exe,"""C:\Windows\System32\taskhostw.exe"" -arg5 /c ""do_something""",C:\Users\krbtgt\AppData\Local\Temp\9ac9ffd3.tmp,5f7e7d98e9d8a84adfffb51653aa2bd7ca5ee7655d1825251e4e035c1c00e7d1,User clicked on compromised web resource.,Initial Access,Drive-by Compromise,T1189,Possible drive-by compromise.
465,2025-06-27 23:42:47,WIN-HOST-048,1,Microsoft-Windows-Sysmon,Information,bob,27.172.189.13,C:\Program Files\7-Zip\7z.exe,"""C:\Program Files\7-Zip\7z.exe"" -arg3 /c ""do_something""",C:\Users\bob\AppData\Local\Temp\f48e93c8.tmp,4235d95834a5eeb8f3fbe5d0d0d6c3e0031a6d202f89d53911c03d718a0f6b51,Process Create.,Initial Access,Exploit Public-Facing Application,T1190,
466,2025-07-17 16:00:47,WIN-HOST-042,1,Microsoft-Windows-Eventlog,Warning,svc_updater,166.198.129.176,C:\Program Files\7-Zip\7z.exe,"""C:\Program Files\7-Zip\7z.exe"" -arg2 /c ""do_something""",C:\Users\svc_updater\AppData\Local\Temp\86c8622b.tmp,0750e852febbac86ff42ec79a3cca9ea2aca3b119753f4393f4f54e666ae9ab4,Scheduled task created or executed.,Persistence,Scheduled Task/Job,T1053,Persistence via scheduled task.
467,2025-08-25 12:45:46,WIN-HOST-008,11,Microsoft-Windows-Sysmon,Error,krbtgt,169.24.131.252,C:\Windows\System32\taskhostw.exe,"""C:\Windows\System32\taskhostw.exe"" -arg2 /c ""do_something""",C:\Users\krbtgt\AppData\Local\Temp\cbb769a2.tmp,0479b66759feab2f16aad02bedbefb8af0cd4cb4b76d61ef7629e1366ed33357,File encryption/ransomware activity observed (file renames & extensions).,Impact,Ransomware,T1486,Mass file modifications and suspicious file extensions.
468,2025-07-16 05:30:47,WIN-HOST-064,7,Microsoft-Windows-Security-Auditing,Information,svc_updater,232.43.91.54,C:\Windows\System32\rundll32.exe,"""C:\Program Files\7-Zip\7z.exe"" -arg4 /c ""do_something""",C:\Users\svc_updater\AppData\Local\Temp\425109b0.tmp,95b47a2ded2773f27f6e2d0f5af7e867830ef367f85591aaed151a8989ee6dc3,Attempt to read LSASS memory process or dump credentials detected.,Credential Access,Credential Dumping,T1003,Possible Mimikatz-like activity: access to lsass.exe memory.
469,2025-07-23 06:09:48,WIN-HOST-074,4624,Microsoft-Windows-Security-Auditing,Information,svc_backup,200.239.3.119,C:\Program Files\OpenSSH\ssh.exe,"""C:\Program Files\OpenSSH\ssh.exe"" -arg6 /c ""do_something""",C:\Users\svc_backup\AppData\Local\Temp\bcde9b11.tmp,ff856ad421f9ca259c1696170bfff7ab6fd4da96e37a0e42f769d6938fa51a99,An account was successfully logged on.,Credential Access,Input Capture: Keylogging,T1056.001,
470,2025-07-30 14:34:40,WIN-HOST-039,5156,Microsoft-Windows-Security-Auditing,Information,Guest,46.94.235.106,C:\Program Files\Git\bin\bash.exe,"C:\Program Files\Git\bin\bash.exe -ExecutionPolicy Bypass -NoProfile -WindowStyle Hidden -Command ""Invoke-Expression ...""",C:\Users\Guest\AppData\Local\Temp\8fcaca82.tmp,4c7f853ebd6fc47630b53f9fc1e83801fa5f78ec3562f0479af312a1921d6493,Command executed via scripting engine.,Execution,Command and Scripting Interpreter,T1059,Suspicious scripting activity; check base64 or obfuscation.
471,2025-07-07 22:14:27,WIN-HOST-034,4688,Microsoft-Windows-Security-Auditing,Information,bob,230.75.155.55,C:\Windows\System32\WindowsPowerShell\v1.0\powershell.exe,"""C:\Windows\System32\WindowsPowerShell\v1.0\powershell.exe"" -arg1 /c ""do_something""",C:\Users\bob\AppData\Local\Temp\e203aa88.tmp,fd25876afecda1396248a887117cae35c1c7bd768cc2567bfa8bc6480cfed032,Mass deletion of files detected.,Impact,Data Destruction,T1485,Data destruction activity suspected.
472,2025-08-14 08:50:12,WIN-HOST-029,7045,Service Control Manager,Information,svc_updater,84.209.51.42,C:\Windows\System32\taskhostw.exe,"""C:\Windows\System32\taskhostw.exe"" -arg5 /c ""do_something""",C:\Users\svc_updater\AppData\Local\Temp\df0b92d7.tmp,a72fdeca391593aacffcee962e928b7b186833b7d8e47250862e35860986dcf8,A service was installed in the system.,Privilege Escalation,Exploitation for Privilege Escalation,T1068,
473,2025-08-03 20:03:59,WIN-HOST-016,1102,Microsoft-Windows-Eventlog,Warning,alice,18.59.49.207,C:\Windows\System32\svchost.exe,"""C:\Windows\System32\svchost.exe"" -arg2 /c ""do_something""",C:\Users\alice\AppData\Local\Temp\3c4bbe46.tmp,52ca2501fe7ab7334c1fe46e8dd8b81111089b123610bda874dba4e31657a108,The audit log was cleared.,Privilege Escalation,Valid Accounts,T1078,
474,2025-09-06 05:30:57,WIN-HOST-049,4663,Microsoft-Windows-Security-Auditing,Information,bob,105.193.101.174,C:\Program Files\7-Zip\7z.exe,"""C:\Program Files\7-Zip\7z.exe"" -arg2 /c ""do_something""",C:\Users\bob\AppData\Local\Temp\098c6a31.tmp,64666f2187f4b7d25193bb42c6845ec1aed0b65998576300f1cf0aee9b545c45,An attempt was made to access an object.,Discovery,File and Directory Discovery,T1083,
475,2025-08-29 09:58:56,WIN-HOST-044,4688,Microsoft-Windows-Security-Auditing,Information,svc_sql,36.170.86.133,C:\Windows\System32\mpssvc.dll,"""C:\Windows\System32\mpssvc.dll"" -arg6 /c ""do_something""",C:\Users\svc_sql\AppData\Local\Temp\a1aca5fc.tmp,31f039fcf6314e0c938b9a152cc5292dc5e9c6ed0077614becb48978eda8b96f,A new process has been created.,Discovery,File and Directory Discovery,T1083,
476,2025-07-04 05:38:33,WIN-HOST-011,4688,Microsoft-Windows-Security-Auditing,Information,alice,45.68.90.248,C:\Program Files\OpenSSH\ssh.exe,"""C:\Program Files\OpenSSH\ssh.exe"" -arg1 /c ""do_something""",C:\Users\alice\AppData\Local\Temp\3f9d78b1.tmp,21c48fef38915c661dd25f559a9560add07f41ceb89d0c9eb20bc4c93d2a35a8,Mass deletion of files detected.,Impact,Data Destruction,T1485,Data destruction activity suspected.
477,2025-08-04 23:20:48,WIN-HOST-036,4624,Microsoft-Windows-Security-Auditing,Information,svc_backup,40.143.52.53,C:\Windows\System32\WindowsPowerShell\v1.0\powershell.exe,"""C:\Windows\System32\WindowsPowerShell\v1.0\powershell.exe"" -arg1 /c ""do_something""",C:\Users\svc_backup\AppData\Local\Temp\bd99960a.tmp,207d3a067101285322c578dc8f616d7e81213c8a982848b282e79c85dd354b69,An account was successfully logged on.,Defense Evasion,Masquerading,T1036,
478,2025-07-20 04:51:56,WIN-HOST-056,4688,Microsoft-Windows-Security-Auditing,Information,IIS_APPPOOL\DefaultAppPool,103.68.203.158,C:\Windows\System32\taskhostw.exe,"""C:\Windows\System32\taskhostw.exe"" -arg4 /c ""do_something""",C:\Users\IIS_APPPOOL\DefaultAppPool\AppData\Local\Temp\70112281.tmp,9b4f13ed3290e0516d8bb4615121005bbd2a2908a59fa4ef16d7c591fc25a9b5,A new process has been created.,Persistence,Boot or Logon Autostart Execution,T1547,
479,2025-09-17 09:49:38,WIN-HOST-005,5145,Microsoft-Windows-Security-Auditing,Information,bob,187.12.121.25,C:\Program Files\Mozilla Firefox\firefox.exe,"""C:\Program Files\Mozilla Firefox\firefox.exe"" -arg1 /c ""do_something""",C:\Users\bob\AppData\Local\Temp\8b3d1b6c.tmp,e80cb88d40552ceb47ad4058cce91bac5cc5e22f317025a778ffac8c9503d8b5,A network share object was checked to see whether client can be granted desired access.,Persistence,Boot or Logon Autostart Execution,T1547,
480,2025-08-17 13:53:46,WIN-HOST-068,8,Microsoft-Windows-Sysmon,Information,svc_backup,173.63.93.212,C:\Windows\System32\svchost.exe,"""C:\Windows\System32\svchost.exe"" -arg6 /c ""do_something""",C:\Users\svc_backup\AppData\Local\Temp\fdea359c.tmp,9948cefbe5f16bc204574d62e395a9e6c12dfb3b17fa9e56b7206d0e246a05c6,Mass deletion of files detected.,Impact,Data Destruction,T1485,Data destruction activity suspected.
481,2025-08-26 21:28:11,WIN-HOST-045,5145,Service Control Manager,Information,svc_updater,26.75.22.6,C:\Windows\System32\WindowsPowerShell\v1.0\powershell.exe,"""C:\Windows\System32\WindowsPowerShell\v1.0\powershell.exe"" -arg5 /c ""do_something""",C:\Users\svc_updater\AppData\Local\Temp\05326386.tmp,900646249574c7c25311cd79112cfcc0d1a08ae4f80432bcdcc4b62dfa161276,Access to ADMIN$ share or C$ share.,Lateral Movement,Windows Admin Shares,T1021.002,Possible lateral movement using admin shares.
482,2025-09-01 15:31:19,WIN-HOST-009,1102,Microsoft-Windows-Eventlog,Warning,SYSTEM,242.206.126.235,C:\Program Files\7-Zip\7z.exe,"""C:\Program Files\7-Zip\7z.exe"" -arg6 /c ""do_something""",C:\Users\SYSTEM\AppData\Local\Temp\efd06476.tmp,b8fad677393a86165adf1978a3bacf8f2256bf4158315e217e7dde962cf0c4be,The audit log was cleared.,Discovery,System Network Connections Discovery,T1049,
483,2025-07-21 23:03:52,WIN-HOST-068,4663,Microsoft-Windows-Security-Auditing,Information,john.doe,254.215.71.190,C:\Windows\System32\taskhostw.exe,"""C:\Windows\System32\taskhostw.exe"" -arg4 /c ""do_something""",C:\Users\john.doe\AppData\Local\Temp\553d9079.tmp,7a833d4c48854c403c5865674723fa4fa790aba1745e87bd2eeca0d4b0152ea6,An attempt was made to access an object.,Defense Evasion,Timestomping,T1099,
484,2025-07-07 00:48:40,WIN-HOST-025,5156,Microsoft-Windows-Security-Auditing,Information,Guest,4.229.91.213,C:\Windows\System32\taskhostw.exe,"""C:\Windows\System32\taskhostw.exe"" -arg6 /c ""do_something""",C:\Users\Guest\AppData\Local\Temp\a46496e4.tmp,d061f1426ea7289f7cd7be931c21666fd2397628db3780af619d44aa45a7cf3a,Windows Filtering Platform has permitted a connection.,Persistence,Service Registry Permissions Weakness,T1547.001,
485,2025-08-28 08:35:53,WIN-HOST-003,4625,Microsoft-Windows-Security-Auditing,Information,krbtgt,43.66.149.150,C:\Program Files\Git\bin\bash.exe,"""C:\Program Files\Git\bin\bash.exe"" -arg6 /c ""do_something""",C:\Users\krbtgt\AppData\Local\Temp\1b2cfe79.tmp,b63f3ce19cec5b263cc36a4e0067429da1a9ca396145384d11c32ebf685ee166,Multiple failed logon attempts detected.,Credential Access,Brute Force,T1110,Failed logon count: 4
486,2025-06-24 18:12:40,WIN-HOST-033,5145,Microsoft-Windows-Security-Auditing,Information,bob,214.11.246.3,C:\Windows\System32\svchost.exe,"""C:\Windows\System32\svchost.exe"" -arg6 /c ""do_something""",C:\Users\bob\AppData\Local\Temp\c3ec0c40.tmp,4617088454d2bee310d15105756c73df866706aaeb9cf83483b063312ef48d8e,A network share object was checked to see whether client can be granted desired access.,Initial Access,Phishing: Spearphishing Attachment,T1566.001,
487,2025-08-08 09:32:59,WIN-HOST-057,4625,Microsoft-Windows-Security-Auditing,Warning,svc_sql,140.26.178.199,C:\Windows\System32\cmd.exe,"""C:\Windows\System32\cmd.exe"" -arg6 /c ""do_something""",C:\Users\svc_sql\AppData\Local\Temp\4beed526.tmp,721414307566bfa3dcbf3ca58db379494463cba8d087995c316a2a13a4ca9e42,An account failed to log on.,Lateral Movement,Remote Services,T1021,
488,2025-08-28 21:52:09,WIN-HOST-002,4663,Microsoft-Windows-Security-Auditing,Information,svc_updater,169.98.217.150,C:\Windows\System32\taskhostw.exe,"""C:\Windows\System32\taskhostw.exe"" -arg5 /c ""do_something""",C:\Users\svc_updater\AppData\Local\Temp\8ef1c614.tmp,7f319b7ae445b6afa87a97a3ffa40cdca9170d43c2192dfaf6eeeeba62279160,File encryption/ransomware activity observed (file renames & extensions).,Impact,Ransomware,T1486,Mass file modifications and suspicious file extensions.
489,2025-07-21 01:28:36,WIN-HOST-018,4627,Microsoft-Windows-Security-Auditing,Information,svc_sql,158.33.116.31,C:\Windows\System32\cmd.exe,"""C:\Windows\System32\cmd.exe"" -arg1 /c ""do_something""",C:\Users\svc_sql\AppData\Local\Temp\14e59338.tmp,1d4a5b01df0f577cccd6414b96de92d694a06c715f67d36ee67e5b5403ec42cc,Obfuscated script or binary detected.,Defense Evasion,Obfuscated Files or Information,T1027,Base64-heavy command line or packed binary.
490,2025-09-07 13:05:41,WIN-HOST-064,4657,Microsoft-Windows-Sysmon,Error,svc_backup,199.40.80.193,C:\Program Files\Mozilla Firefox\firefox.exe,"""C:\Program Files\Mozilla Firefox\firefox.exe"" -arg5 /c ""do_something""",C:\Users\svc_backup\AppData\Local\Temp\f3203921.tmp,0ce197b5aca5873330ad3dca68a047422b06e1ccc5b2a7ef926f7c179a3a36e9,Registry query or modification.,Discovery,Query Registry,T1012,Possible discovery of startup keys or persistence mechanisms.
491,2025-07-11 13:34:50,WIN-HOST-053,5156,Microsoft-Windows-Security-Auditing,Information,svc_updater,238.225.60.174,C:\Windows\System32\WindowsPowerShell\v1.0\powershell.exe,"""C:\Windows\System32\WindowsPowerShell\v1.0\powershell.exe"" -arg2 /c ""do_something""",C:\Users\svc_updater\AppData\Local\Temp\3f1440e5.tmp,3f80289552de1a65e20327a27b0c5a6dec051ad2be76f03e42cd4ed856c28c73,Windows Filtering Platform has permitted a connection.,Defense Evasion,Timestomping,T1099,
492,2025-09-16 14:59:56,WIN-HOST-012,4624,Microsoft-Windows-Security-Auditing,Information,Administrator,130.255.31.46,C:\Windows\System32\mpssvc.dll,"""C:\Windows\System32\mpssvc.dll"" -arg6 /c ""do_something""",C:\Users\Administrator\AppData\Local\Temp\1a326e86.tmp,81dedad1f6ce8986d7ccdc3478a07aa249172774cbfa21b36bed86ef868cfe6f,An account was successfully logged on.,Impact,System Shutdown/Reboot,T1529,
493,2025-06-22 00:25:06,WIN-HOST-033,4625,Microsoft-Windows-Security-Auditing,Warning,IIS_APPPOOL\DefaultAppPool,250.47.189.116,C:\Program Files\Mozilla Firefox\firefox.exe,"""C:\Program Files\Mozilla Firefox\firefox.exe"" -arg4 /c ""do_something""",C:\Users\IIS_APPPOOL\DefaultAppPool\AppData\Local\Temp\ddc78a44.tmp,f484d35b56284b8ffafd89a210472bfe0db483c03bd7794d42b8e00203f52a77,An account failed to log on.,Privilege Escalation,Exploitation for Privilege Escalation,T1068,
494,2025-09-08 04:08:08,WIN-HOST-023,3,Microsoft-Windows-Security-Auditing,Information,SYSTEM,173.64.146.68,C:\Program Files\7-Zip\7z.exe,"""C:\Program Files\7-Zip\7z.exe"" -arg6 /c ""do_something""",C:\Users\SYSTEM\AppData\Local\Temp\2c45de70.tmp,84a3f7d4b2c84c5d259ff6ee3c43525dad8f79fc28f9e7bf03f511a2ebe58f46,Network scanning activity detected.,Discovery,Network Service Scanning,T1046,Port/protocol scanning pattern observed.
495,2025-06-27 05:09:37,WIN-HOST-006,4625,Microsoft-Windows-Security-Auditing,Warning,SYSTEM,43.166.177.88,C:\Windows\System32\WindowsPowerShell\v1.0\powershell.exe,"""C:\Windows\System32\WindowsPowerShell\v1.0\powershell.exe"" -arg4 /c ""do_something""",C:\Users\SYSTEM\AppData\Local\Temp\5b966fcd.tmp,ea20556a135378cb5565c2a0c74033af32a5f81b321c6f56172e2c7982e0fdd9,Multiple failed logon attempts detected.,Credential Access,Brute Force,T1110,Failed logon count: 11
496,2025-07-08 16:32:06,WIN-HOST-012,1,Microsoft-Windows-Sysmon,Information,john.doe,46.208.135.212,C:\Windows\System32\rundll32.exe,"""C:\Program Files\OpenSSH\ssh.exe"" -arg4 /c ""do_something""",C:\Users\john.doe\AppData\Local\Temp\8c573399.tmp,bcf50df74a2a0f5bb1be1dc38386c3c184a4395e89d2b8d3a161e8545a59ff58,Attempt to read LSASS memory process or dump credentials detected.,Credential Access,Credential Dumping,T1003,Possible Mimikatz-like activity: access to lsass.exe memory.
497,2025-06-28 17:21:56,WIN-HOST-050,1102,Microsoft-Windows-Eventlog,Warning,alice,204.2.67.198,C:\Windows\System32\taskhostw.exe,"C:\Windows\System32\taskhostw.exe -ExecutionPolicy Bypass -NoProfile -WindowStyle Hidden -Command ""Invoke-Expression ...""",C:\Users\alice\AppData\Local\Temp\845b1d13.tmp,fb1ab2c5b7ea25c56114eb71a59ba1849bea12e019638254854aa99a5539a5a7,Command executed via scripting engine.,Execution,Command and Scripting Interpreter,T1059,Suspicious scripting activity; check base64 or obfuscation.
498,2025-07-09 08:02:47,WIN-HOST-008,3,Microsoft-Windows-Sysmon,Information,Guest,151.59.105.119,C:\Windows\System32\cmd.exe,"""C:\Windows\System32\cmd.exe"" -arg5 /c ""do_something""",C:\Users\Guest\AppData\Local\Temp\25db7d41.tmp,239ddf4159d339e375b6e11cfd350983f07f188b4530c73a1390d16ec210d681,Network Connection detected.,Defense Evasion,Masquerading,T1036,
499,2025-08-06 07:42:49,WIN-HOST-024,1,Microsoft-Windows-Sysmon,Information,krbtgt,199.119.79.174,C:\Windows\System32\taskhostw.exe,"""C:\Windows\System32\taskhostw.exe"" -arg1 /c ""do_something""",C:\Users\krbtgt\AppData\Local\Temp\229ced85.tmp,dc4f3473e724d76df490369ddc48a47198d0076c17dbe46c39a57c2290797532,Process Create.,Exfiltration,Exfiltration Over C2 Channel,T1041,
500,2025-07-13 09:47:24,WIN-HOST-017,7,Microsoft-Windows-Sysmon,Warning,alice,105.73.236.229,C:\Windows\System32\mpssvc.dll,"""C:\Windows\System32\mpssvc.dll"" -arg1 /c ""do_something""",C:\Users\alice\AppData\Local\Temp\1be7a212.tmp,fd1d0ea03cf055b7aa90d5ee10eb3edfa066cba3ebfcab809c8c08e0e14f623b,Image loaded (DLL).,Initial Access,Phishing: Spearphishing Attachment,T1566.001,
501,2025-07-16 06:30:29,WIN-HOST-041,1102,Microsoft-Windows-Eventlog,Warning,SYSTEM,144.164.164.33,C:\Program Files\Git\bin\bash.exe,"""C:\Program Files\Git\bin\bash.exe"" -arg6 /c ""do_something""",C:\Users\SYSTEM\AppData\Local\Temp\96cfd998.tmp,1f908022287034eadf8342529b40c04c474b2d4c78402d21a83be5b2d9ff7997,The audit log was cleared.,Persistence,Boot or Logon Autostart Execution,T1547,
502,2025-08-16 00:24:34,WIN-HOST-067,7,Microsoft-Windows-Sysmon,Warning,bob,186.5.221.15,C:\Windows\System32\cmd.exe,"""C:\Windows\System32\cmd.exe"" -arg3 /c ""do_something""",C:\Users\bob\AppData\Local\Temp\6e6a49f0.tmp,a5a71c6515e3c934a34c6c2ff084053899009ebbd4aa4b0f5320e57b3c174004,Image loaded (DLL).,Lateral Movement,Remote Services,T1021,
503,2025-07-14 04:49:27,WIN-HOST-050,3001,Microsoft-Windows-InternetExplorer,Information,Guest,156.231.238.209,C:\Program Files\Git\bin\bash.exe,"""C:\Program Files\Git\bin\bash.exe"" -arg6 /c ""do_something""",C:\Users\Guest\AppData\Local\Temp\167f64a8.tmp,8780a0bd425b5e543eefc0d7f6111647ddd44f9072ba9d4bd86cfa8e2c1f2c73,User clicked on compromised web resource.,Initial Access,Drive-by Compromise,T1189,Possible drive-by compromise.
504,2025-09-02 15:02:23,WIN-HOST-065,8,Microsoft-Windows-Sysmon,Information,alice,222.146.5.234,C:\Windows\System32\mpssvc.dll,"""C:\Windows\System32\mpssvc.dll"" -arg4 /c ""do_something""",C:\Users\alice\AppData\Local\Temp\cfe44ff6.tmp,9f80be1083911f1bddeb921b889945e22bfb1a2473edfd705ace99a0b361bca1,CreateRemoteThread detected.,Initial Access,Exploit Public-Facing Application,T1190,
505,2025-08-25 11:23:18,WIN-HOST-043,5156,Microsoft-Windows-Security-Auditing,Information,svc_updater,129.198.30.235,C:\Windows\System32\svchost.exe,"""C:\Windows\System32\svchost.exe"" -arg6 /c ""do_something""",C:\Users\svc_updater\AppData\Local\Temp\1e09c49c.tmp,cb862cac8b6a7d0c4f28eab402e9db652bfa78de5e2b02c29b4fbd33d9c41f00,Windows Filtering Platform has permitted a connection.,Collection,Input Capture,T1056,
506,2025-08-09 17:00:13,WIN-HOST-031,5145,Microsoft-Windows-Security-Auditing,Information,Administrator,146.178.106.205,C:\Windows\System32\mpssvc.dll,"""C:\Windows\System32\mpssvc.dll"" -arg4 /c ""do_something""",C:\Users\Administrator\AppData\Local\Temp\a220211a.tmp,4f7b1130fcfbca038a66ff7179340b7cd9a3e8bcf2dbb30f88f5a1181c139b59,A network share object was checked to see whether client can be granted desired access.,Initial Access,Exploit Public-Facing Application,T1190,
507,2025-08-18 04:13:49,WIN-HOST-016,3,Microsoft-Windows-Security-Auditing,Information,alice,26.70.213.54,C:\Windows\System32\svchost.exe,"""C:\Windows\System32\svchost.exe"" -arg1 /c ""do_something""",C:\Users\alice\AppData\Local\Temp\a1c8a272.tmp,f4e334aa09a80e15c3e25eaaa02b6ba1355c6465063a91934837d6fb0a72b9f3,Network scanning activity detected.,Discovery,Network Service Scanning,T1046,Port/protocol scanning pattern observed.
508,2025-09-09 00:54:18,WIN-HOST-078,7,Microsoft-Windows-Sysmon,Warning,krbtgt,143.245.7.1,C:\Program Files\7-Zip\7z.exe,"""C:\Program Files\7-Zip\7z.exe"" -arg6 /c ""do_something""",C:\Users\krbtgt\AppData\Local\Temp\c872d254.tmp,3a12ac704e5bb8fe815ee4a22807370e944b78a41c6e82aab7963eb987a07b77,Mass deletion of files detected.,Impact,Data Destruction,T1485,Data destruction activity suspected.
509,2025-08-15 18:27:33,WIN-HOST-047,4672,Microsoft-Windows-Security-Auditing,Information,SYSTEM,216.37.48.16,C:\Program Files\Mozilla Firefox\firefox.exe,"""C:\Program Files\Mozilla Firefox\firefox.exe"" -arg5 /c ""do_something""",C:\Users\SYSTEM\AppData\Local\Temp\3a717f99.tmp,3a8b8da4f7b67aa114281aa06cc5615ce8a80b3bf7eba05fbcc38ddc161c8f70,Special privileges assigned to new logon.,Defense Evasion,Timestomping,T1099,
510,2025-07-19 16:33:59,WIN-HOST-077,11,Microsoft-Windows-Sysmon,Error,alice,183.70.27.114,C:\Program Files\OpenSSH\ssh.exe,"C:\Program Files\OpenSSH\ssh.exe -ExecutionPolicy Bypass -NoProfile -WindowStyle Hidden -Command ""Invoke-Expression ...""",C:\Users\alice\AppData\Local\Temp\bc92315b.tmp,412a65587646a6b95995a44c88fc3ca961f9a244bd1cd72c244e7036b36b0c05,Command executed via scripting engine.,Execution,Command and Scripting Interpreter,T1059,Suspicious scripting activity; check base64 or obfuscation.
511,2025-07-15 21:20:06,WIN-HOST-029,11,Microsoft-Windows-Sysmon,Error,SYSTEM,204.199.20.127,C:\Program Files\OpenSSH\ssh.exe,"""C:\Program Files\OpenSSH\ssh.exe"" -arg5 /c ""do_something""",C:\Users\SYSTEM\AppData\Local\Temp\fd0034a7.tmp,4733f1734eba3ede52e1a80b33d09ee0f801602c648b7145d91e826633d41d5f,File created.,Collection,Input Capture,T1056,
512,2025-07-11 16:42:17,WIN-HOST-014,4688,Microsoft-Windows-Security-Auditing,Information,SYSTEM,126.15.96.178,C:\Windows\System32\WindowsPowerShell\v1.0\powershell.exe,"""C:\Windows\System32\WindowsPowerShell\v1.0\powershell.exe"" -arg6 /c ""do_something""",C:\Users\SYSTEM\AppData\Local\Temp\96c79558.tmp,0809bdea4251803ab0548a36082ea5455c4c0ab884d2765eaa6862bbc64d9105,Registry query or modification.,Discovery,Query Registry,T1012,Possible discovery of startup keys or persistence mechanisms.
513,2025-08-09 03:10:37,WIN-HOST-014,3,Microsoft-Windows-Sysmon,Information,svc_updater,48.2.216.49,C:\Program Files\Mozilla Firefox\firefox.exe,"""C:\Program Files\Mozilla Firefox\firefox.exe"" -arg4 /c ""do_something""",C:\Users\svc_updater\AppData\Local\Temp\b1455075.tmp,85d7e5a4eded717b9b98f90bb2aed1219a1c6076150c02e644857f5ec3d72cc0,Network Connection detected.,Credential Access,Input Capture: Keylogging,T1056.001,
514,2025-08-04 11:42:46,WIN-HOST-025,7045,Service Control Manager,Information,john.doe,193.212.138.16,C:\Windows\System32\cmd.exe,"""C:\Windows\System32\cmd.exe"" -arg6 /c ""do_something""",C:\Users\john.doe\AppData\Local\Temp\9cf1528f.tmp,5d8bf42950c0c8f61d54ba109babf0030c2f279a08408b3abe33ca5b6e7e52bf,A service was installed in the system.,Initial Access,Phishing: Spearphishing Attachment,T1566.001,
515,2025-07-14 14:30:12,WIN-HOST-076,7,Microsoft-Windows-Sysmon,Warning,Administrator,129.19.23.168,C:\Windows\System32\mpssvc.dll,"""C:\Windows\System32\mpssvc.dll"" -arg4 /c ""do_something""",C:\Users\Administrator\AppData\Local\Temp\a7bf68f0.tmp,9f010d28dbb5ace50218ae278e0e5b8840fd4ed224bfec556b760a7fbfdfeb18,Image loaded (DLL).,Persistence,Boot or Logon Autostart Execution,T1547,
516,2025-07-28 08:52:07,WIN-HOST-007,4624,Microsoft-Windows-Security-Auditing,Information,bob,148.28.35.250,C:\Windows\System32\taskhostw.exe,"""C:\Windows\System32\taskhostw.exe"" -arg2 /c ""do_something""",C:\Users\bob\AppData\Local\Temp\fa6d1c57.tmp,2951bb64fc04d44e53a4c5e1c4fcd77d7324ad15bf0104f5c61d3fb6383f8cdd,An account was successfully logged on.,Impact,System Shutdown/Reboot,T1529,
517,2025-08-11 05:59:12,WIN-HOST-077,4625,Microsoft-Windows-Security-Auditing,Warning,krbtgt,98.121.64.60,C:\Program Files\OpenSSH\ssh.exe,"""C:\Program Files\OpenSSH\ssh.exe"" -arg6 /c ""do_something""",C:\Users\krbtgt\AppData\Local\Temp\25726297.tmp,3b5304c8751e104fe6c091e8544fd6ee041b4df76cbedfabe7232bb9e2c27a64,An account failed to log on.,Exfiltration,Exfiltration Over C2 Channel,T1041,
518,2025-08-24 18:16:08,WIN-HOST-036,11,Microsoft-Windows-Sysmon,Error,svc_sql,248.114.36.19,C:\Program Files\OpenSSH\ssh.exe,"""C:\Program Files\OpenSSH\ssh.exe"" -arg2 /c ""do_something""",C:\Users\svc_sql\AppData\Local\Temp\62273345.tmp,b83cf82f752714b41c0700a750564c16debdbedeb2b6d39b9e11e9addb91dcba,File created.,Discovery,System Network Connections Discovery,T1049,
519,2025-08-08 18:56:26,WIN-HOST-078,1,Microsoft-Windows-Security-Auditing,Information,bob,55.163.195.10,C:\Program Files\7-Zip\7z.exe,"""C:\Program Files\7-Zip\7z.exe"" -arg5 /c ""do_something""",C:\Users\bob\AppData\Local\Temp\ded1da6d.tmp,62477aba90617355e566c0ac4a88d264d9d1710ed005c5a5707867038d7e03ea,Scheduled task created or executed.,Persistence,Scheduled Task/Job,T1053,Persistence via scheduled task.
520,2025-07-13 04:47:12,WIN-HOST-045,5145,Microsoft-Windows-Eventlog,Warning,IIS_APPPOOL\DefaultAppPool,245.84.225.248,C:\Windows\System32\WindowsPowerShell\v1.0\powershell.exe,"""C:\Windows\System32\WindowsPowerShell\v1.0\powershell.exe"" -arg5 /c ""do_something""",C:\Users\IIS_APPPOOL\DefaultAppPool\AppData\Local\Temp\17dc74e8.tmp,be4e2037f07ae67cb8682e212e284dd3da06598b2bf78ae8ca2152f12588a936,Access to ADMIN$ share or C$ share.,Lateral Movement,Windows Admin Shares,T1021.002,Possible lateral movement using admin shares.
521,2025-07-18 00:40:30,WIN-HOST-042,3,Microsoft-Windows-Sysmon,Information,Administrator,143.241.152.134,C:\Program Files\OpenSSH\ssh.exe,"""C:\Program Files\OpenSSH\ssh.exe"" -arg5 /c ""do_something""",C:\Users\Administrator\AppData\Local\Temp\70e0c72f.tmp,eefdea5cce4106eba3f1f83ab91542673568bbc834adbb9be0c4101e854c756b,Encrypted outbound connection established.,Command and Control,Encrypted Channel,T1573,Potential C2 channel over TLS.
522,2025-07-07 06:02:48,WIN-HOST-069,5145,Microsoft-Windows-Sysmon,Information,svc_updater,206.237.15.252,C:\Windows\System32\taskhostw.exe,"""C:\Windows\System32\taskhostw.exe"" -arg1 /c ""do_something""",C:\Users\svc_updater\AppData\Local\Temp\85ee0a68.tmp,87969113f1858686394c6f246489fbca2c735b491bd3de0810f481fe87ef9232,Access to ADMIN$ share or C$ share.,Lateral Movement,Windows Admin Shares,T1021.002,Possible lateral movement using admin shares.
523,2025-08-11 21:12:54,WIN-HOST-019,4702,Microsoft-Windows-Security-Auditing,Information,SYSTEM,51.44.206.10,C:\Windows\System32\svchost.exe,"""C:\Windows\System32\svchost.exe"" -arg2 /c ""do_something""",C:\Users\SYSTEM\AppData\Local\Temp\f7e8bd49.tmp,3e1578d83c67bca591bcf773b96261f4fab91c78d5e9cff6ba76749fc626e4a9,Scheduled task created or executed.,Execution,Scheduled Task/Job,T1053.005,Persistence via scheduled task.
524,2025-08-24 12:51:27,WIN-HOST-019,4625,Microsoft-Windows-Sysmon,Information,SYSTEM,138.138.65.5,C:\Program Files\7-Zip\7z.exe,"""C:\Program Files\7-Zip\7z.exe"" -arg4 /c ""do_something""",C:\Users\SYSTEM\AppData\Local\Temp\d55d4233.tmp,632c2087212e7039535d2facbac1aab7e20ba55817de63a285a85bed13df2a0f,Multiple failed logon attempts detected.,Credential Access,Brute Force,T1110,Failed logon count: 6
525,2025-06-25 14:02:17,WIN-HOST-072,5145,Microsoft-Windows-Security-Auditing,Information,svc_backup,99.142.19.136,C:\Program Files\Git\bin\bash.exe,"""C:\Program Files\Git\bin\bash.exe"" -arg6 /c ""do_something""",C:\Users\svc_backup\AppData\Local\Temp\90373d07.tmp,8e1d89b1d134d570ea36eaa5d3636f76d554a188c6ae39ee84ca5f9acd229794,Access to ADMIN$ share or C$ share.,Lateral Movement,Windows Admin Shares,T1021.002,Possible lateral movement using admin shares.
526,2025-07-12 14:02:56,WIN-HOST-007,1102,Microsoft-Windows-Eventlog,Warning,svc_sql,175.101.232.204,C:\Windows\System32\taskhostw.exe,"""C:\Windows\System32\taskhostw.exe"" -arg5 /c ""do_something""",C:\Users\svc_sql\AppData\Local\Temp\37c89c32.tmp,da4cab6225b1b569570cdcaef91889b7000e7c45d7724cc5c172f299f9e804ba,The audit log was cleared.,Persistence,Boot or Logon Autostart Execution,T1547,
527,2025-09-16 14:29:45,WIN-HOST-033,4624,Microsoft-Windows-Security-Auditing,Information,svc_backup,212.121.204.54,C:\Windows\System32\mpssvc.dll,"""C:\Windows\System32\mpssvc.dll"" -arg6 /c ""do_something""",C:\Users\svc_backup\AppData\Local\Temp\429db179.tmp,5bb979c52860ad806c3ce0733fc5a92e7139ff0ad5f7b33871319b2c99b77d44,An account was successfully logged on.,Credential Access,Input Capture: Keylogging,T1056.001,
528,2025-07-10 23:20:47,WIN-HOST-048,3,Microsoft-Windows-Sysmon,Information,krbtgt,49.137.16.236,C:\Program Files\Git\bin\bash.exe,"""C:\Program Files\Git\bin\bash.exe"" -arg2 /c ""do_something""",C:\Users\krbtgt\AppData\Local\Temp\44fa8eb1.tmp,8e083f97efd00cbe2bc62afa9a6434962e0e15e5348c846d016a278685a0088d,Network Connection detected.,Discovery,System Network Connections Discovery,T1049,
529,2025-09-10 15:10:54,WIN-HOST-024,1,Microsoft-Windows-Sysmon,Information,Guest,30.141.248.173,C:\Program Files\Git\bin\bash.exe,"""C:\Program Files\Git\bin\bash.exe"" -arg4 /c ""do_something""",C:\Users\Guest\AppData\Local\Temp\74b47e33.tmp,52ac3be4ece95d8ba18cbbf65a6c85f69b3636c309c14942224525bcb23f02dc,Process Create.,Initial Access,Phishing: Spearphishing Attachment,T1566.001,
530,2025-07-25 19:44:18,WIN-HOST-034,1102,Microsoft-Windows-Eventlog,Warning,Guest,65.72.189.17,C:\Windows\System32\WindowsPowerShell\v1.0\powershell.exe,"""C:\Windows\System32\WindowsPowerShell\v1.0\powershell.exe"" -arg4 /c ""do_something""",C:\Users\Guest\AppData\Local\Temp\3b83388d.tmp,f265983fe8062705a313d00f4a9d034108822ae6423e2a0e64432f34445a74ec,The audit log was cleared.,Defense Evasion,Timestomping,T1099,
531,2025-09-02 19:59:01,WIN-HOST-006,1,Microsoft-Windows-Sysmon,Information,Guest,152.205.38.85,C:\Program Files\OpenSSH\ssh.exe,"""C:\Program Files\OpenSSH\ssh.exe"" -arg6 /c ""do_something""",C:\Users\Guest\AppData\Local\Temp\8a215dfe.tmp,3adf765d039326fcc3d07c1ace4032ad66392cc21b09e3ae2d59908f7e6f2e71,Scheduled task created or executed.,Execution,Scheduled Task/Job,T1053.005,Persistence via scheduled task.
532,2025-07-15 14:23:28,WIN-HOST-039,7,Microsoft-Windows-Sysmon,Warning,alice,91.171.127.74,C:\Program Files\Git\bin\bash.exe,"""C:\Program Files\Git\bin\bash.exe"" -arg6 /c ""do_something""",C:\Users\alice\AppData\Local\Temp\1511b62f.tmp,3dd94ce84f28fdefd11c32e1abffe8adbcd4df66594cfb8c54d48d9efc4fc193,Image loaded (DLL).,Defense Evasion,Masquerading,T1036,
533,2025-07-28 20:26:52,WIN-HOST-029,5156,Microsoft-Windows-Security-Auditing,Information,Guest,129.80.224.201,C:\Program Files\Git\bin\bash.exe,"""C:\Program Files\Git\bin\bash.exe"" -arg5 /c ""do_something""",C:\Users\Guest\AppData\Local\Temp\3d924f8d.tmp,11cbf35bf0f962a1d20faf45e3dc0cdcdfd7828eda4131c140f01cf8c83f6a99,Network scanning activity detected.,Discovery,Network Service Scanning,T1046,Port/protocol scanning pattern observed.
534,2025-08-14 22:32:21,WIN-HOST-029,4625,Microsoft-Windows-Security-Auditing,Warning,svc_backup,84.192.198.194,C:\Program Files\OpenSSH\ssh.exe,"""C:\Program Files\OpenSSH\ssh.exe"" -arg2 /c ""do_something""",C:\Users\svc_backup\AppData\Local\Temp\1d728f56.tmp,3d3801cfc9d3920fa3033f29878ed28124f29604bd3edf39e58f2310c8c6775d,Obfuscated script or binary detected.,Defense Evasion,Obfuscated Files or Information,T1027,Base64-heavy command line or packed binary.
535,2025-07-19 20:00:32,WIN-HOST-068,4663,Microsoft-Windows-Sysmon,Error,alice,2.64.245.154,C:\Program Files\Git\bin\bash.exe,"""C:\Program Files\Git\bin\bash.exe"" -arg3 /c ""do_something""",C:\Users\alice\AppData\Local\Temp\c790bbdf.tmp,edd2b0e9fa0279a2814ce9b3652bd88bdbb7986091f5b46a8268d0e820a32db1,File encryption/ransomware activity observed (file renames & extensions).,Impact,Ransomware,T1486,Mass file modifications and suspicious file extensions.
536,2025-06-22 01:04:39,WIN-HOST-079,4663,Service Control Manager,Information,krbtgt,245.122.67.30,C:\Program Files\Mozilla Firefox\firefox.exe,"""C:\Program Files\Mozilla Firefox\firefox.exe"" -arg3 /c ""do_something""",C:\Users\krbtgt\AppData\Local\Temp\de789660.tmp,79d43827ed38963673efb010cdfe3847f6e3b9b2b719a3aa3e06155dae7d1b3b,File encryption/ransomware activity observed (file renames & extensions).,Impact,Ransomware,T1486,Mass file modifications and suspicious file extensions.
537,2025-07-02 13:24:41,WIN-HOST-015,8,Microsoft-Windows-Sysmon,Information,svc_sql,72.103.123.48,C:\Program Files\7-Zip\7z.exe,"""C:\Program Files\7-Zip\7z.exe"" -arg5 /c ""do_something""",C:\Users\svc_sql\AppData\Local\Temp\492b3fca.tmp,15573e967e928fb88fcf33588bb26abdf278b9ce870dc514dd4a50eb766a5ccb,CreateRemoteThread detected.,Credential Access,Input Capture: Keylogging,T1056.001,
538,2025-07-05 01:19:31,WIN-HOST-048,7,Microsoft-Windows-Sysmon,Warning,bob,114.16.4.90,C:\Program Files\Git\bin\bash.exe,"""C:\Program Files\Git\bin\bash.exe"" -arg3 /c ""do_something""",C:\Users\bob\AppData\Local\Temp\697be67f.tmp,e81a68740366bf69dcae1e152eb3d291403e4b9e32c740b16898b64a1322d8d0,Image loaded (DLL).,Initial Access,Phishing: Spearphishing Attachment,T1566.001,
539,2025-07-16 14:32:11,WIN-HOST-025,8,Microsoft-Windows-Sysmon,Information,john.doe,24.144.153.201,C:\Program Files\Git\bin\bash.exe,"""C:\Program Files\Git\bin\bash.exe"" -arg5 /c ""do_something""",C:\Users\john.doe\AppData\Local\Temp\4169bd6d.tmp,f607a1557a3aaee19e89cba9e7ebc6b24aa38d203c33cbf4487cebc55c7d406b,CreateRemoteThread detected.,Persistence,Boot or Logon Autostart Execution,T1547,
540,2025-09-17 03:37:32,WIN-HOST-009,4663,Microsoft-Windows-Security-Auditing,Information,svc_backup,26.154.242.158,C:\Program Files\Mozilla Firefox\firefox.exe,"""C:\Program Files\Mozilla Firefox\firefox.exe"" -arg6 /c ""do_something""",C:\Users\svc_backup\AppData\Local\Temp\3921db44.tmp,e460c268d5778571f95312da93ec3cbff6978f4b05830cf72883bb87d3b28a29,An attempt was made to access an object.,Collection,Input Capture,T1056,
541,2025-07-07 21:10:41,WIN-HOST-056,8,Microsoft-Windows-Sysmon,Information,IIS_APPPOOL\DefaultAppPool,39.92.117.220,C:\Windows\System32\cmd.exe,"""C:\Windows\System32\cmd.exe"" -arg6 /c ""do_something""",C:\Users\IIS_APPPOOL\DefaultAppPool\AppData\Local\Temp\60394b0b.tmp,9cfeb5edb0838c62973640b11871300772b6db629137e8237104c0fcc0f66cdb,CreateRemoteThread detected.,Discovery,System Network Connections Discovery,T1049,
542,2025-09-14 04:25:32,WIN-HOST-012,5156,Microsoft-Windows-Security-Auditing,Information,Administrator,210.85.164.222,C:\Windows\System32\svchost.exe,"""C:\Windows\System32\svchost.exe"" -arg3 /c ""do_something""",C:\Users\Administrator\AppData\Local\Temp\ea48aedd.tmp,3743f9e9ff80a536e5118d30a47c85cd8cd6e54f01468a908b927d2621308a56,Windows Filtering Platform has permitted a connection.,Credential Access,Input Capture: Keylogging,T1056.001,
543,2025-08-11 04:31:32,WIN-HOST-058,3001,Microsoft-Windows-InternetExplorer,Information,IIS_APPPOOL\DefaultAppPool,110.218.186.140,C:\Windows\System32\taskhostw.exe,"""C:\Windows\System32\taskhostw.exe"" -arg4 /c ""do_something""",C:\Users\IIS_APPPOOL\DefaultAppPool\AppData\Local\Temp\4d415e54.tmp,85a176c5dda77aa23fd6501fd0d47abd21840c17c32ba634ce1ff7fe34b29ac5,User clicked on compromised web resource.,Initial Access,Drive-by Compromise,T1189,Possible drive-by compromise.
544,2025-09-06 09:02:05,WIN-HOST-069,1,Microsoft-Windows-Sysmon,Information,SYSTEM,149.234.104.37,C:\Windows\System32\cmd.exe,"""C:\Windows\System32\cmd.exe"" -arg1 /c ""do_something""",C:\Users\SYSTEM\AppData\Local\Temp\4e4e48e7.tmp,284f71c5571e25219e5d70a51d0575a952330c94437ba9fffe8ecfe37b4779b2,Process Create.,Impact,Service Stop,T1489,
545,2025-07-31 01:00:43,WIN-HOST-014,5156,Microsoft-Windows-Security-Auditing,Information,svc_updater,155.71.230.57,C:\Program Files\7-Zip\7z.exe,"""C:\Program Files\7-Zip\7z.exe"" -arg4 /c ""do_something""",C:\Users\svc_updater\AppData\Local\Temp\131eda15.tmp,465269710550bac01c40b02323939de2d415ad45022606f8f819dfd41046c19f,Obfuscated script or binary detected.,Defense Evasion,Obfuscated Files or Information,T1027,Base64-heavy command line or packed binary.
546,2025-08-10 12:01:35,WIN-HOST-004,5145,Microsoft-Windows-Security-Auditing,Information,alice,136.145.87.253,C:\Windows\System32\WindowsPowerShell\v1.0\powershell.exe,"C:\Windows\System32\WindowsPowerShell\v1.0\powershell.exe -ExecutionPolicy Bypass -NoProfile -WindowStyle Hidden -Command ""Invoke-Expression ...""",C:\Users\alice\AppData\Local\Temp\040a53a3.tmp,8b033c4897100f2baf52700ea8cffc4201713a354bcdaf6f9c5e5699606fc284,Command executed via scripting engine.,Execution,PowerShell,T1059.001,Suspicious scripting activity; check base64 or obfuscation.
547,2025-07-02 12:05:51,WIN-HOST-070,5145,Microsoft-Windows-Security-Auditing,Information,svc_updater,165.223.111.133,C:\Windows\System32\WindowsPowerShell\v1.0\powershell.exe,"""C:\Windows\System32\WindowsPowerShell\v1.0\powershell.exe"" -arg1 /c ""do_something""",C:\Users\svc_updater\AppData\Local\Temp\44b35e69.tmp,0ebe31ffb8190cb783022dbe537d5676ef574019acfdb7602205657f042d8c68,A network share object was checked to see whether client can be granted desired access.,Persistence,Boot or Logon Autostart Execution,T1547,
548,2025-06-24 22:21:09,WIN-HOST-072,3,Microsoft-Windows-Security-Auditing,Information,Guest,10.177.165.4,C:\Windows\System32\cmd.exe,"""C:\Windows\System32\cmd.exe"" -arg5 /c ""do_something""",C:\Users\Guest\AppData\Local\Temp\816f7c3c.tmp,1f5f6563982c46e9253003043e5bb35e87c9bcc404f722c21f3bf35ad0175404,Encrypted outbound connection established.,Command and Control,Encrypted Channel,T1573,Potential C2 channel over TLS.
549,2025-07-26 16:52:49,WIN-HOST-011,3,Microsoft-Windows-Security-Auditing,Information,svc_updater,88.6.169.97,C:\Program Files\Mozilla Firefox\firefox.exe,"""C:\Program Files\Mozilla Firefox\firefox.exe"" -arg6 /c ""do_something""",C:\Users\svc_updater\AppData\Local\Temp\e2fbc529.tmp,00db160772581082ff114258b2aca214379cd2e50da6842ebf2ebb83b3fddedc,Network scanning activity detected.,Discovery,Network Service Scanning,T1046,Port/protocol scanning pattern observed.
550,2025-08-30 23:58:23,WIN-HOST-029,7045,Microsoft-Windows-Security-Auditing,Information,krbtgt,49.191.92.246,C:\Windows\System32\sc.exe,"""C:\Program Files\7-Zip\7z.exe"" -arg6 /c ""do_something""",C:\Users\krbtgt\AppData\Local\Temp\64c59850.tmp,6720320078265c767d2ea35d096ab16fea85f91a1661d7cb4f6663a1a69c364c,Service installation detected.,Persistence,Create or Modify System Process,T1543,Service created - could be persistence.
551,2025-07-24 18:49:10,WIN-HOST-007,4663,Microsoft-Windows-Sysmon,Error,bob,18.185.154.80,C:\Windows\System32\mpssvc.dll,"""C:\Windows\System32\mpssvc.dll"" -arg1 /c ""do_something""",C:\Users\bob\AppData\Local\Temp\c906e93a.tmp,22362cf173482edfaa4db958896b0484192c6a8f97cc11e4a038844135208dd9,File encryption/ransomware activity observed (file renames & extensions).,Impact,Ransomware,T1486,Mass file modifications and suspicious file extensions.
552,2025-08-29 16:41:27,WIN-HOST-075,1102,Microsoft-Windows-Security-Auditing,Warning,alice,91.109.107.124,C:\Program Files\OpenSSH\ssh.exe,"""C:\Program Files\OpenSSH\ssh.exe"" -arg6 /c ""do_something""",C:\Users\alice\AppData\Local\Temp\a3cb7457.tmp,72c3ee611cb0e4fa65f7937ee7031df0307ce9f66ebe5e3bfb40acb8c6c24825,File encryption/ransomware activity observed (file renames & extensions).,Impact,Ransomware,T1486,Mass file modifications and suspicious file extensions.
553,2025-08-21 04:17:22,WIN-HOST-080,4625,Microsoft-Windows-Security-Auditing,Warning,Administrator,81.90.107.67,C:\Program Files\Mozilla Firefox\firefox.exe,"""C:\Program Files\Mozilla Firefox\firefox.exe"" -arg3 /c ""do_something""",C:\Users\Administrator\AppData\Local\Temp\a9b00ba9.tmp,8c861daf0850eadc1ca26fe8df599743c7df0f3e53fdb3a0b597c362a0230bb0,An account failed to log on.,Discovery,System Network Connections Discovery,T1049,
554,2025-07-15 20:08:31,WIN-HOST-040,3001,Microsoft-Windows-InternetExplorer,Information,krbtgt,109.165.141.173,C:\Windows\System32\WindowsPowerShell\v1.0\powershell.exe,"""C:\Windows\System32\WindowsPowerShell\v1.0\powershell.exe"" -arg3 /c ""do_something""",C:\Users\krbtgt\AppData\Local\Temp\f8756740.tmp,b9e15411423e783f12c71b54421160b7de6dbcd77a38c901142bbed5a006705b,User clicked on compromised web resource.,Initial Access,Drive-by Compromise,T1189,Possible drive-by compromise.
555,2025-07-03 13:59:11,WIN-HOST-029,4663,Service Control Manager,Information,IIS_APPPOOL\DefaultAppPool,92.7.70.83,C:\Windows\System32\taskhostw.exe,"""C:\Windows\System32\taskhostw.exe"" -arg6 /c ""do_something""",C:\Users\IIS_APPPOOL\DefaultAppPool\AppData\Local\Temp\41438c19.tmp,b221def9f30184aa7be816f393fe126d3f5bb3d6544048108271b604c93bd3d4,File encryption/ransomware activity observed (file renames & extensions).,Impact,Ransomware,T1486,Mass file modifications and suspicious file extensions.
556,2025-08-02 06:20:00,WIN-HOST-060,8,Microsoft-Windows-Sysmon,Information,alice,198.87.32.174,C:\Program Files\OpenSSH\ssh.exe,"""C:\Program Files\OpenSSH\ssh.exe"" -arg5 /c ""do_something""",C:\Users\alice\AppData\Local\Temp\122d68c3.tmp,893dd06c9099eb25995b543357c337a4e265f3f858ffbaf5e5c4be7a797948c6,CreateRemoteThread detected.,Lateral Movement,Remote Services,T1021,
557,2025-08-31 19:07:59,WIN-HOST-078,4625,Microsoft-Windows-Security-Auditing,Warning,Administrator,137.226.223.36,C:\Program Files\7-Zip\7z.exe,"""C:\Program Files\7-Zip\7z.exe"" -arg6 /c ""do_something""",C:\Users\Administrator\AppData\Local\Temp\593cf390.tmp,666fbd2462a46462bb92c9ebdc93c2622e51a393b0c87c653dbdf7b64319d5e4,An account failed to log on.,Privilege Escalation,Exploitation for Privilege Escalation,T1068,
558,2025-07-19 00:34:45,WIN-HOST-010,4688,Microsoft-Windows-Sysmon,Information,Administrator,161.178.70.39,C:\Windows\System32\svchost.exe,"""C:\Windows\System32\svchost.exe"" -arg5 /c ""do_something""",C:\Users\Administrator\AppData\Local\Temp\c9a38e63.tmp,a72bb970dc4386a4200ee26be7bfe115497ba46f6d93549ecf1ca20f302196a9,Registry query or modification.,Discovery,Query Registry,T1012,Possible discovery of startup keys or persistence mechanisms.
559,2025-07-05 04:20:26,WIN-HOST-076,5145,Microsoft-Windows-Security-Auditing,Information,svc_backup,141.53.67.190,C:\Windows\System32\svchost.exe,"""C:\Windows\System32\svchost.exe"" -arg5 /c ""do_something""",C:\Users\svc_backup\AppData\Local\Temp\028bae40.tmp,dc63b98569d3ed7ccf25e642d88e3ef5d9a4fab6c5da90f16bb76b6c135599bf,A network share object was checked to see whether client can be granted desired access.,Collection,Input Capture,T1056,
560,2025-07-16 08:59:26,WIN-HOST-020,4672,Microsoft-Windows-Security-Auditing,Information,john.doe,74.126.235.194,C:\Windows\System32\taskhostw.exe,"""C:\Windows\System32\taskhostw.exe"" -arg5 /c ""do_something""",C:\Users\john.doe\AppData\Local\Temp\c52c1ba5.tmp,7415a90b8f5a7d07190339c32fed63894e55231ec4b87f6fafafb19ba0875255,Special privileges assigned to new logon.,Discovery,System Network Connections Discovery,T1049,
561,2025-09-09 01:42:03,WIN-HOST-051,4698,Microsoft-Windows-Security-Auditing,Information,john.doe,175.37.55.245,C:\Program Files\Git\bin\bash.exe,"""C:\Program Files\Git\bin\bash.exe"" -arg5 /c ""do_something""",C:\Users\john.doe\AppData\Local\Temp\c27282f9.tmp,a1e69bf3d7f811a2bf4d98abddb96a6bc35ee43be1b507bd5018e56fa632ef2c,Scheduled task created or executed.,Execution,Scheduled Task/Job,T1053.005,Persistence via scheduled task.
562,2025-09-02 09:41:31,WIN-HOST-023,4672,Microsoft-Windows-Security-Auditing,Information,krbtgt,91.218.6.85,C:\Windows\System32\WindowsPowerShell\v1.0\powershell.exe,"""C:\Windows\System32\WindowsPowerShell\v1.0\powershell.exe"" -arg4 /c ""do_something""",C:\Users\krbtgt\AppData\Local\Temp\cb3a6e2b.tmp,54182306e464f355c1902d6af2afcbbae232b50fa47f3b47d0e838fe0570000f,Special privileges assigned to new logon.,Persistence,Service Registry Permissions Weakness,T1547.001,
563,2025-09-11 18:13:48,WIN-HOST-034,7045,Service Control Manager,Information,john.doe,92.122.248.61,C:\Program Files\Mozilla Firefox\firefox.exe,"""C:\Program Files\Mozilla Firefox\firefox.exe"" -arg4 /c ""do_something""",C:\Users\john.doe\AppData\Local\Temp\3d952bcd.tmp,c637343f7298ff509e7bdfa17de718a3f931f25b062e46e300aea526903801cd,A service was installed in the system.,Lateral Movement,Remote Services,T1021,
564,2025-09-13 08:30:00,WIN-HOST-006,5156,Microsoft-Windows-Sysmon,Information,IIS_APPPOOL\DefaultAppPool,189.237.203.122,C:\Program Files\OpenSSH\ssh.exe,"""C:\Program Files\OpenSSH\ssh.exe"" -arg5 /c ""do_something""",C:\Users\IIS_APPPOOL\DefaultAppPool\AppData\Local\Temp\6b0b9747.tmp,3728094122f2b4fb745807a81cb969a42224ce0179ce62f3f2076954c3f839a1,Encrypted outbound connection established.,Command and Control,Encrypted Channel,T1573,Potential C2 channel over TLS.
565,2025-07-16 09:32:00,WIN-HOST-049,7,Microsoft-Windows-Security-Auditing,Information,john.doe,132.68.5.4,C:\Windows\System32\rundll32.exe,"""C:\Windows\System32\cmd.exe"" -arg2 /c ""do_something""",C:\Users\john.doe\AppData\Local\Temp\09643166.tmp,7dc8e453625ed54837f44683efb0f34be8f7fe2fe55e0732e91fa96067f89fd3,Attempt to read LSASS memory process or dump credentials detected.,Credential Access,Credential Dumping,T1003,Possible Mimikatz-like activity: access to lsass.exe memory.
566,2025-08-14 14:23:42,WIN-HOST-045,5145,Microsoft-Windows-Security-Auditing,Information,alice,225.204.255.13,C:\Windows\System32\mpssvc.dll,"""C:\Windows\System32\mpssvc.dll"" -arg2 /c ""do_something""",C:\Users\alice\AppData\Local\Temp\85c108cc.tmp,7321beae75a2b2388951fa49c1bd896b1b0819027a18c4b0a2641912ac57401c,A network share object was checked to see whether client can be granted desired access.,Discovery,System Network Connections Discovery,T1049,
567,2025-09-10 09:04:43,WIN-HOST-066,7045,Service Control Manager,Information,IIS_APPPOOL\DefaultAppPool,54.37.252.32,C:\Windows\System32\sc.exe,"""C:\Program Files\7-Zip\7z.exe"" -arg2 /c ""do_something""",C:\Users\IIS_APPPOOL\DefaultAppPool\AppData\Local\Temp\3ccf5583.tmp,43b93e08b5decad5b98805e43979ef486e4b9084a5490bf1b1579bb5362fee6c,Service installation detected.,Persistence,Create or Modify System Process,T1543,Service created - could be persistence.
568,2025-07-21 09:53:53,WIN-HOST-016,4663,Microsoft-Windows-Security-Auditing,Information,IIS_APPPOOL\DefaultAppPool,29.3.195.213,C:\Program Files\Mozilla Firefox\firefox.exe,"""C:\Program Files\Mozilla Firefox\firefox.exe"" -arg4 /c ""do_something""",C:\Users\IIS_APPPOOL\DefaultAppPool\AppData\Local\Temp\255b1ab9.tmp,0872fdddb2e0af7f82ac69d5fc71b4c8287d196612de63d66edd46fae2041303,File encryption/ransomware activity observed (file renames & extensions).,Impact,Ransomware,T1486,Mass file modifications and suspicious file extensions.
569,2025-07-22 12:03:52,WIN-HOST-021,7045,Service Control Manager,Information,IIS_APPPOOL\DefaultAppPool,5.191.6.24,C:\Windows\System32\taskhostw.exe,"""C:\Windows\System32\taskhostw.exe"" -arg2 /c ""do_something""",C:\Users\IIS_APPPOOL\DefaultAppPool\AppData\Local\Temp\5b514a4a.tmp,2a615d365348a081a4696e81324ef0770ac69f599c095b3e746ffe3e9e098660,A service was installed in the system.,Initial Access,Phishing: Spearphishing Attachment,T1566.001,
570,2025-07-22 08:26:13,WIN-HOST-021,4627,Microsoft-Windows-Security-Auditing,Information,Guest,146.128.61.162,C:\Program Files\Git\bin\bash.exe,"""C:\Program Files\Git\bin\bash.exe"" -arg2 /c ""do_something""",C:\Users\Guest\AppData\Local\Temp\6700069c.tmp,f2150e9ee2d45f90a1fea0611d068f1b617908204ecad125384572365d0873b2,Group membership information.,Initial Access,Phishing: Spearphishing Attachment,T1566.001,
571,2025-06-20 07:15:00,WIN-HOST-024,1102,Microsoft-Windows-Eventlog,Warning,bob,21.243.157.57,C:\Windows\System32\taskhostw.exe,"""C:\Windows\System32\taskhostw.exe"" -arg5 /c ""do_something""",C:\Users\bob\AppData\Local\Temp\32ac7e16.tmp,56174cbf50f74827fd9feb29fb02306a537eca5ce02496174dd0a514cfcc4d9f,The audit log was cleared.,Discovery,System Network Connections Discovery,T1049,
572,2025-06-25 15:44:46,WIN-HOST-062,4672,Microsoft-Windows-Security-Auditing,Information,Guest,212.146.181.26,C:\Program Files\Mozilla Firefox\firefox.exe,"""C:\Program Files\Mozilla Firefox\firefox.exe"" -arg2 /c ""do_something""",C:\Users\Guest\AppData\Local\Temp\eaed3990.tmp,f56adce3c1a7fa19dbd7c739cb405ee93900d522e00d1956105a5228cae8f7ca,Special privileges assigned to new logon.,Exfiltration,Exfiltration Over C2 Channel,T1041,
573,2025-07-23 07:02:35,WIN-HOST-024,11,Microsoft-Windows-Sysmon,Error,krbtgt,67.183.160.239,C:\Program Files\Git\bin\bash.exe,"""C:\Program Files\Git\bin\bash.exe"" -arg6 /c ""do_something""",C:\Users\krbtgt\AppData\Local\Temp\db10b8f8.tmp,8f062944680932d8592197df49d67b5d1e5e810596ee556f5698f4eb30cc11fb,File created.,Impact,System Shutdown/Reboot,T1529,
574,2025-06-20 07:28:17,WIN-HOST-059,4688,Microsoft-Windows-Security-Auditing,Information,krbtgt,58.213.19.130,C:\Windows\System32\rundll32.exe,"""C:\Windows\System32\cmd.exe"" -arg2 /c ""do_something""",C:\Users\krbtgt\AppData\Local\Temp\863b735c.tmp,aff8f30c7049e7597a4a6e64067c7a1e169546647407dbd0cc18449c62327d5c,Attempt to read LSASS memory process or dump credentials detected.,Credential Access,Credential Dumping,T1003,Possible Mimikatz-like activity: access to lsass.exe memory.
