232,2025-08-20 17:43:24,WIN-HOST-039,4663,Microsoft-Windows-Security-Auditing,Information,alice,175.91.143.71,C:\Program Files\Mozilla Firefox\firefox.exe,"""C:\Program Files\Mozilla Firefox\firefox.exe"" -arg4 /c ""do_something""",C:\Users\alice\AppData\Local\Temp\1928a038.tmp,22aa9388e7922dc63f3281a9f1a48a3b040e313ce979ddf01e79305556ce6465,Obfuscated script or binary detected.,Defense Evasion,Obfuscated Files or Information,T1027,Base64-heavy command line or packed binary.
233,2025-07-13 00:07:16,WIN-HOST-008,4625,Microsoft-Windows-Security-Auditing,Warning,Guest,106.102.47.206,C:\Windows\System32\mpssvc.dll,"""C:\Windows\System32\mpssvc.dll"" -arg2 /c ""do_something""",C:\Users\Guest\AppData\Local\Temp\fd1edb08.tmp,ebe829972cf2b84917b3fdb863d2f93941d3bc094e551916f3be1155afd37c02,An account failed to log on.,Discovery,System Network Connections Discovery,T1049,
234,2025-07-20 23:05:10,WIN-HOST-019,1,Microsoft-Windows-Security-Auditing,Information,john.doe,220.91.231.209,C:\Windows\System32\rundll32.exe,"""C:\Program Files\OpenSSH\ssh.exe"" -arg2 /c ""do_something""",C:\Users\john.doe\AppData\Local\Temp\ad3beb2a.tmp,5b7d43388fc8a99e8939e450afcf37dbd2cb91af19642a5752502fe9f0d01cb4,Attempt to read LSASS memory process or dump credentials detected.,Credential Access,Credential Dumping,T1003,Possible Mimikatz-like activity: access to lsass.exe memory.
235,2025-07-25 07:57:54,WIN-HOST-014,4663,Microsoft-Windows-Security-Auditing,Information,john.doe,119.106.191.9,C:\Program Files\Mozilla Firefox\firefox.exe,"""C:\Program Files\Mozilla Firefox\firefox.exe"" -arg4 /c ""do_something""",C:\Users\john.doe\AppData\Local\Temp\b162e7b8.tmp,28f8a84d6da12c5631a9a6de3bf6326b05f5b263c8650e2fb76604dbf137fd93,An attempt was made to access an object.,Privilege Escalation,Exploitation for Privilege Escalation,T1068,
236,2025-09-04 04:26:18,WIN-HOST-013,7045,Service Control Manager,Information,SYSTEM,242.4.190.137,C:\Program Files\7-Zip\7z.exe,"""C:\Program Files\7-Zip\7z.exe"" -arg5 /c ""do_something""",C:\Users\SYSTEM\AppData\Local\Temp\811689c9.tmp,44141f93df8830fc20ac60c9d496e00b92f2b07def2abb73d8c8a5768d27ac15,A service was installed in the system.,Discovery,File and Directory Discovery,T1083,
237,2025-08-24 18:11:43,WIN-HOST-021,5145,Microsoft-Windows-Security-Auditing,Information,john.doe,40.202.170.29,C:\Program Files\OpenSSH\ssh.exe,"""C:\Program Files\OpenSSH\ssh.exe"" -arg4 /c ""do_something""",C:\Users\john.doe\AppData\Local\Temp\ec1d3c19.tmp,e3289018e755e78f8a970d1be3364dc05784c6ba83378e0396edbcef2827c458,Access to ADMIN$ share or C$ share.,Lateral Movement,Windows Admin Shares,T1021.002,Possible lateral movement using admin shares.
238,2025-06-24 12:18:44,WIN-HOST-040,5156,Microsoft-Windows-Security-Auditing,Information,alice,61.160.100.118,C:\Windows\System32\svchost.exe,"""C:\Windows\System32\svchost.exe"" -arg3 /c ""do_something""",C:\Users\alice\AppData\Local\Temp\d299d13d.tmp,08dd5dabb268b5a1a9216eb668ce64f9ce8886c4d529d8200bc935953eb01f18,Encrypted outbound connection established.,Command and Control,Encrypted Channel,T1573,Potential C2 channel over TLS.
239,2025-08-21 13:05:57,WIN-HOST-064,4624,Microsoft-Windows-Security-Auditing,Information,krbtgt,27.132.237.195,C:\Windows\System32\mpssvc.dll,"C:\Windows\System32\mpssvc.dll -ExecutionPolicy Bypass -NoProfile -WindowStyle Hidden -Command ""Invoke-Expression ...""",C:\Users\krbtgt\AppData\Local\Temp\5265d098.tmp,0b9d6717ec3574374e0a223c36990309799db1a2e3439c206a33a6d1808236b0,Command executed via scripting engine.,Execution,PowerShell,T1059.001,Suspicious scripting activity; check base64 or obfuscation.
240,2025-08-13 08:23:00,WIN-HOST-052,5156,Microsoft-Windows-Sysmon,Information,john.doe,102.140.132.119,C:\Windows\System32\svchost.exe,"""C:\Windows\System32\svchost.exe"" -arg5 /c ""do_something""",C:\Users\john.doe\AppData\Local\Temp\c5f13560.tmp,2e4b45bde4f1916bd216ecf863983cee3a3b787feddaea370255cb8874c04753,Encrypted outbound connection established.,Command and Control,Encrypted Channel,T1573,Potential C2 channel over TLS.
241,2025-07-26 03:36:15,WIN-HOST-037,4702,Microsoft-Windows-Security-Auditing,Information,Administrator,129.22.227.252,C:\Windows\System32\taskhostw.exe,"""C:\Windows\System32\taskhostw.exe"" -arg5 /c ""do_something""",C:\Users\Administrator\AppData\Local\Temp\f21fcffe.tmp,503517dae8f6e52c1869f84ae8cf763dcbe17c52cf4c87edbc1a8b0fbda94983,Scheduled task created or executed.,Execution,Scheduled Task/Job,T1053.005,Persistence via scheduled task.
242,2025-07-19 08:26:56,WIN-HOST-079,1,Microsoft-Windows-Sysmon,Warning,Administrator,249.159.7.4,C:\Windows\System32\rundll32.exe,"""C:\Windows\System32\WindowsPowerShell\v1.0\powershell.exe"" -arg3 /c ""do_something""",C:\Users\Administrator\AppData\Local\Temp\c371bc15.tmp,d92986345a082158eef16baad3458698695feba9472195ec709ed1de71bdadea,Attempt to read LSASS memory process or dump credentials detected.,Credential Access,Credential Dumping,T1003,Possible Mimikatz-like activity: access to lsass.exe memory.
243,2025-08-13 08:46:57,WIN-HOST-019,4663,Microsoft-Windows-Security-Auditing,Information,svc_backup,10.78.37.82,C:\Program Files\Git\bin\bash.exe,"""C:\Program Files\Git\bin\bash.exe"" -arg2 /c ""do_something""",C:\Users\svc_backup\AppData\Local\Temp\91267831.tmp,1b4b86d188cfadf35c9272588f0ec324af4ad999caf0e214dcdcf04ed366dc55,An attempt was made to access an object.,Initial Access,Phishing: Spearphishing Attachment,T1566.001,
244,2025-08-16 12:39:58,WIN-HOST-061,3,Microsoft-Windows-Sysmon,Information,bob,35.200.175.219,C:\Windows\System32\mpssvc.dll,"""C:\Windows\System32\mpssvc.dll"" -arg5 /c ""do_something""",C:\Users\bob\AppData\Local\Temp\531cbfb6.tmp,66a3c655d77ca5d2768345e310daf00ac022a2747955b628cdb11ef10855efe4,Network Connection detected.,Credential Access,Input Capture: Keylogging,T1056.001,
245,2025-09-02 02:03:00,WIN-HOST-051,5145,Microsoft-Windows-Security-Auditing,Information,krbtgt,151.254.86.197,C:\Program Files\7-Zip\7z.exe,"""C:\Program Files\7-Zip\7z.exe"" -arg5 /c ""do_something""",C:\Users\krbtgt\AppData\Local\Temp\bb623339.tmp,f6cb5e478d1fa964b5b657ccc294045a798c572350c16971e289c7a7a4f18ca0,Access to ADMIN$ share or C$ share.,Lateral Movement,Windows Admin Shares,T1021.002,Possible lateral movement using admin shares.
246,2025-08-01 07:16:54,WIN-HOST-073,4625,Microsoft-Windows-Security-Auditing,Information,svc_updater,208.212.234.103,C:\Windows\System32\mpssvc.dll,"""C:\Windows\System32\mpssvc.dll"" -arg3 /c ""do_something""",C:\Users\svc_updater\AppData\Local\Temp\71d96be1.tmp,81eee2363ba7662f30b69719384ddf8652041aaa463c95e7817dea992002f3f1,Multiple failed logon attempts detected.,Credential Access,Brute Force,T1110,Failed logon count: 6
247,2025-07-23 04:34:57,WIN-HOST-040,5145,Microsoft-Windows-Security-Auditing,Information,IIS_APPPOOL\DefaultAppPool,152.207.17.136,C:\Windows\System32\svchost.exe,"""C:\Windows\System32\svchost.exe"" -arg6 /c ""do_something""",C:\Users\IIS_APPPOOL\DefaultAppPool\AppData\Local\Temp\9eb2d4bb.tmp,328b4381d57b71fd237fce71469a5cd80184f742acdd556ae787118f6802126d,A network share object was checked to see whether client can be granted desired access.,Privilege Escalation,Exploitation for Privilege Escalation,T1068,
248,2025-07-04 12:07:07,WIN-HOST-075,5156,Microsoft-Windows-Sysmon,Error,krbtgt,184.173.173.135,C:\Program Files\Mozilla Firefox\firefox.exe,"""C:\Program Files\Mozilla Firefox\firefox.exe"" -arg4 /c ""do_something""",C:\Users\krbtgt\AppData\Local\Temp\ce14333f.tmp,15a5b892431bd8e7fc65ba8ecf9778c293175f28c74338557c53e012a2c7e332,Encrypted outbound connection established.,Command and Control,Encrypted Channel,T1573,Potential C2 channel over TLS.
249,2025-07-18 18:58:19,WIN-HOST-080,5156,Microsoft-Windows-Security-Auditing,Information,svc_sql,62.0.152.14,C:\Windows\System32\WindowsPowerShell\v1.0\powershell.exe,"""C:\Windows\System32\WindowsPowerShell\v1.0\powershell.exe"" -arg6 /c ""do_something""",C:\Users\svc_sql\AppData\Local\Temp\b4e06a7b.tmp,ffe2e4f77c0d008541dd9f859152511cd7f766a278a7f4f8e97827eedea86533,Encrypted outbound connection established.,Command and Control,Encrypted Channel,T1573,Potential C2 channel over TLS.
250,2025-09-16 00:34:47,WIN-HOST-057,7045,Service Control Manager,Information,john.doe,38.196.50.246,C:\Windows\System32\taskhostw.exe,"""C:\Windows\System32\taskhostw.exe"" -arg2 /c ""do_something""",C:\Users\john.doe\AppData\Local\Temp\b4916e2a.tmp,1b171965a721bd8be2dfd3055598e6ece6628ff4505bc4194bec867d062c9079,A service was installed in the system.,Impact,Service Stop,T1489,
251,2025-07-31 03:22:58,WIN-HOST-079,5145,Microsoft-Windows-Security-Auditing,Information,alice,180.173.175.137,C:\Windows\System32\svchost.exe,"""C:\Windows\System32\svchost.exe"" -arg2 /c ""do_something""",C:\Users\alice\AppData\Local\Temp\802e4a25.tmp,948b579665e84ab66e3e882702b4c150d20217f5ada25d34d98ba8268a514da2,Access to ADMIN$ share or C$ share.,Lateral Movement,Windows Admin Shares,T1021.002,Possible lateral movement using admin shares.
252,2025-08-17 07:17:12,WIN-HOST-062,4663,Microsoft-Windows-Security-Auditing,Information,bob,44.85.174.247,C:\Windows\System32\taskhostw.exe,"""C:\Windows\System32\taskhostw.exe"" -arg5 /c ""do_something""",C:\Users\bob\AppData\Local\Temp\fd7c7f00.tmp,879b444fbdbc5e72debe8b40d3ec982a6ca06f3d455787c64e25f1ad2dee5b41,An attempt was made to access an object.,Credential Access,Input Capture: Keylogging,T1056.001,
253,2025-07-26 19:47:54,WIN-HOST-046,4702,Microsoft-Windows-Security-Auditing,Information,IIS_APPPOOL\DefaultAppPool,156.45.250.151,C:\Program Files\7-Zip\7z.exe,"""C:\Program Files\7-Zip\7z.exe"" -arg2 /c ""do_something""",C:\Users\IIS_APPPOOL\DefaultAppPool\AppData\Local\Temp\e2f7ffa3.tmp,1af66115b1380e2dfe4e5b8c203508155baa015d4ffc5dbfcd3c40b69b70945c,Scheduled task created or executed.,Persistence,Scheduled Task/Job,T1053,Persistence via scheduled task.
254,2025-08-19 21:09:13,WIN-HOST-029,4663,Microsoft-Windows-Security-Auditing,Information,svc_updater,180.116.99.73,C:\Program Files\7-Zip\7z.exe,"""C:\Program Files\7-Zip\7z.exe"" -arg6 /c ""do_something""",C:\Users\svc_updater\AppData\Local\Temp\257fdbb9.tmp,06633824c914a8ea481a4289dc46fae102ce65fead78d6b577819a6ae90a13ab,An attempt was made to access an object.,Impact,Service Stop,T1489,
255,2025-08-18 01:56:55,WIN-HOST-062,4672,Microsoft-Windows-Security-Auditing,Information,john.doe,70.1.80.40,C:\Program Files\Git\bin\bash.exe,"C:\Program Files\Git\bin\bash.exe -ExecutionPolicy Bypass -NoProfile -WindowStyle Hidden -Command ""Invoke-Expression ...""",C:\Users\john.doe\AppData\Local\Temp\39226a0c.tmp,15bc3c64dfdd45f71153c65c7b9c487c66a26b22a779193894cbfc7acf061adf,Command executed via scripting engine.,Execution,Command and Scripting Interpreter,T1059,Suspicious scripting activity; check base64 or obfuscation.
256,2025-07-27 02:58:50,WIN-HOST-049,1,Microsoft-Windows-Sysmon,Information,svc_sql,205.251.77.185,C:\Program Files\OpenSSH\ssh.exe,"""C:\Program Files\OpenSSH\ssh.exe"" -arg1 /c ""do_something""",C:\Users\svc_sql\AppData\Local\Temp\02d0f0ae.tmp,646dafad74668b4f8839d8de962e33696a39dbbee891b076b213c57da5bf0c5e,Obfuscated script or binary detected.,Defense Evasion,Obfuscated Files or Information,T1027,Base64-heavy command line or packed binary.
257,2025-07-10 12:38:14,WIN-HOST-011,1102,Microsoft-Windows-Eventlog,Warning,john.doe,167.237.200.216,C:\Windows\System32\mpssvc.dll,"""C:\Windows\System32\mpssvc.dll"" -arg4 /c ""do_something""",C:\Users\john.doe\AppData\Local\Temp\e53c87cc.tmp,2202a3cdd84c9f0e41f971415a15ec08e8d6dc0d0f2c492a43b5d187969ba2b6,The audit log was cleared.,Impact,System Shutdown/Reboot,T1529,
258,2025-08-29 05:51:16,WIN-HOST-069,7045,Service Control Manager,Information,svc_updater,178.56.72.73,C:\Program Files\Git\bin\bash.exe,"C:\Program Files\Git\bin\bash.exe -ExecutionPolicy Bypass -NoProfile -WindowStyle Hidden -Command ""Invoke-Expression ...""",C:\Users\svc_updater\AppData\Local\Temp\e81bb58a.tmp,7f56f3ef9780b49ce6e4bb7174ef7f454922e9f1d62c0bd774796e2343e05fae,Command executed via scripting engine.,Execution,PowerShell,T1059.001,Suspicious scripting activity; check base64 or obfuscation.
259,2025-07-07 22:18:22,WIN-HOST-076,4627,Microsoft-Windows-Security-Auditing,Information,svc_backup,59.155.45.69,C:\Program Files\Mozilla Firefox\firefox.exe,"C:\Program Files\Mozilla Firefox\firefox.exe -ExecutionPolicy Bypass -NoProfile -WindowStyle Hidden -Command ""Invoke-Expression ...""",C:\Users\svc_backup\AppData\Local\Temp\f746c8fd.tmp,77b45de79ec90ef1aea39d3851caab8f4f14b0b2c95047c071dcb028060aafda,Command executed via scripting engine.,Execution,Command and Scripting Interpreter,T1059,Suspicious scripting activity; check base64 or obfuscation.
260,2025-07-10 05:08:30,WIN-HOST-061,5156,Microsoft-Windows-Security-Auditing,Information,Administrator,237.217.122.26,C:\Windows\System32\WindowsPowerShell\v1.0\powershell.exe,"""C:\Windows\System32\WindowsPowerShell\v1.0\powershell.exe"" -arg6 /c ""do_something""",C:\Users\Administrator\AppData\Local\Temp\9ae052a7.tmp,b81f3814a1ae677940656dbe3cd4376efbf5c8614655ece7e77c6c6643a5d3c0,Network scanning activity detected.,Discovery,Network Service Scanning,T1046,Port/protocol scanning pattern observed.
261,2025-07-16 16:50:31,WIN-HOST-026,4672,Microsoft-Windows-Security-Auditing,Information,svc_updater,196.203.41.79,C:\Program Files\OpenSSH\ssh.exe,"""C:\Program Files\OpenSSH\ssh.exe"" -arg5 /c ""do_something""",C:\Users\svc_updater\AppData\Local\Temp\b1f084a9.tmp,216d5fef9ea681e2c7754a470f3c58fc40f87009fb6b3c15aaae611692a6bcf3,Mass deletion of files detected.,Impact,Data Destruction,T1485,Data destruction activity suspected.
262,2025-07-27 21:42:43,WIN-HOST-005,1102,Service Control Manager,Information,Guest,235.109.47.237,C:\Windows\System32\taskhostw.exe,"""C:\Windows\System32\taskhostw.exe"" -arg4 /c ""do_something""",C:\Users\Guest\AppData\Local\Temp\94652543.tmp,91b928b3c76a3a59b98b8d738bdf337856a2c2eee918aa5d0d8eeb47cc850e8d,Registry query or modification.,Discovery,Query Registry,T1012,Possible discovery of startup keys or persistence mechanisms.
263,2025-07-07 03:24:11,WIN-HOST-038,4688,Microsoft-Windows-Security-Auditing,Information,SYSTEM,154.79.252.12,C:\Windows\System32\svchost.exe,"""C:\Windows\System32\svchost.exe"" -arg3 /c ""do_something""",C:\Users\SYSTEM\AppData\Local\Temp\3b07a33a.tmp,6c7e1186ba2f7b004413b9d92ae524e5eebcc5a5e0876263f129894b6a807523,A new process has been created.,Credential Access,Input Capture: Keylogging,T1056.001,
264,2025-08-04 17:59:49,WIN-HOST-070,1102,Microsoft-Windows-Eventlog,Warning,bob,129.20.20.248,C:\Windows\System32\mpssvc.dll,"""C:\Windows\System32\mpssvc.dll"" -arg2 /c ""do_something""",C:\Users\bob\AppData\Local\Temp\926d037c.tmp,d853cf9e5ac2dd5ca3411475045b542995bc4fb65e1c06228c345878c457ff00,The audit log was cleared.,Privilege Escalation,Exploitation for Privilege Escalation,T1068,
265,2025-09-06 22:13:16,WIN-HOST-043,11,Microsoft-Windows-Sysmon,Error,Guest,165.246.7.53,C:\Windows\System32\mpssvc.dll,"""C:\Windows\System32\mpssvc.dll"" -arg2 /c ""do_something""",C:\Users\Guest\AppData\Local\Temp\33e00f2b.tmp,6c488f9e0e36273f3998513f0c25b3f291387b665e6b0670d332797dd390cf69,File created.,Impact,Service Stop,T1489,
266,2025-07-08 08:15:47,WIN-HOST-044,4688,Microsoft-Windows-Security-Auditing,Information,svc_updater,229.164.152.59,C:\Program Files\Mozilla Firefox\firefox.exe,"""C:\Program Files\Mozilla Firefox\firefox.exe"" -arg4 /c ""do_something""",C:\Users\svc_updater\AppData\Local\Temp\c68ef82a.tmp,8d9c32b64885b825f5ca0c263d28597a3f76aabae4b28c6b0c9b94123d95c551,Registry query or modification.,Discovery,Query Registry,T1012,Possible discovery of startup keys or persistence mechanisms.
267,2025-09-09 10:35:36,WIN-HOST-052,5156,Microsoft-Windows-Security-Auditing,Information,IIS_APPPOOL\DefaultAppPool,35.255.35.211,C:\Windows\System32\cmd.exe,"""C:\Windows\System32\cmd.exe"" -arg2 /c ""do_something""",C:\Users\IIS_APPPOOL\DefaultAppPool\AppData\Local\Temp\55e71e6d.tmp,3d6587786903e131d8116fda826d1034497bf4e9d972ef6d69e2e783b0df3f08,Windows Filtering Platform has permitted a connection.,Defense Evasion,Timestomping,T1099,
268,2025-08-23 13:02:00,WIN-HOST-050,4624,Microsoft-Windows-Security-Auditing,Information,svc_backup,192.246.50.41,C:\Windows\System32\mpssvc.dll,"""C:\Windows\System32\mpssvc.dll"" -arg3 /c ""do_something""",C:\Users\svc_backup\AppData\Local\Temp\0a8a726b.tmp,2762ec50adc666d006b42dae904eafa6520805af73b0b6e3e16888b00769783f,An account was successfully logged on.,Persistence,Boot or Logon Autostart Execution,T1547,
269,2025-07-23 07:28:31,WIN-HOST-074,1102,Microsoft-Windows-Eventlog,Warning,SYSTEM,167.87.203.16,C:\Program Files\7-Zip\7z.exe,"""C:\Program Files\7-Zip\7z.exe"" -arg2 /c ""do_something""",C:\Users\SYSTEM\AppData\Local\Temp\6d67c084.tmp,c33bb61e21dc5d8485f65d2017f229c99d889af4ebca5055b1a3270d93d67f71,The audit log was cleared.,Impact,Service Stop,T1489,
270,2025-07-15 00:39:10,WIN-HOST-016,11,Microsoft-Windows-Security-Auditing,Information,alice,40.227.51.182,C:\Program Files\7-Zip\7z.exe,"""C:\Program Files\7-Zip\7z.exe"" -arg5 /c ""do_something""",C:\Users\alice\AppData\Local\Temp\6697dc46.tmp,b9af86bdde38464fff8ec35a4e9d5c1455e37dfd60051fed19a5774e94b3a8ca,File encryption/ransomware activity observed (file renames & extensions).,Impact,Ransomware,T1486,Mass file modifications and suspicious file extensions.
271,2025-08-18 16:04:33,WIN-HOST-016,11,Microsoft-Windows-Sysmon,Error,IIS_APPPOOL\DefaultAppPool,56.137.147.106,C:\Program Files\7-Zip\7z.exe,"""C:\Program Files\7-Zip\7z.exe"" -arg2 /c ""do_something""",C:\Users\IIS_APPPOOL\DefaultAppPool\AppData\Local\Temp\f824f426.tmp,333a7d15c0463b2039da4f9fd65ad23a40a8ba7c4136f27482c06e4b1df52d3e,File created.,Persistence,Boot or Logon Autostart Execution,T1547,
272,2025-09-02 23:45:32,WIN-HOST-059,4672,Microsoft-Windows-Security-Auditing,Information,krbtgt,180.42.4.86,C:\Program Files\OpenSSH\ssh.exe,"""C:\Program Files\OpenSSH\ssh.exe"" -arg5 /c ""do_something""",C:\Users\krbtgt\AppData\Local\Temp\d84a932a.tmp,23a198fba2d623a8536f7e1c63601d3e3d877e2fcc6a1ce60fea162d2d5d69a7,Special privileges assigned to new logon.,Initial Access,Exploit Public-Facing Application,T1190,
273,2025-09-11 20:48:01,WIN-HOST-071,4625,Microsoft-Windows-Security-Auditing,Warning,bob,38.92.185.217,C:\Program Files\Mozilla Firefox\firefox.exe,"""C:\Program Files\Mozilla Firefox\firefox.exe"" -arg5 /c ""do_something""",C:\Users\bob\AppData\Local\Temp\4cd6fcb7.tmp,718e0603f4eec8ebd7aec0971ef7699287dbdb91fdd3a40aafee2f777b944a31,An account failed to log on.,Defense Evasion,Timestomping,T1099,
274,2025-09-06 13:50:54,WIN-HOST-027,4672,Microsoft-Windows-Security-Auditing,Information,krbtgt,130.167.245.134,C:\Windows\System32\mpssvc.dll,"""C:\Windows\System32\mpssvc.dll"" -arg1 /c ""do_something""",C:\Users\krbtgt\AppData\Local\Temp\dcd35f68.tmp,80eb464004a220e3268be964669da0bd2d071363ec4b67f815ba00253ac97290,Special privileges assigned to new logon.,Defense Evasion,Masquerading,T1036,
275,2025-09-05 01:15:16,WIN-HOST-066,4672,Microsoft-Windows-Security-Auditing,Information,svc_sql,144.92.123.221,C:\Windows\System32\mpssvc.dll,"""C:\Windows\System32\mpssvc.dll"" -arg4 /c ""do_something""",C:\Users\svc_sql\AppData\Local\Temp\8c0d3893.tmp,05c9037f5750d1378f25030b5a525d8e00d13de373d175e7575c98c41c4d5d72,Special privileges assigned to new logon.,Collection,Input Capture,T1056,
276,2025-07-01 12:27:29,WIN-HOST-040,3,Microsoft-Windows-Sysmon,Information,SYSTEM,18.178.16.45,C:\Windows\System32\taskhostw.exe,"""C:\Windows\System32\taskhostw.exe"" -arg3 /c ""do_something""",C:\Users\SYSTEM\AppData\Local\Temp\8a86dc78.tmp,a05ff161096a9250390783a31047a1d6f316ecdc0ac865a5bfa7dff160049128,Network scanning activity detected.,Discovery,Network Service Scanning,T1046,Port/protocol scanning pattern observed.
277,2025-09-12 00:18:05,WIN-HOST-009,7045,Microsoft-Windows-Security-Auditing,Information,alice,73.126.198.209,C:\Windows\System32\sc.exe,"""C:\Windows\System32\svchost.exe"" -arg2 /c ""do_something""",C:\Users\alice\AppData\Local\Temp\0d639d43.tmp,928c947bf603fbcddd707bf02adea7c3e1cfe68b3f2ed02fea170ddee20b9c38,Service installation detected.,Persistence,Create or Modify System Process,T1543,Service created - could be persistence.
278,2025-07-17 13:50:44,WIN-HOST-054,11,Microsoft-Windows-Sysmon,Error,john.doe,96.163.153.212,C:\Windows\System32\taskhostw.exe,"""C:\Windows\System32\taskhostw.exe"" -arg6 /c ""do_something""",C:\Users\john.doe\AppData\Local\Temp\d4257ef0.tmp,47d2b9d761ad46d09f54f3d9ffe2ec23135ca896337ebd5aa8dc4d3e937e32c5,File created.,Initial Access,Exploit Public-Facing Application,T1190,
279,2025-06-24 22:50:57,WIN-HOST-070,1,Microsoft-Windows-Sysmon,Information,Guest,30.94.190.84,C:\Program Files\OpenSSH\ssh.exe,"""C:\Program Files\OpenSSH\ssh.exe"" -arg4 /c ""do_something""",C:\Users\Guest\AppData\Local\Temp\8b989fd1.tmp,ae239f0ebb58b0746c775c0a71067bf7ec43a174a8c88979ce1d644f56c96041,Process Create.,Collection,Input Capture,T1056,
280,2025-09-05 11:58:01,WIN-HOST-029,4663,Microsoft-Windows-Security-Auditing,Information,SYSTEM,250.126.93.148,C:\Windows\System32\svchost.exe,"""C:\Windows\System32\svchost.exe"" -arg6 /c ""do_something""",C:\Users\SYSTEM\AppData\Local\Temp\a9d041d6.tmp,70c84680f3e56f97295631503460e4df75b7db6ea136bee0cbc24adb034e001a,An attempt was made to access an object.,Discovery,System Network Connections Discovery,T1049,
281,2025-07-27 00:03:27,WIN-HOST-055,3,Microsoft-Windows-Sysmon,Information,bob,210.199.191.251,C:\Windows\System32\taskhostw.exe,"""C:\Windows\System32\taskhostw.exe"" -arg4 /c ""do_something""",C:\Users\bob\AppData\Local\Temp\0db6ec9a.tmp,e67a5d47a6d73ba3d63f391951ea995a17e632276430cc5df469f83858e1b1de,Network Connection detected.,Persistence,Service Registry Permissions Weakness,T1547.001,
282,2025-09-02 19:14:53,WIN-HOST-036,5156,Microsoft-Windows-Security-Auditing,Information,svc_backup,169.2.183.63,C:\Windows\System32\cmd.exe,"""C:\Windows\System32\cmd.exe"" -arg1 /c ""do_something""",C:\Users\svc_backup\AppData\Local\Temp\de0e95a8.tmp,d32a17e1c86a16151e2f8f93bc0b86712b1483302b4d020ed11b207fbe9f91b5,Windows Filtering Platform has permitted a connection.,Exfiltration,Exfiltration Over C2 Channel,T1041,
283,2025-08-28 20:30:08,WIN-HOST-009,7045,Service Control Manager,Information,Administrator,223.73.80.55,C:\Windows\System32\svchost.exe,"""C:\Windows\System32\svchost.exe"" -arg6 /c ""do_something""",C:\Users\Administrator\AppData\Local\Temp\ddf3a2fd.tmp,53f2461fb0b2916d8872f3c07e36da4b15f41925c692aba680e0774901675307,A service was installed in the system.,Persistence,Service Registry Permissions Weakness,T1547.001,
284,2025-08-09 19:21:39,WIN-HOST-057,5145,Microsoft-Windows-Security-Auditing,Information,svc_backup,14.115.29.215,C:\Program Files\Git\bin\bash.exe,"""C:\Program Files\Git\bin\bash.exe"" -arg3 /c ""do_something""",C:\Users\svc_backup\AppData\Local\Temp\94402c67.tmp,ef4959fd90fd11d6520f6798d5710561a5a63972f05284ddeb34146cdb76a803,Access to ADMIN$ share or C$ share.,Lateral Movement,Windows Admin Shares,T1021.002,Possible lateral movement using admin shares.
285,2025-06-30 15:47:14,WIN-HOST-074,7045,Service Control Manager,Information,john.doe,60.165.190.41,C:\Program Files\OpenSSH\ssh.exe,"""C:\Program Files\OpenSSH\ssh.exe"" -arg2 /c ""do_something""",C:\Users\john.doe\AppData\Local\Temp\71ba0dd4.tmp,73569a30a2db3fc7c66af85bda3dd099b531bf185ebce1df19291344f92299a4,A service was installed in the system.,Privilege Escalation,Valid Accounts,T1078,
286,2025-07-29 06:06:15,WIN-HOST-029,1,Microsoft-Windows-Sysmon,Information,svc_sql,70.112.124.214,C:\Program Files\7-Zip\7z.exe,"""C:\Program Files\7-Zip\7z.exe"" -arg5 /c ""do_something""",C:\Users\svc_sql\AppData\Local\Temp\300e0aa4.tmp,8304906d263246c2bedaf29ac451e6b34c86ff0eca3927e1d9229e8070f31a47,Process Create.,Collection,Input Capture,T1056,
287,2025-07-08 11:32:19,WIN-HOST-023,8,Microsoft-Windows-Sysmon,Information,IIS_APPPOOL\DefaultAppPool,142.76.58.181,C:\Windows\System32\taskhostw.exe,"""C:\Windows\System32\taskhostw.exe"" -arg3 /c ""do_something""",C:\Users\IIS_APPPOOL\DefaultAppPool\AppData\Local\Temp\cffd69d7.tmp,b2338df2a600cc7ea3f74b5e6f5bfe59bb5ff6707eeec219670b30909a631a7b,CreateRemoteThread detected.,Initial Access,Phishing: Spearphishing Attachment,T1566.001,
288,2025-07-14 16:21:56,WIN-HOST-049,5156,Microsoft-Windows-Sysmon,Information,bob,178.65.68.130,C:\Program Files\OpenSSH\ssh.exe,"""C:\Program Files\OpenSSH\ssh.exe"" -arg2 /c ""do_something""",C:\Users\bob\AppData\Local\Temp\c9a8decb.tmp,69f723e32dfa6455b814416ee02179099390af0a5b91636395113c0e412a960b,Network scanning activity detected.,Discovery,Network Service Scanning,T1046,Port/protocol scanning pattern observed.
289,2025-08-31 00:14:17,WIN-HOST-069,5145,Microsoft-Windows-Security-Auditing,Information,alice,217.110.104.79,C:\Program Files\Mozilla Firefox\firefox.exe,"""C:\Program Files\Mozilla Firefox\firefox.exe"" -arg6 /c ""do_something""",C:\Users\alice\AppData\Local\Temp\e8847e73.tmp,b93eddd1647f4f42248b1d4d86bad75357a16ca0d31877c5ae16b6c261889707,Obfuscated script or binary detected.,Defense Evasion,Obfuscated Files or Information,T1027,Base64-heavy command line or packed binary.
290,2025-07-01 15:06:45,WIN-HOST-060,1,Microsoft-Windows-Security-Auditing,Information,SYSTEM,135.173.139.38,C:\Windows\System32\rundll32.exe,"""C:\Program Files\Git\bin\bash.exe"" -arg2 /c ""do_something""",C:\Users\SYSTEM\AppData\Local\Temp\bee88118.tmp,d09d7e2b7573a74620bb06fbe987f92ff9f1deb00a221d55064663ca68edd5df,Attempt to read LSASS memory process or dump credentials detected.,Credential Access,Credential Dumping,T1003,Possible Mimikatz-like activity: access to lsass.exe memory.
291,2025-08-16 19:08:19,WIN-HOST-011,7045,Service Control Manager,Information,alice,48.195.103.86,C:\Program Files\OpenSSH\ssh.exe,"""C:\Program Files\OpenSSH\ssh.exe"" -arg4 /c ""do_something""",C:\Users\alice\AppData\Local\Temp\ae5f3c39.tmp,7960ba6fa0441170955ae1048ea108d38107bd96cb153b98a9412e4165f99ec7,A service was installed in the system.,Privilege Escalation,Exploitation for Privilege Escalation,T1068,
292,2025-07-21 03:01:34,WIN-HOST-078,1,Microsoft-Windows-Sysmon,Information,SYSTEM,143.16.211.62,C:\Windows\System32\cmd.exe,"""C:\Windows\System32\cmd.exe"" -arg2 /c ""do_something""",C:\Users\SYSTEM\AppData\Local\Temp\96d0b841.tmp,b495514191a5c991a8eef3ebff4da8f636e86ddba9eae7bfdde04fd1232c9491,Process Create.,Lateral Movement,Remote Services,T1021,
293,2025-06-21 19:10:03,WIN-HOST-043,7,Microsoft-Windows-Sysmon,Warning,svc_updater,189.209.81.176,C:\Windows\System32\svchost.exe,"""C:\Windows\System32\svchost.exe"" -arg4 /c ""do_something""",C:\Users\svc_updater\AppData\Local\Temp\0f018d1e.tmp,c0aa19327576d981a7fff25f94302d0dc6315fb1b2052159462ed91cfb1d5ad8,Image loaded (DLL).,Impact,System Shutdown/Reboot,T1529,
294,2025-08-25 07:25:26,WIN-HOST-078,8,Microsoft-Windows-Sysmon,Information,svc_backup,234.69.186.65,C:\Windows\System32\taskhostw.exe,"""C:\Windows\System32\taskhostw.exe"" -arg3 /c ""do_something""",C:\Users\svc_backup\AppData\Local\Temp\1aec5d62.tmp,c8b0dda897413d92946d75d6bd8bef8e7915a26ff070e2c8fc173d647e74445c,CreateRemoteThread detected.,Collection,Input Capture,T1056,
295,2025-08-21 09:07:53,WIN-HOST-049,11,Microsoft-Windows-Sysmon,Error,alice,166.18.154.28,C:\Program Files\Git\bin\bash.exe,"""C:\Program Files\Git\bin\bash.exe"" -arg3 /c ""do_something""",C:\Users\alice\AppData\Local\Temp\d3583852.tmp,cf2b51f91a9f03fdaf9f4d98fd26c0d48f5c40a06b244cfb467f6a8a4a5c7647,Obfuscated script or binary detected.,Defense Evasion,Obfuscated Files or Information,T1027,Base64-heavy command line or packed binary.
296,2025-07-30 01:45:29,WIN-HOST-064,4698,Microsoft-Windows-Security-Auditing,Information,alice,184.240.24.142,C:\Windows\System32\cmd.exe,"""C:\Windows\System32\cmd.exe"" -arg3 /c ""do_something""",C:\Users\alice\AppData\Local\Temp\52948bd1.tmp,7542d52d9edb2e8070a1862c1a751fb037c7ef9f022a3a358e3f1d1a99052df1,Scheduled task created or executed.,Execution,Scheduled Task/Job,T1053.005,Persistence via scheduled task.
297,2025-08-18 11:32:45,WIN-HOST-053,3001,Microsoft-Windows-InternetExplorer,Information,SYSTEM,189.194.183.75,C:\Program Files\Mozilla Firefox\firefox.exe,"""C:\Program Files\Mozilla Firefox\firefox.exe"" -arg3 /c ""do_something""",C:\Users\SYSTEM\AppData\Local\Temp\7195d44e.tmp,5dfc9c32cdbfe09c588fff8947b6d2be004fed0f1e2ca2d50cbbab117ae90f73,User clicked on compromised web resource.,Initial Access,Drive-by Compromise,T1189,Possible drive-by compromise.
298,2025-07-23 03:48:51,WIN-HOST-075,4663,Microsoft-Windows-Security-Auditing,Information,svc_sql,39.4.111.37,C:\Program Files\7-Zip\7z.exe,"""C:\Program Files\7-Zip\7z.exe"" -arg2 /c ""do_something""",C:\Users\svc_sql\AppData\Local\Temp\91ff91e3.tmp,13fbaf082cca5e215a09072b731754b3ec758aa0e0d9928b3dc40e1f6a1ebe4d,An attempt was made to access an object.,Defense Evasion,Timestomping,T1099,
299,2025-07-24 13:00:05,WIN-HOST-032,5145,Microsoft-Windows-Security-Auditing,Information,alice,175.82.27.148,C:\Program Files\Git\bin\bash.exe,"""C:\Program Files\Git\bin\bash.exe"" -arg4 /c ""do_something""",C:\Users\alice\AppData\Local\Temp\8cb2c00a.tmp,573f6d1d36d49b98c5cb90052e14f386cca6681434508a23a1a1efe2866fac40,A network share object was checked to see whether client can be granted desired access.,Privilege Escalation,Exploitation for Privilege Escalation,T1068,
300,2025-07-17 13:27:02,WIN-HOST-063,3,Microsoft-Windows-Sysmon,Information,alice,90.40.55.178,C:\Windows\System32\WindowsPowerShell\v1.0\powershell.exe,"C:\Windows\System32\WindowsPowerShell\v1.0\powershell.exe -ExecutionPolicy Bypass -NoProfile -WindowStyle Hidden -Command ""Invoke-Expression ...""",C:\Users\alice\AppData\Local\Temp\4fe77af9.tmp,77d1547f0dbf55341250e619208aa3191f930e908966e8c1df8bc0a2eeb2c47b,Command executed via scripting engine.,Execution,PowerShell,T1059.001,Suspicious scripting activity; check base64 or obfuscation.
301,2025-08-01 10:50:51,WIN-HOST-024,4688,Microsoft-Windows-Security-Auditing,Information,bob,134.33.56.173,C:\Windows\System32\svchost.exe,"""C:\Windows\System32\svchost.exe"" -arg1 /c ""do_something""",C:\Users\bob\AppData\Local\Temp\a9ab875d.tmp,46892d9e5e490ad9babdbdbd490f340ab7a2b2a5fc3f2d7316fe2d276cd19cce,Registry query or modification.,Discovery,Query Registry,T1012,Possible discovery of startup keys or persistence mechanisms.
302,2025-07-05 15:40:07,WIN-HOST-001,4624,Microsoft-Windows-Security-Auditing,Information,svc_sql,59.63.56.0,C:\Windows\System32\WindowsPowerShell\v1.0\powershell.exe,"""C:\Windows\System32\WindowsPowerShell\v1.0\powershell.exe"" -arg2 /c ""do_something""",C:\Users\svc_sql\AppData\Local\Temp\98171f87.tmp,99a7aaa0a2cace7276f03682f18b50602b1f9829cff527e9f774ccb1be422797,An account was successfully logged on.,Impact,Service Stop,T1489,
303,2025-08-27 15:03:12,WIN-HOST-065,1102,Microsoft-Windows-Security-Auditing,Information,alice,233.170.20.75,C:\Program Files\OpenSSH\ssh.exe,"""C:\Program Files\OpenSSH\ssh.exe"" -arg4 /c ""do_something""",C:\Users\alice\AppData\Local\Temp\bd7a74bb.tmp,40db68a3c717b33a638ec359a077be5df997fb5123120aed5f0551d054d2fdbb,File encryption/ransomware activity observed (file renames & extensions).,Impact,Ransomware,T1486,Mass file modifications and suspicious file extensions.
304,2025-07-28 04:33:44,WIN-HOST-071,4624,Microsoft-Windows-Security-Auditing,Information,svc_sql,184.225.159.86,C:\Windows\System32\svchost.exe,"""C:\Windows\System32\svchost.exe"" -arg3 /c ""do_something""",C:\Users\svc_sql\AppData\Local\Temp\b2d38615.tmp,5537f24a9ac412455e042d024d81c1d424a09bd485910a51e643e902c9a9dc6b,An account was successfully logged on.,Collection,Input Capture,T1056,
305,2025-07-31 02:27:32,WIN-HOST-056,5145,Microsoft-Windows-Security-Auditing,Information,Guest,235.5.63.196,C:\Windows\System32\cmd.exe,"""C:\Windows\System32\cmd.exe"" -arg2 /c ""do_something""",C:\Users\Guest\AppData\Local\Temp\870cd970.tmp,55c88e179d90ffca8e47729a53d1bae3bec668208cd3f3f1f5dcd9c3ef753e34,Access to ADMIN$ share or C$ share.,Lateral Movement,Windows Admin Shares,T1021.002,Possible lateral movement using admin shares.
306,2025-08-30 05:28:23,WIN-HOST-080,7045,Service Control Manager,Information,bob,208.177.227.235,C:\Program Files\7-Zip\7z.exe,"""C:\Program Files\7-Zip\7z.exe"" -arg4 /c ""do_something""",C:\Users\bob\AppData\Local\Temp\03ffa233.tmp,4d148fa4d1766dbd3e45be54be24c156a6bc7089279ac8994b49ba04ceeab8ab,A service was installed in the system.,Privilege Escalation,Exploitation for Privilege Escalation,T1068,
307,2025-08-12 15:26:02,WIN-HOST-052,11,Microsoft-Windows-Security-Auditing,Warning,alice,57.209.199.255,C:\Program Files\Mozilla Firefox\firefox.exe,"""C:\Program Files\Mozilla Firefox\firefox.exe"" -arg1 /c ""do_something""",C:\Users\alice\AppData\Local\Temp\4ebacb93.tmp,e536da1056e41bba2ded6f5971eea97469f24cf8e92e6220102dd937e36e0a65,File encryption/ransomware activity observed (file renames & extensions).,Impact,Ransomware,T1486,Mass file modifications and suspicious file extensions.
308,2025-07-16 18:20:36,WIN-HOST-005,7,Microsoft-Windows-Sysmon,Warning,Administrator,97.23.114.112,C:\Windows\System32\taskhostw.exe,"""C:\Windows\System32\taskhostw.exe"" -arg4 /c ""do_something""",C:\Users\Administrator\AppData\Local\Temp\bf47d956.tmp,08c73261502531ed9193ed74a17258015289e67a6259e241d5ee3ec2d99cf4eb,Image loaded (DLL).,Collection,Input Capture,T1056,
309,2025-07-18 00:58:35,WIN-HOST-002,5156,Microsoft-Windows-Security-Auditing,Information,Guest,200.204.226.194,C:\Windows\System32\cmd.exe,"""C:\Windows\System32\cmd.exe"" -arg1 /c ""do_something""",C:\Users\Guest\AppData\Local\Temp\329b8e2d.tmp,b3d24288950e19fdab47352afd09a9edbaa6e3b6845b626e5c7aaa655c1e770b,Encrypted outbound connection established.,Command and Control,Encrypted Channel,T1573,Potential C2 channel over TLS.
310,2025-08-28 08:04:11,WIN-HOST-073,7045,Service Control Manager,Information,alice,236.243.32.83,C:\Program Files\7-Zip\7z.exe,"""C:\Program Files\7-Zip\7z.exe"" -arg5 /c ""do_something""",C:\Users\alice\AppData\Local\Temp\43f5eb8f.tmp,29b343a7a0f363a39e95b3bba4abfc14b8d5e8502e15e291e48afa67d28a81d4,A service was installed in the system.,Privilege Escalation,Valid Accounts,T1078,
311,2025-07-15 23:12:05,WIN-HOST-005,4627,Microsoft-Windows-Security-Auditing,Information,Guest,210.38.168.179,C:\Program Files\OpenSSH\ssh.exe,"""C:\Program Files\OpenSSH\ssh.exe"" -arg1 /c ""do_something""",C:\Users\Guest\AppData\Local\Temp\5fdbb9eb.tmp,d8558c794bc79a2beb20ee8cb35ea4b13cbcabdd6f8ac37b6060cf41bd34accf,Group membership information.,Credential Access,Input Capture: Keylogging,T1056.001,
312,2025-09-02 02:10:14,WIN-HOST-073,4688,Microsoft-Windows-Eventlog,Warning,svc_backup,138.98.76.189,C:\Windows\System32\rundll32.exe,"""C:\Windows\System32\taskhostw.exe"" -arg6 /c ""do_something""",C:\Users\svc_backup\AppData\Local\Temp\c6e31e57.tmp,1485ca20997d4922a49958e0cf13d8bbbe8cb5bfd57aaa99bb1443bf9f1a012f,Attempt to read LSASS memory process or dump credentials detected.,Credential Access,Credential Dumping,T1003,Possible Mimikatz-like activity: access to lsass.exe memory.
313,2025-07-12 22:29:50,WIN-HOST-011,3,Microsoft-Windows-Sysmon,Error,bob,13.191.12.175,C:\Program Files\OpenSSH\ssh.exe,"""C:\Program Files\OpenSSH\ssh.exe"" -arg2 /c ""do_something""",C:\Users\bob\AppData\Local\Temp\a51b7572.tmp,2ff71adf3883637348651b25772dfc757b732fa277235236d79381ff3963ac41,Network scanning activity detected.,Discovery,Network Service Scanning,T1046,Port/protocol scanning pattern observed.
314,2025-07-21 02:33:42,WIN-HOST-079,5156,Microsoft-Windows-Security-Auditing,Information,krbtgt,83.141.107.140,C:\Windows\System32\taskhostw.exe,"""C:\Windows\System32\taskhostw.exe"" -arg3 /c ""do_something""",C:\Users\krbtgt\AppData\Local\Temp\f7efbfd2.tmp,9fcfa181d285d39834b2ee734dd6a087a5f9092be2fb945c8c16ea88e82d7c69,Mass deletion of files detected.,Impact,Data Destruction,T1485,Data destruction activity suspected.
315,2025-08-05 02:50:57,WIN-HOST-063,7045,Microsoft-Windows-Sysmon,Error,svc_backup,96.27.251.203,C:\Windows\System32\sc.exe,"""C:\Program Files\OpenSSH\ssh.exe"" -arg6 /c ""do_something""",C:\Users\svc_backup\AppData\Local\Temp\714ccdc1.tmp,27a0e354fdfd3b5359ecd0938a2895c8454e7d16ec8764343cc6bd7a880de371,Service installation detected.,Persistence,Create or Modify System Process,T1543,Service created - could be persistence.
316,2025-07-15 17:13:48,WIN-HOST-049,4627,Microsoft-Windows-Security-Auditing,Information,Administrator,204.77.88.25,C:\Program Files\7-Zip\7z.exe,"""C:\Program Files\7-Zip\7z.exe"" -arg1 /c ""do_something""",C:\Users\Administrator\AppData\Local\Temp\6d32bcc7.tmp,b1d72e5cfc13dca1623ac7a874ac54a0a9121e2353b24646529007a74cf065c2,Group membership information.,Impact,Service Stop,T1489,
317,2025-08-22 20:17:13,WIN-HOST-020,4625,Microsoft-Windows-Security-Auditing,Warning,svc_sql,189.90.12.158,C:\Windows\System32\WindowsPowerShell\v1.0\powershell.exe,"""C:\Windows\System32\WindowsPowerShell\v1.0\powershell.exe"" -arg3 /c ""do_something""",C:\Users\svc_sql\AppData\Local\Temp\55435f07.tmp,b32794a9ad95f943d87e383bd64a8f07f029f03af0666ba0b9c81c832760ba6d,An account failed to log on.,Defense Evasion,Timestomping,T1099,
318,2025-09-08 23:26:56,WIN-HOST-001,4625,Microsoft-Windows-Security-Auditing,Warning,svc_updater,69.15.105.238,C:\Windows\System32\mpssvc.dll,"C:\Windows\System32\mpssvc.dll -ExecutionPolicy Bypass -NoProfile -WindowStyle Hidden -Command ""Invoke-Expression ...""",C:\Users\svc_updater\AppData\Local\Temp\ef38c48c.tmp,9a19be1fefb144ef25abe6188e6d02278bb01b62a70fd1589b00e332e5733ee4,Command executed via scripting engine.,Execution,PowerShell,T1059.001,Suspicious scripting activity; check base64 or obfuscation.
319,2025-08-07 00:27:07,WIN-HOST-058,4688,Microsoft-Windows-Security-Auditing,Information,bob,131.47.82.196,C:\Program Files\Git\bin\bash.exe,"C:\Program Files\Git\bin\bash.exe -ExecutionPolicy Bypass -NoProfile -WindowStyle Hidden -Command ""Invoke-Expression ...""",C:\Users\bob\AppData\Local\Temp\ac8c48da.tmp,7c72d0cd5159be67bbd5aa7878cd0a655ec591d13fb60eb24d9d20eb2ecbbff9,Command executed via scripting engine.,Execution,Command and Scripting Interpreter,T1059,Suspicious scripting activity; check base64 or obfuscation.
320,2025-08-14 12:01:37,WIN-HOST-071,3001,Microsoft-Windows-InternetExplorer,Warning,Administrator,221.28.162.103,C:\Program Files\OpenSSH\ssh.exe,"""C:\Program Files\OpenSSH\ssh.exe"" -arg3 /c ""do_something""",C:\Users\Administrator\AppData\Local\Temp\b3467d48.tmp,ec88a678cac3dec339c6359b7597657a0f15e9cf1a6e1dad7949371972abbdc9,User clicked on compromised web resource.,Initial Access,Drive-by Compromise,T1189,Possible drive-by compromise.
321,2025-08-11 05:04:07,WIN-HOST-011,5145,Microsoft-Windows-Security-Auditing,Information,bob,97.119.167.113,C:\Program Files\Mozilla Firefox\firefox.exe,"C:\Program Files\Mozilla Firefox\firefox.exe -ExecutionPolicy Bypass -NoProfile -WindowStyle Hidden -Command ""Invoke-Expression ...""",C:\Users\bob\AppData\Local\Temp\952dceb5.tmp,6a062137c6e16db05cb86cf7c939d707dd477d156a78adedd6b9e58a37689d0d,Command executed via scripting engine.,Execution,PowerShell,T1059.001,Suspicious scripting activity; check base64 or obfuscation.
322,2025-08-22 19:16:26,WIN-HOST-064,1102,Microsoft-Windows-Eventlog,Warning,Guest,42.206.26.169,C:\Windows\System32\cmd.exe,"""C:\Windows\System32\cmd.exe"" -arg4 /c ""do_something""",C:\Users\Guest\AppData\Local\Temp\bb42528e.tmp,4c91bc1056e442f70089f61230517a51e497f5bc4184feed8488cdcb60ebb708,The audit log was cleared.,Privilege Escalation,Exploitation for Privilege Escalation,T1068,
323,2025-08-01 20:21:59,WIN-HOST-010,1102,Microsoft-Windows-Eventlog,Warning,john.doe,241.184.141.101,C:\Program Files\7-Zip\7z.exe,"""C:\Program Files\7-Zip\7z.exe"" -arg6 /c ""do_something""",C:\Users\john.doe\AppData\Local\Temp\1763875b.tmp,281c5699e0a3339a0e680b1968dc7407afab91df08d347966773d83ea956f9b9,The audit log was cleared.,Impact,System Shutdown/Reboot,T1529,
324,2025-07-22 05:02:16,WIN-HOST-079,4672,Microsoft-Windows-Security-Auditing,Information,svc_backup,27.98.138.157,C:\Windows\System32\mpssvc.dll,"""C:\Windows\System32\mpssvc.dll"" -arg1 /c ""do_something""",C:\Users\svc_backup\AppData\Local\Temp\69b308dc.tmp,bfe0c9c436740fb801d2c896f203ceb5418075ea90d292ec5ba9cafda01ce878,Obfuscated script or binary detected.,Defense Evasion,Obfuscated Files or Information,T1027,Base64-heavy command line or packed binary.
325,2025-08-16 14:35:06,WIN-HOST-080,3,Microsoft-Windows-Security-Auditing,Information,svc_sql,112.178.115.4,C:\Program Files\OpenSSH\ssh.exe,"""C:\Program Files\OpenSSH\ssh.exe"" -arg6 /c ""do_something""",C:\Users\svc_sql\AppData\Local\Temp\6cffd3d0.tmp,8268b9a4f1ed46b3420663dd48fc67a3c63796c343039ecd46b90598d63f336f,Network scanning activity detected.,Discovery,Network Service Scanning,T1046,Port/protocol scanning pattern observed.
326,2025-08-17 17:30:11,WIN-HOST-078,1102,Microsoft-Windows-Eventlog,Warning,svc_backup,80.110.80.199,C:\Windows\System32\mpssvc.dll,"""C:\Windows\System32\mpssvc.dll"" -arg4 /c ""do_something""",C:\Users\svc_backup\AppData\Local\Temp\b5ac6363.tmp,378c1020b27a3c54ac278291bcd30017be54e6bf90e988d1e9f03a7718709b42,The audit log was cleared.,Persistence,Boot or Logon Autostart Execution,T1547,
327,2025-08-20 13:35:01,WIN-HOST-063,5156,Microsoft-Windows-Security-Auditing,Information,krbtgt,83.109.71.215,C:\Program Files\Mozilla Firefox\firefox.exe,"""C:\Program Files\Mozilla Firefox\firefox.exe"" -arg4 /c ""do_something""",C:\Users\krbtgt\AppData\Local\Temp\eb1755b8.tmp,5e323f06dcd845b77a540ce8e2dbc95b2f0a2dae69be0d3dfd6d56b435bd2f9d,Windows Filtering Platform has permitted a connection.,Privilege Escalation,Exploitation for Privilege Escalation,T1068,
328,2025-09-06 19:19:45,WIN-HOST-073,5156,Microsoft-Windows-Security-Auditing,Information,svc_backup,186.42.167.186,C:\Program Files\Git\bin\bash.exe,"""C:\Program Files\Git\bin\bash.exe"" -arg6 /c ""do_something""",C:\Users\svc_backup\AppData\Local\Temp\7ae0c606.tmp,18d595c16233af2b86da0658e522823d9071d5fb24d10f6c4bee3995f8d1e9f4,Windows Filtering Platform has permitted a connection.,Persistence,Boot or Logon Autostart Execution,T1547,
329,2025-08-06 07:01:59,WIN-HOST-038,7045,Service Control Manager,Information,Administrator,172.72.67.102,C:\Windows\System32\taskhostw.exe,"C:\Windows\System32\taskhostw.exe -ExecutionPolicy Bypass -NoProfile -WindowStyle Hidden -Command ""Invoke-Expression ...""",C:\Users\Administrator\AppData\Local\Temp\8239b5c2.tmp,6bc7c74b63540b97748d677b03c10a2cfe5389451398865c663e3a15b5422f36,Command executed via scripting engine.,Execution,PowerShell,T1059.001,Suspicious scripting activity; check base64 or obfuscation.
330,2025-08-25 08:45:25,WIN-HOST-033,1102,Microsoft-Windows-Eventlog,Warning,IIS_APPPOOL\DefaultAppPool,183.25.187.104,C:\Windows\System32\WindowsPowerShell\v1.0\powershell.exe,"""C:\Windows\System32\WindowsPowerShell\v1.0\powershell.exe"" -arg4 /c ""do_something""",C:\Users\IIS_APPPOOL\DefaultAppPool\AppData\Local\Temp\ebb760be.tmp,caa09062430c7cb18afe6b64f302005dc921d915cc8f01f5822fef21df9bbddf,The audit log was cleared.,Defense Evasion,Masquerading,T1036,
331,2025-08-05 06:18:21,WIN-HOST-077,4625,Microsoft-Windows-Security-Auditing,Warning,alice,247.234.230.110,C:\Windows\System32\taskhostw.exe,"""C:\Windows\System32\taskhostw.exe"" -arg5 /c ""do_something""",C:\Users\alice\AppData\Local\Temp\c6667ba0.tmp,4894c908fd165967a245df7be85aa32928c1f3a1a1de1b56ffaab4d72527df02,An account failed to log on.,Impact,Service Stop,T1489,
332,2025-07-17 21:38:21,WIN-HOST-011,4627,Microsoft-Windows-Security-Auditing,Information,Administrator,90.225.219.173,C:\Program Files\Mozilla Firefox\firefox.exe,"""C:\Program Files\Mozilla Firefox\firefox.exe"" -arg5 /c ""do_something""",C:\Users\Administrator\AppData\Local\Temp\faf55cdb.tmp,62a34693a80b45d70327a6cbd1f57ba00d132d3451c1497a2bdd6ed7927a2931,Mass deletion of files detected.,Impact,Data Destruction,T1485,Data destruction activity suspected.
333,2025-07-25 04:18:31,WIN-HOST-052,4624,Microsoft-Windows-Security-Auditing,Information,john.doe,27.31.46.177,C:\Windows\System32\taskhostw.exe,"C:\Windows\System32\taskhostw.exe -ExecutionPolicy Bypass -NoProfile -WindowStyle Hidden -Command ""Invoke-Expression ...""",C:\Users\john.doe\AppData\Local\Temp\7c3c6fb3.tmp,d327824832b9831a59515d3f73ff26d4ee250f42812dbfcfd367e979a393b2c8,Command executed via scripting engine.,Execution,Command and Scripting Interpreter,T1059,Suspicious scripting activity; check base64 or obfuscation.
334,2025-07-30 06:44:43,WIN-HOST-067,7,Service Control Manager,Information,bob,114.30.139.31,C:\Windows\System32\rundll32.exe,"""C:\Program Files\Mozilla Firefox\firefox.exe"" -arg4 /c ""do_something""",C:\Users\bob\AppData\Local\Temp\5d21b2cb.tmp,279ba954df0ce3a89708ca0fae452728284c6f0f8e99d9d30ba35854eefcf62b,Attempt to read LSASS memory process or dump credentials detected.,Credential Access,Credential Dumping,T1003,Possible Mimikatz-like activity: access to lsass.exe memory.
335,2025-07-12 19:52:18,WIN-HOST-065,4627,Microsoft-Windows-Security-Auditing,Information,Guest,255.105.114.61,C:\Program Files\OpenSSH\ssh.exe,"""C:\Program Files\OpenSSH\ssh.exe"" -arg1 /c ""do_something""",C:\Users\Guest\AppData\Local\Temp\0fe10e60.tmp,c1dfcd82e9bc20d075ace761ee3bd8f5a971deed6fa4e7040020f70aa7714c93,Group membership information.,Lateral Movement,Remote Services,T1021,
336,2025-08-08 11:24:51,WIN-HOST-011,1102,Microsoft-Windows-Eventlog,Warning,Administrator,89.44.17.7,C:\Windows\System32\WindowsPowerShell\v1.0\powershell.exe,"""C:\Windows\System32\WindowsPowerShell\v1.0\powershell.exe"" -arg4 /c ""do_something""",C:\Users\Administrator\AppData\Local\Temp\f3038ba1.tmp,00fdc7fbeab28537bb32061805dfa31681dc5f78e6035af94ea309b9f1e51a07,The audit log was cleared.,Defense Evasion,Timestomping,T1099,
337,2025-08-28 18:40:17,WIN-HOST-067,11,Microsoft-Windows-Sysmon,Error,alice,121.229.201.170,C:\Program Files\OpenSSH\ssh.exe,"""C:\Program Files\OpenSSH\ssh.exe"" -arg6 /c ""do_something""",C:\Users\alice\AppData\Local\Temp\64c36a5d.tmp,d3cf2028362078ce87558ddbce764a1d1601e8d8d70620897648ff64a9161b45,File created.,Discovery,System Network Connections Discovery,T1049,
338,2025-08-04 22:25:43,WIN-HOST-041,3001,Microsoft-Windows-InternetExplorer,Information,Administrator,181.245.156.176,C:\Program Files\7-Zip\7z.exe,"""C:\Program Files\7-Zip\7z.exe"" -arg3 /c ""do_something""",C:\Users\Administrator\AppData\Local\Temp\18e30251.tmp,f06bd2a46eebadc971111880fce2ba58f3a1af15dc18484601e8e3da5900d190,User clicked on compromised web resource.,Initial Access,Drive-by Compromise,T1189,Possible drive-by compromise.
339,2025-09-07 05:52:25,WIN-HOST-022,1,Microsoft-Windows-Sysmon,Information,svc_backup,40.254.167.97,C:\Program Files\Git\bin\bash.exe,"""C:\Program Files\Git\bin\bash.exe"" -arg4 /c ""do_something""",C:\Users\svc_backup\AppData\Local\Temp\6e4f2b19.tmp,ca159fb69829599f4d56ba9d713994cb2181ee10a7825fdf217a929d4d3bdbe5,Process Create.,Collection,Input Capture,T1056,
340,2025-08-26 08:26:40,WIN-HOST-052,7,Microsoft-Windows-Security-Auditing,Information,IIS_APPPOOL\DefaultAppPool,168.69.84.195,C:\Windows\System32\rundll32.exe,"""C:\Windows\System32\WindowsPowerShell\v1.0\powershell.exe"" -arg1 /c ""do_something""",C:\Users\IIS_APPPOOL\DefaultAppPool\AppData\Local\Temp\16a781ce.tmp,3c406c26edd128d0e1c6550575de4cc25e3c3190800710b9d92da7495de886f9,Attempt to read LSASS memory process or dump credentials detected.,Credential Access,Credential Dumping,T1003,Possible Mimikatz-like activity: access to lsass.exe memory.
341,2025-06-24 02:56:28,WIN-HOST-026,4627,Microsoft-Windows-Security-Auditing,Information,alice,99.138.189.246,C:\Windows\System32\taskhostw.exe,"""C:\Windows\System32\taskhostw.exe"" -arg2 /c ""do_something""",C:\Users\alice\AppData\Local\Temp\d7e9ddfd.tmp,317c4b7cb1258c0ede479d4b5aa1e7a38d34fb1e54b4bffd15d943b931f838a6,Group membership information.,Impact,Service Stop,T1489,
342,2025-08-21 20:07:00,WIN-HOST-009,4625,Service Control Manager,Information,krbtgt,137.113.142.234,C:\Windows\System32\cmd.exe,"""C:\Windows\System32\cmd.exe"" -arg3 /c ""do_something""",C:\Users\krbtgt\AppData\Local\Temp\0509b4f7.tmp,5bb85e9bc685018f23ecde86cf8fa0952b1f5866bb18c90bc84f02f00da2d6f0,Multiple failed logon attempts detected.,Credential Access,Brute Force,T1110,Failed logon count: 9
343,2025-09-06 19:10:22,WIN-HOST-034,4672,Microsoft-Windows-Security-Auditing,Information,IIS_APPPOOL\DefaultAppPool,163.156.158.198,C:\Windows\System32\mpssvc.dll,"""C:\Windows\System32\mpssvc.dll"" -arg4 /c ""do_something""",C:\Users\IIS_APPPOOL\DefaultAppPool\AppData\Local\Temp\a642ae23.tmp,abce73a340e44aaf54dc6aacf1ae47dcd176e0d82fadbc06e9576c65fdc5413c,Special privileges assigned to new logon.,Exfiltration,Exfiltration Over C2 Channel,T1041,
344,2025-08-10 18:00:48,WIN-HOST-076,4627,Microsoft-Windows-Security-Auditing,Information,Administrator,204.244.255.176,C:\Program Files\OpenSSH\ssh.exe,"""C:\Program Files\OpenSSH\ssh.exe"" -arg5 /c ""do_something""",C:\Users\Administrator\AppData\Local\Temp\4a304d53.tmp,655df5c695b2d948f81d6ba16ef0f05c2f219aaed5d94d39b82fdb160e67fa50,Group membership information.,Credential Access,Input Capture: Keylogging,T1056.001,
345,2025-09-09 15:13:14,WIN-HOST-018,4627,Microsoft-Windows-Security-Auditing,Information,john.doe,61.19.26.61,C:\Windows\System32\cmd.exe,"C:\Windows\System32\cmd.exe -ExecutionPolicy Bypass -NoProfile -WindowStyle Hidden -Command ""Invoke-Expression ...""",C:\Users\john.doe\AppData\Local\Temp\cc47c596.tmp,9fc60fcbfe0b93c6064b6cdb2b113c967836ed530546ac9c1491cdd87dea1652,Command executed via scripting engine.,Execution,Command and Scripting Interpreter,T1059,Suspicious scripting activity; check base64 or obfuscation.
