575,2025-08-29 05:12:03,WIN-HOST-067,4624,Microsoft-Windows-Security-Auditing,Information,bob,211.150.111.10,C:\Windows\System32\taskhostw.exe,"""C:\Windows\System32\taskhostw.exe"" -arg1 /c ""do_something""",C:\Users\bob\AppData\Local\Temp\a08c006c.tmp,390142266a8471f75d89aa689a0c172c2635d70070b3ad77e68a1a40f3c94b95,An account was successfully logged on.,Exfiltration,Exfiltration Over C2 Channel,T1041,
576,2025-08-02 15:51:05,WIN-HOST-079,4688,Microsoft-Windows-Security-Auditing,Information,krbtgt,192.156.46.190,C:\Windows\System32\svchost.exe,"""C:\Windows\System32\svchost.exe"" -arg4 /c ""do_something""",C:\Users\krbtgt\AppData\Local\Temp\a868d1e5.tmp,546182162a0a90824829917f5c848ea013a4bdd09d45f8856771af14e3b112bb,A new process has been created.,Initial Access,Exploit Public-Facing Application,T1190,
577,2025-09-05 05:01:08,WIN-HOST-078,5145,Microsoft-Windows-Sysmon,Information,bob,166.52.13.26,C:\Windows\System32\svchost.exe,"""C:\Windows\System32\svchost.exe"" -arg4 /c ""do_something""",C:\Users\bob\AppData\Local\Temp\66861cb9.tmp,356b1161f925d1a67eaf60dfe5a6eacd02fc814e1bd65a8041a85270f6f96bed,Access to ADMIN$ share or C$ share.,Lateral Movement,Windows Admin Shares,T1021.002,Possible lateral movement using admin shares.
578,2025-06-24 22:13:07,WIN-HOST-006,5156,Microsoft-Windows-Security-Auditing,Information,bob,205.99.139.168,C:\Windows\System32\taskhostw.exe,"""C:\Windows\System32\taskhostw.exe"" -arg4 /c ""do_something""",C:\Users\bob\AppData\Local\Temp\526f859e.tmp,50a0537780f3c4e92336454268810581973bc34d1967eed38b29afa8db61d809,Windows Filtering Platform has permitted a connection.,Defense Evasion,Masquerading,T1036,
579,2025-07-22 16:07:32,WIN-HOST-074,5156,Microsoft-Windows-Security-Auditing,Information,Administrator,34.70.41.205,C:\Windows\System32\taskhostw.exe,"""C:\Windows\System32\taskhostw.exe"" -arg2 /c ""do_something""",C:\Users\Administrator\AppData\Local\Temp\0f663f0e.tmp,4f961097343b5977725f3a4aaf24bbfa20e63742dcbd3fc973a24d56b4ce76f0,Windows Filtering Platform has permitted a connection.,Lateral Movement,Remote Services,T1021,
580,2025-06-26 10:58:05,WIN-HOST-011,1,Microsoft-Windows-Sysmon,Information,svc_updater,104.157.18.5,C:\Program Files\Git\bin\bash.exe,"""C:\Program Files\Git\bin\bash.exe"" -arg1 /c ""do_something""",C:\Users\svc_updater\AppData\Local\Temp\6de63b26.tmp,dc361f855a72bcb1fb453d3279a192202c09c2e93ae26b9c1cacf2b83741a967,Scheduled task created or executed.,Persistence,Scheduled Task/Job,T1053,Persistence via scheduled task.
581,2025-07-03 05:13:10,WIN-HOST-001,3,Microsoft-Windows-Sysmon,Information,krbtgt,1.215.120.49,C:\Program Files\Git\bin\bash.exe,"""C:\Program Files\Git\bin\bash.exe"" -arg2 /c ""do_something""",C:\Users\krbtgt\AppData\Local\Temp\cd448aba.tmp,2e93ceaf64dbaefac0648ef0f39733c0c890a473be659472ea7b8ddf1df325a0,Mass deletion of files detected.,Impact,Data Destruction,T1485,Data destruction activity suspected.
582,2025-07-01 18:34:56,WIN-HOST-041,5156,Microsoft-Windows-Sysmon,Information,svc_sql,27.73.9.182,C:\Program Files\OpenSSH\ssh.exe,"""C:\Program Files\OpenSSH\ssh.exe"" -arg6 /c ""do_something""",C:\Users\svc_sql\AppData\Local\Temp\538d5e43.tmp,116e0bcab852dfd584f363d2974ddac1b95f5b0136f3c364773b2c62b38da087,Network scanning activity detected.,Discovery,Network Service Scanning,T1046,Port/protocol scanning pattern observed.
583,2025-06-26 20:27:59,WIN-HOST-069,1102,Microsoft-Windows-Eventlog,Warning,svc_sql,156.164.54.77,C:\Program Files\OpenSSH\ssh.exe,"""C:\Program Files\OpenSSH\ssh.exe"" -arg4 /c ""do_something""",C:\Users\svc_sql\AppData\Local\Temp\0adc141a.tmp,05ef085356b73f6321a4c3e4cce63d724387fa23145bba2cb9ec4c73790af406,File encryption/ransomware activity observed (file renames & extensions).,Impact,Ransomware,T1486,Mass file modifications and suspicious file extensions.
584,2025-07-26 06:12:34,WIN-HOST-072,5145,Microsoft-Windows-Security-Auditing,Information,alice,142.14.171.183,C:\Windows\System32\WindowsPowerShell\v1.0\powershell.exe,"""C:\Windows\System32\WindowsPowerShell\v1.0\powershell.exe"" -arg3 /c ""do_something""",C:\Users\alice\AppData\Local\Temp\804451cd.tmp,b2eecd693c09d1110861c8a46f045d2eb7c7366933c523b82f2c96da70426fd7,A network share object was checked to see whether client can be granted desired access.,Privilege Escalation,Exploitation for Privilege Escalation,T1068,
585,2025-08-15 10:17:55,WIN-HOST-051,4627,Microsoft-Windows-Security-Auditing,Information,Guest,191.112.192.66,C:\Windows\System32\cmd.exe,"""C:\Windows\System32\cmd.exe"" -arg6 /c ""do_something""",C:\Users\Guest\AppData\Local\Temp\f24a6259.tmp,ea437138037a9234d7cc1fa94b83b3d8fb4def66543adefb14200622bcf65444,Group membership information.,Discovery,System Network Connections Discovery,T1049,
586,2025-09-08 03:02:27,WIN-HOST-028,4688,Microsoft-Windows-Security-Auditing,Information,bob,201.60.156.198,C:\Windows\System32\taskhostw.exe,"""C:\Windows\System32\taskhostw.exe"" -arg5 /c ""do_something""",C:\Users\bob\AppData\Local\Temp\695895a0.tmp,a211ea17a315043b97d9a76a559b89a7c4f3e87c30f7a3cd61ccd247186ba937,A new process has been created.,Defense Evasion,Masquerading,T1036,
587,2025-07-12 04:26:44,WIN-HOST-007,4627,Microsoft-Windows-Security-Auditing,Information,Guest,37.52.62.133,C:\Windows\System32\taskhostw.exe,"""C:\Windows\System32\taskhostw.exe"" -arg5 /c ""do_something""",C:\Users\Guest\AppData\Local\Temp\a0d45dfc.tmp,0a78d61eb35637399a6debdf68466d8fe468cf78c46414c769bd06f6330e1a7c,Group membership information.,Credential Access,Input Capture: Keylogging,T1056.001,
588,2025-09-09 07:19:28,WIN-HOST-009,5145,Microsoft-Windows-Security-Auditing,Information,svc_updater,94.239.13.30,C:\Program Files\Mozilla Firefox\firefox.exe,"""C:\Program Files\Mozilla Firefox\firefox.exe"" -arg1 /c ""do_something""",C:\Users\svc_updater\AppData\Local\Temp\87ead9ae.tmp,3d546d41b56920e12218c83156e02d283c04850d692b30c72e306b2884be6fba,A network share object was checked to see whether client can be granted desired access.,Exfiltration,Exfiltration Over C2 Channel,T1041,
589,2025-08-11 13:09:45,WIN-HOST-052,3001,Microsoft-Windows-InternetExplorer,Information,krbtgt,126.142.237.18,C:\Program Files\Git\bin\bash.exe,"""C:\Program Files\Git\bin\bash.exe"" -arg2 /c ""do_something""",C:\Users\krbtgt\AppData\Local\Temp\1b1058c5.tmp,6fd7df523ace4635177c31435a8ba938d72ea4b129bf0dc5aa60ebbe14a04e95,User clicked on compromised web resource.,Initial Access,Drive-by Compromise,T1189,Possible drive-by compromise.
590,2025-07-16 02:03:21,WIN-HOST-067,7,Microsoft-Windows-Sysmon,Warning,svc_updater,9.59.77.114,C:\Program Files\Mozilla Firefox\firefox.exe,"""C:\Program Files\Mozilla Firefox\firefox.exe"" -arg6 /c ""do_something""",C:\Users\svc_updater\AppData\Local\Temp\5cbca722.tmp,e3cff7a39ef4ad56550b7fd051692a0e2483b0b10da889a84087d4923f21dd96,Image loaded (DLL).,Persistence,Service Registry Permissions Weakness,T1547.001,
591,2025-09-02 13:50:03,WIN-HOST-012,5156,Microsoft-Windows-Security-Auditing,Information,svc_updater,101.40.25.112,C:\Windows\System32\taskhostw.exe,"""C:\Windows\System32\taskhostw.exe"" -arg2 /c ""do_something""",C:\Users\svc_updater\AppData\Local\Temp\ff0e1191.tmp,104bbe3a83e350c99dbe06cd0a2bea9101c743c9cef2e1856769b96e07e6d9c5,Encrypted outbound connection established.,Command and Control,Encrypted Channel,T1573,Potential C2 channel over TLS.
592,2025-07-11 13:08:57,WIN-HOST-009,3,Microsoft-Windows-Sysmon,Information,Administrator,89.28.197.36,C:\Program Files\Git\bin\bash.exe,"""C:\Program Files\Git\bin\bash.exe"" -arg3 /c ""do_something""",C:\Users\Administrator\AppData\Local\Temp\a9064ee6.tmp,358f8dadeb5709c1ebdf39a0abb116b47f8906bf8292da5d0063f908d917c476,Network Connection detected.,Persistence,Boot or Logon Autostart Execution,T1547,
593,2025-07-20 23:46:41,WIN-HOST-025,7045,Service Control Manager,Information,alice,147.45.22.72,C:\Windows\System32\taskhostw.exe,"""C:\Windows\System32\taskhostw.exe"" -arg2 /c ""do_something""",C:\Users\alice\AppData\Local\Temp\bd73f090.tmp,c314fe72514613d13451c8337d6d97901abd797243f23ed9a0cf8f40113b19ad,A service was installed in the system.,Privilege Escalation,Exploitation for Privilege Escalation,T1068,
594,2025-07-30 17:05:13,WIN-HOST-014,5145,Microsoft-Windows-Security-Auditing,Information,bob,128.207.177.219,C:\Windows\System32\cmd.exe,"""C:\Windows\System32\cmd.exe"" -arg1 /c ""do_something""",C:\Users\bob\AppData\Local\Temp\cdcd09ea.tmp,bf9b86b96ffe0c857fa38cee03b778f1262f3eb03337b2c6610a4cc408b7c58e,A network share object was checked to see whether client can be granted desired access.,Defense Evasion,Timestomping,T1099,
595,2025-07-30 00:39:45,WIN-HOST-033,11,Microsoft-Windows-Sysmon,Error,bob,177.182.142.205,C:\Program Files\7-Zip\7z.exe,"""C:\Program Files\7-Zip\7z.exe"" -arg4 /c ""do_something""",C:\Users\bob\AppData\Local\Temp\ed22bbb1.tmp,01aff758f7e3de29989f8eb30a7344abdd38fc20c8fe00f83a4fb5d39e95c81b,File created.,Persistence,Boot or Logon Autostart Execution,T1547,
596,2025-08-01 21:46:04,WIN-HOST-032,4627,Microsoft-Windows-Security-Auditing,Information,john.doe,174.124.253.20,C:\Windows\System32\mpssvc.dll,"""C:\Windows\System32\mpssvc.dll"" -arg5 /c ""do_something""",C:\Users\john.doe\AppData\Local\Temp\4009dd59.tmp,9245b1591863acd63d9564c7d0eb6e727fdc604325c6fa9b35ff0d0eef502943,Group membership information.,Privilege Escalation,Valid Accounts,T1078,
597,2025-09-15 04:58:31,WIN-HOST-062,7,Microsoft-Windows-Sysmon,Warning,Administrator,17.75.60.121,C:\Program Files\7-Zip\7z.exe,"""C:\Program Files\7-Zip\7z.exe"" -arg2 /c ""do_something""",C:\Users\Administrator\AppData\Local\Temp\03299f27.tmp,5fb4057dd0ef89c2f462cbe7260cc7d7d12412c9ff6826e8b90982bf4950c6da,Mass deletion of files detected.,Impact,Data Destruction,T1485,Data destruction activity suspected.
598,2025-07-11 18:50:54,WIN-HOST-030,5145,Microsoft-Windows-Sysmon,Information,john.doe,244.152.22.173,C:\Windows\System32\taskhostw.exe,"""C:\Windows\System32\taskhostw.exe"" -arg5 /c ""do_something""",C:\Users\john.doe\AppData\Local\Temp\64cc3d18.tmp,fe3122d655f079f14bf8aaf5f102d33d027d86d5905916bdebd255e0ac8cb3e6,Access to ADMIN$ share or C$ share.,Lateral Movement,Windows Admin Shares,T1021.002,Possible lateral movement using admin shares.
599,2025-07-11 19:40:53,WIN-HOST-034,4663,Microsoft-Windows-Security-Auditing,Information,svc_backup,23.207.119.95,C:\Program Files\7-Zip\7z.exe,"""C:\Program Files\7-Zip\7z.exe"" -arg6 /c ""do_something""",C:\Users\svc_backup\AppData\Local\Temp\8b536da5.tmp,3ed4559babffcdd9af9b8cee227d45cd202debbdd4b173bfc348f534378ecb65,File encryption/ransomware activity observed (file renames & extensions).,Impact,Ransomware,T1486,Mass file modifications and suspicious file extensions.
600,2025-07-26 00:30:30,WIN-HOST-023,4625,Microsoft-Windows-Security-Auditing,Warning,alice,90.129.118.42,C:\Program Files\OpenSSH\ssh.exe,"""C:\Program Files\OpenSSH\ssh.exe"" -arg5 /c ""do_something""",C:\Users\alice\AppData\Local\Temp\18c004e1.tmp,5f11bec19ce6516b141c9a780a89880d63d8b0f8446ce57fd275fe4667263e3b,An account failed to log on.,Privilege Escalation,Valid Accounts,T1078,
601,2025-08-31 02:47:18,WIN-HOST-025,1102,Microsoft-Windows-Eventlog,Warning,alice,67.241.155.88,C:\Program Files\Mozilla Firefox\firefox.exe,"""C:\Program Files\Mozilla Firefox\firefox.exe"" -arg2 /c ""do_something""",C:\Users\alice\AppData\Local\Temp\6ec813aa.tmp,5c40b64cc7bb1f35f2401643bc60093f20774953e57daadff215cade94882159,The audit log was cleared.,Persistence,Service Registry Permissions Weakness,T1547.001,
602,2025-08-24 14:52:28,WIN-HOST-080,7,Microsoft-Windows-Sysmon,Warning,john.doe,199.104.131.57,C:\Windows\System32\WindowsPowerShell\v1.0\powershell.exe,"C:\Windows\System32\WindowsPowerShell\v1.0\powershell.exe -ExecutionPolicy Bypass -NoProfile -WindowStyle Hidden -Command ""Invoke-Expression ...""",C:\Users\john.doe\AppData\Local\Temp\549aa2ef.tmp,ef5590bcefde7897daca6a5f5d8fb810423ca210f6c6f08e88a70f7e3f84d222,Command executed via scripting engine.,Execution,Command and Scripting Interpreter,T1059,Suspicious scripting activity; check base64 or obfuscation.
603,2025-07-15 10:49:01,WIN-HOST-064,1,Microsoft-Windows-Sysmon,Information,krbtgt,123.119.126.113,C:\Windows\System32\svchost.exe,"""C:\Windows\System32\svchost.exe"" -arg3 /c ""do_something""",C:\Users\krbtgt\AppData\Local\Temp\d791ff5a.tmp,51ed063716a258911e52fbc4a1327085b3022b14c483fd6908524d6fd2a2344f,Process Create.,Exfiltration,Exfiltration Over C2 Channel,T1041,
604,2025-06-22 15:55:59,WIN-HOST-074,7,Microsoft-Windows-Security-Auditing,Information,svc_updater,130.217.167.116,C:\Windows\System32\rundll32.exe,"""C:\Windows\System32\mpssvc.dll"" -arg2 /c ""do_something""",C:\Users\svc_updater\AppData\Local\Temp\4e294cc4.tmp,8d360c5f1237991e0758ba8bff664d91e895ee70ae66ce8fcbce3c6449e71f30,Attempt to read LSASS memory process or dump credentials detected.,Credential Access,Credential Dumping,T1003,Possible Mimikatz-like activity: access to lsass.exe memory.
605,2025-09-12 14:31:58,WIN-HOST-068,4688,Microsoft-Windows-Security-Auditing,Information,svc_sql,88.231.237.248,C:\Windows\System32\mpssvc.dll,"""C:\Windows\System32\mpssvc.dll"" -arg6 /c ""do_something""",C:\Users\svc_sql\AppData\Local\Temp\f7c8d7e4.tmp,c6df6b3c80f9e0b8dd55ccf9ad09acc1884e83aa55a365d123383c816d89d5a1,A new process has been created.,Discovery,File and Directory Discovery,T1083,
606,2025-08-31 21:23:34,WIN-HOST-059,11,Microsoft-Windows-Sysmon,Error,Administrator,117.199.47.182,C:\Program Files\Git\bin\bash.exe,"""C:\Program Files\Git\bin\bash.exe"" -arg1 /c ""do_something""",C:\Users\Administrator\AppData\Local\Temp\9a0257f0.tmp,c1240393c1b6e375c22ab6df165ffafc9928e2609f4c14d0b167d46f506a0260,File created.,Impact,Service Stop,T1489,
607,2025-07-14 09:55:59,WIN-HOST-027,4624,Microsoft-Windows-Security-Auditing,Information,svc_sql,83.79.201.109,C:\Windows\System32\cmd.exe,"""C:\Windows\System32\cmd.exe"" -arg3 /c ""do_something""",C:\Users\svc_sql\AppData\Local\Temp\717b7afb.tmp,481725d1b3e62172c2bf46b507fc0df294f72c6e2f3ad6ffd78c9c049a203493,An account was successfully logged on.,Exfiltration,Exfiltration Over C2 Channel,T1041,
608,2025-07-26 14:27:42,WIN-HOST-034,4625,Microsoft-Windows-Security-Auditing,Information,svc_backup,156.243.19.126,C:\Program Files\7-Zip\7z.exe,"""C:\Program Files\7-Zip\7z.exe"" -arg2 /c ""do_something""",C:\Users\svc_backup\AppData\Local\Temp\14741179.tmp,f18101d398dd2c06b3db4d9af65d385c80f14ce31fb7b307c2620a55f744ca5a,Multiple failed logon attempts detected.,Credential Access,Brute Force,T1110,Failed logon count: 18
609,2025-08-28 10:07:51,WIN-HOST-054,5145,Microsoft-Windows-Security-Auditing,Information,john.doe,218.181.29.85,C:\Program Files\OpenSSH\ssh.exe,"""C:\Program Files\OpenSSH\ssh.exe"" -arg4 /c ""do_something""",C:\Users\john.doe\AppData\Local\Temp\7807fac4.tmp,c68d936059c3bf50eacc9dbd81892440e34802166ec9fc9da05b45cef7fe5ebc,A network share object was checked to see whether client can be granted desired access.,Privilege Escalation,Exploitation for Privilege Escalation,T1068,
610,2025-07-24 09:13:33,WIN-HOST-017,4688,Microsoft-Windows-Security-Auditing,Information,krbtgt,208.110.204.188,C:\Program Files\Mozilla Firefox\firefox.exe,"""C:\Program Files\Mozilla Firefox\firefox.exe"" -arg3 /c ""do_something""",C:\Users\krbtgt\AppData\Local\Temp\548ed4ac.tmp,9a9dc51197f136cb7f760a8325a753ea4b3700650b4aba373403e176333f9e2f,A new process has been created.,Impact,System Shutdown/Reboot,T1529,
611,2025-08-25 23:14:28,WIN-HOST-072,11,Microsoft-Windows-Sysmon,Error,svc_sql,50.49.50.250,C:\Windows\System32\taskhostw.exe,"""C:\Windows\System32\taskhostw.exe"" -arg6 /c ""do_something""",C:\Users\svc_sql\AppData\Local\Temp\9890fb49.tmp,46fca668e10ac628cc4fd57e39d7d8ed94c72d5cc1c9a990a446593d80452924,File created.,Defense Evasion,Masquerading,T1036,
612,2025-08-02 22:34:03,WIN-HOST-002,4688,Microsoft-Windows-Security-Auditing,Information,Guest,127.229.164.182,C:\Windows\System32\taskhostw.exe,"""C:\Windows\System32\taskhostw.exe"" -arg6 /c ""do_something""",C:\Users\Guest\AppData\Local\Temp\b05b7309.tmp,79325cafabcecab8172de9d65c14907300d774a27941d72f68870523bb314c44,A new process has been created.,Privilege Escalation,Valid Accounts,T1078,
613,2025-07-28 00:26:15,WIN-HOST-041,4663,Microsoft-Windows-Security-Auditing,Information,alice,12.54.173.78,C:\Program Files\7-Zip\7z.exe,"C:\Program Files\7-Zip\7z.exe -ExecutionPolicy Bypass -NoProfile -WindowStyle Hidden -Command ""Invoke-Expression ...""",C:\Users\alice\AppData\Local\Temp\8a8193f6.tmp,16ade04594b08311cbe8bc78bae220330da18616373429a768436a4785093c41,Command executed via scripting engine.,Execution,Command and Scripting Interpreter,T1059,Suspicious scripting activity; check base64 or obfuscation.
614,2025-09-12 00:48:44,WIN-HOST-028,4688,Microsoft-Windows-Security-Auditing,Information,svc_updater,24.167.61.148,C:\Windows\System32\mpssvc.dll,"""C:\Windows\System32\mpssvc.dll"" -arg3 /c ""do_something""",C:\Users\svc_updater\AppData\Local\Temp\1b884ed1.tmp,2080c6a520bef5bd161fca989887253dedb723f888004519c64aa96c65a4ee08,A new process has been created.,Impact,System Shutdown/Reboot,T1529,
615,2025-08-13 19:36:17,WIN-HOST-047,3001,Microsoft-Windows-InternetExplorer,Warning,bob,65.249.153.74,C:\Program Files\Git\bin\bash.exe,"""C:\Program Files\Git\bin\bash.exe"" -arg4 /c ""do_something""",C:\Users\bob\AppData\Local\Temp\071c0579.tmp,60bb4e556d193276aa1d63419b02469379bf4bf8a9127853cb7c55f1c1bad56f,User clicked on compromised web resource.,Initial Access,Drive-by Compromise,T1189,Possible drive-by compromise.
616,2025-08-14 18:36:25,WIN-HOST-078,4625,Microsoft-Windows-Security-Auditing,Warning,svc_backup,199.194.86.74,C:\Program Files\Git\bin\bash.exe,"""C:\Program Files\Git\bin\bash.exe"" -arg3 /c ""do_something""",C:\Users\svc_backup\AppData\Local\Temp\051a1aa7.tmp,2b853ca90a56d973178ccba5126d9c9e53b7f26d3dbe13ef1b1620600de2b014,Multiple failed logon attempts detected.,Credential Access,Brute Force,T1110,Failed logon count: 19
617,2025-07-04 15:25:19,WIN-HOST-058,4672,Microsoft-Windows-Security-Auditing,Information,Administrator,157.25.17.165,C:\Windows\System32\taskhostw.exe,"""C:\Windows\System32\taskhostw.exe"" -arg6 /c ""do_something""",C:\Users\Administrator\AppData\Local\Temp\ec195af1.tmp,cb59df8c55033e7390c6159244d943d9b20fa557cfd2e7d5e4c701e4a09746fa,Special privileges assigned to new logon.,Discovery,System Network Connections Discovery,T1049,
618,2025-06-25 13:31:12,WIN-HOST-022,4688,Microsoft-Windows-Security-Auditing,Information,IIS_APPPOOL\DefaultAppPool,232.53.240.128,C:\Program Files\OpenSSH\ssh.exe,"""C:\Program Files\OpenSSH\ssh.exe"" -arg2 /c ""do_something""",C:\Users\IIS_APPPOOL\DefaultAppPool\AppData\Local\Temp\bd6f666e.tmp,51ae618e175a7cd7348e854f406b971f924f460101cb75d01e412a4e5a198fa7,A new process has been created.,Initial Access,Exploit Public-Facing Application,T1190,
619,2025-08-26 16:55:15,WIN-HOST-041,5156,Microsoft-Windows-Security-Auditing,Information,john.doe,181.222.248.7,C:\Program Files\7-Zip\7z.exe,"""C:\Program Files\7-Zip\7z.exe"" -arg6 /c ""do_something""",C:\Users\john.doe\AppData\Local\Temp\e6c586d6.tmp,d062e850a23f2451d197157da30e31e89d461c52be585de0d6fff429088a49b4,Windows Filtering Platform has permitted a connection.,Exfiltration,Exfiltration Over C2 Channel,T1041,
620,2025-08-22 12:39:12,WIN-HOST-057,3,Microsoft-Windows-Security-Auditing,Information,john.doe,247.44.182.200,C:\Program Files\Git\bin\bash.exe,"""C:\Program Files\Git\bin\bash.exe"" -arg2 /c ""do_something""",C:\Users\john.doe\AppData\Local\Temp\9f6290a7.tmp,45625dce23f205d7818d6e0eb08c888ccecf94068db2c029942c84a0bb4efaff,Network scanning activity detected.,Discovery,Network Service Scanning,T1046,Port/protocol scanning pattern observed.
621,2025-09-15 14:52:39,WIN-HOST-017,7045,Microsoft-Windows-Sysmon,Warning,svc_backup,20.127.31.103,C:\Windows\System32\sc.exe,"""C:\Program Files\7-Zip\7z.exe"" -arg4 /c ""do_something""",C:\Users\svc_backup\AppData\Local\Temp\b6f81876.tmp,e7e1ca9aa49e561d514f4f396a486f06e3ef1c0c98bbcc2038b2447c80c8c8af,Service installation detected.,Persistence,Create or Modify System Process,T1543,Service created - could be persistence.
622,2025-09-08 14:03:03,WIN-HOST-009,1,Microsoft-Windows-Security-Auditing,Warning,alice,13.199.129.4,C:\Program Files\Git\bin\bash.exe,"""C:\Program Files\Git\bin\bash.exe"" -arg4 /c ""do_something""",C:\Users\alice\AppData\Local\Temp\1f9b7a56.tmp,09840084b1cc69f1a776772f44f63ed2cc4c7ff89c936fa0170fd14e8d2d21d8,Scheduled task created or executed.,Execution,Scheduled Task/Job,T1053.005,Persistence via scheduled task.
623,2025-09-09 18:43:04,WIN-HOST-014,11,Microsoft-Windows-Sysmon,Error,svc_updater,99.204.246.4,C:\Windows\System32\WindowsPowerShell\v1.0\powershell.exe,"""C:\Windows\System32\WindowsPowerShell\v1.0\powershell.exe"" -arg2 /c ""do_something""",C:\Users\svc_updater\AppData\Local\Temp\45be16c4.tmp,0588d6a5e004e159b4b2c06a3e08a43b8885b4f3a976cfca6287f7880641a873,File created.,Persistence,Service Registry Permissions Weakness,T1547.001,
624,2025-08-21 06:31:50,WIN-HOST-057,3001,Microsoft-Windows-InternetExplorer,Information,IIS_APPPOOL\DefaultAppPool,214.169.25.232,C:\Windows\System32\WindowsPowerShell\v1.0\powershell.exe,"""C:\Windows\System32\WindowsPowerShell\v1.0\powershell.exe"" -arg1 /c ""do_something""",C:\Users\IIS_APPPOOL\DefaultAppPool\AppData\Local\Temp\709f7bda.tmp,429c7c9b446ae7eb70ed66f0f3b4bc7df2277431a6e7868a5ff65374b8fad6f5,User clicked on compromised web resource.,Initial Access,Drive-by Compromise,T1189,Possible drive-by compromise.
625,2025-08-14 05:12:24,WIN-HOST-042,1,Microsoft-Windows-Sysmon,Information,alice,113.225.91.159,C:\Windows\System32\mpssvc.dll,"""C:\Windows\System32\mpssvc.dll"" -arg6 /c ""do_something""",C:\Users\alice\AppData\Local\Temp\4618b181.tmp,0d1c3a3f5ea9ffab793f60acd2d08f64bcdf9f0797d417dd6df662801cc5eae0,Process Create.,Persistence,Boot or Logon Autostart Execution,T1547,
626,2025-08-31 16:10:55,WIN-HOST-076,5145,Microsoft-Windows-Security-Auditing,Information,krbtgt,144.97.73.143,C:\Windows\System32\mpssvc.dll,"""C:\Windows\System32\mpssvc.dll"" -arg6 /c ""do_something""",C:\Users\krbtgt\AppData\Local\Temp\a6572f4d.tmp,a0a8138fc54f816a42a37863aa6054cb6a4200021aaf4f0f9a7db55fc4efea30,Access to ADMIN$ share or C$ share.,Lateral Movement,Windows Admin Shares,T1021.002,Possible lateral movement using admin shares.
627,2025-07-28 00:54:00,WIN-HOST-040,1,Microsoft-Windows-Sysmon,Information,john.doe,138.39.176.176,C:\Windows\System32\mpssvc.dll,"""C:\Windows\System32\mpssvc.dll"" -arg1 /c ""do_something""",C:\Users\john.doe\AppData\Local\Temp\cdf4ba14.tmp,1e113b6cca20dedb28e48b61b6b8dda8eba05a1c7c35df4f33ca87ebd103509d,Process Create.,Defense Evasion,Masquerading,T1036,
628,2025-08-18 23:19:20,WIN-HOST-047,3001,Microsoft-Windows-InternetExplorer,Information,svc_sql,39.221.26.196,C:\Program Files\7-Zip\7z.exe,"""C:\Program Files\7-Zip\7z.exe"" -arg1 /c ""do_something""",C:\Users\svc_sql\AppData\Local\Temp\1f861d54.tmp,451521f228b4a182d42b41b5d263ac24f4de5ebd7179bd2b208621f0fb89e129,User clicked on compromised web resource.,Initial Access,Drive-by Compromise,T1189,Possible drive-by compromise.
629,2025-06-30 16:44:04,WIN-HOST-018,4663,Microsoft-Windows-Security-Auditing,Information,john.doe,236.13.252.58,C:\Program Files\7-Zip\7z.exe,"""C:\Program Files\7-Zip\7z.exe"" -arg4 /c ""do_something""",C:\Users\john.doe\AppData\Local\Temp\6b345197.tmp,d604ee248b094f54bc4bd86db2eb51aa8fdc4683e9d56c9d38344323b38f1fb6,An attempt was made to access an object.,Persistence,Boot or Logon Autostart Execution,T1547,
630,2025-09-16 23:25:36,WIN-HOST-056,1102,Microsoft-Windows-Eventlog,Warning,svc_updater,203.248.242.158,C:\Program Files\Mozilla Firefox\firefox.exe,"""C:\Program Files\Mozilla Firefox\firefox.exe"" -arg3 /c ""do_something""",C:\Users\svc_updater\AppData\Local\Temp\fae4bb87.tmp,7fe40b93e65464fcf5b7acdc038c6384200023c3e8bb3646940c06806a329dad,The audit log was cleared.,Collection,Input Capture,T1056,
631,2025-08-08 21:17:35,WIN-HOST-072,7045,Service Control Manager,Information,svc_sql,63.249.49.52,C:\Windows\System32\taskhostw.exe,"""C:\Windows\System32\taskhostw.exe"" -arg6 /c ""do_something""",C:\Users\svc_sql\AppData\Local\Temp\36835d34.tmp,98c803e2ee2578e76d4dcd8c09558852899d0ab833a91a59b56c7cccab9f1baa,A service was installed in the system.,Impact,Service Stop,T1489,
632,2025-08-11 00:35:10,WIN-HOST-049,1,Microsoft-Windows-Sysmon,Information,svc_backup,20.71.22.204,C:\Program Files\7-Zip\7z.exe,"""C:\Program Files\7-Zip\7z.exe"" -arg2 /c ""do_something""",C:\Users\svc_backup\AppData\Local\Temp\8f025fab.tmp,860ec604dd5962db709a450b6693a369204e365dfab4c08c080bdbf69ea8a5f9,Mass deletion of files detected.,Impact,Data Destruction,T1485,Data destruction activity suspected.
633,2025-07-05 15:12:13,WIN-HOST-079,3,Microsoft-Windows-Security-Auditing,Information,IIS_APPPOOL\DefaultAppPool,207.14.21.103,C:\Program Files\7-Zip\7z.exe,"""C:\Program Files\7-Zip\7z.exe"" -arg2 /c ""do_something""",C:\Users\IIS_APPPOOL\DefaultAppPool\AppData\Local\Temp\e6afd143.tmp,3fd72894ff011a00b502c5134989e62b04e2a1cafa67a04d78475b531c66ee2c,Network scanning activity detected.,Discovery,Network Service Scanning,T1046,Port/protocol scanning pattern observed.
634,2025-09-04 14:21:00,WIN-HOST-038,4688,Microsoft-Windows-Security-Auditing,Information,Administrator,158.35.131.208,C:\Windows\System32\mpssvc.dll,"""C:\Windows\System32\mpssvc.dll"" -arg6 /c ""do_something""",C:\Users\Administrator\AppData\Local\Temp\3a46437b.tmp,77841d32f695eb88f2f8c977e294770617fadac5eb7e4cf8fcdce9942f4b53db,A new process has been created.,Privilege Escalation,Exploitation for Privilege Escalation,T1068,
635,2025-08-01 02:16:24,WIN-HOST-025,4627,Microsoft-Windows-Security-Auditing,Information,john.doe,38.243.65.200,C:\Windows\System32\svchost.exe,"""C:\Windows\System32\svchost.exe"" -arg1 /c ""do_something""",C:\Users\john.doe\AppData\Local\Temp\634697af.tmp,fc8ab006bb9426d1ab51bec277ced61f046b04b4a16fc3d65aaf720f1ef3b0ac,Group membership information.,Collection,Input Capture,T1056,
636,2025-09-07 22:23:33,WIN-HOST-037,4688,Microsoft-Windows-Security-Auditing,Information,svc_updater,183.23.20.205,C:\Windows\System32\WindowsPowerShell\v1.0\powershell.exe,"""C:\Windows\System32\WindowsPowerShell\v1.0\powershell.exe"" -arg1 /c ""do_something""",C:\Users\svc_updater\AppData\Local\Temp\4a72cf81.tmp,f5ee6815fdc03188c69736c6742a4091d10b805d99144f601bf81f3058b31b2a,A new process has been created.,Impact,System Shutdown/Reboot,T1529,
637,2025-09-09 02:31:58,WIN-HOST-020,5156,Service Control Manager,Information,SYSTEM,55.153.163.118,C:\Windows\System32\mpssvc.dll,"""C:\Windows\System32\mpssvc.dll"" -arg3 /c ""do_something""",C:\Users\SYSTEM\AppData\Local\Temp\79dda5b3.tmp,113d9c6d241247f83f3c5d542df663f121dd655725f5061b23658c561114ba15,Network scanning activity detected.,Discovery,Network Service Scanning,T1046,Port/protocol scanning pattern observed.
638,2025-08-03 20:14:38,WIN-HOST-005,5156,Microsoft-Windows-Security-Auditing,Information,john.doe,243.158.241.190,C:\Windows\System32\cmd.exe,"""C:\Windows\System32\cmd.exe"" -arg3 /c ""do_something""",C:\Users\john.doe\AppData\Local\Temp\fac3895d.tmp,359619eb0358d51791d51c43d0847b79b71483079c630f24f37516a09ccd3023,Windows Filtering Platform has permitted a connection.,Initial Access,Phishing: Spearphishing Attachment,T1566.001,
639,2025-08-10 18:17:53,WIN-HOST-010,11,Microsoft-Windows-Sysmon,Error,bob,46.125.149.43,C:\Windows\System32\mpssvc.dll,"""C:\Windows\System32\mpssvc.dll"" -arg3 /c ""do_something""",C:\Users\bob\AppData\Local\Temp\ac29fe98.tmp,755f29c521d3cb920834123affda1eedbcfffd277b5aa69f23bbff87315da3be,File created.,Privilege Escalation,Valid Accounts,T1078,
640,2025-08-11 19:34:02,WIN-HOST-002,7,Microsoft-Windows-Sysmon,Warning,Administrator,249.151.199.121,C:\Program Files\Mozilla Firefox\firefox.exe,"""C:\Program Files\Mozilla Firefox\firefox.exe"" -arg6 /c ""do_something""",C:\Users\Administrator\AppData\Local\Temp\5713946c.tmp,3b55d33219af67827c1c8fefed21d1324ea9084ab82b8c82c8661f96267591ff,Image loaded (DLL).,Persistence,Service Registry Permissions Weakness,T1547.001,
641,2025-08-29 12:35:04,WIN-HOST-059,1,Microsoft-Windows-Security-Auditing,Information,Administrator,53.92.202.156,C:\Windows\System32\rundll32.exe,"""C:\Program Files\Git\bin\bash.exe"" -arg6 /c ""do_something""",C:\Users\Administrator\AppData\Local\Temp\1def04f8.tmp,70a4487b601f4bba6e81b9ecb34bca02ea01d7e86d6237e534f011ccda3585aa,Attempt to read LSASS memory process or dump credentials detected.,Credential Access,Credential Dumping,T1003,Possible Mimikatz-like activity: access to lsass.exe memory.
642,2025-08-17 11:54:55,WIN-HOST-021,8,Microsoft-Windows-Sysmon,Information,IIS_APPPOOL\DefaultAppPool,31.68.170.136,C:\Windows\System32\svchost.exe,"""C:\Windows\System32\svchost.exe"" -arg6 /c ""do_something""",C:\Users\IIS_APPPOOL\DefaultAppPool\AppData\Local\Temp\2e257b89.tmp,a9f7c51087bae94bad8b6eb47c40e20e2179595357d556f1db597712fa9c4616,CreateRemoteThread detected.,Lateral Movement,Remote Services,T1021,
643,2025-08-29 13:38:51,WIN-HOST-047,1102,Microsoft-Windows-Eventlog,Warning,SYSTEM,249.40.125.38,C:\Program Files\Mozilla Firefox\firefox.exe,"""C:\Program Files\Mozilla Firefox\firefox.exe"" -arg6 /c ""do_something""",C:\Users\SYSTEM\AppData\Local\Temp\25d64035.tmp,ed42b97a21d858eff071ec436fb7836854347e3b45adbe32ba39f8f1158559de,The audit log was cleared.,Persistence,Service Registry Permissions Weakness,T1547.001,
644,2025-08-17 08:32:09,WIN-HOST-002,4688,Microsoft-Windows-Security-Auditing,Information,Guest,149.174.177.139,C:\Windows\System32\rundll32.exe,"""C:\Program Files\7-Zip\7z.exe"" -arg2 /c ""do_something""",C:\Users\Guest\AppData\Local\Temp\746f7675.tmp,3c5bf81fb326557eb37e0d83b3aa4a62c0a7e69406c87927e68d0e886e5912e9,Attempt to read LSASS memory process or dump credentials detected.,Credential Access,Credential Dumping,T1003,Possible Mimikatz-like activity: access to lsass.exe memory.
645,2025-07-23 10:41:58,WIN-HOST-061,7045,Microsoft-Windows-Security-Auditing,Information,krbtgt,22.232.39.176,C:\Windows\System32\sc.exe,"""C:\Windows\System32\WindowsPowerShell\v1.0\powershell.exe"" -arg4 /c ""do_something""",C:\Users\krbtgt\AppData\Local\Temp\cf6ed024.tmp,69ce5ae8af0cc22a9a53cce64704376decb48a1e9c05f12756a40eef22d432cb,Service installation detected.,Persistence,Create or Modify System Process,T1543,Service created - could be persistence.
646,2025-07-13 06:20:25,WIN-HOST-080,4625,Microsoft-Windows-Security-Auditing,Warning,john.doe,15.77.108.64,C:\Windows\System32\svchost.exe,"""C:\Windows\System32\svchost.exe"" -arg2 /c ""do_something""",C:\Users\john.doe\AppData\Local\Temp\13286cef.tmp,6de232152bd0a4ceafdc97c44e3d70f068af543e64523401b2dbace2fd6b66c2,Mass deletion of files detected.,Impact,Data Destruction,T1485,Data destruction activity suspected.
647,2025-07-27 18:54:48,WIN-HOST-014,3,Microsoft-Windows-Sysmon,Information,Guest,59.144.144.142,C:\Windows\System32\mpssvc.dll,"""C:\Windows\System32\mpssvc.dll"" -arg6 /c ""do_something""",C:\Users\Guest\AppData\Local\Temp\f7a01842.tmp,1757721794120da81d58f160bc1f167239cce845f0ce171d34e98a8ab2225264,Network Connection detected.,Collection,Input Capture,T1056,
648,2025-08-15 03:23:53,WIN-HOST-057,4625,Microsoft-Windows-Sysmon,Error,svc_backup,176.114.175.200,C:\Windows\System32\svchost.exe,"""C:\Windows\System32\svchost.exe"" -arg6 /c ""do_something""",C:\Users\svc_backup\AppData\Local\Temp\a001164d.tmp,c8574c0d6ce2d68839eee3e1397233cefd1f1e14450401b662b4888f13012947,Multiple failed logon attempts detected.,Credential Access,Brute Force,T1110,Failed logon count: 7
649,2025-06-22 14:40:13,WIN-HOST-006,1102,Microsoft-Windows-Eventlog,Warning,alice,143.28.63.160,C:\Windows\System32\mpssvc.dll,"""C:\Windows\System32\mpssvc.dll"" -arg6 /c ""do_something""",C:\Users\alice\AppData\Local\Temp\9f1c1664.tmp,203553594f093815f50d5634caf1afc6222007867c2f8f48891f51b81eaef2d4,The audit log was cleared.,Collection,Input Capture,T1056,
650,2025-08-30 10:29:50,WIN-HOST-073,4672,Microsoft-Windows-Security-Auditing,Information,Guest,89.0.141.101,C:\Program Files\Git\bin\bash.exe,"""C:\Program Files\Git\bin\bash.exe"" -arg4 /c ""do_something""",C:\Users\Guest\AppData\Local\Temp\cc7671b1.tmp,f171af632e9eb4166b92de03a6b07c994e7e6b338d61e97c2396facf60bca461,Special privileges assigned to new logon.,Impact,System Shutdown/Reboot,T1529,
651,2025-06-25 14:54:30,WIN-HOST-077,1102,Microsoft-Windows-Eventlog,Warning,bob,39.175.191.249,C:\Windows\System32\WindowsPowerShell\v1.0\powershell.exe,"""C:\Windows\System32\WindowsPowerShell\v1.0\powershell.exe"" -arg3 /c ""do_something""",C:\Users\bob\AppData\Local\Temp\836cad79.tmp,9f5c7a19a35adbc9da26d517a32bac9b5952d9f2b660f86ba94249df56dbb581,Obfuscated script or binary detected.,Defense Evasion,Obfuscated Files or Information,T1027,Base64-heavy command line or packed binary.
652,2025-08-13 05:16:21,WIN-HOST-059,4698,Microsoft-Windows-Security-Auditing,Information,SYSTEM,219.89.42.25,C:\Program Files\Git\bin\bash.exe,"""C:\Program Files\Git\bin\bash.exe"" -arg5 /c ""do_something""",C:\Users\SYSTEM\AppData\Local\Temp\fd6f737c.tmp,9cd7a6dae5b260848a3b736bb79e7d4e4c7036d7aca7fd5a12b00569677c5c70,Scheduled task created or executed.,Execution,Scheduled Task/Job,T1053.005,Persistence via scheduled task.
653,2025-07-09 20:38:49,WIN-HOST-009,1,Microsoft-Windows-Security-Auditing,Information,IIS_APPPOOL\DefaultAppPool,209.173.62.81,C:\Program Files\Git\bin\bash.exe,"""C:\Program Files\Git\bin\bash.exe"" -arg5 /c ""do_something""",C:\Users\IIS_APPPOOL\DefaultAppPool\AppData\Local\Temp\8da9c2ed.tmp,9de1825d3c6436aedb1a3252dd3982788f634117a83aa2ffd2eb960384ce2fea,Scheduled task created or executed.,Persistence,Scheduled Task/Job,T1053,Persistence via scheduled task.
654,2025-07-05 12:25:02,WIN-HOST-071,4672,Microsoft-Windows-Security-Auditing,Information,Guest,82.149.234.150,C:\Program Files\7-Zip\7z.exe,"""C:\Program Files\7-Zip\7z.exe"" -arg3 /c ""do_something""",C:\Users\Guest\AppData\Local\Temp\49adac68.tmp,c84da04dba7aee0ccd353c06e772c77746a1cc4248e4575aca0a391e6c648a67,Mass deletion of files detected.,Impact,Data Destruction,T1485,Data destruction activity suspected.
655,2025-09-08 12:24:49,WIN-HOST-067,7045,Microsoft-Windows-Security-Auditing,Warning,IIS_APPPOOL\DefaultAppPool,240.19.161.112,C:\Windows\System32\sc.exe,"""C:\Windows\System32\cmd.exe"" -arg1 /c ""do_something""",C:\Users\IIS_APPPOOL\DefaultAppPool\AppData\Local\Temp\d8cfb7e9.tmp,2badb57db0389d549737e7119804f1e515910f4e9584860198c9e7113a99f17d,Service installation detected.,Persistence,Create or Modify System Process,T1543,Service created - could be persistence.
656,2025-09-07 11:15:02,WIN-HOST-063,7045,Service Control Manager,Information,svc_backup,151.29.245.253,C:\Windows\System32\cmd.exe,"""C:\Windows\System32\cmd.exe"" -arg3 /c ""do_something""",C:\Users\svc_backup\AppData\Local\Temp\b67707a9.tmp,2ff0e46025efaaa2a9a8f74cd288a8e6209aed696005400e2af78a1c74079129,A service was installed in the system.,Initial Access,Phishing: Spearphishing Attachment,T1566.001,
657,2025-07-21 00:43:58,WIN-HOST-010,7045,Service Control Manager,Information,SYSTEM,167.223.48.178,C:\Program Files\Mozilla Firefox\firefox.exe,"""C:\Program Files\Mozilla Firefox\firefox.exe"" -arg1 /c ""do_something""",C:\Users\SYSTEM\AppData\Local\Temp\f4278b0a.tmp,2e6dc62a442e6e21534e36f38d9b2161098986f0bdee771472e88a1adcb57e20,A service was installed in the system.,Credential Access,Input Capture: Keylogging,T1056.001,
658,2025-07-02 02:11:43,WIN-HOST-008,4688,Microsoft-Windows-Security-Auditing,Information,john.doe,227.243.66.168,C:\Program Files\Git\bin\bash.exe,"""C:\Program Files\Git\bin\bash.exe"" -arg3 /c ""do_something""",C:\Users\john.doe\AppData\Local\Temp\028d406a.tmp,4e9b2c9653dabf1918464a6466bc4791b17b70a1d2d133b7e266fab24334f321,Registry query or modification.,Discovery,Query Registry,T1012,Possible discovery of startup keys or persistence mechanisms.
659,2025-06-29 21:28:48,WIN-HOST-079,4624,Microsoft-Windows-Security-Auditing,Information,svc_updater,77.204.176.93,C:\Program Files\Git\bin\bash.exe,"""C:\Program Files\Git\bin\bash.exe"" -arg2 /c ""do_something""",C:\Users\svc_updater\AppData\Local\Temp\bd13d9df.tmp,1d94a875524b13d14317c33ea52463a36ac43b2ab9869c56906356a222bbd86c,An account was successfully logged on.,Persistence,Boot or Logon Autostart Execution,T1547,
660,2025-09-08 10:24:10,WIN-HOST-013,1,Microsoft-Windows-Security-Auditing,Information,svc_backup,98.165.14.236,C:\Program Files\Git\bin\bash.exe,"""C:\Program Files\Git\bin\bash.exe"" -arg5 /c ""do_something""",C:\Users\svc_backup\AppData\Local\Temp\51945107.tmp,dc292bf6e628aadc2f1e76ca89435cf28943ef76ff084df6e5e397e3b1f430dd,Scheduled task created or executed.,Persistence,Scheduled Task/Job,T1053,Persistence via scheduled task.
661,2025-07-24 12:26:47,WIN-HOST-023,7045,Service Control Manager,Information,bob,170.77.82.168,C:\Program Files\Git\bin\bash.exe,"""C:\Program Files\Git\bin\bash.exe"" -arg1 /c ""do_something""",C:\Users\bob\AppData\Local\Temp\18352127.tmp,4d9815ae0c9dc479bba0ecc34c4f98b39a393bc8d56d8548e1127c51598d5b68,A service was installed in the system.,Privilege Escalation,Valid Accounts,T1078,
662,2025-07-02 22:08:16,WIN-HOST-024,11,Microsoft-Windows-Security-Auditing,Information,bob,129.51.139.220,C:\Windows\System32\taskhostw.exe,"""C:\Windows\System32\taskhostw.exe"" -arg2 /c ""do_something""",C:\Users\bob\AppData\Local\Temp\66732d60.tmp,8e2ff31227259a80106184abc32941975cbc595cdad62ab6e88bac22dbaffcd9,File encryption/ransomware activity observed (file renames & extensions).,Impact,Ransomware,T1486,Mass file modifications and suspicious file extensions.
663,2025-08-05 20:24:50,WIN-HOST-046,4702,Microsoft-Windows-Security-Auditing,Information,john.doe,95.41.2.144,C:\Program Files\Git\bin\bash.exe,"""C:\Program Files\Git\bin\bash.exe"" -arg6 /c ""do_something""",C:\Users\john.doe\AppData\Local\Temp\43b19283.tmp,d80047540facfb1470603cf98c3784b08cdf79baaa9f3af868f784a754292291,Scheduled task created or executed.,Execution,Scheduled Task/Job,T1053.005,Persistence via scheduled task.
664,2025-07-09 09:18:46,WIN-HOST-042,1,Microsoft-Windows-Sysmon,Warning,krbtgt,54.195.254.133,C:\Program Files\Mozilla Firefox\firefox.exe,"""C:\Program Files\Mozilla Firefox\firefox.exe"" -arg5 /c ""do_something""",C:\Users\krbtgt\AppData\Local\Temp\53298f2e.tmp,79b1db8f6df65e5f370ac868a8ebf10fa203dcd71070e21bd502124509a712b4,Scheduled task created or executed.,Execution,Scheduled Task/Job,T1053.005,Persistence via scheduled task.
665,2025-08-13 21:49:35,WIN-HOST-058,3001,Microsoft-Windows-InternetExplorer,Warning,alice,227.236.79.106,C:\Windows\System32\taskhostw.exe,"""C:\Windows\System32\taskhostw.exe"" -arg3 /c ""do_something""",C:\Users\alice\AppData\Local\Temp\bd9dda6b.tmp,ef350460c03ebf991d0edd09710d88023c8bc3a39672fca7f087232dfddc07c9,User clicked on compromised web resource.,Initial Access,Drive-by Compromise,T1189,Possible drive-by compromise.
666,2025-08-28 00:08:01,WIN-HOST-041,7045,Service Control Manager,Information,SYSTEM,146.85.39.63,C:\Program Files\7-Zip\7z.exe,"C:\Program Files\7-Zip\7z.exe -ExecutionPolicy Bypass -NoProfile -WindowStyle Hidden -Command ""Invoke-Expression ...""",C:\Users\SYSTEM\AppData\Local\Temp\5bb7dc5a.tmp,29f8978f6824a0010fff7908b311ec2b413b15953825a64fca533b6d37be64c2,Command executed via scripting engine.,Execution,Command and Scripting Interpreter,T1059,Suspicious scripting activity; check base64 or obfuscation.
667,2025-08-14 07:58:09,WIN-HOST-020,4672,Microsoft-Windows-Security-Auditing,Information,Guest,149.8.40.1,C:\Program Files\7-Zip\7z.exe,"""C:\Program Files\7-Zip\7z.exe"" -arg3 /c ""do_something""",C:\Users\Guest\AppData\Local\Temp\e6a7eddc.tmp,890f843d4068324f945ebaa4cc36b8a80182f65a7e57ce9af3b990f06de7bf10,Special privileges assigned to new logon.,Persistence,Service Registry Permissions Weakness,T1547.001,
668,2025-08-19 16:57:06,WIN-HOST-012,11,Microsoft-Windows-Sysmon,Error,krbtgt,123.135.75.74,C:\Windows\System32\taskhostw.exe,"""C:\Windows\System32\taskhostw.exe"" -arg6 /c ""do_something""",C:\Users\krbtgt\AppData\Local\Temp\b31f1552.tmp,c52b12581ab4b7031187708089abfa94916b57073949cce2217fad914a2c26d2,File created.,Lateral Movement,Remote Services,T1021,
669,2025-07-23 21:59:17,WIN-HOST-013,4702,Microsoft-Windows-Sysmon,Information,krbtgt,97.173.1.138,C:\Program Files\7-Zip\7z.exe,"""C:\Program Files\7-Zip\7z.exe"" -arg1 /c ""do_something""",C:\Users\krbtgt\AppData\Local\Temp\7146b1b8.tmp,328f529e3f60db1f9e66b8250fcb6a5e8dff4f22fd5b76dbfe8624f20e75e092,Scheduled task created or executed.,Execution,Scheduled Task/Job,T1053.005,Persistence via scheduled task.
670,2025-06-24 10:38:31,WIN-HOST-056,5156,Microsoft-Windows-Security-Auditing,Information,svc_sql,97.234.170.101,C:\Windows\System32\cmd.exe,"""C:\Windows\System32\cmd.exe"" -arg5 /c ""do_something""",C:\Users\svc_sql\AppData\Local\Temp\fc67fa5e.tmp,802f74c1fa92047a0a6ba3d2c775d6e2b2ae1a965ac685db2163965e0c33a832,Obfuscated script or binary detected.,Defense Evasion,Obfuscated Files or Information,T1027,Base64-heavy command line or packed binary.
671,2025-08-17 20:38:44,WIN-HOST-070,4624,Microsoft-Windows-Security-Auditing,Information,krbtgt,178.160.247.120,C:\Windows\System32\WindowsPowerShell\v1.0\powershell.exe,"C:\Windows\System32\WindowsPowerShell\v1.0\powershell.exe -ExecutionPolicy Bypass -NoProfile -WindowStyle Hidden -Command ""Invoke-Expression ...""",C:\Users\krbtgt\AppData\Local\Temp\b0fd12a4.tmp,ba5b8cd74eb2ceb9f4ebc35e23067d3faa7eafd3d599f8e6d2b0699234e61175,Command executed via scripting engine.,Execution,PowerShell,T1059.001,Suspicious scripting activity; check base64 or obfuscation.
672,2025-07-08 20:00:20,WIN-HOST-051,5156,Microsoft-Windows-Sysmon,Information,alice,23.15.173.50,C:\Program Files\Git\bin\bash.exe,"""C:\Program Files\Git\bin\bash.exe"" -arg3 /c ""do_something""",C:\Users\alice\AppData\Local\Temp\53c5e7e2.tmp,eaca42e5c46ca638ca81dbb436d8a01e6bbdeb46fe7843d56cb88f49487b2b29,Network scanning activity detected.,Discovery,Network Service Scanning,T1046,Port/protocol scanning pattern observed.
673,2025-09-05 00:41:03,WIN-HOST-044,4688,Microsoft-Windows-Security-Auditing,Information,Administrator,102.49.102.167,C:\Windows\System32\mpssvc.dll,"""C:\Windows\System32\mpssvc.dll"" -arg4 /c ""do_something""",C:\Users\Administrator\AppData\Local\Temp\ac4269ad.tmp,51d4e214b0728fb20e3d5282b6ad488ba59b3d874518a9c30feac1340b58bea0,A new process has been created.,Initial Access,Exploit Public-Facing Application,T1190,
674,2025-08-06 16:16:10,WIN-HOST-017,4663,Microsoft-Windows-Security-Auditing,Information,Guest,143.46.8.211,C:\Windows\System32\mpssvc.dll,"""C:\Windows\System32\mpssvc.dll"" -arg4 /c ""do_something""",C:\Users\Guest\AppData\Local\Temp\b8109fcf.tmp,85198a723f73008c7f21413d61b086430ad033489f2fc126cd13fa67e6a3e588,An attempt was made to access an object.,Lateral Movement,Remote Services,T1021,
675,2025-07-24 09:24:36,WIN-HOST-026,1,Microsoft-Windows-Sysmon,Information,bob,63.9.247.166,C:\Program Files\Git\bin\bash.exe,"""C:\Program Files\Git\bin\bash.exe"" -arg3 /c ""do_something""",C:\Users\bob\AppData\Local\Temp\683f4410.tmp,1251a5606acd6caee81b564b6aac3ff4540708a87d2172eac4531dcfbe798976,Process Create.,Initial Access,Exploit Public-Facing Application,T1190,
676,2025-08-07 02:34:53,WIN-HOST-042,4625,Microsoft-Windows-Sysmon,Error,IIS_APPPOOL\DefaultAppPool,105.224.131.112,C:\Windows\System32\cmd.exe,"""C:\Windows\System32\cmd.exe"" -arg3 /c ""do_something""",C:\Users\IIS_APPPOOL\DefaultAppPool\AppData\Local\Temp\64074407.tmp,bc0fc96cc3566b38de838ab60d064c7cdacd0bd6d830507e0fc2aec52f733e99,Multiple failed logon attempts detected.,Credential Access,Brute Force,T1110,Failed logon count: 9
677,2025-08-15 09:54:21,WIN-HOST-077,7045,Microsoft-Windows-Security-Auditing,Information,IIS_APPPOOL\DefaultAppPool,197.9.213.88,C:\Windows\System32\sc.exe,"""C:\Windows\System32\svchost.exe"" -arg3 /c ""do_something""",C:\Users\IIS_APPPOOL\DefaultAppPool\AppData\Local\Temp\1b4bc6ee.tmp,794117f5d60b03c4119176d4f01cc70af4aa2db4fd693025ef51b71bd17365ee,Service installation detected.,Persistence,Create or Modify System Process,T1543,Service created - could be persistence.
678,2025-06-30 02:16:39,WIN-HOST-057,4627,Microsoft-Windows-Security-Auditing,Information,krbtgt,112.194.54.0,C:\Windows\System32\WindowsPowerShell\v1.0\powershell.exe,"""C:\Windows\System32\WindowsPowerShell\v1.0\powershell.exe"" -arg2 /c ""do_something""",C:\Users\krbtgt\AppData\Local\Temp\21838210.tmp,410fef2bda26b49a516162496232c89b2df02353bbd37da3f6a61dd8b11743c8,Group membership information.,Credential Access,Input Capture: Keylogging,T1056.001,
679,2025-07-13 07:42:16,WIN-HOST-048,7045,Service Control Manager,Information,Guest,13.246.52.23,C:\Windows\System32\cmd.exe,"""C:\Windows\System32\cmd.exe"" -arg5 /c ""do_something""",C:\Users\Guest\AppData\Local\Temp\c8540c96.tmp,83408ed8aa76db98c614060e8017d7659abde439022c1a709d34f66304a441c8,A service was installed in the system.,Persistence,Boot or Logon Autostart Execution,T1547,
680,2025-09-03 12:35:40,WIN-HOST-037,8,Microsoft-Windows-Sysmon,Information,SYSTEM,28.124.182.237,C:\Program Files\OpenSSH\ssh.exe,"""C:\Program Files\OpenSSH\ssh.exe"" -arg4 /c ""do_something""",C:\Users\SYSTEM\AppData\Local\Temp\ccf6c01e.tmp,47312cd24e9988663a472373e2edce7ce05a6c3b8087a0e66f666f07744992f6,CreateRemoteThread detected.,Discovery,System Network Connections Discovery,T1049,
681,2025-08-16 15:22:42,WIN-HOST-027,5156,Microsoft-Windows-Security-Auditing,Information,bob,4.181.28.18,C:\Program Files\Mozilla Firefox\firefox.exe,"""C:\Program Files\Mozilla Firefox\firefox.exe"" -arg6 /c ""do_something""",C:\Users\bob\AppData\Local\Temp\4e117d01.tmp,49c963fa5f83e4f9688d41157109bf7f3244e23c54229ff8c0336ef3285d55af,Encrypted outbound connection established.,Command and Control,Encrypted Channel,T1573,Potential C2 channel over TLS.
682,2025-09-01 07:50:01,WIN-HOST-008,1102,Microsoft-Windows-Eventlog,Warning,svc_updater,158.50.240.133,C:\Program Files\Mozilla Firefox\firefox.exe,"""C:\Program Files\Mozilla Firefox\firefox.exe"" -arg4 /c ""do_something""",C:\Users\svc_updater\AppData\Local\Temp\6f0aa0f7.tmp,e640a10c7040b8f31baca5bfef1a9472dd9ed73040517c8d36a60be5760771ec,The audit log was cleared.,Initial Access,Phishing: Spearphishing Attachment,T1566.001,
683,2025-09-17 01:17:13,WIN-HOST-009,1,Microsoft-Windows-Sysmon,Information,svc_sql,27.158.197.249,C:\Program Files\7-Zip\7z.exe,"""C:\Program Files\7-Zip\7z.exe"" -arg6 /c ""do_something""",C:\Users\svc_sql\AppData\Local\Temp\c405166d.tmp,423e3ce70afadaf5a15e5685360c50441ebf1593e474a3339beca477b249dd23,Obfuscated script or binary detected.,Defense Evasion,Obfuscated Files or Information,T1027,Base64-heavy command line or packed binary.
684,2025-08-26 10:02:43,WIN-HOST-049,5145,Microsoft-Windows-Security-Auditing,Information,bob,231.100.40.196,C:\Windows\System32\cmd.exe,"""C:\Windows\System32\cmd.exe"" -arg5 /c ""do_something""",C:\Users\bob\AppData\Local\Temp\6204d03e.tmp,01fec92e21d77ad203ffb7281384719188dd2e8198ccff4d0abe62f720777cd7,A network share object was checked to see whether client can be granted desired access.,Lateral Movement,Remote Services,T1021,
685,2025-09-09 07:36:15,WIN-HOST-024,4663,Microsoft-Windows-Security-Auditing,Information,svc_backup,247.127.163.167,C:\Program Files\Git\bin\bash.exe,"""C:\Program Files\Git\bin\bash.exe"" -arg6 /c ""do_something""",C:\Users\svc_backup\AppData\Local\Temp\1013b33f.tmp,8e0f58670b8c4b855d2a333e256dd9f152435962bd5587afb61941658221fc59,An attempt was made to access an object.,Collection,Input Capture,T1056,
686,2025-09-14 00:04:38,WIN-HOST-032,4688,Microsoft-Windows-Security-Auditing,Information,bob,85.100.209.211,C:\Windows\System32\rundll32.exe,"""C:\Program Files\7-Zip\7z.exe"" -arg6 /c ""do_something""",C:\Users\bob\AppData\Local\Temp\c4907b1e.tmp,5b0559323e80f9cb580fd01beded1929c3d5cdee754f9da0d2f59cff308ba9d8,Attempt to read LSASS memory process or dump credentials detected.,Credential Access,Credential Dumping,T1003,Possible Mimikatz-like activity: access to lsass.exe memory.
687,2025-08-15 04:39:05,WIN-HOST-046,4624,Microsoft-Windows-Security-Auditing,Information,john.doe,128.82.4.5,C:\Program Files\7-Zip\7z.exe,"""C:\Program Files\7-Zip\7z.exe"" -arg1 /c ""do_something""",C:\Users\john.doe\AppData\Local\Temp\e58bfcbb.tmp,12c09e1fb0c7df43ab8d376f884c4fd15024a30491d5f0324be66915e22523cd,An account was successfully logged on.,Defense Evasion,Masquerading,T1036,
688,2025-08-23 20:16:14,WIN-HOST-050,1,Microsoft-Windows-Sysmon,Information,SYSTEM,242.249.75.44,C:\Program Files\Git\bin\bash.exe,"""C:\Program Files\Git\bin\bash.exe"" -arg2 /c ""do_something""",C:\Users\SYSTEM\AppData\Local\Temp\b1c6206c.tmp,4f95e1b759fbc8e2be49156fb08d6dbb8d281791344fd6ec0d3d42573b8eaed5,Process Create.,Persistence,Service Registry Permissions Weakness,T1547.001,
689,2025-06-22 18:08:13,WIN-HOST-051,5156,Microsoft-Windows-Security-Auditing,Information,IIS_APPPOOL\DefaultAppPool,58.56.184.68,C:\Windows\System32\WindowsPowerShell\v1.0\powershell.exe,"""C:\Windows\System32\WindowsPowerShell\v1.0\powershell.exe"" -arg5 /c ""do_something""",C:\Users\IIS_APPPOOL\DefaultAppPool\AppData\Local\Temp\2eb5ee28.tmp,861e4fc7fe2547a7ae21dc65b5c62b5ccbfeb03bf045a08e53f3e4c249cd2d52,Windows Filtering Platform has permitted a connection.,Persistence,Service Registry Permissions Weakness,T1547.001,
690,2025-08-07 10:58:18,WIN-HOST-040,4688,Microsoft-Windows-Security-Auditing,Information,krbtgt,33.187.209.131,C:\Program Files\OpenSSH\ssh.exe,"""C:\Program Files\OpenSSH\ssh.exe"" -arg2 /c ""do_something""",C:\Users\krbtgt\AppData\Local\Temp\f86a17c6.tmp,2ad690586c4dec6d76ae80535d66bf6739af2c38ad3995dae0f7e5e2d850d2d8,Mass deletion of files detected.,Impact,Data Destruction,T1485,Data destruction activity suspected.
