691,2025-07-27 07:15:40,WIN-HOST-026,3,Microsoft-Windows-Security-Auditing,Information,Guest,232.217.26.32,C:\Program Files\7-Zip\7z.exe,"""C:\Program Files\7-Zip\7z.exe"" -arg2 /c ""do_something""",C:\Users\Guest\AppData\Local\Temp\8f7f619a.tmp,4a396c5415d28e9efe559973bc4b3e66e094a44fc3265cf6d7c50a5e6fc7627d,Network scanning activity detected.,Discovery,Network Service Scanning,T1046,Port/protocol scanning pattern observed.
692,2025-09-11 06:41:20,WIN-HOST-072,4688,Microsoft-Windows-Security-Auditing,Information,bob,47.35.124.77,C:\Windows\System32\cmd.exe,"""C:\Windows\System32\cmd.exe"" -arg2 /c ""do_something""",C:\Users\bob\AppData\Local\Temp\bd9bd251.tmp,e90cc22e2926ec374803913788a56b7b2c5625d48185a7cb12a4f0d759e7c56c,Registry query or modification.,Discovery,Query Registry,T1012,Possible discovery of startup keys or persistence mechanisms.
693,2025-07-05 13:06:51,WIN-HOST-041,4624,Microsoft-Windows-Security-Auditing,Information,svc_sql,77.168.56.183,C:\Windows\System32\taskhostw.exe,"""C:\Windows\System32\taskhostw.exe"" -arg6 /c ""do_something""",C:\Users\svc_sql\AppData\Local\Temp\474b9ce9.tmp,bbcb4ecd6d7fa76a4b5943b2cc9e57e56edc6ddaf68b90b687cfe3b2a314bbe8,An account was successfully logged on.,Impact,System Shutdown/Reboot,T1529,
694,2025-07-08 04:15:04,WIN-HOST-036,7045,Microsoft-Windows-Sysmon,Information,Guest,27.85.95.109,C:\Windows\System32\sc.exe,"""C:\Program Files\Mozilla Firefox\firefox.exe"" -arg1 /c ""do_something""",C:\Users\Guest\AppData\Local\Temp\b747e4d4.tmp,9412d3ceefe2902c1b5e5e972ed662ba16861cb356d4c0024de93c463c795d56,Service installation detected.,Persistence,Create or Modify System Process,T1543,Service created - could be persistence.
695,2025-07-20 10:41:12,WIN-HOST-079,11,Microsoft-Windows-Sysmon,Error,svc_updater,152.171.24.44,C:\Program Files\Mozilla Firefox\firefox.exe,"""C:\Program Files\Mozilla Firefox\firefox.exe"" -arg6 /c ""do_something""",C:\Users\svc_updater\AppData\Local\Temp\6b6e33a9.tmp,3b2c971bc1b9c35996395cfa77a79c3a55fabde1bf5369feaa64a36e266fea6a,File created.,Persistence,Service Registry Permissions Weakness,T1547.001,
696,2025-08-13 23:34:03,WIN-HOST-011,4624,Microsoft-Windows-Security-Auditing,Information,alice,154.206.99.204,C:\Windows\System32\WindowsPowerShell\v1.0\powershell.exe,"""C:\Windows\System32\WindowsPowerShell\v1.0\powershell.exe"" -arg6 /c ""do_something""",C:\Users\alice\AppData\Local\Temp\ebc067a3.tmp,5b0174bd2e36e00e6616e417376966b8b7677149e15c1563eb54207283b53817,An account was successfully logged on.,Impact,Service Stop,T1489,
697,2025-08-31 00:00:39,WIN-HOST-050,4698,Microsoft-Windows-Security-Auditing,Information,alice,35.52.8.186,C:\Windows\System32\mpssvc.dll,"""C:\Windows\System32\mpssvc.dll"" -arg2 /c ""do_something""",C:\Users\alice\AppData\Local\Temp\f6859681.tmp,80c3cb49457a8f344eda77e014e53ec4963b0b936ad9def3477133a7be31d112,Scheduled task created or executed.,Persistence,Scheduled Task/Job,T1053,Persistence via scheduled task.
698,2025-07-05 15:12:09,WIN-HOST-002,7045,Microsoft-Windows-Security-Auditing,Information,svc_updater,52.94.46.175,C:\Windows\System32\sc.exe,"""C:\Windows\System32\taskhostw.exe"" -arg4 /c ""do_something""",C:\Users\svc_updater\AppData\Local\Temp\ba1e557f.tmp,60cedf310bbfcf2dfad0345465f704002a680aadc5ab89bd8b2a3b07ea45c70c,Service installation detected.,Persistence,Create or Modify System Process,T1543,Service created - could be persistence.
699,2025-07-19 22:51:16,WIN-HOST-063,3,Microsoft-Windows-Sysmon,Warning,john.doe,227.56.229.121,C:\Windows\System32\mpssvc.dll,"""C:\Windows\System32\mpssvc.dll"" -arg4 /c ""do_something""",C:\Users\john.doe\AppData\Local\Temp\94e1ed2a.tmp,ccd9ee23e921d30405e409a43d84d9e1dc2926b79ba8a21c31c25bd835f617a7,Network scanning activity detected.,Discovery,Network Service Scanning,T1046,Port/protocol scanning pattern observed.
700,2025-07-08 11:15:35,WIN-HOST-049,5145,Microsoft-Windows-Security-Auditing,Information,john.doe,201.115.148.149,C:\Windows\System32\taskhostw.exe,"""C:\Windows\System32\taskhostw.exe"" -arg1 /c ""do_something""",C:\Users\john.doe\AppData\Local\Temp\aab37373.tmp,68ffc27ac60ac31367cd9220b475930fa4ad1eb5fb81b98c22570c0b1df1b6cf,Access to ADMIN$ share or C$ share.,Lateral Movement,Windows Admin Shares,T1021.002,Possible lateral movement using admin shares.
701,2025-08-04 12:03:07,WIN-HOST-006,4672,Microsoft-Windows-Security-Auditing,Information,svc_backup,137.177.202.209,C:\Program Files\Git\bin\bash.exe,"""C:\Program Files\Git\bin\bash.exe"" -arg1 /c ""do_something""",C:\Users\svc_backup\AppData\Local\Temp\1672a78e.tmp,fffe9b656c45cea575bd7e4dd7a1de5a5c71d824625ae694d6d1b3b8f5aa3eda,Special privileges assigned to new logon.,Impact,System Shutdown/Reboot,T1529,
702,2025-08-11 06:00:17,WIN-HOST-067,4663,Microsoft-Windows-Security-Auditing,Information,IIS_APPPOOL\DefaultAppPool,48.154.8.58,C:\Windows\System32\svchost.exe,"""C:\Windows\System32\svchost.exe"" -arg4 /c ""do_something""",C:\Users\IIS_APPPOOL\DefaultAppPool\AppData\Local\Temp\731cd78e.tmp,6b5a20acd0df0daf8d957fda5dda8508213539f14afc6de2ac57665310bd54ba,An attempt was made to access an object.,Discovery,System Network Connections Discovery,T1049,
703,2025-08-19 07:02:40,WIN-HOST-037,8,Microsoft-Windows-Sysmon,Information,alice,108.38.123.86,C:\Windows\System32\WindowsPowerShell\v1.0\powershell.exe,"""C:\Windows\System32\WindowsPowerShell\v1.0\powershell.exe"" -arg1 /c ""do_something""",C:\Users\alice\AppData\Local\Temp\5967160e.tmp,63398c0eb77084aa4cb840a8c791e488dfdb894709dd843fa5a6f9282b2e7c01,CreateRemoteThread detected.,Exfiltration,Exfiltration Over C2 Channel,T1041,
704,2025-07-29 16:04:50,WIN-HOST-019,7045,Microsoft-Windows-Sysmon,Information,alice,128.43.27.244,C:\Windows\System32\sc.exe,"""C:\Windows\System32\mpssvc.dll"" -arg5 /c ""do_something""",C:\Users\alice\AppData\Local\Temp\483d35ad.tmp,0dc43ef7b0fa31eb0a2f34adea158e1275a7426418ee518897ff169c8958487f,Service installation detected.,Persistence,Create or Modify System Process,T1543,Service created - could be persistence.
705,2025-07-12 06:38:37,WIN-HOST-070,8,Microsoft-Windows-Sysmon,Information,Guest,105.223.5.199,C:\Windows\System32\taskhostw.exe,"""C:\Windows\System32\taskhostw.exe"" -arg1 /c ""do_something""",C:\Users\Guest\AppData\Local\Temp\3e0bb86a.tmp,bf205e344f381b14000310301db0a0e62d26b505745b1577e90313c5a474c426,CreateRemoteThread detected.,Discovery,System Network Connections Discovery,T1049,
706,2025-08-04 19:33:16,WIN-HOST-076,4688,Microsoft-Windows-Security-Auditing,Information,svc_backup,23.22.3.177,C:\Windows\System32\mpssvc.dll,"""C:\Windows\System32\mpssvc.dll"" -arg6 /c ""do_something""",C:\Users\svc_backup\AppData\Local\Temp\79c84e64.tmp,c015fa54f68e96f5cd793f06c41ccc8b5e8e537b3fda8cefbe6ae8b0f96ba2d1,A new process has been created.,Defense Evasion,Timestomping,T1099,
707,2025-06-21 18:51:55,WIN-HOST-021,5145,Microsoft-Windows-Sysmon,Information,Administrator,92.233.219.188,C:\Windows\System32\cmd.exe,"""C:\Windows\System32\cmd.exe"" -arg6 /c ""do_something""",C:\Users\Administrator\AppData\Local\Temp\f4115085.tmp,751e7aab5794199ad8ac1e45510e1d97627ac446efc5d90cde2ae67802e8b1f0,Access to ADMIN$ share or C$ share.,Lateral Movement,Windows Admin Shares,T1021.002,Possible lateral movement using admin shares.
708,2025-07-09 06:58:06,WIN-HOST-066,4702,Microsoft-Windows-Security-Auditing,Information,krbtgt,97.111.118.10,C:\Windows\System32\WindowsPowerShell\v1.0\powershell.exe,"""C:\Windows\System32\WindowsPowerShell\v1.0\powershell.exe"" -arg2 /c ""do_something""",C:\Users\krbtgt\AppData\Local\Temp\eff701ee.tmp,33d893f06018d18dff0dc309b754160ef7777fe1d67fb9fc113149aee51d8135,Scheduled task created or executed.,Execution,Scheduled Task/Job,T1053.005,Persistence via scheduled task.
709,2025-06-25 06:25:06,WIN-HOST-020,5156,Microsoft-Windows-Security-Auditing,Information,Guest,182.72.190.138,C:\Windows\System32\WindowsPowerShell\v1.0\powershell.exe,"""C:\Windows\System32\WindowsPowerShell\v1.0\powershell.exe"" -arg3 /c ""do_something""",C:\Users\Guest\AppData\Local\Temp\442ba4c9.tmp,f7f1e1ec7ad8b450f4d994cc811befce7ae9a6ffb3d5edb2a401eebd73e1785a,Network scanning activity detected.,Discovery,Network Service Scanning,T1046,Port/protocol scanning pattern observed.
710,2025-07-05 05:40:06,WIN-HOST-058,3,Microsoft-Windows-Sysmon,Information,svc_updater,51.238.22.231,C:\Windows\System32\WindowsPowerShell\v1.0\powershell.exe,"""C:\Windows\System32\WindowsPowerShell\v1.0\powershell.exe"" -arg3 /c ""do_something""",C:\Users\svc_updater\AppData\Local\Temp\8fbe5384.tmp,394fe725ea45d9371001b003dcae800a85a8b06f771f2b2636d03da69b828d19,Network Connection detected.,Exfiltration,Exfiltration Over C2 Channel,T1041,
711,2025-08-04 07:59:32,WIN-HOST-064,4624,Microsoft-Windows-Security-Auditing,Information,alice,206.181.87.172,C:\Program Files\Git\bin\bash.exe,"""C:\Program Files\Git\bin\bash.exe"" -arg4 /c ""do_something""",C:\Users\alice\AppData\Local\Temp\fe78a9a4.tmp,2ffd36978ba5f3594289ddefdd112da56f1cbc06f1b6545d9467e21cbaa0a4df,An account was successfully logged on.,Exfiltration,Exfiltration Over C2 Channel,T1041,
712,2025-08-27 19:21:16,WIN-HOST-076,7045,Service Control Manager,Information,IIS_APPPOOL\DefaultAppPool,116.40.52.145,C:\Windows\System32\mpssvc.dll,"""C:\Windows\System32\mpssvc.dll"" -arg1 /c ""do_something""",C:\Users\IIS_APPPOOL\DefaultAppPool\AppData\Local\Temp\ca489152.tmp,0d681beafcf6a08c62798b090654e6ef9fd76f09da1eac0513a08549dc6009e8,A service was installed in the system.,Discovery,System Network Connections Discovery,T1049,
713,2025-07-21 14:22:04,WIN-HOST-001,7045,Microsoft-Windows-Security-Auditing,Information,svc_backup,53.39.188.238,C:\Windows\System32\sc.exe,"""C:\Program Files\Git\bin\bash.exe"" -arg2 /c ""do_something""",C:\Users\svc_backup\AppData\Local\Temp\6ad19816.tmp,864ddc2a03429b6e3b38ca0dd05a1fa1bc9690a360824b8679f1f4f9a94a76bd,Service installation detected.,Persistence,Create or Modify System Process,T1543,Service created - could be persistence.
714,2025-07-16 10:27:42,WIN-HOST-045,11,Microsoft-Windows-Security-Auditing,Information,SYSTEM,218.148.142.112,C:\Windows\System32\WindowsPowerShell\v1.0\powershell.exe,"""C:\Windows\System32\WindowsPowerShell\v1.0\powershell.exe"" -arg5 /c ""do_something""",C:\Users\SYSTEM\AppData\Local\Temp\98d4ec48.tmp,b87a2871b80b88bb641cae673b0e405047669f6bddbbb4c3793f481c2b322796,File encryption/ransomware activity observed (file renames & extensions).,Impact,Ransomware,T1486,Mass file modifications and suspicious file extensions.
715,2025-08-16 17:09:44,WIN-HOST-012,11,Microsoft-Windows-Eventlog,Warning,SYSTEM,45.161.175.218,C:\Windows\System32\cmd.exe,"""C:\Windows\System32\cmd.exe"" -arg3 /c ""do_something""",C:\Users\SYSTEM\AppData\Local\Temp\6d534d96.tmp,c16ed2ebf0ed12f3661c402a22b79247714a50dee8fb6405c7caf923c657f450,File encryption/ransomware activity observed (file renames & extensions).,Impact,Ransomware,T1486,Mass file modifications and suspicious file extensions.
716,2025-07-12 17:21:49,WIN-HOST-077,1,Microsoft-Windows-Sysmon,Information,krbtgt,148.55.34.128,C:\Program Files\Git\bin\bash.exe,"""C:\Program Files\Git\bin\bash.exe"" -arg1 /c ""do_something""",C:\Users\krbtgt\AppData\Local\Temp\7f6f4f9e.tmp,f8f521ad13e3fa6fec1e34d77890d11471c9a67107db1456b899bacbe810685e,Process Create.,Credential Access,Input Capture: Keylogging,T1056.001,
717,2025-07-05 05:56:40,WIN-HOST-039,1102,Microsoft-Windows-Security-Auditing,Warning,john.doe,229.196.130.255,C:\Program Files\OpenSSH\ssh.exe,"""C:\Program Files\OpenSSH\ssh.exe"" -arg1 /c ""do_something""",C:\Users\john.doe\AppData\Local\Temp\386c99a8.tmp,84bd9e56d60251ce1746c21d607c3babd3648398fea4815c436cc0166f913a53,Registry query or modification.,Discovery,Query Registry,T1012,Possible discovery of startup keys or persistence mechanisms.
718,2025-07-26 10:00:59,WIN-HOST-009,7,Microsoft-Windows-Sysmon,Warning,svc_updater,34.113.151.202,C:\Windows\System32\mpssvc.dll,"""C:\Windows\System32\mpssvc.dll"" -arg3 /c ""do_something""",C:\Users\svc_updater\AppData\Local\Temp\b58ae0e4.tmp,aec020289743e67341b9b4a70547e11cb63c08b383b34c8897c43fb18fbd0536,Image loaded (DLL).,Impact,Service Stop,T1489,
719,2025-07-28 16:35:07,WIN-HOST-053,5156,Microsoft-Windows-Security-Auditing,Information,bob,178.33.225.197,C:\Program Files\Mozilla Firefox\firefox.exe,"""C:\Program Files\Mozilla Firefox\firefox.exe"" -arg1 /c ""do_something""",C:\Users\bob\AppData\Local\Temp\b5364676.tmp,bc5e6d0b1034f1cce7f491daeb8eae75158b737e4f2f8a3387ebc9b100387669,Windows Filtering Platform has permitted a connection.,Exfiltration,Exfiltration Over C2 Channel,T1041,
720,2025-07-24 09:19:31,WIN-HOST-068,5156,Microsoft-Windows-Security-Auditing,Warning,Administrator,180.241.54.252,C:\Windows\System32\mpssvc.dll,"""C:\Windows\System32\mpssvc.dll"" -arg5 /c ""do_something""",C:\Users\Administrator\AppData\Local\Temp\51227e81.tmp,fdb916daaa243bfb1c7779d7b909041e7a5661d9f4d2043ce61a3cf2785d2c67,Network scanning activity detected.,Discovery,Network Service Scanning,T1046,Port/protocol scanning pattern observed.
721,2025-07-28 20:27:24,WIN-HOST-074,1102,Microsoft-Windows-Eventlog,Warning,krbtgt,237.86.199.20,C:\Program Files\OpenSSH\ssh.exe,"""C:\Program Files\OpenSSH\ssh.exe"" -arg5 /c ""do_something""",C:\Users\krbtgt\AppData\Local\Temp\51427642.tmp,9fd07a473fe54337655f9bf7e1d3fd44d8d1c94a69c2e26936d3c11e8d5905c0,The audit log was cleared.,Exfiltration,Exfiltration Over C2 Channel,T1041,
722,2025-07-29 09:42:17,WIN-HOST-064,4672,Microsoft-Windows-Security-Auditing,Information,alice,49.140.217.121,C:\Windows\System32\WindowsPowerShell\v1.0\powershell.exe,"C:\Windows\System32\WindowsPowerShell\v1.0\powershell.exe -ExecutionPolicy Bypass -NoProfile -WindowStyle Hidden -Command ""Invoke-Expression ...""",C:\Users\alice\AppData\Local\Temp\2d795668.tmp,834ffa27f437b900f03f194108a61eb1ba0a3c2ebc30bcac3ad9b1751f49484f,Command executed via scripting engine.,Execution,Command and Scripting Interpreter,T1059,Suspicious scripting activity; check base64 or obfuscation.
723,2025-07-19 03:16:41,WIN-HOST-016,4672,Microsoft-Windows-Security-Auditing,Information,svc_backup,105.254.153.169,C:\Windows\System32\taskhostw.exe,"""C:\Windows\System32\taskhostw.exe"" -arg3 /c ""do_something""",C:\Users\svc_backup\AppData\Local\Temp\808ceb2b.tmp,5dde7243a135b18d4d73c967675fc13bdf18db2a35f323c1989c6c54d2c4da34,Special privileges assigned to new logon.,Defense Evasion,Timestomping,T1099,
724,2025-07-01 14:29:22,WIN-HOST-028,4663,Microsoft-Windows-Security-Auditing,Information,SYSTEM,176.164.245.87,C:\Program Files\Mozilla Firefox\firefox.exe,"""C:\Program Files\Mozilla Firefox\firefox.exe"" -arg1 /c ""do_something""",C:\Users\SYSTEM\AppData\Local\Temp\f50bdc3c.tmp,a8a1a7b3c70788b5b4149bb9d03d9fbd92936705b2616977488e4e8acb7750fc,An attempt was made to access an object.,Privilege Escalation,Exploitation for Privilege Escalation,T1068,
725,2025-08-19 16:59:41,WIN-HOST-065,1102,Microsoft-Windows-Eventlog,Warning,bob,196.92.63.187,C:\Program Files\OpenSSH\ssh.exe,"C:\Program Files\OpenSSH\ssh.exe -ExecutionPolicy Bypass -NoProfile -WindowStyle Hidden -Command ""Invoke-Expression ...""",C:\Users\bob\AppData\Local\Temp\a9185551.tmp,ac29de794ff043c59b5d67dcab882f8a8bb78eb8a42d39b57a921b01654d5008,Command executed via scripting engine.,Execution,Command and Scripting Interpreter,T1059,Suspicious scripting activity; check base64 or obfuscation.
726,2025-08-15 17:16:37,WIN-HOST-051,4702,Microsoft-Windows-Security-Auditing,Information,krbtgt,213.0.193.71,C:\Windows\System32\svchost.exe,"""C:\Windows\System32\svchost.exe"" -arg3 /c ""do_something""",C:\Users\krbtgt\AppData\Local\Temp\087b7701.tmp,bf5af87b114029538ea67b12580cc648089fdd66db8244215ed8b36f6ed0f9be,Scheduled task created or executed.,Persistence,Scheduled Task/Job,T1053,Persistence via scheduled task.
727,2025-07-14 13:43:53,WIN-HOST-062,8,Microsoft-Windows-Sysmon,Information,alice,165.73.118.208,C:\Windows\System32\svchost.exe,"""C:\Windows\System32\svchost.exe"" -arg2 /c ""do_something""",C:\Users\alice\AppData\Local\Temp\7741c2eb.tmp,1c5b853128a9308482d95a62a423ad1e86c2ce463c9d8c62c7d459248020e343,CreateRemoteThread detected.,Lateral Movement,Remote Services,T1021,
728,2025-08-04 03:23:22,WIN-HOST-069,1102,Microsoft-Windows-Sysmon,Information,john.doe,190.26.7.15,C:\Windows\System32\mpssvc.dll,"""C:\Windows\System32\mpssvc.dll"" -arg5 /c ""do_something""",C:\Users\john.doe\AppData\Local\Temp\fada08f6.tmp,5ca7579dfbc788461021830d62c173a681ca0acf72584e22cca8e84896b2639b,Registry query or modification.,Discovery,Query Registry,T1012,Possible discovery of startup keys or persistence mechanisms.
729,2025-07-09 11:25:05,WIN-HOST-041,3,Microsoft-Windows-Security-Auditing,Information,bob,4.202.187.56,C:\Program Files\Git\bin\bash.exe,"""C:\Program Files\Git\bin\bash.exe"" -arg6 /c ""do_something""",C:\Users\bob\AppData\Local\Temp\76f20892.tmp,40f7a49db257c9652633a89f310e892fdf6a4c791f63be9d8b0f62a4a3718794,Encrypted outbound connection established.,Command and Control,Encrypted Channel,T1573,Potential C2 channel over TLS.
730,2025-06-20 21:50:17,WIN-HOST-046,7,Microsoft-Windows-Sysmon,Error,Administrator,7.250.246.247,C:\Windows\System32\rundll32.exe,"""C:\Windows\System32\WindowsPowerShell\v1.0\powershell.exe"" -arg6 /c ""do_something""",C:\Users\Administrator\AppData\Local\Temp\54efc2a4.tmp,e1ac9dcee4b84e7c02d675cee69f065337646a6cf45dfcb222987d89f1908c21,Attempt to read LSASS memory process or dump credentials detected.,Credential Access,Credential Dumping,T1003,Possible Mimikatz-like activity: access to lsass.exe memory.
731,2025-09-01 17:58:13,WIN-HOST-074,7,Microsoft-Windows-Sysmon,Warning,krbtgt,219.154.14.183,C:\Windows\System32\taskhostw.exe,"""C:\Windows\System32\taskhostw.exe"" -arg1 /c ""do_something""",C:\Users\krbtgt\AppData\Local\Temp\df132b64.tmp,4ca3ae794b45dd7e6a813b65223593b83be1c2da1cdb93f19d3ebea14ba6c006,Image loaded (DLL).,Impact,Service Stop,T1489,
732,2025-08-08 16:19:16,WIN-HOST-012,4657,Microsoft-Windows-Eventlog,Warning,alice,95.32.25.234,C:\Program Files\Mozilla Firefox\firefox.exe,"""C:\Program Files\Mozilla Firefox\firefox.exe"" -arg3 /c ""do_something""",C:\Users\alice\AppData\Local\Temp\a119e632.tmp,e04becd2831a318d2b469fd6719cbdbab3260fd3579f799b5c796b85aeb3f546,Registry query or modification.,Discovery,Query Registry,T1012,Possible discovery of startup keys or persistence mechanisms.
733,2025-08-19 12:15:16,WIN-HOST-023,4698,Microsoft-Windows-Security-Auditing,Information,Administrator,200.242.22.193,C:\Program Files\OpenSSH\ssh.exe,"""C:\Program Files\OpenSSH\ssh.exe"" -arg2 /c ""do_something""",C:\Users\Administrator\AppData\Local\Temp\0fd2d633.tmp,0c041cd87b8f0cc1b2d7a620ceacd074c142a26702c67ec59e5f5de6af406aaa,Scheduled task created or executed.,Execution,Scheduled Task/Job,T1053.005,Persistence via scheduled task.
734,2025-07-30 17:39:14,WIN-HOST-004,4672,Microsoft-Windows-Security-Auditing,Information,alice,39.113.164.34,C:\Program Files\Git\bin\bash.exe,"""C:\Program Files\Git\bin\bash.exe"" -arg4 /c ""do_something""",C:\Users\alice\AppData\Local\Temp\4bbdd9bf.tmp,73cfe904c9282a3319b810c098bd8ce3b892ccfdbdbbb86b9d0990e6a491b03c,Special privileges assigned to new logon.,Defense Evasion,Timestomping,T1099,
735,2025-06-25 00:25:16,WIN-HOST-068,4688,Microsoft-Windows-Sysmon,Information,svc_updater,223.46.55.231,C:\Program Files\OpenSSH\ssh.exe,"""C:\Program Files\OpenSSH\ssh.exe"" -arg5 /c ""do_something""",C:\Users\svc_updater\AppData\Local\Temp\4f353282.tmp,4eca1f71240651d8ae8b78056dc621126c5cd4100357908ad303b7c6955746ae,Registry query or modification.,Discovery,Query Registry,T1012,Possible discovery of startup keys or persistence mechanisms.
736,2025-08-28 22:35:11,WIN-HOST-005,3001,Microsoft-Windows-InternetExplorer,Information,alice,133.184.100.212,C:\Windows\System32\taskhostw.exe,"""C:\Windows\System32\taskhostw.exe"" -arg3 /c ""do_something""",C:\Users\alice\AppData\Local\Temp\a04eea3f.tmp,66fbd0bdf4f932da3865f76429939aadb191c7b2e4215b059c7fa71373e901e7,User clicked on compromised web resource.,Initial Access,Drive-by Compromise,T1189,Possible drive-by compromise.
737,2025-09-13 14:06:35,WIN-HOST-077,5145,Microsoft-Windows-Sysmon,Information,Administrator,11.207.208.252,C:\Program Files\OpenSSH\ssh.exe,"""C:\Program Files\OpenSSH\ssh.exe"" -arg6 /c ""do_something""",C:\Users\Administrator\AppData\Local\Temp\e288e8d3.tmp,3499ce82a4b6ea660a8a44498516843bfedf0427f77317bd053a70b3f7aedee4,Access to ADMIN$ share or C$ share.,Lateral Movement,Windows Admin Shares,T1021.002,Possible lateral movement using admin shares.
738,2025-08-18 12:34:27,WIN-HOST-003,4702,Microsoft-Windows-Sysmon,Information,krbtgt,53.184.114.108,C:\Program Files\7-Zip\7z.exe,"""C:\Program Files\7-Zip\7z.exe"" -arg2 /c ""do_something""",C:\Users\krbtgt\AppData\Local\Temp\cf332e43.tmp,61fe118220e700bdc45c7f3d4da8bc848a6b3a2ab4c42fab99cc504b6ea28339,Scheduled task created or executed.,Persistence,Scheduled Task/Job,T1053,Persistence via scheduled task.
739,2025-07-28 04:24:52,WIN-HOST-041,7045,Microsoft-Windows-Eventlog,Warning,alice,69.204.170.147,C:\Windows\System32\sc.exe,"""C:\Windows\System32\cmd.exe"" -arg3 /c ""do_something""",C:\Users\alice\AppData\Local\Temp\79c2d863.tmp,09e1438252d8de5ef84f6ab15a7114972a4db4776f134bad84bb0a0a8b4f68e3,Service installation detected.,Persistence,Create or Modify System Process,T1543,Service created - could be persistence.
740,2025-09-16 09:09:23,WIN-HOST-080,4625,Microsoft-Windows-Security-Auditing,Warning,bob,26.53.68.117,C:\Program Files\Git\bin\bash.exe,"""C:\Program Files\Git\bin\bash.exe"" -arg3 /c ""do_something""",C:\Users\bob\AppData\Local\Temp\df831967.tmp,9748a18a8659dc36579a54eba0698523b7a31fae9ee0840c097697dd7a68eaeb,An account failed to log on.,Collection,Input Capture,T1056,
741,2025-08-17 22:35:00,WIN-HOST-035,7045,Microsoft-Windows-Security-Auditing,Information,Guest,146.247.25.147,C:\Windows\System32\sc.exe,"""C:\Program Files\7-Zip\7z.exe"" -arg1 /c ""do_something""",C:\Users\Guest\AppData\Local\Temp\7c9e93dd.tmp,5d7b9d83b3220a94b2601df529b9f8e0e6da37a9436607bb1888576be7be8690,Service installation detected.,Persistence,Create or Modify System Process,T1543,Service created - could be persistence.
742,2025-07-20 07:42:04,WIN-HOST-044,3001,Microsoft-Windows-InternetExplorer,Warning,bob,12.252.100.32,C:\Windows\System32\mpssvc.dll,"""C:\Windows\System32\mpssvc.dll"" -arg4 /c ""do_something""",C:\Users\bob\AppData\Local\Temp\6247e74d.tmp,3a470b62bffae5c83b94ba1246e214992cdb8acfedf5988601b16eb9e3cdeee5,User clicked on compromised web resource.,Initial Access,Drive-by Compromise,T1189,Possible drive-by compromise.
743,2025-07-14 06:41:15,WIN-HOST-007,3,Microsoft-Windows-Sysmon,Information,Administrator,13.197.212.46,C:\Windows\System32\taskhostw.exe,"""C:\Windows\System32\taskhostw.exe"" -arg4 /c ""do_something""",C:\Users\Administrator\AppData\Local\Temp\4a9db18b.tmp,03012acd507b57f4c79a30c4cdcdefd5b49463a7b75a745cd0ab7311af298b0f,Network scanning activity detected.,Discovery,Network Service Scanning,T1046,Port/protocol scanning pattern observed.
744,2025-07-21 23:38:37,WIN-HOST-076,3,Microsoft-Windows-Sysmon,Information,IIS_APPPOOL\DefaultAppPool,157.198.215.131,C:\Windows\System32\mpssvc.dll,"""C:\Windows\System32\mpssvc.dll"" -arg3 /c ""do_something""",C:\Users\IIS_APPPOOL\DefaultAppPool\AppData\Local\Temp\dff4b075.tmp,03f22c708eb9cdb7a2ba7b63d16b18019b76638d19b01c5df2edf147ff0f7644,Obfuscated script or binary detected.,Defense Evasion,Obfuscated Files or Information,T1027,Base64-heavy command line or packed binary.
745,2025-08-29 14:59:27,WIN-HOST-069,7,Microsoft-Windows-Sysmon,Warning,Administrator,145.90.163.192,C:\Windows\System32\mpssvc.dll,"""C:\Windows\System32\mpssvc.dll"" -arg6 /c ""do_something""",C:\Users\Administrator\AppData\Local\Temp\055ab822.tmp,78342d0a8ebaf64b31ef21b8af1e602b6ca1bc819c005f0da618d57f1e214fbd,Image loaded (DLL).,Initial Access,Exploit Public-Facing Application,T1190,
746,2025-09-08 10:04:04,WIN-HOST-059,4672,Microsoft-Windows-Security-Auditing,Information,svc_updater,120.117.177.199,C:\Windows\System32\mpssvc.dll,"""C:\Windows\System32\mpssvc.dll"" -arg2 /c ""do_something""",C:\Users\svc_updater\AppData\Local\Temp\0c81a86f.tmp,e9896be286f8123073c2ff6a37b50564f1f230942ec9afdd0dca54a9f1557e13,Special privileges assigned to new logon.,Persistence,Boot or Logon Autostart Execution,T1547,
747,2025-06-26 06:12:26,WIN-HOST-079,4688,Microsoft-Windows-Security-Auditing,Information,svc_updater,100.95.39.60,C:\Program Files\OpenSSH\ssh.exe,"""C:\Program Files\OpenSSH\ssh.exe"" -arg6 /c ""do_something""",C:\Users\svc_updater\AppData\Local\Temp\3c8387e2.tmp,b6761019d78e59dfdb3dff7fcf61b3893f1c4fffc2d1aa5e42d2b629f8d8f2fd,A new process has been created.,Impact,Service Stop,T1489,
748,2025-07-03 06:43:10,WIN-HOST-042,5156,Microsoft-Windows-Security-Auditing,Information,alice,7.191.99.238,C:\Windows\System32\mpssvc.dll,"""C:\Windows\System32\mpssvc.dll"" -arg1 /c ""do_something""",C:\Users\alice\AppData\Local\Temp\d64508eb.tmp,bd2aaa1fd7f1049e8bccaaed8e53f2c52b32ff27a5272d527fe5e805b1db7a69,Windows Filtering Platform has permitted a connection.,Lateral Movement,Remote Services,T1021,
749,2025-08-02 09:22:01,WIN-HOST-060,5156,Microsoft-Windows-Security-Auditing,Information,Guest,196.151.208.168,C:\Program Files\7-Zip\7z.exe,"""C:\Program Files\7-Zip\7z.exe"" -arg5 /c ""do_something""",C:\Users\Guest\AppData\Local\Temp\801c3caa.tmp,1e83162767a37b5bf0c7f9764c81fbaef20b2f4f5753762bba8187c2d2f20d6b,Windows Filtering Platform has permitted a connection.,Exfiltration,Exfiltration Over C2 Channel,T1041,
750,2025-07-30 13:05:55,WIN-HOST-014,4688,Microsoft-Windows-Security-Auditing,Information,svc_sql,166.66.114.162,C:\Windows\System32\cmd.exe,"""C:\Windows\System32\cmd.exe"" -arg3 /c ""do_something""",C:\Users\svc_sql\AppData\Local\Temp\b5a72839.tmp,ec68f60d4a1f51d64170a068a7bfaf5766933ed4610339f9b9f8894dc662ac2a,A new process has been created.,Defense Evasion,Masquerading,T1036,
751,2025-08-04 02:33:28,WIN-HOST-052,4663,Microsoft-Windows-Security-Auditing,Information,krbtgt,123.124.231.204,C:\Windows\System32\taskhostw.exe,"""C:\Windows\System32\taskhostw.exe"" -arg3 /c ""do_something""",C:\Users\krbtgt\AppData\Local\Temp\4d8b166d.tmp,9f77e6bdc68745c1f0e30715a4b9ff70d1dfae085cdc582ddb76e67624a38a57,An attempt was made to access an object.,Initial Access,Exploit Public-Facing Application,T1190,
752,2025-06-30 20:08:46,WIN-HOST-076,7045,Service Control Manager,Information,svc_sql,177.178.181.248,C:\Windows\System32\sc.exe,"""C:\Windows\System32\taskhostw.exe"" -arg6 /c ""do_something""",C:\Users\svc_sql\AppData\Local\Temp\7aaa29cb.tmp,f954baf05979cd926a81f53c6fc392b611888b73e0a342f1f0510ac38b79cd5b,Service installation detected.,Persistence,Create or Modify System Process,T1543,Service created - could be persistence.
753,2025-09-10 07:12:00,WIN-HOST-074,1,Microsoft-Windows-Sysmon,Information,alice,118.129.42.215,C:\Windows\System32\cmd.exe,"""C:\Windows\System32\cmd.exe"" -arg1 /c ""do_something""",C:\Users\alice\AppData\Local\Temp\f6c11b56.tmp,84a515c90662f15ef57134668e13d0f224dbd6099f7a76f6d961a32328284866,Process Create.,Collection,Input Capture,T1056,
754,2025-08-05 15:16:41,WIN-HOST-023,7,Microsoft-Windows-Sysmon,Warning,svc_updater,97.0.79.254,C:\Windows\System32\taskhostw.exe,"""C:\Windows\System32\taskhostw.exe"" -arg6 /c ""do_something""",C:\Users\svc_updater\AppData\Local\Temp\3dabead2.tmp,60a004b56f075e42aa6a6a98b24f8fb92215f4655f1d14e9376e2a6505e71825,Image loaded (DLL).,Lateral Movement,Remote Services,T1021,
755,2025-09-11 21:26:35,WIN-HOST-012,1,Microsoft-Windows-Sysmon,Information,svc_backup,38.51.12.67,C:\Windows\System32\WindowsPowerShell\v1.0\powershell.exe,"""C:\Windows\System32\WindowsPowerShell\v1.0\powershell.exe"" -arg3 /c ""do_something""",C:\Users\svc_backup\AppData\Local\Temp\d8b6ce2d.tmp,7a3ecc623fba578f471ee5a39e84d0ce989d63eea03a8c4c9f50d325964a8d11,Process Create.,Collection,Input Capture,T1056,
756,2025-07-20 02:19:12,WIN-HOST-074,5145,Microsoft-Windows-Security-Auditing,Information,alice,224.158.242.163,C:\Program Files\Mozilla Firefox\firefox.exe,"""C:\Program Files\Mozilla Firefox\firefox.exe"" -arg5 /c ""do_something""",C:\Users\alice\AppData\Local\Temp\45ab3f9f.tmp,0503cb54bfcdfb185fb84b18765203ffef0f023989e32d3eda814959feea74ae,Obfuscated script or binary detected.,Defense Evasion,Obfuscated Files or Information,T1027,Base64-heavy command line or packed binary.
757,2025-06-21 04:47:13,WIN-HOST-039,3,Microsoft-Windows-Sysmon,Error,svc_sql,253.131.152.195,C:\Program Files\OpenSSH\ssh.exe,"""C:\Program Files\OpenSSH\ssh.exe"" -arg1 /c ""do_something""",C:\Users\svc_sql\AppData\Local\Temp\cb59ed93.tmp,c269a8bec43a267bd45969ab1277014329b4e3fd3cd73a6accb84994e87b243a,Encrypted outbound connection established.,Command and Control,Encrypted Channel,T1573,Potential C2 channel over TLS.
758,2025-09-05 11:28:51,WIN-HOST-038,3001,Microsoft-Windows-InternetExplorer,Warning,SYSTEM,247.200.67.95,C:\Program Files\OpenSSH\ssh.exe,"""C:\Program Files\OpenSSH\ssh.exe"" -arg6 /c ""do_something""",C:\Users\SYSTEM\AppData\Local\Temp\59354acb.tmp,3c98ec600c5589e68e07719a6820ff0f248f9294d50bab0891c51101a5a95428,User clicked on compromised web resource.,Initial Access,Drive-by Compromise,T1189,Possible drive-by compromise.
759,2025-06-30 04:12:48,WIN-HOST-046,4663,Microsoft-Windows-Security-Auditing,Information,Administrator,221.157.46.77,C:\Program Files\7-Zip\7z.exe,"""C:\Program Files\7-Zip\7z.exe"" -arg4 /c ""do_something""",C:\Users\Administrator\AppData\Local\Temp\3134b073.tmp,9eacfeed770f09a400e7a589460ff16deaaabccc0dd3285d2fe1cd94b85e22ae,An attempt was made to access an object.,Persistence,Service Registry Permissions Weakness,T1547.001,
760,2025-07-22 13:31:32,WIN-HOST-051,1,Microsoft-Windows-Sysmon,Information,IIS_APPPOOL\DefaultAppPool,182.54.204.76,C:\Windows\System32\rundll32.exe,"""C:\Program Files\OpenSSH\ssh.exe"" -arg4 /c ""do_something""",C:\Users\IIS_APPPOOL\DefaultAppPool\AppData\Local\Temp\1153b3af.tmp,131e07add0d312269b22b325a0d2ea059d112e980abeafd6306606caacf65aac,Attempt to read LSASS memory process or dump credentials detected.,Credential Access,Credential Dumping,T1003,Possible Mimikatz-like activity: access to lsass.exe memory.
761,2025-08-28 08:32:17,WIN-HOST-023,4657,Microsoft-Windows-Security-Auditing,Information,alice,236.170.218.251,C:\Windows\System32\WindowsPowerShell\v1.0\powershell.exe,"""C:\Windows\System32\WindowsPowerShell\v1.0\powershell.exe"" -arg4 /c ""do_something""",C:\Users\alice\AppData\Local\Temp\b9cebe34.tmp,9b5a966e4973d2ccf15752bac0f23db8d74832114146a0b7790e0c4d64461ade,Registry query or modification.,Discovery,Query Registry,T1012,Possible discovery of startup keys or persistence mechanisms.
762,2025-06-25 03:05:08,WIN-HOST-017,1102,Microsoft-Windows-Eventlog,Warning,Guest,4.5.109.43,C:\Windows\System32\svchost.exe,"""C:\Windows\System32\svchost.exe"" -arg4 /c ""do_something""",C:\Users\Guest\AppData\Local\Temp\031baa52.tmp,5926c70120749127d23f413940f646a512347c77d8560666f3435622cdf35d0c,The audit log was cleared.,Impact,System Shutdown/Reboot,T1529,
763,2025-08-06 11:02:26,WIN-HOST-018,5145,Microsoft-Windows-Sysmon,Information,Administrator,46.7.51.109,C:\Windows\System32\WindowsPowerShell\v1.0\powershell.exe,"""C:\Windows\System32\WindowsPowerShell\v1.0\powershell.exe"" -arg4 /c ""do_something""",C:\Users\Administrator\AppData\Local\Temp\431095f0.tmp,52949c6e01823b9d54d02340fc6dc44403fe6f82d22c57a4b6860ae0c078f777,Access to ADMIN$ share or C$ share.,Lateral Movement,Windows Admin Shares,T1021.002,Possible lateral movement using admin shares.
764,2025-06-30 05:48:08,WIN-HOST-058,3,Microsoft-Windows-Security-Auditing,Information,svc_sql,57.202.40.38,C:\Program Files\OpenSSH\ssh.exe,"""C:\Program Files\OpenSSH\ssh.exe"" -arg5 /c ""do_something""",C:\Users\svc_sql\AppData\Local\Temp\3e37604f.tmp,3ae6dc408d95b0fcec9c07f1605fdee639aba421c2d0d0e620dbd1f2074b2621,Network scanning activity detected.,Discovery,Network Service Scanning,T1046,Port/protocol scanning pattern observed.
765,2025-07-31 11:55:02,WIN-HOST-031,4627,Microsoft-Windows-Security-Auditing,Information,bob,93.241.191.111,C:\Program Files\7-Zip\7z.exe,"""C:\Program Files\7-Zip\7z.exe"" -arg5 /c ""do_something""",C:\Users\bob\AppData\Local\Temp\8702e272.tmp,1d708c299d56a3fe1d923c022cbc3e1fb6049a007500341346619785f7f7f876,Group membership information.,Initial Access,Phishing: Spearphishing Attachment,T1566.001,
766,2025-07-11 10:12:42,WIN-HOST-048,4672,Microsoft-Windows-Security-Auditing,Information,Administrator,20.127.4.19,C:\Windows\System32\mpssvc.dll,"""C:\Windows\System32\mpssvc.dll"" -arg6 /c ""do_something""",C:\Users\Administrator\AppData\Local\Temp\6ae872cc.tmp,88af98bacf038c53e134ba98e1f3a3a747a813b911e7f57fc01391561a935f77,Special privileges assigned to new logon.,Impact,System Shutdown/Reboot,T1529,
767,2025-06-26 10:16:30,WIN-HOST-036,4663,Microsoft-Windows-Security-Auditing,Information,alice,22.164.107.131,C:\Program Files\Git\bin\bash.exe,"""C:\Program Files\Git\bin\bash.exe"" -arg6 /c ""do_something""",C:\Users\alice\AppData\Local\Temp\487af3d8.tmp,50bb891eb58c58aaaf3db7a1e356ad0c0ae2860db041410c84772cbe859a9fc1,An attempt was made to access an object.,Lateral Movement,Remote Services,T1021,
768,2025-07-15 10:05:17,WIN-HOST-010,3,Microsoft-Windows-Sysmon,Information,IIS_APPPOOL\DefaultAppPool,199.77.141.240,C:\Program Files\Git\bin\bash.exe,"""C:\Program Files\Git\bin\bash.exe"" -arg4 /c ""do_something""",C:\Users\IIS_APPPOOL\DefaultAppPool\AppData\Local\Temp\1877934e.tmp,1f7a472ae56a1690a644afd4c75e6e050363f3e6778615d67d51466ce50dc6b2,Network Connection detected.,Lateral Movement,Remote Services,T1021,
769,2025-06-21 21:26:45,WIN-HOST-061,4663,Microsoft-Windows-Security-Auditing,Information,krbtgt,107.199.182.53,C:\Program Files\OpenSSH\ssh.exe,"""C:\Program Files\OpenSSH\ssh.exe"" -arg3 /c ""do_something""",C:\Users\krbtgt\AppData\Local\Temp\65b80e70.tmp,07378659b6a9b7bf6f3c97163edd30210e93dcf759c75582604e18d674b079a2,An attempt was made to access an object.,Persistence,Boot or Logon Autostart Execution,T1547,
770,2025-09-01 14:23:05,WIN-HOST-005,1102,Microsoft-Windows-Eventlog,Warning,krbtgt,144.79.13.247,C:\Program Files\7-Zip\7z.exe,"""C:\Program Files\7-Zip\7z.exe"" -arg6 /c ""do_something""",C:\Users\krbtgt\AppData\Local\Temp\b63f0f52.tmp,a59f882cfda576b798ecc231bf77c40961090526e3aa9b60638d0c63a39cc8d5,The audit log was cleared.,Initial Access,Phishing: Spearphishing Attachment,T1566.001,
771,2025-07-23 17:32:27,WIN-HOST-022,4672,Microsoft-Windows-Security-Auditing,Information,krbtgt,6.253.1.230,C:\Windows\System32\svchost.exe,"""C:\Windows\System32\svchost.exe"" -arg1 /c ""do_something""",C:\Users\krbtgt\AppData\Local\Temp\34aeb3a5.tmp,f7087946f8417312f5351f1b070889f18ceb2df3df0e789f56e1f918c1c7a9ec,Special privileges assigned to new logon.,Lateral Movement,Remote Services,T1021,
772,2025-07-30 18:34:58,WIN-HOST-010,4688,Microsoft-Windows-Security-Auditing,Information,svc_updater,71.237.198.221,C:\Program Files\7-Zip\7z.exe,"""C:\Program Files\7-Zip\7z.exe"" -arg3 /c ""do_something""",C:\Users\svc_updater\AppData\Local\Temp\c4b864f2.tmp,3386859859bad7f058b7a18fca0b222cf2f818e2f7add1c9841d76e2102df164,A new process has been created.,Discovery,File and Directory Discovery,T1083,
773,2025-07-07 21:03:07,WIN-HOST-015,4663,Microsoft-Windows-Security-Auditing,Information,krbtgt,189.44.244.235,C:\Windows\System32\WindowsPowerShell\v1.0\powershell.exe,"""C:\Windows\System32\WindowsPowerShell\v1.0\powershell.exe"" -arg4 /c ""do_something""",C:\Users\krbtgt\AppData\Local\Temp\fe011afe.tmp,b2ec1e34ad87dced9fd284693c2025b42f141fbdde89d3e8090a617d00e57104,File encryption/ransomware activity observed (file renames & extensions).,Impact,Ransomware,T1486,Mass file modifications and suspicious file extensions.
774,2025-08-31 19:59:49,WIN-HOST-034,11,Microsoft-Windows-Sysmon,Error,svc_backup,8.120.158.240,C:\Windows\System32\mpssvc.dll,"""C:\Windows\System32\mpssvc.dll"" -arg2 /c ""do_something""",C:\Users\svc_backup\AppData\Local\Temp\43cf6925.tmp,2baa29e6b418806ac15f78cb34a2aab6b25ea35f1fdc14d77c70b1e1f7f02d2b,File created.,Initial Access,Exploit Public-Facing Application,T1190,
775,2025-06-30 01:57:07,WIN-HOST-020,4627,Microsoft-Windows-Security-Auditing,Information,alice,197.54.210.206,C:\Windows\System32\taskhostw.exe,"""C:\Windows\System32\taskhostw.exe"" -arg6 /c ""do_something""",C:\Users\alice\AppData\Local\Temp\a8282a82.tmp,d1eef900da710d57771d49f1ebf1c08f3e1fe1167e1071951533c1dbbd929c92,Group membership information.,Persistence,Service Registry Permissions Weakness,T1547.001,
776,2025-07-09 09:00:24,WIN-HOST-022,4672,Microsoft-Windows-Security-Auditing,Information,svc_backup,209.204.200.211,C:\Program Files\OpenSSH\ssh.exe,"""C:\Program Files\OpenSSH\ssh.exe"" -arg2 /c ""do_something""",C:\Users\svc_backup\AppData\Local\Temp\ab0c3411.tmp,83ea14ed8f78908373c71e9fdf3de9d83acebbfaba47be36445f601cc43e5931,Special privileges assigned to new logon.,Initial Access,Phishing: Spearphishing Attachment,T1566.001,
777,2025-08-10 03:33:52,WIN-HOST-061,7,Microsoft-Windows-Security-Auditing,Information,svc_updater,136.83.73.11,C:\Windows\System32\rundll32.exe,"""C:\Windows\System32\mpssvc.dll"" -arg6 /c ""do_something""",C:\Users\svc_updater\AppData\Local\Temp\684c0a0c.tmp,ccafe96655499684622c6686fd6185638e32dcca274edf597267724ad1e9ac1f,Attempt to read LSASS memory process or dump credentials detected.,Credential Access,Credential Dumping,T1003,Possible Mimikatz-like activity: access to lsass.exe memory.
778,2025-08-02 18:50:00,WIN-HOST-034,3001,Microsoft-Windows-InternetExplorer,Information,Guest,222.202.133.152,C:\Program Files\Git\bin\bash.exe,"""C:\Program Files\Git\bin\bash.exe"" -arg3 /c ""do_something""",C:\Users\Guest\AppData\Local\Temp\e3639ca9.tmp,43ce44bc966dc28bf95e075f3f23c8c051e8cd9e211da996941577b2b9aba0f8,User clicked on compromised web resource.,Initial Access,Drive-by Compromise,T1189,Possible drive-by compromise.
779,2025-07-02 10:50:32,WIN-HOST-058,8,Microsoft-Windows-Sysmon,Information,svc_sql,10.128.33.103,C:\Program Files\OpenSSH\ssh.exe,"""C:\Program Files\OpenSSH\ssh.exe"" -arg5 /c ""do_something""",C:\Users\svc_sql\AppData\Local\Temp\9054fc6f.tmp,12cbafbeb07cea42e507b65499e22edaa7ea6b624c413dbd393bd36592df1154,CreateRemoteThread detected.,Credential Access,Input Capture: Keylogging,T1056.001,
780,2025-08-14 12:13:40,WIN-HOST-056,1,Microsoft-Windows-Sysmon,Information,krbtgt,85.192.108.142,C:\Program Files\7-Zip\7z.exe,"""C:\Program Files\7-Zip\7z.exe"" -arg1 /c ""do_something""",C:\Users\krbtgt\AppData\Local\Temp\33e6f4d1.tmp,ed3d72548bbb794ab6fb9bdb4651efc98ba55b64752156a8eda9aa7d111300cb,Process Create.,Privilege Escalation,Exploitation for Privilege Escalation,T1068,
781,2025-07-16 07:58:36,WIN-HOST-075,1102,Microsoft-Windows-Eventlog,Warning,svc_sql,191.196.108.14,C:\Windows\System32\mpssvc.dll,"""C:\Windows\System32\mpssvc.dll"" -arg6 /c ""do_something""",C:\Users\svc_sql\AppData\Local\Temp\622406b0.tmp,00cfaceaa9bd25cfa90d89941a3097944f8521f0499dfa76919991eb5b3991d9,The audit log was cleared.,Impact,System Shutdown/Reboot,T1529,
782,2025-07-05 01:19:06,WIN-HOST-025,4627,Microsoft-Windows-Security-Auditing,Information,bob,254.67.84.26,C:\Program Files\OpenSSH\ssh.exe,"""C:\Program Files\OpenSSH\ssh.exe"" -arg5 /c ""do_something""",C:\Users\bob\AppData\Local\Temp\077d66b8.tmp,efd9589b2da52640a4b72f59e48c40d5384c847afe526dd563ce005598826eb4,Group membership information.,Defense Evasion,Timestomping,T1099,
783,2025-07-14 12:57:54,WIN-HOST-002,5145,Microsoft-Windows-Security-Auditing,Information,Administrator,105.71.153.116,C:\Windows\System32\svchost.exe,"""C:\Windows\System32\svchost.exe"" -arg1 /c ""do_something""",C:\Users\Administrator\AppData\Local\Temp\390e28d4.tmp,8dbbefae35444f784bf0f67fb6e2885752cff8ba8bafc4e766e48427e307486a,Access to ADMIN$ share or C$ share.,Lateral Movement,Windows Admin Shares,T1021.002,Possible lateral movement using admin shares.
784,2025-08-05 13:35:11,WIN-HOST-045,1,Microsoft-Windows-Sysmon,Information,svc_backup,64.124.67.112,C:\Program Files\7-Zip\7z.exe,"""C:\Program Files\7-Zip\7z.exe"" -arg1 /c ""do_something""",C:\Users\svc_backup\AppData\Local\Temp\ed54076f.tmp,3c1a653689411aecafd30982773fcd90864e770d283ebc052cf3c91e8e5733ed,Process Create.,Initial Access,Phishing: Spearphishing Attachment,T1566.001,
785,2025-09-08 22:28:06,WIN-HOST-008,4627,Microsoft-Windows-Security-Auditing,Information,krbtgt,163.89.102.103,C:\Program Files\Mozilla Firefox\firefox.exe,"""C:\Program Files\Mozilla Firefox\firefox.exe"" -arg1 /c ""do_something""",C:\Users\krbtgt\AppData\Local\Temp\39dda8ec.tmp,ed5d99e9eee6310c2dbf6cae437d5af9be108c09735bd8fc4ae79a37ec315046,Group membership information.,Impact,Service Stop,T1489,
786,2025-06-26 17:03:19,WIN-HOST-078,4625,Microsoft-Windows-Security-Auditing,Warning,Guest,247.152.40.162,C:\Windows\System32\taskhostw.exe,"""C:\Windows\System32\taskhostw.exe"" -arg1 /c ""do_something""",C:\Users\Guest\AppData\Local\Temp\d14f2193.tmp,755c9996abcf8a94c2c70d3866c22326d6922bed067aa5c68008bd0bcc7886bb,An account failed to log on.,Privilege Escalation,Valid Accounts,T1078,
787,2025-08-30 23:20:35,WIN-HOST-033,1,Microsoft-Windows-Sysmon,Information,svc_updater,254.200.136.57,C:\Windows\System32\mpssvc.dll,"""C:\Windows\System32\mpssvc.dll"" -arg4 /c ""do_something""",C:\Users\svc_updater\AppData\Local\Temp\16cd6f3c.tmp,dcd2a8358c76e2e251d29f15e9eea97c44575ed24a6f588054646caa111b5a0a,Scheduled task created or executed.,Execution,Scheduled Task/Job,T1053.005,Persistence via scheduled task.
788,2025-07-15 01:08:05,WIN-HOST-042,8,Microsoft-Windows-Sysmon,Information,svc_updater,199.222.1.169,C:\Windows\System32\WindowsPowerShell\v1.0\powershell.exe,"""C:\Windows\System32\WindowsPowerShell\v1.0\powershell.exe"" -arg1 /c ""do_something""",C:\Users\svc_updater\AppData\Local\Temp\93fc1c0f.tmp,ce346eeeef198beb3f3e9bac0df60654d2b3df63855c6689ed51fbff8b9d18e4,CreateRemoteThread detected.,Privilege Escalation,Exploitation for Privilege Escalation,T1068,
789,2025-08-11 03:13:33,WIN-HOST-043,5145,Microsoft-Windows-Security-Auditing,Information,SYSTEM,67.193.19.108,C:\Program Files\7-Zip\7z.exe,"""C:\Program Files\7-Zip\7z.exe"" -arg1 /c ""do_something""",C:\Users\SYSTEM\AppData\Local\Temp\5d3cc015.tmp,06a2292633dc88fc874bd13cd68f3293602f27e0b7daff2834b1c4e1ffc2dfe6,A network share object was checked to see whether client can be granted desired access.,Discovery,System Network Connections Discovery,T1049,
790,2025-08-29 09:06:51,WIN-HOST-079,4672,Microsoft-Windows-Security-Auditing,Information,svc_sql,165.62.98.186,C:\Windows\System32\WindowsPowerShell\v1.0\powershell.exe,"C:\Windows\System32\WindowsPowerShell\v1.0\powershell.exe -ExecutionPolicy Bypass -NoProfile -WindowStyle Hidden -Command ""Invoke-Expression ...""",C:\Users\svc_sql\AppData\Local\Temp\020e0c5e.tmp,944ef007987a2074bfd67b72494089d05e2a09f8b7b2f928275f9055d1566aec,Command executed via scripting engine.,Execution,Command and Scripting Interpreter,T1059,Suspicious scripting activity; check base64 or obfuscation.
791,2025-07-05 05:29:21,WIN-HOST-056,4663,Microsoft-Windows-Security-Auditing,Information,svc_backup,233.160.194.13,C:\Windows\System32\cmd.exe,"""C:\Windows\System32\cmd.exe"" -arg3 /c ""do_something""",C:\Users\svc_backup\AppData\Local\Temp\66def863.tmp,061ca5ad52e7df5d766052e4510d643859de1bd4e85963d7c0d6aa61ae161fde,An attempt was made to access an object.,Impact,Service Stop,T1489,
792,2025-09-14 11:28:31,WIN-HOST-010,3001,Microsoft-Windows-InternetExplorer,Warning,Administrator,198.249.3.207,C:\Program Files\7-Zip\7z.exe,"""C:\Program Files\7-Zip\7z.exe"" -arg4 /c ""do_something""",C:\Users\Administrator\AppData\Local\Temp\7e0a2349.tmp,f3fe10c84f67811913f2864c82da4a259958a642b924a7f164c2edbe2059d36d,User clicked on compromised web resource.,Initial Access,Drive-by Compromise,T1189,Possible drive-by compromise.
793,2025-07-16 11:25:14,WIN-HOST-001,4688,Microsoft-Windows-Security-Auditing,Information,SYSTEM,68.53.46.111,C:\Windows\System32\taskhostw.exe,"""C:\Windows\System32\taskhostw.exe"" -arg3 /c ""do_something""",C:\Users\SYSTEM\AppData\Local\Temp\d6b60abf.tmp,8cd7293958c6aad455bd3ed68566862d861761f539e84ebc07905af3af27542f,A new process has been created.,Impact,Service Stop,T1489,
794,2025-08-10 20:50:28,WIN-HOST-074,8,Microsoft-Windows-Sysmon,Information,SYSTEM,197.95.164.69,C:\Program Files\Git\bin\bash.exe,"""C:\Program Files\Git\bin\bash.exe"" -arg4 /c ""do_something""",C:\Users\SYSTEM\AppData\Local\Temp\3de9b39b.tmp,1015082e1a5ed93f90d5a82250019f35e7c394b9190d9b32c05aa5c0c4f1d173,CreateRemoteThread detected.,Lateral Movement,Remote Services,T1021,
795,2025-06-27 21:55:48,WIN-HOST-009,5145,Microsoft-Windows-Security-Auditing,Information,bob,0.216.192.70,C:\Program Files\Mozilla Firefox\firefox.exe,"""C:\Program Files\Mozilla Firefox\firefox.exe"" -arg6 /c ""do_something""",C:\Users\bob\AppData\Local\Temp\95290cda.tmp,3eefc8a64404a720f4fb1082277bd861fa59a5d1a5fa2971558e9bd48be8ba1e,A network share object was checked to see whether client can be granted desired access.,Persistence,Boot or Logon Autostart Execution,T1547,
796,2025-07-04 03:34:18,WIN-HOST-062,4663,Microsoft-Windows-Sysmon,Warning,Administrator,91.226.18.79,C:\Program Files\Git\bin\bash.exe,"""C:\Program Files\Git\bin\bash.exe"" -arg3 /c ""do_something""",C:\Users\Administrator\AppData\Local\Temp\fbb88567.tmp,2e88a778d0ab8c3bc1098da622dde9ac336bfe5d1f9eee0a725d322737e0ffe0,File encryption/ransomware activity observed (file renames & extensions).,Impact,Ransomware,T1486,Mass file modifications and suspicious file extensions.
797,2025-07-18 11:24:19,WIN-HOST-012,1102,Microsoft-Windows-Security-Auditing,Information,john.doe,87.14.90.245,C:\Program Files\Git\bin\bash.exe,"""C:\Program Files\Git\bin\bash.exe"" -arg4 /c ""do_something""",C:\Users\john.doe\AppData\Local\Temp\2a391c8f.tmp,c988849e97f99cc59da46999c42723c7f47241480400c8b933f874a562eaf266,Registry query or modification.,Discovery,Query Registry,T1012,Possible discovery of startup keys or persistence mechanisms.
798,2025-08-29 03:24:07,WIN-HOST-023,4663,Microsoft-Windows-Sysmon,Information,bob,247.174.237.232,C:\Windows\System32\svchost.exe,"""C:\Windows\System32\svchost.exe"" -arg2 /c ""do_something""",C:\Users\bob\AppData\Local\Temp\29243405.tmp,2e90dfbbb14bacb2267da46c8d10b9976e65108673fec2ddf26db84a30a77b0e,File encryption/ransomware activity observed (file renames & extensions).,Impact,Ransomware,T1486,Mass file modifications and suspicious file extensions.
799,2025-08-10 23:41:50,WIN-HOST-014,3,Microsoft-Windows-Sysmon,Information,IIS_APPPOOL\DefaultAppPool,124.139.127.30,C:\Program Files\OpenSSH\ssh.exe,"""C:\Program Files\OpenSSH\ssh.exe"" -arg6 /c ""do_something""",C:\Users\IIS_APPPOOL\DefaultAppPool\AppData\Local\Temp\d5903efc.tmp,7ec6b5bb7b5a70c328c96c424ead746c90595d27cc19027959ef1d085fa9bccc,Network Connection detected.,Privilege Escalation,Valid Accounts,T1078,
800,2025-07-08 11:16:39,WIN-HOST-025,4672,Microsoft-Windows-Security-Auditing,Information,Guest,49.110.134.69,C:\Windows\System32\svchost.exe,"""C:\Windows\System32\svchost.exe"" -arg5 /c ""do_something""",C:\Users\Guest\AppData\Local\Temp\854f5b34.tmp,485186a706d6807b229a19fa2f1df796017f1c177317604a2ff19d5cacb14c81,Special privileges assigned to new logon.,Impact,System Shutdown/Reboot,T1529,
801,2025-08-01 08:42:45,WIN-HOST-050,7045,Service Control Manager,Information,Administrator,164.182.92.250,C:\Program Files\Git\bin\bash.exe,"""C:\Program Files\Git\bin\bash.exe"" -arg5 /c ""do_something""",C:\Users\Administrator\AppData\Local\Temp\70293167.tmp,0f6bd9ec1ff69b1813fc47c9da28f7f6ebf089b2a1b0f037540700cb4c602309,A service was installed in the system.,Lateral Movement,Remote Services,T1021,
802,2025-07-01 01:07:37,WIN-HOST-058,7,Microsoft-Windows-Sysmon,Warning,SYSTEM,86.219.99.138,C:\Windows\System32\svchost.exe,"""C:\Windows\System32\svchost.exe"" -arg6 /c ""do_something""",C:\Users\SYSTEM\AppData\Local\Temp\93b3eafc.tmp,3cb5bf342ce450f6c47e7b8780718a116822c862e76cfdee3c76cf97e49d75e3,Image loaded (DLL).,Defense Evasion,Timestomping,T1099,
803,2025-08-09 11:48:19,WIN-HOST-016,4624,Microsoft-Windows-Security-Auditing,Information,svc_backup,148.80.0.36,C:\Program Files\Git\bin\bash.exe,"""C:\Program Files\Git\bin\bash.exe"" -arg1 /c ""do_something""",C:\Users\svc_backup\AppData\Local\Temp\8bfb0843.tmp,24e2ca941dd33bf39bd5a75f1b06147f428e270d537deca95ae1c316f7491208,An account was successfully logged on.,Credential Access,Input Capture: Keylogging,T1056.001,
804,2025-07-08 10:57:42,WIN-HOST-019,4624,Microsoft-Windows-Security-Auditing,Information,alice,11.185.168.246,C:\Windows\System32\svchost.exe,"""C:\Windows\System32\svchost.exe"" -arg6 /c ""do_something""",C:\Users\alice\AppData\Local\Temp\d260f861.tmp,03438a0cd70e7a60add40bd4cae71679d907ddf1e686666e22d1c569f9a9e8ad,An account was successfully logged on.,Impact,Service Stop,T1489,
805,2025-09-16 11:14:01,WIN-HOST-023,1102,Microsoft-Windows-Security-Auditing,Information,IIS_APPPOOL\DefaultAppPool,231.151.243.174,C:\Windows\System32\svchost.exe,"""C:\Windows\System32\svchost.exe"" -arg1 /c ""do_something""",C:\Users\IIS_APPPOOL\DefaultAppPool\AppData\Local\Temp\8c6a0ce0.tmp,4295344f7e4fe908c6669375575004fa05f17f2d02726b421d6adf28308ddc26,Registry query or modification.,Discovery,Query Registry,T1012,Possible discovery of startup keys or persistence mechanisms.
