346,2025-07-12 12:52:58,WIN-HOST-019,7045,Microsoft-Windows-Security-Auditing,Information,bob,98.58.208.252,C:\Windows\System32\sc.exe,"""C:\Windows\System32\taskhostw.exe"" -arg4 /c ""do_something""",C:\Users\bob\AppData\Local\Temp\35949871.tmp,56a843dd1520edd3944134f5a22c3e6d5f8d90f9ab88199d73616d28a6c6f64a,Service installation detected.,Persistence,Create or Modify System Process,T1543,Service created - could be persistence.
347,2025-07-27 16:31:21,WIN-HOST-023,1,Microsoft-Windows-Sysmon,Information,bob,125.89.46.25,C:\Windows\System32\WindowsPowerShell\v1.0\powershell.exe,"C:\Windows\System32\WindowsPowerShell\v1.0\powershell.exe -ExecutionPolicy Bypass -NoProfile -WindowStyle Hidden -Command ""Invoke-Expression ...""",C:\Users\bob\AppData\Local\Temp\53d1cd22.tmp,4cf9b2b3809bf8ff9f10c2fa46d042135cd5c17a765b3db6b1ba8c082d99b7d1,Command executed via scripting engine.,Execution,PowerShell,T1059.001,Suspicious scripting activity; check base64 or obfuscation.
348,2025-06-28 02:44:22,WIN-HOST-058,5156,Microsoft-Windows-Security-Auditing,Information,krbtgt,221.146.221.124,C:\Windows\System32\svchost.exe,"""C:\Windows\System32\svchost.exe"" -arg1 /c ""do_something""",C:\Users\krbtgt\AppData\Local\Temp\aed80dab.tmp,31a72a96e4984e3cce8043ae500c4141e529df6083d5181e5d4ce22e16e73c18,Windows Filtering Platform has permitted a connection.,Persistence,Boot or Logon Autostart Execution,T1547,
349,2025-09-04 14:33:29,WIN-HOST-025,4663,Microsoft-Windows-Security-Auditing,Information,svc_sql,126.182.88.30,C:\Program Files\Git\bin\bash.exe,"""C:\Program Files\Git\bin\bash.exe"" -arg4 /c ""do_something""",C:\Users\svc_sql\AppData\Local\Temp\2e0d9416.tmp,8d65523de7d96b6ce4d1c385368e5d5c92dbc90988d08e2169b074f38dee09d4,File encryption/ransomware activity observed (file renames & extensions).,Impact,Ransomware,T1486,Mass file modifications and suspicious file extensions.
350,2025-06-28 07:37:02,WIN-HOST-057,3,Microsoft-Windows-Sysmon,Information,alice,194.212.155.86,C:\Windows\System32\WindowsPowerShell\v1.0\powershell.exe,"""C:\Windows\System32\WindowsPowerShell\v1.0\powershell.exe"" -arg1 /c ""do_something""",C:\Users\alice\AppData\Local\Temp\35837607.tmp,f2c1489e56f83edd5a956f25fed67f30b5af3557d43e0cb43193d28f92ae1a22,Obfuscated script or binary detected.,Defense Evasion,Obfuscated Files or Information,T1027,Base64-heavy command line or packed binary.
351,2025-08-27 00:47:02,WIN-HOST-069,3,Microsoft-Windows-Eventlog,Warning,svc_updater,199.222.150.234,C:\Windows\System32\WindowsPowerShell\v1.0\powershell.exe,"""C:\Windows\System32\WindowsPowerShell\v1.0\powershell.exe"" -arg6 /c ""do_something""",C:\Users\svc_updater\AppData\Local\Temp\ba4f6228.tmp,18bab7316831129d968e4249ca3d50bdb876add2ea95ec4c58cd1d7481bde4d4,Encrypted outbound connection established.,Command and Control,Encrypted Channel,T1573,Potential C2 channel over TLS.
352,2025-07-30 06:26:34,WIN-HOST-015,4663,Microsoft-Windows-Security-Auditing,Information,krbtgt,253.171.52.65,C:\Windows\System32\cmd.exe,"""C:\Windows\System32\cmd.exe"" -arg1 /c ""do_something""",C:\Users\krbtgt\AppData\Local\Temp\b88cd027.tmp,c1e33cd1c6fb8fd4382e4d4dfe873eff3e3ac81cbc54d2dc394d57ccc7c98019,An attempt was made to access an object.,Collection,Input Capture,T1056,
353,2025-07-10 01:21:42,WIN-HOST-057,11,Microsoft-Windows-Sysmon,Error,bob,253.97.241.59,C:\Program Files\Mozilla Firefox\firefox.exe,"C:\Program Files\Mozilla Firefox\firefox.exe -ExecutionPolicy Bypass -NoProfile -WindowStyle Hidden -Command ""Invoke-Expression ...""",C:\Users\bob\AppData\Local\Temp\5238568b.tmp,afdf22eef7644f06f6b78aa94a6249cde33b36025d9add632e15da6b11315a71,Command executed via scripting engine.,Execution,Command and Scripting Interpreter,T1059,Suspicious scripting activity; check base64 or obfuscation.
354,2025-07-16 09:32:30,WIN-HOST-032,4625,Microsoft-Windows-Sysmon,Warning,svc_updater,115.33.168.178,C:\Windows\System32\svchost.exe,"""C:\Windows\System32\svchost.exe"" -arg1 /c ""do_something""",C:\Users\svc_updater\AppData\Local\Temp\242d0404.tmp,c25ab95680c5875bd5baea35d3872e31408566dd9ec9abde9157bbdef50a0d52,Multiple failed logon attempts detected.,Credential Access,Brute Force,T1110,Failed logon count: 17
355,2025-09-06 11:10:40,WIN-HOST-031,7,Microsoft-Windows-Sysmon,Warning,svc_backup,109.156.91.80,C:\Program Files\OpenSSH\ssh.exe,"""C:\Program Files\OpenSSH\ssh.exe"" -arg2 /c ""do_something""",C:\Users\svc_backup\AppData\Local\Temp\1911bb2b.tmp,ff46a5e5d9921601485082c20d1ec9aea12e56f117d6c16529721da26233e96f,Image loaded (DLL).,Exfiltration,Exfiltration Over C2 Channel,T1041,
356,2025-08-28 19:14:54,WIN-HOST-027,11,Microsoft-Windows-Sysmon,Error,SYSTEM,136.67.141.226,C:\Program Files\OpenSSH\ssh.exe,"""C:\Program Files\OpenSSH\ssh.exe"" -arg5 /c ""do_something""",C:\Users\SYSTEM\AppData\Local\Temp\9d9578e3.tmp,1535ba796ca8de5e59d7f28eb07ff592b74d3afa8d5ad3dbe72330c8812ae211,File created.,Exfiltration,Exfiltration Over C2 Channel,T1041,
357,2025-08-17 10:32:22,WIN-HOST-038,4688,Microsoft-Windows-Security-Auditing,Information,svc_updater,208.175.178.53,C:\Program Files\7-Zip\7z.exe,"C:\Program Files\7-Zip\7z.exe -ExecutionPolicy Bypass -NoProfile -WindowStyle Hidden -Command ""Invoke-Expression ...""",C:\Users\svc_updater\AppData\Local\Temp\bd41d261.tmp,3f492a12bbe508e007ef2250c591b7f553fce52b683f30dc231111d38d64af8d,Command executed via scripting engine.,Execution,PowerShell,T1059.001,Suspicious scripting activity; check base64 or obfuscation.
358,2025-09-12 02:33:39,WIN-HOST-036,8,Microsoft-Windows-Sysmon,Information,IIS_APPPOOL\DefaultAppPool,33.248.7.45,C:\Windows\System32\WindowsPowerShell\v1.0\powershell.exe,"C:\Windows\System32\WindowsPowerShell\v1.0\powershell.exe -ExecutionPolicy Bypass -NoProfile -WindowStyle Hidden -Command ""Invoke-Expression ...""",C:\Users\IIS_APPPOOL\DefaultAppPool\AppData\Local\Temp\73211cb7.tmp,9e2af7d2c8855cfce0928792ddf1a07de82283c0b03fd1d719cd6111bccb80c5,Command executed via scripting engine.,Execution,PowerShell,T1059.001,Suspicious scripting activity; check base64 or obfuscation.
359,2025-06-29 10:12:16,WIN-HOST-032,3,Microsoft-Windows-Security-Auditing,Information,IIS_APPPOOL\DefaultAppPool,125.77.42.221,C:\Windows\System32\taskhostw.exe,"""C:\Windows\System32\taskhostw.exe"" -arg6 /c ""do_something""",C:\Users\IIS_APPPOOL\DefaultAppPool\AppData\Local\Temp\132cb071.tmp,e6f8031f224bab0c12d5e612ba50a138cfe14fdbecd6123ba15eba78122f6d0c,Encrypted outbound connection established.,Command and Control,Encrypted Channel,T1573,Potential C2 channel over TLS.
360,2025-08-08 15:29:34,WIN-HOST-049,5145,Microsoft-Windows-Sysmon,Information,alice,23.213.15.89,C:\Windows\System32\cmd.exe,"""C:\Windows\System32\cmd.exe"" -arg6 /c ""do_something""",C:\Users\alice\AppData\Local\Temp\8e2790d1.tmp,5d1f4239777f5c2431f25f9f9fb880974d4f5298a919eceae30134cc06b4b3e7,Access to ADMIN$ share or C$ share.,Lateral Movement,Windows Admin Shares,T1021.002,Possible lateral movement using admin shares.
361,2025-07-12 09:55:49,WIN-HOST-048,1102,Microsoft-Windows-Eventlog,Warning,alice,187.147.205.64,C:\Windows\System32\mpssvc.dll,"""C:\Windows\System32\mpssvc.dll"" -arg4 /c ""do_something""",C:\Users\alice\AppData\Local\Temp\c122b5bc.tmp,3853642b67755da1b19a9e82f9ee2a473da2246447593fcc60acef55a282c399,The audit log was cleared.,Impact,System Shutdown/Reboot,T1529,
362,2025-07-15 09:08:23,WIN-HOST-046,1,Microsoft-Windows-Sysmon,Information,Administrator,101.208.181.23,C:\Program Files\Git\bin\bash.exe,"""C:\Program Files\Git\bin\bash.exe"" -arg4 /c ""do_something""",C:\Users\Administrator\AppData\Local\Temp\b64adb7e.tmp,ca877e636de55b7b8e9dd269d51b5fbde43d00f96476d50d4738130ba734cba3,Process Create.,Persistence,Boot or Logon Autostart Execution,T1547,
363,2025-08-28 07:03:27,WIN-HOST-064,7,Microsoft-Windows-Sysmon,Warning,svc_updater,212.14.83.206,C:\Program Files\OpenSSH\ssh.exe,"""C:\Program Files\OpenSSH\ssh.exe"" -arg5 /c ""do_something""",C:\Users\svc_updater\AppData\Local\Temp\7a551e93.tmp,ebb9c8335103fca5b77d16fbea401a344ced3e7a18a22e835b60d8815d30f4ec,Image loaded (DLL).,Defense Evasion,Timestomping,T1099,
364,2025-09-05 04:24:02,WIN-HOST-073,4627,Microsoft-Windows-Security-Auditing,Information,alice,195.35.20.102,C:\Program Files\OpenSSH\ssh.exe,"""C:\Program Files\OpenSSH\ssh.exe"" -arg1 /c ""do_something""",C:\Users\alice\AppData\Local\Temp\8150ae36.tmp,dff10dcbb64c50542149c2fc21ab05a29923d1adb3b93e3956aff50198b77b69,Group membership information.,Initial Access,Phishing: Spearphishing Attachment,T1566.001,
365,2025-07-03 18:06:42,WIN-HOST-059,1,Microsoft-Windows-Sysmon,Information,SYSTEM,40.113.155.155,C:\Windows\System32\cmd.exe,"""C:\Windows\System32\cmd.exe"" -arg1 /c ""do_something""",C:\Users\SYSTEM\AppData\Local\Temp\53fa5b75.tmp,e8c6775c43a0e5f20e2bcc1907484cb281c5ba1b66481c3be65be8e71211ec9a,Process Create.,Discovery,System Network Connections Discovery,T1049,
366,2025-08-29 05:16:17,WIN-HOST-017,5145,Microsoft-Windows-Security-Auditing,Information,IIS_APPPOOL\DefaultAppPool,70.38.35.190,C:\Program Files\7-Zip\7z.exe,"""C:\Program Files\7-Zip\7z.exe"" -arg3 /c ""do_something""",C:\Users\IIS_APPPOOL\DefaultAppPool\AppData\Local\Temp\20bde17d.tmp,5774462b4cb3744303b731f8e6d6d2208bea3dfb61208dee4a6527faa47aa35f,Mass deletion of files detected.,Impact,Data Destruction,T1485,Data destruction activity suspected.
367,2025-09-09 20:39:12,WIN-HOST-048,1102,Microsoft-Windows-Eventlog,Warning,IIS_APPPOOL\DefaultAppPool,13.65.238.71,C:\Windows\System32\WindowsPowerShell\v1.0\powershell.exe,"""C:\Windows\System32\WindowsPowerShell\v1.0\powershell.exe"" -arg3 /c ""do_something""",C:\Users\IIS_APPPOOL\DefaultAppPool\AppData\Local\Temp\98c0d6f7.tmp,6cbb5be4cf14bc136ba87a5924bb5293b57d347367372278660eb6f1577a791a,Mass deletion of files detected.,Impact,Data Destruction,T1485,Data destruction activity suspected.
368,2025-07-11 22:53:26,WIN-HOST-030,3001,Microsoft-Windows-InternetExplorer,Information,svc_sql,180.37.142.25,C:\Windows\System32\cmd.exe,"""C:\Windows\System32\cmd.exe"" -arg2 /c ""do_something""",C:\Users\svc_sql\AppData\Local\Temp\e77252e8.tmp,8155597eb009326d23fbc2c2c270109456eeb84b966c21ca534844e03efdb654,User clicked on compromised web resource.,Initial Access,Drive-by Compromise,T1189,Possible drive-by compromise.
369,2025-09-10 07:05:48,WIN-HOST-017,3001,Microsoft-Windows-InternetExplorer,Information,krbtgt,113.239.231.42,C:\Program Files\Mozilla Firefox\firefox.exe,"""C:\Program Files\Mozilla Firefox\firefox.exe"" -arg6 /c ""do_something""",C:\Users\krbtgt\AppData\Local\Temp\2a82c704.tmp,1d33187a8d7567b7fa74b33bf4cd3acdcc61db8728f33358b5401574ac4394fe,User clicked on compromised web resource.,Initial Access,Drive-by Compromise,T1189,Possible drive-by compromise.
370,2025-06-30 12:42:18,WIN-HOST-016,5156,Microsoft-Windows-Security-Auditing,Information,svc_sql,122.74.144.47,C:\Windows\System32\WindowsPowerShell\v1.0\powershell.exe,"""C:\Windows\System32\WindowsPowerShell\v1.0\powershell.exe"" -arg4 /c ""do_something""",C:\Users\svc_sql\AppData\Local\Temp\676c8568.tmp,8c41b21431ace5068b0d6d98803f3fcacbde75544b8b5cdcdcec48fc1dc46d4a,Windows Filtering Platform has permitted a connection.,Persistence,Service Registry Permissions Weakness,T1547.001,
371,2025-07-08 21:54:18,WIN-HOST-014,7,Microsoft-Windows-Security-Auditing,Warning,Administrator,76.155.255.92,C:\Windows\System32\rundll32.exe,"""C:\Program Files\OpenSSH\ssh.exe"" -arg2 /c ""do_something""",C:\Users\Administrator\AppData\Local\Temp\76dc83aa.tmp,95c20cb3b897ce16a1a2f8b96564cdd1184e00ef28280983ae2e283a97fbfa0a,Attempt to read LSASS memory process or dump credentials detected.,Credential Access,Credential Dumping,T1003,Possible Mimikatz-like activity: access to lsass.exe memory.
372,2025-09-03 23:50:07,WIN-HOST-009,4625,Microsoft-Windows-Sysmon,Information,bob,42.3.138.212,C:\Windows\System32\svchost.exe,"""C:\Windows\System32\svchost.exe"" -arg6 /c ""do_something""",C:\Users\bob\AppData\Local\Temp\13238f4d.tmp,dcf9e534b8cc6ff464127bcf03b986942e4861869fe289908caef2d8c8a90388,Multiple failed logon attempts detected.,Credential Access,Brute Force,T1110,Failed logon count: 9
373,2025-07-07 05:06:52,WIN-HOST-020,1,Microsoft-Windows-Sysmon,Information,svc_sql,220.38.129.8,C:\Windows\System32\mpssvc.dll,"""C:\Windows\System32\mpssvc.dll"" -arg1 /c ""do_something""",C:\Users\svc_sql\AppData\Local\Temp\6b4e1a60.tmp,b046ca6112dffd2e1964bcf6042e49b60dae805f21b30483fd38f2aa21455810,Process Create.,Initial Access,Exploit Public-Facing Application,T1190,
374,2025-07-06 19:22:54,WIN-HOST-016,4688,Microsoft-Windows-Security-Auditing,Information,krbtgt,109.236.107.189,C:\Windows\System32\taskhostw.exe,"""C:\Windows\System32\taskhostw.exe"" -arg2 /c ""do_something""",C:\Users\krbtgt\AppData\Local\Temp\e526dbff.tmp,2878ca88aac8740970a9acd331e1fe049dc25d6dd3dcfcb5ac8de38f1b2daa84,A new process has been created.,Defense Evasion,Masquerading,T1036,
375,2025-08-21 23:19:32,WIN-HOST-011,1,Service Control Manager,Information,svc_backup,224.54.53.252,C:\Program Files\Git\bin\bash.exe,"""C:\Program Files\Git\bin\bash.exe"" -arg5 /c ""do_something""",C:\Users\svc_backup\AppData\Local\Temp\3ea8ae20.tmp,0c6e6589e9f6a5bb2b96ba12fef24a0567dae60924a8cd98a5b883cdea8a588b,Scheduled task created or executed.,Persistence,Scheduled Task/Job,T1053,Persistence via scheduled task.
376,2025-08-30 13:07:44,WIN-HOST-051,4688,Microsoft-Windows-Security-Auditing,Information,svc_updater,61.69.116.235,C:\Windows\System32\rundll32.exe,"""C:\Windows\System32\svchost.exe"" -arg1 /c ""do_something""",C:\Users\svc_updater\AppData\Local\Temp\a6e455e5.tmp,07e2276d340c32240a3d95552584f7c7012e668914bf3157df6ea08f5385c896,Attempt to read LSASS memory process or dump credentials detected.,Credential Access,Credential Dumping,T1003,Possible Mimikatz-like activity: access to lsass.exe memory.
377,2025-07-17 21:52:03,WIN-HOST-077,1,Microsoft-Windows-Security-Auditing,Information,Administrator,81.4.90.22,C:\Windows\System32\rundll32.exe,"""C:\Program Files\Git\bin\bash.exe"" -arg5 /c ""do_something""",C:\Users\Administrator\AppData\Local\Temp\93d32eb0.tmp,cb4c963d43abfc92c330782d5e246f38fc942e4ed521666da9f250cfaeeb410f,Attempt to read LSASS memory process or dump credentials detected.,Credential Access,Credential Dumping,T1003,Possible Mimikatz-like activity: access to lsass.exe memory.
378,2025-07-26 19:36:17,WIN-HOST-023,5156,Microsoft-Windows-Security-Auditing,Information,alice,17.73.208.150,C:\Windows\System32\cmd.exe,"""C:\Windows\System32\cmd.exe"" -arg2 /c ""do_something""",C:\Users\alice\AppData\Local\Temp\13c3e8c6.tmp,9858244b83047ff5e079d85322999c3a16bb07adc27721a132c2259cab595492,Windows Filtering Platform has permitted a connection.,Privilege Escalation,Exploitation for Privilege Escalation,T1068,
379,2025-06-20 06:56:29,WIN-HOST-008,5156,Microsoft-Windows-Security-Auditing,Information,svc_sql,196.97.82.52,C:\Program Files\Git\bin\bash.exe,"""C:\Program Files\Git\bin\bash.exe"" -arg6 /c ""do_something""",C:\Users\svc_sql\AppData\Local\Temp\aa56d1d7.tmp,523b874ea8fe344e88de5b4fc0a2bdc7e30e173f1b034fd30ddf1eb565577a37,Network scanning activity detected.,Discovery,Network Service Scanning,T1046,Port/protocol scanning pattern observed.
380,2025-07-17 16:08:49,WIN-HOST-069,4625,Microsoft-Windows-Security-Auditing,Warning,bob,71.8.32.59,C:\Windows\System32\WindowsPowerShell\v1.0\powershell.exe,"""C:\Windows\System32\WindowsPowerShell\v1.0\powershell.exe"" -arg1 /c ""do_something""",C:\Users\bob\AppData\Local\Temp\3855d54e.tmp,50bea38645574e5e61cd7910a0a9b8b72c312c7bdf06a6414d8fa619bbe7d2c0,Obfuscated script or binary detected.,Defense Evasion,Obfuscated Files or Information,T1027,Base64-heavy command line or packed binary.
381,2025-06-20 10:47:48,WIN-HOST-027,5156,Microsoft-Windows-Security-Auditing,Information,Guest,83.165.232.80,C:\Program Files\Git\bin\bash.exe,"""C:\Program Files\Git\bin\bash.exe"" -arg6 /c ""do_something""",C:\Users\Guest\AppData\Local\Temp\d666a3eb.tmp,322d47dab3e469a5423c644323db21f246d92f5a89fc4f814f751e8d1bee6db0,Encrypted outbound connection established.,Command and Control,Encrypted Channel,T1573,Potential C2 channel over TLS.
382,2025-07-12 00:40:27,WIN-HOST-056,1102,Microsoft-Windows-Eventlog,Warning,svc_backup,62.150.57.186,C:\Windows\System32\svchost.exe,"""C:\Windows\System32\svchost.exe"" -arg4 /c ""do_something""",C:\Users\svc_backup\AppData\Local\Temp\c9faf7ea.tmp,a01a7dbbdaa942d7e5b51c2d1e838df8f9c703922af5015ee5550d81316ab9d1,The audit log was cleared.,Credential Access,Input Capture: Keylogging,T1056.001,
383,2025-08-04 20:16:27,WIN-HOST-079,4625,Microsoft-Windows-Security-Auditing,Warning,krbtgt,189.155.198.72,C:\Windows\System32\svchost.exe,"C:\Windows\System32\svchost.exe -ExecutionPolicy Bypass -NoProfile -WindowStyle Hidden -Command ""Invoke-Expression ...""",C:\Users\krbtgt\AppData\Local\Temp\01cbe9d0.tmp,d94961a61fb7a504ce13511509427ad12866c6c96ff314320d81aa64bae1593e,Command executed via scripting engine.,Execution,Command and Scripting Interpreter,T1059,Suspicious scripting activity; check base64 or obfuscation.
384,2025-09-04 12:58:50,WIN-HOST-002,5145,Microsoft-Windows-Sysmon,Information,Guest,243.248.222.164,C:\Windows\System32\mpssvc.dll,"""C:\Windows\System32\mpssvc.dll"" -arg5 /c ""do_something""",C:\Users\Guest\AppData\Local\Temp\82f887b1.tmp,5a7197f1d400e284b5cba0de7ba76f8a1ff9e2c17f9fcaf88049ab23bc7b41b4,Access to ADMIN$ share or C$ share.,Lateral Movement,Windows Admin Shares,T1021.002,Possible lateral movement using admin shares.
385,2025-06-30 00:07:38,WIN-HOST-034,4702,Microsoft-Windows-Sysmon,Error,Guest,226.236.19.244,C:\Program Files\OpenSSH\ssh.exe,"""C:\Program Files\OpenSSH\ssh.exe"" -arg1 /c ""do_something""",C:\Users\Guest\AppData\Local\Temp\fc9de967.tmp,e091a89785080dfc6736e2c3afd4143516684792ad0e674fac4f73e35414ab31,Scheduled task created or executed.,Execution,Scheduled Task/Job,T1053.005,Persistence via scheduled task.
386,2025-08-07 04:18:30,WIN-HOST-035,11,Microsoft-Windows-Sysmon,Error,bob,160.165.253.230,C:\Windows\System32\cmd.exe,"""C:\Windows\System32\cmd.exe"" -arg4 /c ""do_something""",C:\Users\bob\AppData\Local\Temp\a40f6fa2.tmp,68b41bfa51a20605e390d5c76dc253b3a0c0dbd500b9a0f48cbf3dd53191a55c,File created.,Lateral Movement,Remote Services,T1021,
387,2025-08-13 21:33:27,WIN-HOST-008,4663,Microsoft-Windows-Security-Auditing,Information,alice,94.32.201.87,C:\Windows\System32\WindowsPowerShell\v1.0\powershell.exe,"""C:\Windows\System32\WindowsPowerShell\v1.0\powershell.exe"" -arg1 /c ""do_something""",C:\Users\alice\AppData\Local\Temp\c851af9e.tmp,4224c6ddebefe038c8f94dbd6bd5735176cc03b24ee782a7b9b093e7c0a7e632,An attempt was made to access an object.,Privilege Escalation,Exploitation for Privilege Escalation,T1068,
388,2025-07-24 03:23:40,WIN-HOST-015,8,Microsoft-Windows-Sysmon,Information,svc_backup,0.168.84.115,C:\Program Files\Git\bin\bash.exe,"""C:\Program Files\Git\bin\bash.exe"" -arg1 /c ""do_something""",C:\Users\svc_backup\AppData\Local\Temp\6788c1a8.tmp,6cefcc17b32e303a7f5c84d6aaaf20cfa3ec048945629ebb65c0d0b9d13fa843,CreateRemoteThread detected.,Discovery,File and Directory Discovery,T1083,
389,2025-09-13 09:33:44,WIN-HOST-061,7045,Service Control Manager,Information,john.doe,235.147.247.140,C:\Windows\System32\sc.exe,"""C:\Windows\System32\taskhostw.exe"" -arg1 /c ""do_something""",C:\Users\john.doe\AppData\Local\Temp\d21287af.tmp,c5949a7b74ee95c07129779c13f931740836256a48d21a6dce994c4e7840e040,Service installation detected.,Persistence,Create or Modify System Process,T1543,Service created - could be persistence.
390,2025-07-01 21:18:45,WIN-HOST-054,4663,Microsoft-Windows-Security-Auditing,Information,svc_backup,63.142.45.13,C:\Program Files\OpenSSH\ssh.exe,"""C:\Program Files\OpenSSH\ssh.exe"" -arg6 /c ""do_something""",C:\Users\svc_backup\AppData\Local\Temp\ea031d41.tmp,dc83120a761854677566e8aebb06d69bca513d93b63508cbcdeab6de3300a327,An attempt was made to access an object.,Credential Access,Input Capture: Keylogging,T1056.001,
391,2025-08-22 12:37:49,WIN-HOST-010,5156,Microsoft-Windows-Security-Auditing,Information,krbtgt,13.123.236.4,C:\Program Files\OpenSSH\ssh.exe,"""C:\Program Files\OpenSSH\ssh.exe"" -arg5 /c ""do_something""",C:\Users\krbtgt\AppData\Local\Temp\2c884456.tmp,c1b43b991443b9f2708ad66aca0ac7cabecb6ac5ecdb0aad4f1a6d2cb5fd035a,Windows Filtering Platform has permitted a connection.,Persistence,Service Registry Permissions Weakness,T1547.001,
392,2025-08-09 22:29:04,WIN-HOST-009,4624,Microsoft-Windows-Security-Auditing,Information,alice,79.137.227.178,C:\Program Files\7-Zip\7z.exe,"""C:\Program Files\7-Zip\7z.exe"" -arg5 /c ""do_something""",C:\Users\alice\AppData\Local\Temp\342e0cad.tmp,b48a5b633eb6755741c29fe5d37c951adcf7e61f8d266f0229b64e6774f683b0,An account was successfully logged on.,Initial Access,Exploit Public-Facing Application,T1190,
393,2025-09-17 02:08:15,WIN-HOST-048,4672,Microsoft-Windows-Security-Auditing,Information,svc_backup,159.106.106.101,C:\Program Files\7-Zip\7z.exe,"""C:\Program Files\7-Zip\7z.exe"" -arg3 /c ""do_something""",C:\Users\svc_backup\AppData\Local\Temp\4a0edf18.tmp,2d67af6a3fd0db967b5307c92a1a5c8f208fa48cf317b914f21522bb3b0be294,Special privileges assigned to new logon.,Discovery,System Network Connections Discovery,T1049,
394,2025-07-31 23:05:36,WIN-HOST-026,4627,Microsoft-Windows-Security-Auditing,Information,bob,38.139.132.182,C:\Program Files\Mozilla Firefox\firefox.exe,"""C:\Program Files\Mozilla Firefox\firefox.exe"" -arg4 /c ""do_something""",C:\Users\bob\AppData\Local\Temp\9d48a2c5.tmp,e01fc7899c07ba1fe91f516a315ac6bee04429e14ebf702d59064bfb43753b9d,Group membership information.,Credential Access,Input Capture: Keylogging,T1056.001,
395,2025-08-26 05:46:59,WIN-HOST-070,3001,Microsoft-Windows-InternetExplorer,Information,john.doe,243.116.25.13,C:\Windows\System32\svchost.exe,"""C:\Windows\System32\svchost.exe"" -arg6 /c ""do_something""",C:\Users\john.doe\AppData\Local\Temp\7e377c70.tmp,4024f8d49a928d053d55ac5cd966f19d838ec9aa6d60c5e7afe58f2f5e2e6fcf,User clicked on compromised web resource.,Initial Access,Drive-by Compromise,T1189,Possible drive-by compromise.
396,2025-06-27 10:22:47,WIN-HOST-040,5145,Microsoft-Windows-Security-Auditing,Information,Administrator,60.248.141.32,C:\Program Files\Mozilla Firefox\firefox.exe,"""C:\Program Files\Mozilla Firefox\firefox.exe"" -arg1 /c ""do_something""",C:\Users\Administrator\AppData\Local\Temp\ee53fc89.tmp,014b36b58b7844759beb16fca85d6836ed2ed3bfecea54d6341be8e4031774b7,A network share object was checked to see whether client can be granted desired access.,Lateral Movement,Remote Services,T1021,
397,2025-07-10 18:26:12,WIN-HOST-036,4688,Microsoft-Windows-Security-Auditing,Information,Administrator,235.216.163.177,C:\Windows\System32\svchost.exe,"""C:\Windows\System32\svchost.exe"" -arg5 /c ""do_something""",C:\Users\Administrator\AppData\Local\Temp\51bcf364.tmp,8178d822d0f621bd4c4b9023de5c4b79ef4983f6316bfe7b8fab45dac513fceb,A new process has been created.,Privilege Escalation,Valid Accounts,T1078,
398,2025-07-11 19:36:56,WIN-HOST-048,5145,Microsoft-Windows-Security-Auditing,Information,alice,148.173.98.82,C:\Windows\System32\cmd.exe,"""C:\Windows\System32\cmd.exe"" -arg2 /c ""do_something""",C:\Users\alice\AppData\Local\Temp\c32c1659.tmp,54019ef08d26f986352f114d4545cf4092d5da523aca5b7abf605b60ccc84eab,Access to ADMIN$ share or C$ share.,Lateral Movement,Windows Admin Shares,T1021.002,Possible lateral movement using admin shares.
399,2025-06-30 06:03:18,WIN-HOST-051,1,Microsoft-Windows-Sysmon,Information,Administrator,246.215.2.72,C:\Windows\System32\svchost.exe,"""C:\Windows\System32\svchost.exe"" -arg3 /c ""do_something""",C:\Users\Administrator\AppData\Local\Temp\3103c28d.tmp,73a71f37e5758322590334eaf15e7db80629b4a46ed8adb909aece4eeac8fa71,Process Create.,Persistence,Service Registry Permissions Weakness,T1547.001,
400,2025-06-27 05:56:04,WIN-HOST-041,1102,Microsoft-Windows-Eventlog,Warning,svc_sql,81.108.59.10,C:\Program Files\OpenSSH\ssh.exe,"""C:\Program Files\OpenSSH\ssh.exe"" -arg2 /c ""do_something""",C:\Users\svc_sql\AppData\Local\Temp\128774e4.tmp,b83de7ce6e33f0ca8b057e24d2e410f332aacee00cac551be8fcb8cae7b30b26,The audit log was cleared.,Privilege Escalation,Exploitation for Privilege Escalation,T1068,
401,2025-08-29 04:21:09,WIN-HOST-018,7045,Microsoft-Windows-Security-Auditing,Warning,krbtgt,39.200.252.108,C:\Windows\System32\sc.exe,"""C:\Windows\System32\cmd.exe"" -arg4 /c ""do_something""",C:\Users\krbtgt\AppData\Local\Temp\3bd2cef9.tmp,672776855edeb858492210571581ea6c093c0c7c361dc79e00338985c8677b66,Service installation detected.,Persistence,Create or Modify System Process,T1543,Service created - could be persistence.
402,2025-08-18 08:57:23,WIN-HOST-053,4672,Microsoft-Windows-Security-Auditing,Information,Administrator,197.52.202.8,C:\Program Files\Git\bin\bash.exe,"""C:\Program Files\Git\bin\bash.exe"" -arg3 /c ""do_something""",C:\Users\Administrator\AppData\Local\Temp\8757c61d.tmp,d570eb75460797d9a4231a7e8443bf89ea0a4343f0b000b2b87cd5809593aa4e,Special privileges assigned to new logon.,Discovery,System Network Connections Discovery,T1049,
403,2025-08-23 03:11:38,WIN-HOST-016,4698,Microsoft-Windows-Security-Auditing,Information,Administrator,154.114.8.60,C:\Windows\System32\WindowsPowerShell\v1.0\powershell.exe,"""C:\Windows\System32\WindowsPowerShell\v1.0\powershell.exe"" -arg3 /c ""do_something""",C:\Users\Administrator\AppData\Local\Temp\fdfeb1c3.tmp,94d55030bbb5bbcd24046bf90f706c2ec3c359d8584c612ff9ed0bc0062e61b6,Scheduled task created or executed.,Persistence,Scheduled Task/Job,T1053,Persistence via scheduled task.
404,2025-07-10 19:35:25,WIN-HOST-032,4663,Microsoft-Windows-Security-Auditing,Warning,john.doe,131.114.23.224,C:\Windows\System32\taskhostw.exe,"""C:\Windows\System32\taskhostw.exe"" -arg3 /c ""do_something""",C:\Users\john.doe\AppData\Local\Temp\f646db00.tmp,41033af4c26a9e4248f184d65ef100a37e1a943acb228f2c7dbd7ee3ec8c5c40,File encryption/ransomware activity observed (file renames & extensions).,Impact,Ransomware,T1486,Mass file modifications and suspicious file extensions.
405,2025-08-31 23:33:57,WIN-HOST-004,7,Microsoft-Windows-Sysmon,Warning,svc_sql,140.212.185.10,C:\Windows\System32\mpssvc.dll,"C:\Windows\System32\mpssvc.dll -ExecutionPolicy Bypass -NoProfile -WindowStyle Hidden -Command ""Invoke-Expression ...""",C:\Users\svc_sql\AppData\Local\Temp\4d666c40.tmp,0b658e72c94c4ba85e20ea232fe5777840980422bffb57fa1bc57f3936439911,Command executed via scripting engine.,Execution,Command and Scripting Interpreter,T1059,Suspicious scripting activity; check base64 or obfuscation.
406,2025-07-01 19:29:31,WIN-HOST-018,4702,Microsoft-Windows-Security-Auditing,Warning,Administrator,56.231.224.25,C:\Windows\System32\svchost.exe,"""C:\Windows\System32\svchost.exe"" -arg4 /c ""do_something""",C:\Users\Administrator\AppData\Local\Temp\dc06e54d.tmp,84f44309aa433f7b16ffc1a34dc2aff8d3c2022558bdb74d790b49002ca15fd3,Scheduled task created or executed.,Persistence,Scheduled Task/Job,T1053,Persistence via scheduled task.
407,2025-07-18 16:00:26,WIN-HOST-011,1,Microsoft-Windows-Sysmon,Information,krbtgt,19.50.92.49,C:\Program Files\7-Zip\7z.exe,"""C:\Program Files\7-Zip\7z.exe"" -arg2 /c ""do_something""",C:\Users\krbtgt\AppData\Local\Temp\76ffe048.tmp,e9740266f5731ba568d15a31c5992d3bb22e7853c96695203d66e2ba6ab4aca0,Process Create.,Initial Access,Exploit Public-Facing Application,T1190,
408,2025-07-17 03:26:55,WIN-HOST-057,8,Microsoft-Windows-Sysmon,Information,Guest,84.224.116.49,C:\Windows\System32\cmd.exe,"""C:\Windows\System32\cmd.exe"" -arg4 /c ""do_something""",C:\Users\Guest\AppData\Local\Temp\a6cb5047.tmp,a82e43020cc18000a22000fff4553a5774165cfac7497d9e309671581005d313,CreateRemoteThread detected.,Initial Access,Phishing: Spearphishing Attachment,T1566.001,
409,2025-09-01 13:15:50,WIN-HOST-074,1,Microsoft-Windows-Security-Auditing,Information,svc_sql,127.2.35.188,C:\Windows\System32\rundll32.exe,"""C:\Windows\System32\taskhostw.exe"" -arg6 /c ""do_something""",C:\Users\svc_sql\AppData\Local\Temp\881ef4b5.tmp,d1146679f29f68bc0caba876585d5d740d85d0e3e45c7598a76431821b1603b5,Attempt to read LSASS memory process or dump credentials detected.,Credential Access,Credential Dumping,T1003,Possible Mimikatz-like activity: access to lsass.exe memory.
410,2025-08-14 11:57:34,WIN-HOST-028,4688,Microsoft-Windows-Security-Auditing,Information,Guest,71.164.140.66,C:\Program Files\7-Zip\7z.exe,"""C:\Program Files\7-Zip\7z.exe"" -arg2 /c ""do_something""",C:\Users\Guest\AppData\Local\Temp\d89ba247.tmp,4412af94deda71e6480c37cafe01a6884d8dee349415b44c96dfd4d71e33465f,A new process has been created.,Privilege Escalation,Valid Accounts,T1078,
411,2025-07-20 05:44:06,WIN-HOST-080,4624,Microsoft-Windows-Security-Auditing,Information,krbtgt,165.180.9.131,C:\Program Files\Mozilla Firefox\firefox.exe,"""C:\Program Files\Mozilla Firefox\firefox.exe"" -arg4 /c ""do_something""",C:\Users\krbtgt\AppData\Local\Temp\dfa33d58.tmp,affb9e23d5760ba7b560eb095f2a4aa07c988db1191e17a166e55451fcc6e075,An account was successfully logged on.,Lateral Movement,Remote Services,T1021,
412,2025-07-26 09:30:34,WIN-HOST-062,8,Microsoft-Windows-Sysmon,Information,SYSTEM,71.159.102.40,C:\Windows\System32\cmd.exe,"C:\Windows\System32\cmd.exe -ExecutionPolicy Bypass -NoProfile -WindowStyle Hidden -Command ""Invoke-Expression ...""",C:\Users\SYSTEM\AppData\Local\Temp\d8d25329.tmp,603731df0f9b2fcf101760a360e6a3b0959c5c6217aa38e7aacf0bd1aab2978a,Command executed via scripting engine.,Execution,PowerShell,T1059.001,Suspicious scripting activity; check base64 or obfuscation.
413,2025-07-17 11:13:05,WIN-HOST-068,1,Service Control Manager,Information,svc_backup,203.123.11.58,C:\Windows\System32\rundll32.exe,"""C:\Program Files\Git\bin\bash.exe"" -arg6 /c ""do_something""",C:\Users\svc_backup\AppData\Local\Temp\a910fd0a.tmp,a4d1b4397199c197da299262484af6cae9fee4c6c253a7adaa294de1e1b625b1,Attempt to read LSASS memory process or dump credentials detected.,Credential Access,Credential Dumping,T1003,Possible Mimikatz-like activity: access to lsass.exe memory.
414,2025-07-26 23:53:19,WIN-HOST-063,4672,Microsoft-Windows-Security-Auditing,Information,john.doe,82.84.170.211,C:\Program Files\Git\bin\bash.exe,"""C:\Program Files\Git\bin\bash.exe"" -arg2 /c ""do_something""",C:\Users\john.doe\AppData\Local\Temp\3f6dd47a.tmp,d69370049eed08b555e008c3bfcd47058c575a1bbb7c7c6450fad4469fee9e7b,Special privileges assigned to new logon.,Privilege Escalation,Exploitation for Privilege Escalation,T1068,
415,2025-08-17 21:40:07,WIN-HOST-077,4624,Microsoft-Windows-Security-Auditing,Information,svc_backup,199.78.72.255,C:\Windows\System32\svchost.exe,"""C:\Windows\System32\svchost.exe"" -arg4 /c ""do_something""",C:\Users\svc_backup\AppData\Local\Temp\9ece866d.tmp,2653ec828a553063665cebd77a4f5f35c5098f7235c306ddf163e638e7790b2a,An account was successfully logged on.,Initial Access,Phishing: Spearphishing Attachment,T1566.001,
416,2025-08-14 03:49:41,WIN-HOST-075,4663,Microsoft-Windows-Security-Auditing,Information,svc_backup,25.162.103.111,C:\Windows\System32\WindowsPowerShell\v1.0\powershell.exe,"""C:\Windows\System32\WindowsPowerShell\v1.0\powershell.exe"" -arg2 /c ""do_something""",C:\Users\svc_backup\AppData\Local\Temp\2b83be4f.tmp,f5d204ec179dcc987cd0634ff3200c5a006fef2bed08342c039d6249d710e695,File encryption/ransomware activity observed (file renames & extensions).,Impact,Ransomware,T1486,Mass file modifications and suspicious file extensions.
417,2025-06-30 14:37:29,WIN-HOST-008,7045,Microsoft-Windows-Security-Auditing,Information,svc_backup,216.96.101.162,C:\Windows\System32\sc.exe,"""C:\Windows\System32\taskhostw.exe"" -arg2 /c ""do_something""",C:\Users\svc_backup\AppData\Local\Temp\db5229d9.tmp,c6ab474ea8dc4603321589b65935440de230d037f35ff7cac9320cadf9fabc60,Service installation detected.,Persistence,Create or Modify System Process,T1543,Service created - could be persistence.
418,2025-08-17 23:42:12,WIN-HOST-046,4688,Microsoft-Windows-Security-Auditing,Information,krbtgt,242.200.71.67,C:\Windows\System32\svchost.exe,"""C:\Windows\System32\svchost.exe"" -arg4 /c ""do_something""",C:\Users\krbtgt\AppData\Local\Temp\98f1ea82.tmp,4682d21d34e4acd3d673188fe24fa3513598a11cfc02ca0a75fa440c5514cb78,Registry query or modification.,Discovery,Query Registry,T1012,Possible discovery of startup keys or persistence mechanisms.
419,2025-08-31 19:37:49,WIN-HOST-063,1102,Microsoft-Windows-Eventlog,Warning,SYSTEM,14.97.6.95,C:\Windows\System32\cmd.exe,"""C:\Windows\System32\cmd.exe"" -arg2 /c ""do_something""",C:\Users\SYSTEM\AppData\Local\Temp\b388bbcb.tmp,026d985c828d69b08a8c7be339acde1aa4812b1c43b333e4e6824a6b3b39adee,The audit log was cleared.,Exfiltration,Exfiltration Over C2 Channel,T1041,
420,2025-07-28 17:59:35,WIN-HOST-062,4624,Microsoft-Windows-Security-Auditing,Information,SYSTEM,33.103.195.94,C:\Program Files\OpenSSH\ssh.exe,"""C:\Program Files\OpenSSH\ssh.exe"" -arg2 /c ""do_something""",C:\Users\SYSTEM\AppData\Local\Temp\a19364a0.tmp,6fa685da9addec2b883cd5a64d3f9e435da22692cb99ebff0e990d95bd04efd0,An account was successfully logged on.,Impact,Service Stop,T1489,
421,2025-07-01 22:55:21,WIN-HOST-042,8,Microsoft-Windows-Sysmon,Information,SYSTEM,18.145.110.96,C:\Windows\System32\svchost.exe,"""C:\Windows\System32\svchost.exe"" -arg6 /c ""do_something""",C:\Users\SYSTEM\AppData\Local\Temp\53131640.tmp,a9c39c349cca56b8a267e898b5e15496d38c537eae58fde5cdaa5c1f6418f3a8,CreateRemoteThread detected.,Impact,Service Stop,T1489,
422,2025-07-22 23:11:21,WIN-HOST-013,7045,Microsoft-Windows-Security-Auditing,Information,john.doe,82.150.31.179,C:\Windows\System32\sc.exe,"""C:\Program Files\7-Zip\7z.exe"" -arg6 /c ""do_something""",C:\Users\john.doe\AppData\Local\Temp\36934cf6.tmp,3c73bae19ad0efdbcb662a24cbceca734afadcf8782d631beace73251f847a86,Service installation detected.,Persistence,Create or Modify System Process,T1543,Service created - could be persistence.
423,2025-07-02 23:34:49,WIN-HOST-063,5145,Microsoft-Windows-Security-Auditing,Information,IIS_APPPOOL\DefaultAppPool,201.120.75.82,C:\Program Files\OpenSSH\ssh.exe,"""C:\Program Files\OpenSSH\ssh.exe"" -arg6 /c ""do_something""",C:\Users\IIS_APPPOOL\DefaultAppPool\AppData\Local\Temp\db36bded.tmp,b6d2467db0dc0f0d9ab998d98fc106f92a28829d72cdbf0b2ef80c7e9bb4c792,A network share object was checked to see whether client can be granted desired access.,Persistence,Service Registry Permissions Weakness,T1547.001,
424,2025-06-30 18:53:28,WIN-HOST-023,7045,Microsoft-Windows-Security-Auditing,Information,svc_sql,75.101.123.204,C:\Windows\System32\sc.exe,"""C:\Program Files\7-Zip\7z.exe"" -arg6 /c ""do_something""",C:\Users\svc_sql\AppData\Local\Temp\374fd22e.tmp,eade7df172f971bb76ecbb88d33858671a0b8493422097a512109a770132568c,Service installation detected.,Persistence,Create or Modify System Process,T1543,Service created - could be persistence.
425,2025-07-11 16:54:32,WIN-HOST-074,4624,Microsoft-Windows-Security-Auditing,Information,svc_sql,156.131.121.174,C:\Windows\System32\svchost.exe,"""C:\Windows\System32\svchost.exe"" -arg5 /c ""do_something""",C:\Users\svc_sql\AppData\Local\Temp\b9087780.tmp,1d03d775a6320691358a8eaaa1514189709a8eb3a81814f5242521c8b561f361,Mass deletion of files detected.,Impact,Data Destruction,T1485,Data destruction activity suspected.
426,2025-07-31 16:30:44,WIN-HOST-019,4625,Microsoft-Windows-Security-Auditing,Warning,john.doe,60.237.77.31,C:\Windows\System32\cmd.exe,"""C:\Windows\System32\cmd.exe"" -arg2 /c ""do_something""",C:\Users\john.doe\AppData\Local\Temp\0f3feb90.tmp,05b73a7a7689a90be0df9e0e2518f3a53262a10a935ea298d60af8e14d2af22b,An account failed to log on.,Defense Evasion,Timestomping,T1099,
427,2025-06-23 21:45:41,WIN-HOST-012,1,Microsoft-Windows-Sysmon,Information,IIS_APPPOOL\DefaultAppPool,114.86.86.227,C:\Program Files\OpenSSH\ssh.exe,"""C:\Program Files\OpenSSH\ssh.exe"" -arg2 /c ""do_something""",C:\Users\IIS_APPPOOL\DefaultAppPool\AppData\Local\Temp\3777d5f4.tmp,a96bd939777f9a65dc97e0228726dd6d59e26fde3dec931cf8f262c380e00209,Process Create.,Privilege Escalation,Exploitation for Privilege Escalation,T1068,
428,2025-07-12 13:29:23,WIN-HOST-009,7045,Service Control Manager,Information,john.doe,201.122.36.173,C:\Program Files\7-Zip\7z.exe,"""C:\Program Files\7-Zip\7z.exe"" -arg1 /c ""do_something""",C:\Users\john.doe\AppData\Local\Temp\338e9bc2.tmp,ba28af29cdfc8e43a080e0ac967b2a7170608d78c35872ab58b9ea472a4a9bf6,A service was installed in the system.,Impact,System Shutdown/Reboot,T1529,
429,2025-08-11 09:24:30,WIN-HOST-057,4624,Microsoft-Windows-Security-Auditing,Information,svc_sql,226.113.255.249,C:\Windows\System32\WindowsPowerShell\v1.0\powershell.exe,"""C:\Windows\System32\WindowsPowerShell\v1.0\powershell.exe"" -arg4 /c ""do_something""",C:\Users\svc_sql\AppData\Local\Temp\f2f41d0a.tmp,8ccf6491325e94c03f6f33602f31c3dddd1de6c37b2a7b111334331ed0f2912c,An account was successfully logged on.,Lateral Movement,Remote Services,T1021,
430,2025-07-26 20:22:44,WIN-HOST-049,5156,Microsoft-Windows-Security-Auditing,Information,Administrator,57.191.202.56,C:\Windows\System32\mpssvc.dll,"""C:\Windows\System32\mpssvc.dll"" -arg1 /c ""do_something""",C:\Users\Administrator\AppData\Local\Temp\9ca14194.tmp,caf710d70daea5dc6e73d2d43058b18066be78f247465f40cf09ed5fbe642bd8,Windows Filtering Platform has permitted a connection.,Discovery,System Network Connections Discovery,T1049,
431,2025-06-27 17:56:16,WIN-HOST-005,11,Microsoft-Windows-Sysmon,Error,svc_updater,81.151.110.117,C:\Windows\System32\svchost.exe,"""C:\Windows\System32\svchost.exe"" -arg1 /c ""do_something""",C:\Users\svc_updater\AppData\Local\Temp\387e0e58.tmp,38bfe5f79b4532e8982956bacbb75fcfed0b9225746dfe64eb42f03059cc0fb9,File created.,Persistence,Boot or Logon Autostart Execution,T1547,
432,2025-08-15 16:14:10,WIN-HOST-022,4625,Microsoft-Windows-Security-Auditing,Warning,svc_sql,187.99.95.245,C:\Windows\System32\WindowsPowerShell\v1.0\powershell.exe,"""C:\Windows\System32\WindowsPowerShell\v1.0\powershell.exe"" -arg1 /c ""do_something""",C:\Users\svc_sql\AppData\Local\Temp\607ae60e.tmp,5b74a237b46ec41aa2f01e5b43255ee2bb647db6708493a9d839e7cc9db94bc9,An account failed to log on.,Collection,Input Capture,T1056,
433,2025-07-22 04:30:56,WIN-HOST-079,5156,Microsoft-Windows-Security-Auditing,Information,alice,167.84.162.159,C:\Windows\System32\svchost.exe,"""C:\Windows\System32\svchost.exe"" -arg4 /c ""do_something""",C:\Users\alice\AppData\Local\Temp\0993a3f0.tmp,03fa4b4616ef406ed547897416aea4be2e0676e6d636159396aec09ffeda828e,Windows Filtering Platform has permitted a connection.,Exfiltration,Exfiltration Over C2 Channel,T1041,
434,2025-09-12 15:54:47,WIN-HOST-013,5156,Microsoft-Windows-Security-Auditing,Information,john.doe,249.114.44.193,C:\Program Files\Mozilla Firefox\firefox.exe,"""C:\Program Files\Mozilla Firefox\firefox.exe"" -arg6 /c ""do_something""",C:\Users\john.doe\AppData\Local\Temp\5867ba2e.tmp,84bb7a2a257b6de2b612dc5d33a035e665158d9804032043c6c83e11fd215d58,Network scanning activity detected.,Discovery,Network Service Scanning,T1046,Port/protocol scanning pattern observed.
435,2025-08-21 12:42:39,WIN-HOST-039,3,Microsoft-Windows-Sysmon,Information,svc_backup,12.180.232.145,C:\Windows\System32\cmd.exe,"""C:\Windows\System32\cmd.exe"" -arg5 /c ""do_something""",C:\Users\svc_backup\AppData\Local\Temp\27501a22.tmp,76e056be0bf50002fd2ac170d0bbb32159604d213f8ec997d7054388d4ba8a7d,Encrypted outbound connection established.,Command and Control,Encrypted Channel,T1573,Potential C2 channel over TLS.
436,2025-09-12 13:42:06,WIN-HOST-047,4688,Microsoft-Windows-Security-Auditing,Information,SYSTEM,22.110.207.227,C:\Windows\System32\taskhostw.exe,"""C:\Windows\System32\taskhostw.exe"" -arg6 /c ""do_something""",C:\Users\SYSTEM\AppData\Local\Temp\9a4d0681.tmp,d4624ec184d18af5aefc6b00dc3bd187f974a6289f303ec96b740780e2bba3cf,Registry query or modification.,Discovery,Query Registry,T1012,Possible discovery of startup keys or persistence mechanisms.
437,2025-08-02 05:27:39,WIN-HOST-026,4627,Microsoft-Windows-Security-Auditing,Information,Administrator,52.250.222.225,C:\Windows\System32\svchost.exe,"""C:\Windows\System32\svchost.exe"" -arg3 /c ""do_something""",C:\Users\Administrator\AppData\Local\Temp\d0b8843c.tmp,5b2142c21401b0d2391a44234263e36eee53ae26a33e369ceeec4839efe6269e,Mass deletion of files detected.,Impact,Data Destruction,T1485,Data destruction activity suspected.
438,2025-08-02 21:12:27,WIN-HOST-015,4625,Microsoft-Windows-Security-Auditing,Warning,svc_updater,120.143.208.205,C:\Windows\System32\taskhostw.exe,"""C:\Windows\System32\taskhostw.exe"" -arg6 /c ""do_something""",C:\Users\svc_updater\AppData\Local\Temp\ecab5565.tmp,3fb473bb82cb1af7716996f9f55292caf033059110e88e4bd24993e92d872bb1,An account failed to log on.,Privilege Escalation,Valid Accounts,T1078,
439,2025-09-09 00:20:34,WIN-HOST-070,7045,Microsoft-Windows-Eventlog,Warning,svc_sql,97.166.100.68,C:\Windows\System32\sc.exe,"""C:\Windows\System32\WindowsPowerShell\v1.0\powershell.exe"" -arg4 /c ""do_something""",C:\Users\svc_sql\AppData\Local\Temp\70a00394.tmp,32344996c3805609069975c3e0f4d27a6df2aebc9aacfacfb3c2e4acba7f4bc8,Service installation detected.,Persistence,Create or Modify System Process,T1543,Service created - could be persistence.
440,2025-08-23 07:10:59,WIN-HOST-057,1,Microsoft-Windows-Security-Auditing,Information,alice,15.199.153.19,C:\Program Files\7-Zip\7z.exe,"""C:\Program Files\7-Zip\7z.exe"" -arg6 /c ""do_something""",C:\Users\alice\AppData\Local\Temp\3eadf6ac.tmp,57dd44a09a87ad54d39aee76f4cce56bcad72ac16ae3482627925f84b10c1bb3,Scheduled task created or executed.,Execution,Scheduled Task/Job,T1053.005,Persistence via scheduled task.
441,2025-09-09 12:59:40,WIN-HOST-045,4625,Microsoft-Windows-Security-Auditing,Warning,bob,150.248.79.247,C:\Windows\System32\taskhostw.exe,"""C:\Windows\System32\taskhostw.exe"" -arg1 /c ""do_something""",C:\Users\bob\AppData\Local\Temp\45c5b6ce.tmp,43ac21ad177cb68105d3f67f021f982bc25286eba26add4b9851dd17d9811b39,An account failed to log on.,Collection,Input Capture,T1056,
442,2025-08-11 06:41:04,WIN-HOST-067,3,Microsoft-Windows-Sysmon,Warning,svc_sql,239.181.98.7,C:\Program Files\Git\bin\bash.exe,"""C:\Program Files\Git\bin\bash.exe"" -arg2 /c ""do_something""",C:\Users\svc_sql\AppData\Local\Temp\a3fd1b84.tmp,eddd7d77c8218c86e38d13f5fa0b0a25bab1d0c8140031544d78608e555c1403,Encrypted outbound connection established.,Command and Control,Encrypted Channel,T1573,Potential C2 channel over TLS.
443,2025-09-10 04:43:43,WIN-HOST-051,1102,Microsoft-Windows-Eventlog,Warning,SYSTEM,37.191.33.61,C:\Program Files\Git\bin\bash.exe,"""C:\Program Files\Git\bin\bash.exe"" -arg4 /c ""do_something""",C:\Users\SYSTEM\AppData\Local\Temp\6b3bd462.tmp,2c7cb0681ea8f1d054a4a73ae54f97c10253217908ef7c78ba2df5a3320c7722,The audit log was cleared.,Persistence,Boot or Logon Autostart Execution,T1547,
444,2025-09-01 15:11:06,WIN-HOST-028,4688,Microsoft-Windows-Security-Auditing,Information,svc_backup,10.236.206.199,C:\Windows\System32\WindowsPowerShell\v1.0\powershell.exe,"""C:\Windows\System32\WindowsPowerShell\v1.0\powershell.exe"" -arg6 /c ""do_something""",C:\Users\svc_backup\AppData\Local\Temp\328164d9.tmp,ec7aab3cfcd7d48dad5ce81c9331445f588a66875ab3ecf73f230663bb2a855c,A new process has been created.,Initial Access,Exploit Public-Facing Application,T1190,
445,2025-08-29 06:12:04,WIN-HOST-019,5145,Microsoft-Windows-Security-Auditing,Information,krbtgt,206.174.19.37,C:\Program Files\7-Zip\7z.exe,"""C:\Program Files\7-Zip\7z.exe"" -arg4 /c ""do_something""",C:\Users\krbtgt\AppData\Local\Temp\d752c3c5.tmp,d31188f9861486f88626165de7d343b9adf66216f6d858a6c908b93d83cf7b2e,A network share object was checked to see whether client can be granted desired access.,Initial Access,Exploit Public-Facing Application,T1190,
446,2025-08-10 06:48:10,WIN-HOST-071,4663,Microsoft-Windows-Security-Auditing,Information,john.doe,133.10.72.212,C:\Program Files\7-Zip\7z.exe,"""C:\Program Files\7-Zip\7z.exe"" -arg1 /c ""do_something""",C:\Users\john.doe\AppData\Local\Temp\f170b053.tmp,df1b2004044e4a8ed28681dd8608c1fa054f4559891111c859dea81cc527439b,An attempt was made to access an object.,Credential Access,Input Capture: Keylogging,T1056.001,
447,2025-07-11 20:37:43,WIN-HOST-080,11,Microsoft-Windows-Sysmon,Error,krbtgt,200.28.141.49,C:\Program Files\Git\bin\bash.exe,"C:\Program Files\Git\bin\bash.exe -ExecutionPolicy Bypass -NoProfile -WindowStyle Hidden -Command ""Invoke-Expression ...""",C:\Users\krbtgt\AppData\Local\Temp\93ab152f.tmp,3dd3de163d98beb188a33296fe01f53b36770aa9e61b6779732dc724cd5e7589,Command executed via scripting engine.,Execution,Command and Scripting Interpreter,T1059,Suspicious scripting activity; check base64 or obfuscation.
448,2025-09-03 11:22:36,WIN-HOST-073,3,Microsoft-Windows-Security-Auditing,Information,krbtgt,236.200.23.166,C:\Windows\System32\cmd.exe,"""C:\Windows\System32\cmd.exe"" -arg1 /c ""do_something""",C:\Users\krbtgt\AppData\Local\Temp\cb9ed83b.tmp,c3256880a47bcf11c81c7ea80bf9130360bfc268047f9f6c39c4ca2cbfbfc004,Encrypted outbound connection established.,Command and Control,Encrypted Channel,T1573,Potential C2 channel over TLS.
449,2025-07-27 20:35:26,WIN-HOST-045,7,Microsoft-Windows-Sysmon,Warning,svc_sql,155.228.241.159,C:\Program Files\7-Zip\7z.exe,"""C:\Program Files\7-Zip\7z.exe"" -arg2 /c ""do_something""",C:\Users\svc_sql\AppData\Local\Temp\347ff5a5.tmp,b43ec853bf6ea2c61208d81cae9d4ce9b002edcae47adbfc7f402e2d6ec5c4d2,Image loaded (DLL).,Initial Access,Phishing: Spearphishing Attachment,T1566.001,
450,2025-08-09 17:42:35,WIN-HOST-019,1102,Microsoft-Windows-Eventlog,Warning,krbtgt,9.237.166.245,C:\Windows\System32\taskhostw.exe,"""C:\Windows\System32\taskhostw.exe"" -arg3 /c ""do_something""",C:\Users\krbtgt\AppData\Local\Temp\caaf5a8b.tmp,b0266e5447d918c83c40cd5d36bef16ea8b9f70e7137a92d8b434960c835bd02,The audit log was cleared.,Privilege Escalation,Valid Accounts,T1078,
451,2025-08-25 19:06:26,WIN-HOST-007,3001,Microsoft-Windows-InternetExplorer,Information,alice,229.163.216.233,C:\Program Files\7-Zip\7z.exe,"""C:\Program Files\7-Zip\7z.exe"" -arg3 /c ""do_something""",C:\Users\alice\AppData\Local\Temp\6892d623.tmp,f65411775bc71deb0fff7d6e29c79a0c8fd076e4e973db097153136210f7b96a,User clicked on compromised web resource.,Initial Access,Drive-by Compromise,T1189,Possible drive-by compromise.
452,2025-07-02 19:21:49,WIN-HOST-039,7,Microsoft-Windows-Sysmon,Warning,svc_updater,215.196.202.237,C:\Program Files\7-Zip\7z.exe,"""C:\Program Files\7-Zip\7z.exe"" -arg6 /c ""do_something""",C:\Users\svc_updater\AppData\Local\Temp\375ed59e.tmp,d512163509b633a578552b892570c1833d08e1e938c9b82311e74f7de0a9d6b0,Image loaded (DLL).,Discovery,File and Directory Discovery,T1083,
453,2025-09-08 07:50:38,WIN-HOST-030,1,Microsoft-Windows-Sysmon,Information,Guest,211.105.40.103,C:\Program Files\7-Zip\7z.exe,"""C:\Program Files\7-Zip\7z.exe"" -arg6 /c ""do_something""",C:\Users\Guest\AppData\Local\Temp\7b908972.tmp,e68d29842da628416b940478e1ba8a1ac555932fd3ee362fe458c29d2d647370,Process Create.,Privilege Escalation,Exploitation for Privilege Escalation,T1068,
454,2025-07-21 03:00:13,WIN-HOST-012,5145,Microsoft-Windows-Security-Auditing,Information,svc_backup,210.239.169.59,C:\Windows\System32\mpssvc.dll,"""C:\Windows\System32\mpssvc.dll"" -arg4 /c ""do_something""",C:\Users\svc_backup\AppData\Local\Temp\3cd0c294.tmp,2bc70afb97efa49232a2c640dcb83d52143286a2e02ff2f865b8f12981bb2009,A network share object was checked to see whether client can be granted desired access.,Impact,System Shutdown/Reboot,T1529,
455,2025-07-29 17:10:18,WIN-HOST-048,11,Microsoft-Windows-Sysmon,Error,SYSTEM,202.159.29.89,C:\Program Files\Git\bin\bash.exe,"""C:\Program Files\Git\bin\bash.exe"" -arg3 /c ""do_something""",C:\Users\SYSTEM\AppData\Local\Temp\50ad6bcc.tmp,d7eaa84f8daf4510cb3cb229474a203547170fc17dbe40017d94c508e2c902d2,File created.,Initial Access,Exploit Public-Facing Application,T1190,
456,2025-07-30 15:47:19,WIN-HOST-052,4698,Microsoft-Windows-Sysmon,Information,Guest,7.105.37.131,C:\Program Files\Git\bin\bash.exe,"""C:\Program Files\Git\bin\bash.exe"" -arg2 /c ""do_something""",C:\Users\Guest\AppData\Local\Temp\419487b6.tmp,a726718d5eab28b1b5bffcc6b73a8435c333878becd6c454b1e7b39e4a8a8304,Scheduled task created or executed.,Persistence,Scheduled Task/Job,T1053,Persistence via scheduled task.
457,2025-09-14 15:38:45,WIN-HOST-059,7045,Service Control Manager,Information,SYSTEM,180.98.227.232,C:\Program Files\OpenSSH\ssh.exe,"""C:\Program Files\OpenSSH\ssh.exe"" -arg3 /c ""do_something""",C:\Users\SYSTEM\AppData\Local\Temp\502cbaf2.tmp,dd9e42a6c7ec1a1d8d1e53f98a4c2dbac787619e5b05bb98e14ffc2ecafc0ea1,A service was installed in the system.,Privilege Escalation,Exploitation for Privilege Escalation,T1068,
458,2025-08-03 18:59:59,WIN-HOST-065,7,Microsoft-Windows-Sysmon,Warning,svc_sql,174.97.113.106,C:\Windows\System32\cmd.exe,"""C:\Windows\System32\cmd.exe"" -arg3 /c ""do_something""",C:\Users\svc_sql\AppData\Local\Temp\9a875c79.tmp,b3cc19d15d3df7e8266d4957dfed279e7865d2bcfdd1c633c3a36e6c87c33f52,Image loaded (DLL).,Persistence,Service Registry Permissions Weakness,T1547.001,
459,2025-07-22 04:29:07,WIN-HOST-058,7045,Microsoft-Windows-Security-Auditing,Information,Guest,89.137.221.108,C:\Windows\System32\sc.exe,"""C:\Windows\System32\mpssvc.dll"" -arg3 /c ""do_something""",C:\Users\Guest\AppData\Local\Temp\4dcfd6bc.tmp,147418704fdae83fc93a0f8a205de65900529154ead0f7943a59d5a7715c510d,Service installation detected.,Persistence,Create or Modify System Process,T1543,Service created - could be persistence.
460,2025-06-29 04:38:21,WIN-HOST-012,7045,Microsoft-Windows-Sysmon,Information,svc_updater,98.245.247.194,C:\Windows\System32\sc.exe,"""C:\Windows\System32\svchost.exe"" -arg5 /c ""do_something""",C:\Users\svc_updater\AppData\Local\Temp\628cd8d6.tmp,6019525cbe594156ccbc5c5c730e2e43281660d30c16c681df946cf6c0bcabf7,Service installation detected.,Persistence,Create or Modify System Process,T1543,Service created - could be persistence.
