RecordID,Timestamp,Hostname,EventID,Provider,Level,Account,SourceIP,Process,CommandLine,FilePath,SHA256,Message,Mitre_Tactic,Mitre_Technique,Mitre_Technique_ID,Notes
1,2025-09-07 01:17:13,WIN-HOST-004,1,Microsoft-Windows-Sysmon,Information,svc_updater,57.36.86.222,C:\Program Files\Mozilla Firefox\firefox.exe,"""C:\Program Files\Mozilla Firefox\firefox.exe"" -arg1 /c ""do_something""",C:\Users\svc_updater\AppData\Local\Temp\d8e6272a.tmp,3627a2ff39c85e2e1b05f86703972cbdaea43e18b536aca89ca7401dc3cf870c,Process Create.,Impact,System Shutdown/Reboot,T1529,
2,2025-07-07 22:49:34,WIN-HOST-070,1,Microsoft-Windows-Sysmon,Information,Administrator,8.34.232.243,C:\Windows\System32\taskhostw.exe,"""C:\Windows\System32\taskhostw.exe"" -arg2 /c ""do_something""",C:\Users\Administrator\AppData\Local\Temp\f485f2f6.tmp,f481a5fa4a81ac699866ce56515d0529e9b412c489299d9590c6a99ef1c19c2b,Process Create.,Initial Access,Exploit Public-Facing Application,T1190,
3,2025-07-30 19:08:38,WIN-HOST-078,7045,Service Control Manager,Information,SYSTEM,139.129.72.246,C:\Program Files\Git\bin\bash.exe,"""C:\Program Files\Git\bin\bash.exe"" -arg4 /c ""do_something""",C:\Users\SYSTEM\AppData\Local\Temp\9a700523.tmp,d3ca038696d41c37cebe0333aed85da76cd3109a5808499c5a3275917bd24aee,A service was installed in the system.,Persistence,Service Registry Permissions Weakness,T1547.001,
4,2025-08-21 20:28:33,WIN-HOST-001,4627,Microsoft-Windows-Security-Auditing,Information,Guest,87.26.168.118,C:\Windows\System32\taskhostw.exe,"C:\Windows\System32\taskhostw.exe -ExecutionPolicy Bypass -NoProfile -WindowStyle Hidden -Command ""Invoke-Expression ...""",C:\Users\Guest\AppData\Local\Temp\9398e30f.tmp,ced896b9735722ad65463dc5185f52e194387b3f8bde42b5825eb0266836946d,Command executed via scripting engine.,Execution,PowerShell,T1059.001,Suspicious scripting activity; check base64 or obfuscation.
5,2025-08-16 04:23:06,WIN-HOST-014,11,Microsoft-Windows-Sysmon,Error,Administrator,24.194.103.151,C:\Windows\System32\taskhostw.exe,"""C:\Windows\System32\taskhostw.exe"" -arg3 /c ""do_something""",C:\Users\Administrator\AppData\Local\Temp\94dc7aa1.tmp,8ff10d8aa7fdd42f4736948f9c98633770dd4d6c2c7cd44d62a331b8de4c60ec,File created.,Discovery,File and Directory Discovery,T1083,
6,2025-08-23 04:19:44,WIN-HOST-006,4627,Microsoft-Windows-Security-Auditing,Information,alice,236.27.140.161,C:\Program Files\Git\bin\bash.exe,"""C:\Program Files\Git\bin\bash.exe"" -arg5 /c ""do_something""",C:\Users\alice\AppData\Local\Temp\3a7a1186.tmp,f6d5d8a2ef426a58cbb5c158f291c8397d96600fbf4c39041e5ea1a0ae15dfa8,Group membership information.,Initial Access,Exploit Public-Facing Application,T1190,
7,2025-06-29 08:03:15,WIN-HOST-080,1102,Microsoft-Windows-Eventlog,Warning,john.doe,180.94.209.240,C:\Program Files\Mozilla Firefox\firefox.exe,"""C:\Program Files\Mozilla Firefox\firefox.exe"" -arg6 /c ""do_something""",C:\Users\john.doe\AppData\Local\Temp\5055fea1.tmp,da38474f39bd08ef8473ce390cd9e0a7a82dc2c6e2d02ee01f4e506bd8861a95,The audit log was cleared.,Initial Access,Phishing: Spearphishing Attachment,T1566.001,
8,2025-07-04 19:19:38,WIN-HOST-038,1,Service Control Manager,Information,Administrator,221.209.223.178,C:\Windows\System32\rundll32.exe,"""C:\Program Files\Mozilla Firefox\firefox.exe"" -arg3 /c ""do_something""",C:\Users\Administrator\AppData\Local\Temp\de6b3289.tmp,fbd9900aab3f59dc67541d9e17f3f24024f2006347777b158b45df4825ecf72d,Attempt to read LSASS memory process or dump credentials detected.,Credential Access,Credential Dumping,T1003,Possible Mimikatz-like activity: access to lsass.exe memory.
9,2025-06-28 21:05:20,WIN-HOST-047,11,Microsoft-Windows-Sysmon,Information,Guest,90.243.5.83,C:\Program Files\OpenSSH\ssh.exe,"""C:\Program Files\OpenSSH\ssh.exe"" -arg3 /c ""do_something""",C:\Users\Guest\AppData\Local\Temp\396a13dc.tmp,ce7d239c673f433ca806bdfca95056c45e40598262d0d04015c62788471fdeb2,File encryption/ransomware activity observed (file renames & extensions).,Impact,Ransomware,T1486,Mass file modifications and suspicious file extensions.
10,2025-07-13 11:55:32,WIN-HOST-010,8,Microsoft-Windows-Sysmon,Information,krbtgt,62.171.237.203,C:\Windows\System32\WindowsPowerShell\v1.0\powershell.exe,"""C:\Windows\System32\WindowsPowerShell\v1.0\powershell.exe"" -arg4 /c ""do_something""",C:\Users\krbtgt\AppData\Local\Temp\e04494d1.tmp,fa69b810f3876ff932ade2c6e30b4d67e9ff1ed8b18cc324bfaf9f278fb5dd3c,CreateRemoteThread detected.,Discovery,System Network Connections Discovery,T1049,
11,2025-06-20 00:23:22,WIN-HOST-072,1102,Microsoft-Windows-Eventlog,Warning,svc_backup,198.167.238.57,C:\Program Files\OpenSSH\ssh.exe,"""C:\Program Files\OpenSSH\ssh.exe"" -arg1 /c ""do_something""",C:\Users\svc_backup\AppData\Local\Temp\f5f88c0e.tmp,4962f1cb182a964d033d2e9d4ed0d87c7a252eef8f74b8527c82a043b5505446,The audit log was cleared.,Persistence,Service Registry Permissions Weakness,T1547.001,
12,2025-08-18 05:38:54,WIN-HOST-052,11,Microsoft-Windows-Sysmon,Error,svc_updater,80.142.186.215,C:\Windows\System32\cmd.exe,"""C:\Windows\System32\cmd.exe"" -arg4 /c ""do_something""",C:\Users\svc_updater\AppData\Local\Temp\6f5a4ccc.tmp,78d290e44cc8e6e6a7e2e0e9f55ca6b3b09bf05cd5888ccd2001e62df579dafb,Mass deletion of files detected.,Impact,Data Destruction,T1485,Data destruction activity suspected.
13,2025-06-23 23:14:45,WIN-HOST-059,5145,Microsoft-Windows-Security-Auditing,Information,Guest,35.190.208.29,C:\Program Files\7-Zip\7z.exe,"""C:\Program Files\7-Zip\7z.exe"" -arg5 /c ""do_something""",C:\Users\Guest\AppData\Local\Temp\b21e8288.tmp,5ba61869928f9198a82b93644c4dc6602c09bc003c7a5d9c9cf0068202c5b793,A network share object was checked to see whether client can be granted desired access.,Impact,System Shutdown/Reboot,T1529,
14,2025-08-23 08:28:29,WIN-HOST-075,4663,Microsoft-Windows-Security-Auditing,Information,svc_sql,92.171.204.151,C:\Windows\System32\taskhostw.exe,"C:\Windows\System32\taskhostw.exe -ExecutionPolicy Bypass -NoProfile -WindowStyle Hidden -Command ""Invoke-Expression ...""",C:\Users\svc_sql\AppData\Local\Temp\b69e9a74.tmp,5a46961c795c3ee14a76336b2768b1fd7b7fb7df030ec83995c9e3a95fb36664,Command executed via scripting engine.,Execution,PowerShell,T1059.001,Suspicious scripting activity; check base64 or obfuscation.
15,2025-09-09 00:52:22,WIN-HOST-007,4672,Microsoft-Windows-Security-Auditing,Information,Administrator,160.160.77.196,C:\Windows\System32\WindowsPowerShell\v1.0\powershell.exe,"""C:\Windows\System32\WindowsPowerShell\v1.0\powershell.exe"" -arg6 /c ""do_something""",C:\Users\Administrator\AppData\Local\Temp\baaa7c73.tmp,735128184d87b9b43347c0b50e041937b7c5b4b8fe0e083cda3004dfae30dbe2,Special privileges assigned to new logon.,Defense Evasion,Masquerading,T1036,
16,2025-07-21 22:58:24,WIN-HOST-009,1102,Microsoft-Windows-Security-Auditing,Information,svc_sql,241.67.38.47,C:\Windows\System32\taskhostw.exe,"""C:\Windows\System32\taskhostw.exe"" -arg6 /c ""do_something""",C:\Users\svc_sql\AppData\Local\Temp\1a1c5371.tmp,7593b0e316ce96846342f715831843d3477311d8ef5e20b6e2197b7538e8cdef,File encryption/ransomware activity observed (file renames & extensions).,Impact,Ransomware,T1486,Mass file modifications and suspicious file extensions.
17,2025-06-23 23:00:02,WIN-HOST-069,5156,Microsoft-Windows-Sysmon,Information,svc_updater,28.142.174.233,C:\Program Files\OpenSSH\ssh.exe,"""C:\Program Files\OpenSSH\ssh.exe"" -arg2 /c ""do_something""",C:\Users\svc_updater\AppData\Local\Temp\243d8b76.tmp,68abac58a5cae715fb7a833f5a98d784c57ac9f01d7712ec957ee0d2253ac459,Network scanning activity detected.,Discovery,Network Service Scanning,T1046,Port/protocol scanning pattern observed.
18,2025-07-09 18:06:38,WIN-HOST-034,4688,Microsoft-Windows-Security-Auditing,Information,bob,160.19.172.110,C:\Windows\System32\WindowsPowerShell\v1.0\powershell.exe,"""C:\Windows\System32\WindowsPowerShell\v1.0\powershell.exe"" -arg6 /c ""do_something""",C:\Users\bob\AppData\Local\Temp\769d7c02.tmp,3aa797dd1cc8298d4c459beae2d1de3d26015c58ae855cd24982e93e8cc37eaa,Registry query or modification.,Discovery,Query Registry,T1012,Possible discovery of startup keys or persistence mechanisms.
19,2025-08-29 13:12:38,WIN-HOST-020,3001,Microsoft-Windows-InternetExplorer,Information,john.doe,82.251.228.59,C:\Windows\System32\WindowsPowerShell\v1.0\powershell.exe,"""C:\Windows\System32\WindowsPowerShell\v1.0\powershell.exe"" -arg1 /c ""do_something""",C:\Users\john.doe\AppData\Local\Temp\dac2ca1d.tmp,55dcf4eca3fccf48aa3ee42c9968802fbf5cbf3b0e36557916ea029ba9961f73,User clicked on compromised web resource.,Initial Access,Drive-by Compromise,T1189,Possible drive-by compromise.
20,2025-08-13 14:54:02,WIN-HOST-040,8,Microsoft-Windows-Sysmon,Information,svc_backup,20.41.108.7,C:\Windows\System32\svchost.exe,"""C:\Windows\System32\svchost.exe"" -arg4 /c ""do_something""",C:\Users\svc_backup\AppData\Local\Temp\ee87e0e1.tmp,f253198c558338918f52d159b366924b14423aa0c26864c333f37f0baebe6090,CreateRemoteThread detected.,Impact,System Shutdown/Reboot,T1529,
21,2025-09-11 03:25:49,WIN-HOST-069,7,Microsoft-Windows-Sysmon,Warning,Guest,168.229.110.12,C:\Windows\System32\WindowsPowerShell\v1.0\powershell.exe,"""C:\Windows\System32\WindowsPowerShell\v1.0\powershell.exe"" -arg5 /c ""do_something""",C:\Users\Guest\AppData\Local\Temp\a31212de.tmp,20c17793a3c9ee86bab83a8f5c8521ecd89c5cd63e8a7f8dc3b5dafb4a39e20b,Image loaded (DLL).,Persistence,Boot or Logon Autostart Execution,T1547,
22,2025-08-23 03:04:49,WIN-HOST-068,4688,Microsoft-Windows-Security-Auditing,Information,krbtgt,246.224.124.192,C:\Windows\System32\taskhostw.exe,"""C:\Windows\System32\taskhostw.exe"" -arg5 /c ""do_something""",C:\Users\krbtgt\AppData\Local\Temp\544f897c.tmp,79d60fee4fb77d25a5b71666513f1dd05d2d9196bd21ce4052e3ec59b54205a9,A new process has been created.,Credential Access,Input Capture: Keylogging,T1056.001,
23,2025-07-08 23:50:40,WIN-HOST-026,11,Microsoft-Windows-Sysmon,Error,svc_updater,166.94.104.142,C:\Windows\System32\taskhostw.exe,"""C:\Windows\System32\taskhostw.exe"" -arg5 /c ""do_something""",C:\Users\svc_updater\AppData\Local\Temp\ff8b3aa2.tmp,9657e1f84942a78c1db289185d1ae005449bc330668b7a4fa49c270c696eea15,File created.,Discovery,System Network Connections Discovery,T1049,
24,2025-09-06 02:44:49,WIN-HOST-032,5156,Microsoft-Windows-Security-Auditing,Information,svc_backup,86.140.198.155,C:\Windows\System32\cmd.exe,"""C:\Windows\System32\cmd.exe"" -arg5 /c ""do_something""",C:\Users\svc_backup\AppData\Local\Temp\90cad46f.tmp,63ad0356e360e1b82ad009fe8e0741e5bd30f9a3462b0d33c72e3ae40a5c42fd,Encrypted outbound connection established.,Command and Control,Encrypted Channel,T1573,Potential C2 channel over TLS.
25,2025-08-27 11:33:48,WIN-HOST-001,4627,Microsoft-Windows-Security-Auditing,Information,Administrator,58.155.237.212,C:\Windows\System32\svchost.exe,"""C:\Windows\System32\svchost.exe"" -arg1 /c ""do_something""",C:\Users\Administrator\AppData\Local\Temp\2c216976.tmp,3dac41101b8275551f3acb119acd0462dd3f33190fb58fd43533e0ad981c08c7,Group membership information.,Privilege Escalation,Valid Accounts,T1078,
26,2025-08-16 18:45:10,WIN-HOST-010,7,Microsoft-Windows-Sysmon,Warning,bob,124.68.31.231,C:\Program Files\Mozilla Firefox\firefox.exe,"""C:\Program Files\Mozilla Firefox\firefox.exe"" -arg2 /c ""do_something""",C:\Users\bob\AppData\Local\Temp\6eaec7bf.tmp,d1922d7efc5116a25deda2729725c206a8b0fc06cdd17c93abce8206ae9849e8,Image loaded (DLL).,Collection,Input Capture,T1056,
27,2025-06-24 04:36:20,WIN-HOST-074,3,Microsoft-Windows-Sysmon,Information,krbtgt,104.53.20.242,C:\Windows\System32\mpssvc.dll,"C:\Windows\System32\mpssvc.dll -ExecutionPolicy Bypass -NoProfile -WindowStyle Hidden -Command ""Invoke-Expression ...""",C:\Users\krbtgt\AppData\Local\Temp\e19744c6.tmp,6bd634b7d209f32a3e59f819b089bef4fe12d9e53f4ba43e9e07ad3d11d3a6c4,Command executed via scripting engine.,Execution,Command and Scripting Interpreter,T1059,Suspicious scripting activity; check base64 or obfuscation.
28,2025-08-07 00:17:06,WIN-HOST-046,11,Microsoft-Windows-Sysmon,Information,svc_sql,186.164.183.26,C:\Windows\System32\taskhostw.exe,"""C:\Windows\System32\taskhostw.exe"" -arg6 /c ""do_something""",C:\Users\svc_sql\AppData\Local\Temp\71109d82.tmp,7775f0e74e8076944a27e2e7bfcaff6f26a4f2ff00b9df1a8726c68f140da962,File encryption/ransomware activity observed (file renames & extensions).,Impact,Ransomware,T1486,Mass file modifications and suspicious file extensions.
29,2025-09-11 23:28:10,WIN-HOST-052,4702,Microsoft-Windows-Security-Auditing,Warning,john.doe,63.167.241.4,C:\Windows\System32\cmd.exe,"""C:\Windows\System32\cmd.exe"" -arg5 /c ""do_something""",C:\Users\john.doe\AppData\Local\Temp\b9556233.tmp,90f8c41a5adfe931381bb6aab797d968dd5db7d9979b1da5a77d93f07eb92199,Scheduled task created or executed.,Persistence,Scheduled Task/Job,T1053,Persistence via scheduled task.
30,2025-08-07 21:39:06,WIN-HOST-024,4688,Microsoft-Windows-Security-Auditing,Information,svc_updater,236.91.34.124,C:\Windows\System32\mpssvc.dll,"""C:\Windows\System32\mpssvc.dll"" -arg5 /c ""do_something""",C:\Users\svc_updater\AppData\Local\Temp\bf612978.tmp,934595778db44c93147ad8285d713a09b10dc378eae3a32835ee59d8f7963d77,A new process has been created.,Discovery,System Network Connections Discovery,T1049,
31,2025-09-12 22:49:40,WIN-HOST-070,7045,Microsoft-Windows-Security-Auditing,Warning,SYSTEM,217.68.31.165,C:\Windows\System32\sc.exe,"""C:\Windows\System32\cmd.exe"" -arg4 /c ""do_something""",C:\Users\SYSTEM\AppData\Local\Temp\a2284e58.tmp,9c3c0f8c20ae4f55836d67e03ea6b9f194f1b7e6dec905c65a7f263c36e70ea3,Service installation detected.,Persistence,Create or Modify System Process,T1543,Service created - could be persistence.
32,2025-08-02 03:03:38,WIN-HOST-028,3001,Microsoft-Windows-InternetExplorer,Information,svc_sql,42.37.168.136,C:\Windows\System32\svchost.exe,"""C:\Windows\System32\svchost.exe"" -arg4 /c ""do_something""",C:\Users\svc_sql\AppData\Local\Temp\2aff3eff.tmp,b22e70eabfbc808f4beb8fc886fc366e337df4ce4ae3a71257c028d5df02d19c,User clicked on compromised web resource.,Initial Access,Drive-by Compromise,T1189,Possible drive-by compromise.
33,2025-06-19 21:45:49,WIN-HOST-059,4698,Microsoft-Windows-Eventlog,Warning,svc_updater,124.150.127.121,C:\Windows\System32\taskhostw.exe,"""C:\Windows\System32\taskhostw.exe"" -arg3 /c ""do_something""",C:\Users\svc_updater\AppData\Local\Temp\a4be6dc0.tmp,e32355a12c89a0e39fec300165378c92b467538cd98cac342fd4a3fe0d951073,Scheduled task created or executed.,Persistence,Scheduled Task/Job,T1053,Persistence via scheduled task.
34,2025-07-23 15:07:09,WIN-HOST-070,5156,Microsoft-Windows-Security-Auditing,Information,SYSTEM,14.162.98.43,C:\Program Files\OpenSSH\ssh.exe,"""C:\Program Files\OpenSSH\ssh.exe"" -arg4 /c ""do_something""",C:\Users\SYSTEM\AppData\Local\Temp\0705bbe3.tmp,c798ed0a96b4ab4e3de311502daf848f32bebc4889805ae8ff2aa15ddf9845eb,Encrypted outbound connection established.,Command and Control,Encrypted Channel,T1573,Potential C2 channel over TLS.
35,2025-07-30 13:22:51,WIN-HOST-011,4663,Microsoft-Windows-Security-Auditing,Information,Guest,152.84.56.129,C:\Windows\System32\cmd.exe,"""C:\Windows\System32\cmd.exe"" -arg2 /c ""do_something""",C:\Users\Guest\AppData\Local\Temp\32aa46fa.tmp,3167b337595fc3b2af03608e17ddcbaffcaa78a7e6200af18d6906d7861882ba,File encryption/ransomware activity observed (file renames & extensions).,Impact,Ransomware,T1486,Mass file modifications and suspicious file extensions.
36,2025-06-23 10:11:14,WIN-HOST-073,5156,Microsoft-Windows-Security-Auditing,Warning,svc_backup,158.143.201.101,C:\Windows\System32\svchost.exe,"""C:\Windows\System32\svchost.exe"" -arg6 /c ""do_something""",C:\Users\svc_backup\AppData\Local\Temp\0743cf61.tmp,6a2868e896ff2e6a4cab82ecac1675ab0a001cb37f98008eea471514a0ab673b,Network scanning activity detected.,Discovery,Network Service Scanning,T1046,Port/protocol scanning pattern observed.
37,2025-08-23 13:04:44,WIN-HOST-027,7,Microsoft-Windows-Sysmon,Information,IIS_APPPOOL\DefaultAppPool,61.26.133.221,C:\Windows\System32\rundll32.exe,"""C:\Program Files\OpenSSH\ssh.exe"" -arg2 /c ""do_something""",C:\Users\IIS_APPPOOL\DefaultAppPool\AppData\Local\Temp\fed9c281.tmp,2f439e71db5aeb2fe3f40afacd3a61ebaed528197afac35b4b6f4a09cee036ab,Attempt to read LSASS memory process or dump credentials detected.,Credential Access,Credential Dumping,T1003,Possible Mimikatz-like activity: access to lsass.exe memory.
38,2025-08-19 17:39:48,WIN-HOST-059,1,Microsoft-Windows-Sysmon,Information,john.doe,2.98.127.115,C:\Windows\System32\cmd.exe,"""C:\Windows\System32\cmd.exe"" -arg5 /c ""do_something""",C:\Users\john.doe\AppData\Local\Temp\72f55924.tmp,c97dc19ba4270b199db13bd17d37ca099617641e15d5722f6a2746b4255905ac,Process Create.,Exfiltration,Exfiltration Over C2 Channel,T1041,
39,2025-09-10 17:59:50,WIN-HOST-069,4625,Microsoft-Windows-Security-Auditing,Warning,svc_backup,67.228.44.175,C:\Program Files\Git\bin\bash.exe,"""C:\Program Files\Git\bin\bash.exe"" -arg3 /c ""do_something""",C:\Users\svc_backup\AppData\Local\Temp\3bc33883.tmp,cace327f18aadeaa7a1595d33d0b599976a91027d879c5456b7f2593e0d2a7bf,An account failed to log on.,Credential Access,Input Capture: Keylogging,T1056.001,
40,2025-09-11 04:24:42,WIN-HOST-032,4688,Microsoft-Windows-Sysmon,Information,john.doe,40.98.24.184,C:\Program Files\7-Zip\7z.exe,"""C:\Program Files\7-Zip\7z.exe"" -arg5 /c ""do_something""",C:\Users\john.doe\AppData\Local\Temp\dd6b4cd8.tmp,df8b09c730418acfd180301ea662df2e44fbf1be752ed65c7cafb76e8b0a7aff,Registry query or modification.,Discovery,Query Registry,T1012,Possible discovery of startup keys or persistence mechanisms.
41,2025-07-20 11:23:41,WIN-HOST-068,1102,Microsoft-Windows-Eventlog,Warning,SYSTEM,169.211.215.199,C:\Program Files\Git\bin\bash.exe,"""C:\Program Files\Git\bin\bash.exe"" -arg2 /c ""do_something""",C:\Users\SYSTEM\AppData\Local\Temp\05f8c9fa.tmp,9aee58b0d40a12cea38bc7550088774b10fca4b989a5fe8452c15f5c0accd85f,The audit log was cleared.,Persistence,Boot or Logon Autostart Execution,T1547,
42,2025-09-06 15:44:20,WIN-HOST-014,1102,Microsoft-Windows-Eventlog,Warning,bob,69.184.156.217,C:\Windows\System32\WindowsPowerShell\v1.0\powershell.exe,"""C:\Windows\System32\WindowsPowerShell\v1.0\powershell.exe"" -arg2 /c ""do_something""",C:\Users\bob\AppData\Local\Temp\b29d6101.tmp,14a1d2de7e313703bf036c752b9d61bb1b4945c416e0943b8d0a2b8c662e7641,The audit log was cleared.,Exfiltration,Exfiltration Over C2 Channel,T1041,
43,2025-08-15 13:44:17,WIN-HOST-027,3,Microsoft-Windows-Sysmon,Information,IIS_APPPOOL\DefaultAppPool,129.98.124.241,C:\Program Files\7-Zip\7z.exe,"""C:\Program Files\7-Zip\7z.exe"" -arg1 /c ""do_something""",C:\Users\IIS_APPPOOL\DefaultAppPool\AppData\Local\Temp\36ecc4bd.tmp,29d3b36f05ccae6b81c5275eed2f2a33ef516193e88cc237848c3da5d9950e15,Network Connection detected.,Privilege Escalation,Exploitation for Privilege Escalation,T1068,
44,2025-07-18 06:43:02,WIN-HOST-055,1,Microsoft-Windows-Security-Auditing,Warning,svc_updater,0.232.94.206,C:\Windows\System32\svchost.exe,"""C:\Windows\System32\svchost.exe"" -arg2 /c ""do_something""",C:\Users\svc_updater\AppData\Local\Temp\f9e0b3bc.tmp,f6e947796102c58b192d8cb6af6ea9f8ee9af6cf260180ee6ed0208435b66582,Scheduled task created or executed.,Execution,Scheduled Task/Job,T1053.005,Persistence via scheduled task.
45,2025-09-02 04:11:38,WIN-HOST-057,1102,Microsoft-Windows-Eventlog,Warning,bob,143.151.151.176,C:\Windows\System32\taskhostw.exe,"C:\Windows\System32\taskhostw.exe -ExecutionPolicy Bypass -NoProfile -WindowStyle Hidden -Command ""Invoke-Expression ...""",C:\Users\bob\AppData\Local\Temp\974bec2e.tmp,aa80c43ecdfb8f2f55a1157b17e7a0a655b13d8158f3f77862b44ac8470b33b5,Command executed via scripting engine.,Execution,Command and Scripting Interpreter,T1059,Suspicious scripting activity; check base64 or obfuscation.
46,2025-07-12 18:30:53,WIN-HOST-020,5156,Microsoft-Windows-Sysmon,Information,bob,213.168.4.235,C:\Windows\System32\svchost.exe,"""C:\Windows\System32\svchost.exe"" -arg5 /c ""do_something""",C:\Users\bob\AppData\Local\Temp\1b40eab5.tmp,3badbd9d555ae150dc0e4be489c5a1843e2abcd803c5418c8a2eeea2a7772385,Encrypted outbound connection established.,Command and Control,Encrypted Channel,T1573,Potential C2 channel over TLS.
47,2025-09-05 11:44:15,WIN-HOST-006,5145,Microsoft-Windows-Security-Auditing,Information,svc_updater,220.87.1.49,C:\Program Files\OpenSSH\ssh.exe,"""C:\Program Files\OpenSSH\ssh.exe"" -arg3 /c ""do_something""",C:\Users\svc_updater\AppData\Local\Temp\d0a276d3.tmp,781ebc1916069e30f50264ba8a5c083f72183bc35b9195a63b3c12ab795a72b8,A network share object was checked to see whether client can be granted desired access.,Privilege Escalation,Valid Accounts,T1078,
48,2025-07-13 15:22:35,WIN-HOST-032,7045,Service Control Manager,Information,IIS_APPPOOL\DefaultAppPool,223.237.44.67,C:\Windows\System32\cmd.exe,"""C:\Windows\System32\cmd.exe"" -arg6 /c ""do_something""",C:\Users\IIS_APPPOOL\DefaultAppPool\AppData\Local\Temp\8cd74c75.tmp,660c0167d09b05c9c1ec74fbea63f5c27194d1736dde5cf82f8126b5ddfaa819,A service was installed in the system.,Exfiltration,Exfiltration Over C2 Channel,T1041,
49,2025-06-19 23:31:16,WIN-HOST-031,3001,Microsoft-Windows-InternetExplorer,Information,Guest,225.164.126.16,C:\Windows\System32\WindowsPowerShell\v1.0\powershell.exe,"""C:\Windows\System32\WindowsPowerShell\v1.0\powershell.exe"" -arg2 /c ""do_something""",C:\Users\Guest\AppData\Local\Temp\0f9d5718.tmp,45249b7cd3796090a405dbf40c62c3b4c33c9ee69547d1cab4f10b269b2479cf,User clicked on compromised web resource.,Initial Access,Drive-by Compromise,T1189,Possible drive-by compromise.
50,2025-06-20 02:29:44,WIN-HOST-043,3,Microsoft-Windows-Sysmon,Information,svc_sql,68.77.97.11,C:\Program Files\Mozilla Firefox\firefox.exe,"""C:\Program Files\Mozilla Firefox\firefox.exe"" -arg6 /c ""do_something""",C:\Users\svc_sql\AppData\Local\Temp\0c939fd4.tmp,fdebe50e7273851072b16849908824e7b056f5541e2255615e2ca61240861e63,Network Connection detected.,Defense Evasion,Masquerading,T1036,
51,2025-08-11 17:19:13,WIN-HOST-005,4625,Microsoft-Windows-Security-Auditing,Warning,alice,235.31.169.242,C:\Program Files\Mozilla Firefox\firefox.exe,"""C:\Program Files\Mozilla Firefox\firefox.exe"" -arg3 /c ""do_something""",C:\Users\alice\AppData\Local\Temp\79993d69.tmp,94a50e0644629a961b18e665c1549efb84146e67729f3edbbb7af6245274395f,Multiple failed logon attempts detected.,Credential Access,Brute Force,T1110,Failed logon count: 10
52,2025-09-15 13:33:54,WIN-HOST-025,4625,Service Control Manager,Information,svc_sql,197.248.188.22,C:\Program Files\OpenSSH\ssh.exe,"""C:\Program Files\OpenSSH\ssh.exe"" -arg6 /c ""do_something""",C:\Users\svc_sql\AppData\Local\Temp\2fe1c299.tmp,67ef55765a3c1be387f291f7fdb1b481174ba734c900887ebe6be01826e29836,Multiple failed logon attempts detected.,Credential Access,Brute Force,T1110,Failed logon count: 19
53,2025-07-13 21:18:54,WIN-HOST-069,7045,Microsoft-Windows-Security-Auditing,Information,john.doe,248.108.44.162,C:\Windows\System32\sc.exe,"""C:\Windows\System32\svchost.exe"" -arg5 /c ""do_something""",C:\Users\john.doe\AppData\Local\Temp\6e9cbfba.tmp,0d1edbd88bd208382ae52a77d5613d588de738176b032c0d8c6d2def6271f1fa,Service installation detected.,Persistence,Create or Modify System Process,T1543,Service created - could be persistence.
54,2025-09-14 03:33:41,WIN-HOST-014,3,Microsoft-Windows-Eventlog,Warning,krbtgt,201.83.91.99,C:\Windows\System32\taskhostw.exe,"""C:\Windows\System32\taskhostw.exe"" -arg5 /c ""do_something""",C:\Users\krbtgt\AppData\Local\Temp\82b5ca7d.tmp,4e07b488b889a1662b52f5a87387dae746cb62ea4035710883d320efd4a3d718,Network scanning activity detected.,Discovery,Network Service Scanning,T1046,Port/protocol scanning pattern observed.
55,2025-06-22 12:42:33,WIN-HOST-074,5145,Microsoft-Windows-Security-Auditing,Information,svc_backup,111.161.119.53,C:\Program Files\7-Zip\7z.exe,"""C:\Program Files\7-Zip\7z.exe"" -arg5 /c ""do_something""",C:\Users\svc_backup\AppData\Local\Temp\31c49821.tmp,62ec00bff1aac8652bed4f36b8904ddfe7e72c9255474659f16d1169239a4768,Access to ADMIN$ share or C$ share.,Lateral Movement,Windows Admin Shares,T1021.002,Possible lateral movement using admin shares.
56,2025-07-10 00:18:49,WIN-HOST-026,1,Microsoft-Windows-Sysmon,Information,john.doe,217.23.135.147,C:\Windows\System32\taskhostw.exe,"""C:\Windows\System32\taskhostw.exe"" -arg3 /c ""do_something""",C:\Users\john.doe\AppData\Local\Temp\9638654e.tmp,23f197464bdc1986aebbf1a5f22897304bda66fbde87f580198c5077c9a907ff,Process Create.,Impact,System Shutdown/Reboot,T1529,
57,2025-08-18 20:01:18,WIN-HOST-053,4663,Microsoft-Windows-Security-Auditing,Information,john.doe,178.124.64.38,C:\Windows\System32\taskhostw.exe,"""C:\Windows\System32\taskhostw.exe"" -arg2 /c ""do_something""",C:\Users\john.doe\AppData\Local\Temp\c459a35c.tmp,ebcd039500ea088ac2c9d06a3bf8fa2fd7b6907b28ac2ad443f5849b768aa2fb,An attempt was made to access an object.,Collection,Input Capture,T1056,
58,2025-08-08 00:59:46,WIN-HOST-049,7045,Service Control Manager,Information,IIS_APPPOOL\DefaultAppPool,77.11.13.26,C:\Windows\System32\WindowsPowerShell\v1.0\powershell.exe,"""C:\Windows\System32\WindowsPowerShell\v1.0\powershell.exe"" -arg1 /c ""do_something""",C:\Users\IIS_APPPOOL\DefaultAppPool\AppData\Local\Temp\d5fe0752.tmp,9d917b82ffb5b5f30f79e8da63632690dcdb0fddd50678a396e2483315aff940,A service was installed in the system.,Collection,Input Capture,T1056,
59,2025-08-21 00:08:59,WIN-HOST-027,1102,Microsoft-Windows-Eventlog,Warning,svc_sql,119.9.119.73,C:\Program Files\OpenSSH\ssh.exe,"""C:\Program Files\OpenSSH\ssh.exe"" -arg6 /c ""do_something""",C:\Users\svc_sql\AppData\Local\Temp\131110ca.tmp,26474760f709c5f057b7ec788ae77cdd0c6a6376dc4b8b3c5d771ab309e47a02,The audit log was cleared.,Discovery,System Network Connections Discovery,T1049,
60,2025-07-30 05:35:07,WIN-HOST-061,7045,Service Control Manager,Information,Guest,158.135.224.76,C:\Windows\System32\cmd.exe,"""C:\Windows\System32\cmd.exe"" -arg2 /c ""do_something""",C:\Users\Guest\AppData\Local\Temp\5a829ea8.tmp,80240de42edbb90fcd3aef81b201e19d75ee3f7c6acf3302d2822686a872e69f,A service was installed in the system.,Initial Access,Exploit Public-Facing Application,T1190,
61,2025-08-18 17:22:38,WIN-HOST-029,1,Microsoft-Windows-Sysmon,Information,svc_backup,6.64.190.15,C:\Windows\System32\WindowsPowerShell\v1.0\powershell.exe,"""C:\Windows\System32\WindowsPowerShell\v1.0\powershell.exe"" -arg4 /c ""do_something""",C:\Users\svc_backup\AppData\Local\Temp\902da682.tmp,d23201c12fcc9a57b1f8558df325a7a8b401f767793bec6cd3d75a17a2b40176,Process Create.,Persistence,Service Registry Permissions Weakness,T1547.001,
62,2025-06-27 08:40:29,WIN-HOST-010,4627,Microsoft-Windows-Security-Auditing,Information,alice,147.95.43.10,C:\Windows\System32\taskhostw.exe,"""C:\Windows\System32\taskhostw.exe"" -arg6 /c ""do_something""",C:\Users\alice\AppData\Local\Temp\042a2c54.tmp,044843ab2dd850e7367c1979506a5e78eda929b4e472523ca1cb7cc2b5c6b01e,Group membership information.,Impact,Service Stop,T1489,
63,2025-07-31 20:43:29,WIN-HOST-052,7045,Microsoft-Windows-Security-Auditing,Information,svc_backup,108.214.97.147,C:\Windows\System32\sc.exe,"""C:\Windows\System32\WindowsPowerShell\v1.0\powershell.exe"" -arg6 /c ""do_something""",C:\Users\svc_backup\AppData\Local\Temp\05c83779.tmp,0dd311b84781f46920f2c3d0a7ac569018a11865289e36adae886bc3be2e9a53,Service installation detected.,Persistence,Create or Modify System Process,T1543,Service created - could be persistence.
64,2025-08-03 18:13:39,WIN-HOST-007,4663,Microsoft-Windows-Security-Auditing,Information,bob,31.17.91.118,C:\Program Files\Mozilla Firefox\firefox.exe,"C:\Program Files\Mozilla Firefox\firefox.exe -ExecutionPolicy Bypass -NoProfile -WindowStyle Hidden -Command ""Invoke-Expression ...""",C:\Users\bob\AppData\Local\Temp\3e6e6ef1.tmp,26b0d585359f342c0ba4c6c90d848c0796498193cdeea05a280517b2cc79cba6,Command executed via scripting engine.,Execution,PowerShell,T1059.001,Suspicious scripting activity; check base64 or obfuscation.
65,2025-07-28 07:04:48,WIN-HOST-072,1,Microsoft-Windows-Sysmon,Information,krbtgt,228.52.125.81,C:\Program Files\OpenSSH\ssh.exe,"""C:\Program Files\OpenSSH\ssh.exe"" -arg6 /c ""do_something""",C:\Users\krbtgt\AppData\Local\Temp\dba75636.tmp,bdc3cdf9d1b0fe29f0e992827e6bf735c336419249f2c4e332e4d90a9f6f58f9,Process Create.,Exfiltration,Exfiltration Over C2 Channel,T1041,
66,2025-07-30 20:29:19,WIN-HOST-055,8,Microsoft-Windows-Sysmon,Information,bob,229.175.110.57,C:\Windows\System32\mpssvc.dll,"""C:\Windows\System32\mpssvc.dll"" -arg4 /c ""do_something""",C:\Users\bob\AppData\Local\Temp\8970d0b4.tmp,85fd53abb719d0684484e2b01ae8a545dfe5502042ec1ade22e5d1dac8cdf3b1,CreateRemoteThread detected.,Impact,System Shutdown/Reboot,T1529,
67,2025-08-23 16:44:49,WIN-HOST-032,4672,Microsoft-Windows-Security-Auditing,Information,IIS_APPPOOL\DefaultAppPool,133.115.231.147,C:\Program Files\7-Zip\7z.exe,"""C:\Program Files\7-Zip\7z.exe"" -arg2 /c ""do_something""",C:\Users\IIS_APPPOOL\DefaultAppPool\AppData\Local\Temp\913ee743.tmp,4d681f88fa91e0479cffb2c2e63d9c4b5209f32c6e1bbedc8d4ba669521d7676,Mass deletion of files detected.,Impact,Data Destruction,T1485,Data destruction activity suspected.
68,2025-08-06 03:43:47,WIN-HOST-010,1102,Microsoft-Windows-Eventlog,Warning,svc_updater,69.143.31.25,C:\Program Files\Mozilla Firefox\firefox.exe,"""C:\Program Files\Mozilla Firefox\firefox.exe"" -arg5 /c ""do_something""",C:\Users\svc_updater\AppData\Local\Temp\a91e9e7c.tmp,2ad04805db6e35b7f18ee6332e8a86693aaa4fdb25005ead97e191eb5eef94ab,The audit log was cleared.,Defense Evasion,Timestomping,T1099,
69,2025-09-04 10:16:20,WIN-HOST-020,4625,Microsoft-Windows-Security-Auditing,Warning,svc_backup,177.166.177.241,C:\Windows\System32\taskhostw.exe,"""C:\Windows\System32\taskhostw.exe"" -arg2 /c ""do_something""",C:\Users\svc_backup\AppData\Local\Temp\f9464ab8.tmp,0f88edba87615a1918b467ce864aaeedf179e6092a12ec574a3e93d8c94187fd,An account failed to log on.,Impact,Service Stop,T1489,
70,2025-08-08 13:59:41,WIN-HOST-053,4625,Microsoft-Windows-Security-Auditing,Warning,john.doe,119.70.208.186,C:\Program Files\Git\bin\bash.exe,"""C:\Program Files\Git\bin\bash.exe"" -arg2 /c ""do_something""",C:\Users\john.doe\AppData\Local\Temp\d5c25f0c.tmp,9306715d22eccb266a2739ffeb7b0a9f1c0678f80103a713fa7ce08944036c3b,An account failed to log on.,Initial Access,Phishing: Spearphishing Attachment,T1566.001,
71,2025-08-08 01:42:06,WIN-HOST-050,3001,Microsoft-Windows-InternetExplorer,Warning,krbtgt,97.96.166.180,C:\Windows\System32\svchost.exe,"""C:\Windows\System32\svchost.exe"" -arg3 /c ""do_something""",C:\Users\krbtgt\AppData\Local\Temp\3dc66734.tmp,f35145958431cdafecb0df4951a17f5c528c0e37dea540d84412c8e45bb00216,User clicked on compromised web resource.,Initial Access,Drive-by Compromise,T1189,Possible drive-by compromise.
72,2025-07-06 16:58:58,WIN-HOST-050,1102,Microsoft-Windows-Eventlog,Warning,svc_sql,56.117.57.76,C:\Program Files\Git\bin\bash.exe,"""C:\Program Files\Git\bin\bash.exe"" -arg3 /c ""do_something""",C:\Users\svc_sql\AppData\Local\Temp\df6000c3.tmp,42217a9fe09a17be58d3ea0cf5c126dfde14c4c19a2cda83a354e801bc671a97,The audit log was cleared.,Persistence,Service Registry Permissions Weakness,T1547.001,
73,2025-08-01 17:04:45,WIN-HOST-004,5145,Microsoft-Windows-Security-Auditing,Information,svc_sql,204.83.14.54,C:\Program Files\OpenSSH\ssh.exe,"""C:\Program Files\OpenSSH\ssh.exe"" -arg2 /c ""do_something""",C:\Users\svc_sql\AppData\Local\Temp\3990f75e.tmp,c324a8403afe912fe133708bd948c6922b2c29868bb9af135ceadc507d10ea3b,A network share object was checked to see whether client can be granted desired access.,Impact,System Shutdown/Reboot,T1529,
74,2025-08-03 11:36:33,WIN-HOST-017,7,Microsoft-Windows-Sysmon,Warning,krbtgt,6.240.40.255,C:\Program Files\Git\bin\bash.exe,"""C:\Program Files\Git\bin\bash.exe"" -arg4 /c ""do_something""",C:\Users\krbtgt\AppData\Local\Temp\674159a8.tmp,98da6d4045955d26859615bd6d9797a8768bcfdba89accb442a5b75c5502f6f0,Mass deletion of files detected.,Impact,Data Destruction,T1485,Data destruction activity suspected.
75,2025-06-25 16:47:49,WIN-HOST-060,4688,Microsoft-Windows-Security-Auditing,Information,Guest,66.153.154.164,C:\Windows\System32\svchost.exe,"""C:\Windows\System32\svchost.exe"" -arg2 /c ""do_something""",C:\Users\Guest\AppData\Local\Temp\1ca0e5d6.tmp,b2d4cffd5a8308a5fc25aa090bd9ff68ea44dddb5ca32fd0a6cba1648228fdbf,A new process has been created.,Defense Evasion,Timestomping,T1099,
76,2025-08-17 03:06:04,WIN-HOST-044,4672,Microsoft-Windows-Security-Auditing,Information,svc_sql,212.248.253.114,C:\Program Files\7-Zip\7z.exe,"""C:\Program Files\7-Zip\7z.exe"" -arg1 /c ""do_something""",C:\Users\svc_sql\AppData\Local\Temp\b59c7c39.tmp,7b4149598e99dee9ea201184aa59b61637d9ec3a5a18a5dcf73d049017cf7cef,Special privileges assigned to new logon.,Privilege Escalation,Exploitation for Privilege Escalation,T1068,
77,2025-09-15 23:32:27,WIN-HOST-070,4688,Microsoft-Windows-Security-Auditing,Information,SYSTEM,63.77.245.97,C:\Program Files\OpenSSH\ssh.exe,"""C:\Program Files\OpenSSH\ssh.exe"" -arg1 /c ""do_something""",C:\Users\SYSTEM\AppData\Local\Temp\7ce98739.tmp,46c06b5203edd9af2d84161940a3ab71579f62ce25960b3cb66f8a835cabf004,Registry query or modification.,Discovery,Query Registry,T1012,Possible discovery of startup keys or persistence mechanisms.
78,2025-08-25 16:51:25,WIN-HOST-017,4688,Microsoft-Windows-Security-Auditing,Information,alice,55.204.134.59,C:\Windows\System32\cmd.exe,"""C:\Windows\System32\cmd.exe"" -arg3 /c ""do_something""",C:\Users\alice\AppData\Local\Temp\cf829bc1.tmp,eb930e405b15aa11a086627b59818021bd2b061d0f0da795478326f1d5de78c0,A new process has been created.,Impact,Service Stop,T1489,
79,2025-08-13 01:07:08,WIN-HOST-022,3,Microsoft-Windows-Sysmon,Error,krbtgt,79.160.63.38,C:\Windows\System32\cmd.exe,"""C:\Windows\System32\cmd.exe"" -arg1 /c ""do_something""",C:\Users\krbtgt\AppData\Local\Temp\6af4e561.tmp,1c0f23f1ee03cb747196cc35c4b8f54bd5e9f4b1146f8a652305d3688d5d6adc,Encrypted outbound connection established.,Command and Control,Encrypted Channel,T1573,Potential C2 channel over TLS.
80,2025-07-14 02:22:25,WIN-HOST-049,4627,Microsoft-Windows-Security-Auditing,Information,svc_sql,160.146.245.42,C:\Program Files\Mozilla Firefox\firefox.exe,"C:\Program Files\Mozilla Firefox\firefox.exe -ExecutionPolicy Bypass -NoProfile -WindowStyle Hidden -Command ""Invoke-Expression ...""",C:\Users\svc_sql\AppData\Local\Temp\d7c9d2b7.tmp,9cd4cdeddb129e5c16a7557a27c8a78759602194de6ebb937581b0ecea3d2f4c,Command executed via scripting engine.,Execution,Command and Scripting Interpreter,T1059,Suspicious scripting activity; check base64 or obfuscation.
81,2025-08-19 13:58:07,WIN-HOST-077,5145,Microsoft-Windows-Sysmon,Error,Administrator,94.221.187.191,C:\Windows\System32\svchost.exe,"""C:\Windows\System32\svchost.exe"" -arg6 /c ""do_something""",C:\Users\Administrator\AppData\Local\Temp\4e58929d.tmp,803b9ee46c758c382293239431119a4ed8b0b7ca5a14ae57d35fa5b7d8a01ced,Access to ADMIN$ share or C$ share.,Lateral Movement,Windows Admin Shares,T1021.002,Possible lateral movement using admin shares.
82,2025-09-16 15:13:32,WIN-HOST-054,7045,Microsoft-Windows-Security-Auditing,Information,alice,39.42.109.142,C:\Windows\System32\sc.exe,"""C:\Windows\System32\cmd.exe"" -arg6 /c ""do_something""",C:\Users\alice\AppData\Local\Temp\72626b7c.tmp,b58ea29e8cbc42ba1b9ccf60c2329ed7e031aaeb0505e4043096add3c6011f6b,Service installation detected.,Persistence,Create or Modify System Process,T1543,Service created - could be persistence.
83,2025-07-16 17:01:53,WIN-HOST-035,4663,Microsoft-Windows-Security-Auditing,Information,krbtgt,198.78.230.227,C:\Program Files\Git\bin\bash.exe,"""C:\Program Files\Git\bin\bash.exe"" -arg4 /c ""do_something""",C:\Users\krbtgt\AppData\Local\Temp\24d2e3bd.tmp,0fb310308cdf118e4b05bc16a04c8985e0edab8db64422d5736d712c9ae8b46e,An attempt was made to access an object.,Discovery,System Network Connections Discovery,T1049,
84,2025-07-08 21:17:33,WIN-HOST-076,1102,Microsoft-Windows-Sysmon,Warning,svc_updater,218.9.223.160,C:\Program Files\OpenSSH\ssh.exe,"""C:\Program Files\OpenSSH\ssh.exe"" -arg1 /c ""do_something""",C:\Users\svc_updater\AppData\Local\Temp\7b4a1653.tmp,f5595681069d9198c2c114ba85c9e7f2a8b2ce08f883365aaf3d84193a7bf9ad,Registry query or modification.,Discovery,Query Registry,T1012,Possible discovery of startup keys or persistence mechanisms.
85,2025-08-05 02:15:44,WIN-HOST-032,8,Microsoft-Windows-Sysmon,Information,alice,86.30.22.209,C:\Windows\System32\taskhostw.exe,"""C:\Windows\System32\taskhostw.exe"" -arg3 /c ""do_something""",C:\Users\alice\AppData\Local\Temp\6201cd0e.tmp,f1cc11170fe01a823ef3bf0cd8f8629e04a7ce4d498f6d248eab66f0dce505e8,CreateRemoteThread detected.,Lateral Movement,Remote Services,T1021,
86,2025-08-01 12:38:00,WIN-HOST-028,4688,Microsoft-Windows-Security-Auditing,Information,john.doe,87.32.114.70,C:\Program Files\7-Zip\7z.exe,"""C:\Program Files\7-Zip\7z.exe"" -arg5 /c ""do_something""",C:\Users\john.doe\AppData\Local\Temp\bdc926ef.tmp,83c47376fabc3bfcb88dbc6f32230ccb7cc9f5d4b20c1e630b17de8d2aa22ea0,A new process has been created.,Privilege Escalation,Valid Accounts,T1078,
87,2025-06-24 09:54:30,WIN-HOST-036,3,Microsoft-Windows-Sysmon,Information,bob,48.233.18.242,C:\Windows\System32\svchost.exe,"""C:\Windows\System32\svchost.exe"" -arg6 /c ""do_something""",C:\Users\bob\AppData\Local\Temp\c7807c5a.tmp,47f6ee3575244bcb58a0c98bdc867ec5a86dd2d04a77ac0ab695b34611a75eb2,Network Connection detected.,Persistence,Service Registry Permissions Weakness,T1547.001,
88,2025-08-01 10:14:17,WIN-HOST-072,5145,Microsoft-Windows-Security-Auditing,Information,svc_backup,125.166.119.133,C:\Windows\System32\mpssvc.dll,"""C:\Windows\System32\mpssvc.dll"" -arg1 /c ""do_something""",C:\Users\svc_backup\AppData\Local\Temp\7d9a2830.tmp,f6afc7deff18ed0188304aa6c8f6b450764f3b2cb917daaa5cc0fe864be064dc,A network share object was checked to see whether client can be granted desired access.,Defense Evasion,Masquerading,T1036,
89,2025-08-20 07:05:19,WIN-HOST-029,4625,Microsoft-Windows-Security-Auditing,Warning,svc_sql,148.224.211.186,C:\Program Files\Mozilla Firefox\firefox.exe,"""C:\Program Files\Mozilla Firefox\firefox.exe"" -arg5 /c ""do_something""",C:\Users\svc_sql\AppData\Local\Temp\a746ffc1.tmp,e324fbf4d96700d2b8735c7a97553f78ef9e4473e62ddd3df58f1fd41d117113,An account failed to log on.,Lateral Movement,Remote Services,T1021,
90,2025-08-15 11:41:39,WIN-HOST-055,4663,Microsoft-Windows-Security-Auditing,Information,bob,116.40.166.86,C:\Program Files\OpenSSH\ssh.exe,"""C:\Program Files\OpenSSH\ssh.exe"" -arg3 /c ""do_something""",C:\Users\bob\AppData\Local\Temp\e9a55d4a.tmp,a575f1c41cc389d99353f4cb13a2b2d3688a59920c50cb15ef295fc6caeef159,Obfuscated script or binary detected.,Defense Evasion,Obfuscated Files or Information,T1027,Base64-heavy command line or packed binary.
91,2025-09-06 03:33:31,WIN-HOST-025,1,Service Control Manager,Information,john.doe,176.174.143.8,C:\Windows\System32\cmd.exe,"""C:\Windows\System32\cmd.exe"" -arg2 /c ""do_something""",C:\Users\john.doe\AppData\Local\Temp\0bd7fed1.tmp,0708ce6b2f039b97fbf73fd1bb6f92d8238bb899ff6c20d11d2c366abcd0c356,Scheduled task created or executed.,Persistence,Scheduled Task/Job,T1053,Persistence via scheduled task.
92,2025-08-22 00:24:59,WIN-HOST-076,1102,Microsoft-Windows-Security-Auditing,Information,bob,251.2.190.187,C:\Program Files\7-Zip\7z.exe,"""C:\Program Files\7-Zip\7z.exe"" -arg2 /c ""do_something""",C:\Users\bob\AppData\Local\Temp\b1a6b97e.tmp,794ebad585619b4fbeaaa7076058dc05c0c176697c11c1394d556972592193ee,Registry query or modification.,Discovery,Query Registry,T1012,Possible discovery of startup keys or persistence mechanisms.
93,2025-08-13 19:47:36,WIN-HOST-023,7045,Service Control Manager,Information,svc_updater,32.103.189.172,C:\Windows\System32\svchost.exe,"""C:\Windows\System32\svchost.exe"" -arg1 /c ""do_something""",C:\Users\svc_updater\AppData\Local\Temp\8eda412e.tmp,1c4ca46e8c6f14d5f76e739ed8ee11247dc51cbd0d660a8b9edbd72a9967affd,A service was installed in the system.,Initial Access,Phishing: Spearphishing Attachment,T1566.001,
94,2025-08-20 11:58:46,WIN-HOST-017,4663,Microsoft-Windows-Security-Auditing,Information,IIS_APPPOOL\DefaultAppPool,72.202.118.81,C:\Windows\System32\mpssvc.dll,"""C:\Windows\System32\mpssvc.dll"" -arg4 /c ""do_something""",C:\Users\IIS_APPPOOL\DefaultAppPool\AppData\Local\Temp\138272a2.tmp,ce5d9557e88b12c0ee48a2a76810b08df576ebf854bfc5e186e40e5bb3c8c96a,An attempt was made to access an object.,Lateral Movement,Remote Services,T1021,
95,2025-08-30 23:06:31,WIN-HOST-007,5156,Microsoft-Windows-Security-Auditing,Information,svc_updater,16.186.88.227,C:\Windows\System32\mpssvc.dll,"""C:\Windows\System32\mpssvc.dll"" -arg1 /c ""do_something""",C:\Users\svc_updater\AppData\Local\Temp\c603bd08.tmp,90d6399842afc5bc499c41da817125a6ae56b7632940de58383fc8e5711d347f,Windows Filtering Platform has permitted a connection.,Lateral Movement,Remote Services,T1021,
96,2025-07-18 17:59:32,WIN-HOST-007,4627,Microsoft-Windows-Security-Auditing,Information,Guest,242.249.229.250,C:\Windows\System32\WindowsPowerShell\v1.0\powershell.exe,"""C:\Windows\System32\WindowsPowerShell\v1.0\powershell.exe"" -arg2 /c ""do_something""",C:\Users\Guest\AppData\Local\Temp\839259b4.tmp,355c34907ad5f47380bf42a18ccf81667ef1a1063d9cbaac836aca5af94ba5c6,Group membership information.,Initial Access,Exploit Public-Facing Application,T1190,
97,2025-07-25 16:18:10,WIN-HOST-054,4625,Microsoft-Windows-Security-Auditing,Warning,krbtgt,97.96.116.89,C:\Program Files\Mozilla Firefox\firefox.exe,"""C:\Program Files\Mozilla Firefox\firefox.exe"" -arg4 /c ""do_something""",C:\Users\krbtgt\AppData\Local\Temp\260100d7.tmp,9877e4ac1c8db75b10c4520cd6959a9994f40dda911f6a49766efaf71727ba9d,An account failed to log on.,Credential Access,Input Capture: Keylogging,T1056.001,
98,2025-06-26 08:22:25,WIN-HOST-076,1102,Microsoft-Windows-Eventlog,Warning,svc_sql,195.66.189.43,C:\Program Files\7-Zip\7z.exe,"""C:\Program Files\7-Zip\7z.exe"" -arg2 /c ""do_something""",C:\Users\svc_sql\AppData\Local\Temp\51e85f57.tmp,658df0665b9e1a5272893529dc39c0e21c43777ae4380d50c2e79014cd72ede0,Mass deletion of files detected.,Impact,Data Destruction,T1485,Data destruction activity suspected.
99,2025-07-15 17:47:53,WIN-HOST-011,3001,Microsoft-Windows-InternetExplorer,Warning,Guest,19.55.115.158,C:\Program Files\Mozilla Firefox\firefox.exe,"""C:\Program Files\Mozilla Firefox\firefox.exe"" -arg4 /c ""do_something""",C:\Users\Guest\AppData\Local\Temp\2c02a228.tmp,f30ce7a9c775becd479753d12c5624f5cb7be3e91bfddf0f676b497d67ee17de,User clicked on compromised web resource.,Initial Access,Drive-by Compromise,T1189,Possible drive-by compromise.
100,2025-07-12 22:21:21,WIN-HOST-077,4672,Microsoft-Windows-Security-Auditing,Information,alice,8.91.21.251,C:\Program Files\7-Zip\7z.exe,"""C:\Program Files\7-Zip\7z.exe"" -arg6 /c ""do_something""",C:\Users\alice\AppData\Local\Temp\fe14e1a6.tmp,af3ea6d2b47cbc74906209b23c28ecae65e2cc462fe00d511f92e38cbcc598e0,Obfuscated script or binary detected.,Defense Evasion,Obfuscated Files or Information,T1027,Base64-heavy command line or packed binary.
101,2025-07-11 14:37:38,WIN-HOST-059,1102,Microsoft-Windows-Eventlog,Warning,Administrator,236.133.111.55,C:\Program Files\Mozilla Firefox\firefox.exe,"""C:\Program Files\Mozilla Firefox\firefox.exe"" -arg6 /c ""do_something""",C:\Users\Administrator\AppData\Local\Temp\f3bc86e8.tmp,e377d1c262ee9286f77505bfcf8cae5235850ee34646ca36eb89da9ffdbfba9e,The audit log was cleared.,Defense Evasion,Masquerading,T1036,
102,2025-07-15 16:02:20,WIN-HOST-026,4627,Microsoft-Windows-Security-Auditing,Information,svc_sql,139.104.112.181,C:\Windows\System32\cmd.exe,"""C:\Windows\System32\cmd.exe"" -arg2 /c ""do_something""",C:\Users\svc_sql\AppData\Local\Temp\e3f3c669.tmp,8b9b42917484320535fd9ba16dd9464f7792d2d103dbccab810d629b01e69f3b,Mass deletion of files detected.,Impact,Data Destruction,T1485,Data destruction activity suspected.
103,2025-08-23 01:44:19,WIN-HOST-019,8,Microsoft-Windows-Sysmon,Information,Administrator,73.226.98.61,C:\Windows\System32\svchost.exe,"C:\Windows\System32\svchost.exe -ExecutionPolicy Bypass -NoProfile -WindowStyle Hidden -Command ""Invoke-Expression ...""",C:\Users\Administrator\AppData\Local\Temp\20255f2f.tmp,fbf94f39038464384d561f9d4874da9da9e630aac4771324950377ea2678175a,Command executed via scripting engine.,Execution,Command and Scripting Interpreter,T1059,Suspicious scripting activity; check base64 or obfuscation.
104,2025-08-19 08:07:24,WIN-HOST-052,3,Microsoft-Windows-Sysmon,Information,svc_updater,138.60.59.94,C:\Program Files\Git\bin\bash.exe,"""C:\Program Files\Git\bin\bash.exe"" -arg1 /c ""do_something""",C:\Users\svc_updater\AppData\Local\Temp\83ca0da4.tmp,dbeb2b1681b4e09863942003dfce4c25444511c1c024c5b9d7672371cd78de3a,Network Connection detected.,Discovery,System Network Connections Discovery,T1049,
105,2025-09-13 23:49:29,WIN-HOST-056,4627,Microsoft-Windows-Security-Auditing,Information,john.doe,6.159.20.241,C:\Program Files\7-Zip\7z.exe,"""C:\Program Files\7-Zip\7z.exe"" -arg6 /c ""do_something""",C:\Users\john.doe\AppData\Local\Temp\bbb11147.tmp,f227b96cb0a0a1cb394a9e5bb22d13f7de2586e03dd3ef03346b6a481339a4c4,Group membership information.,Persistence,Service Registry Permissions Weakness,T1547.001,
106,2025-06-26 07:33:27,WIN-HOST-074,7,Microsoft-Windows-Sysmon,Warning,krbtgt,193.154.213.140,C:\Windows\System32\svchost.exe,"""C:\Windows\System32\svchost.exe"" -arg5 /c ""do_something""",C:\Users\krbtgt\AppData\Local\Temp\fe581b0e.tmp,60ea75efb2bcabaa017126b6a0ef37132c8389a10d1ee5d20ae65546d51a8fbd,Image loaded (DLL).,Lateral Movement,Remote Services,T1021,
107,2025-08-05 22:14:16,WIN-HOST-036,4625,Microsoft-Windows-Sysmon,Information,Guest,23.91.169.141,C:\Windows\System32\taskhostw.exe,"""C:\Windows\System32\taskhostw.exe"" -arg4 /c ""do_something""",C:\Users\Guest\AppData\Local\Temp\1acc6fc7.tmp,703b36273d13d3872b9501a4dfe4a76a29d29a5b8349d8ecb23b3b4d719684de,Multiple failed logon attempts detected.,Credential Access,Brute Force,T1110,Failed logon count: 13
108,2025-07-14 19:10:58,WIN-HOST-014,11,Microsoft-Windows-Security-Auditing,Information,Guest,126.215.14.215,C:\Program Files\OpenSSH\ssh.exe,"""C:\Program Files\OpenSSH\ssh.exe"" -arg4 /c ""do_something""",C:\Users\Guest\AppData\Local\Temp\ce883a62.tmp,b718c13113a44a216fba8298d236150a80d07c6161093a57f61f8469353b024e,File encryption/ransomware activity observed (file renames & extensions).,Impact,Ransomware,T1486,Mass file modifications and suspicious file extensions.
109,2025-08-04 16:53:09,WIN-HOST-012,1,Microsoft-Windows-Security-Auditing,Information,john.doe,82.194.18.33,C:\Program Files\7-Zip\7z.exe,"""C:\Program Files\7-Zip\7z.exe"" -arg4 /c ""do_something""",C:\Users\john.doe\AppData\Local\Temp\0240a172.tmp,e81d5afb07408ad886b508c01aedf64bad0d6b579dfa3fefd96eb4c14402a652,Scheduled task created or executed.,Execution,Scheduled Task/Job,T1053.005,Persistence via scheduled task.
110,2025-09-17 18:01:30,WIN-HOST-070,5145,Microsoft-Windows-Sysmon,Warning,alice,13.224.81.166,C:\Windows\System32\taskhostw.exe,"""C:\Windows\System32\taskhostw.exe"" -arg3 /c ""do_something""",C:\Users\alice\AppData\Local\Temp\2811e7ea.tmp,64296cb93a305bebc60a787ac519ad12e748c6ca66eec0c63d675a06cf906e85,Access to ADMIN$ share or C$ share.,Lateral Movement,Windows Admin Shares,T1021.002,Possible lateral movement using admin shares.
111,2025-07-06 10:04:00,WIN-HOST-064,1,Microsoft-Windows-Security-Auditing,Information,IIS_APPPOOL\DefaultAppPool,194.142.189.112,C:\Windows\System32\mpssvc.dll,"""C:\Windows\System32\mpssvc.dll"" -arg3 /c ""do_something""",C:\Users\IIS_APPPOOL\DefaultAppPool\AppData\Local\Temp\8db82e5e.tmp,7750a4eadb81eb6eff5d91d171100cfeb7954ec42aa320358561ebceaf53fe0c,Scheduled task created or executed.,Persistence,Scheduled Task/Job,T1053,Persistence via scheduled task.
112,2025-08-20 21:33:02,WIN-HOST-057,4688,Microsoft-Windows-Security-Auditing,Information,alice,204.159.211.52,C:\Windows\System32\cmd.exe,"""C:\Windows\System32\cmd.exe"" -arg2 /c ""do_something""",C:\Users\alice\AppData\Local\Temp\7d57c1af.tmp,22460c34138b6896e1f7a576dd4d709ee4873f0588c33813dcabddbc1249e6cb,A new process has been created.,Impact,Service Stop,T1489,
113,2025-07-26 09:09:33,WIN-HOST-002,1102,Microsoft-Windows-Eventlog,Warning,bob,23.220.142.255,C:\Windows\System32\taskhostw.exe,"""C:\Windows\System32\taskhostw.exe"" -arg1 /c ""do_something""",C:\Users\bob\AppData\Local\Temp\626a19c6.tmp,40b477ba8d321656db9b58b7bdfec3ce16caf2b226d1f79316291f8486080015,Registry query or modification.,Discovery,Query Registry,T1012,Possible discovery of startup keys or persistence mechanisms.
114,2025-07-16 23:26:03,WIN-HOST-020,1102,Microsoft-Windows-Security-Auditing,Warning,alice,69.255.44.131,C:\Program Files\7-Zip\7z.exe,"""C:\Program Files\7-Zip\7z.exe"" -arg4 /c ""do_something""",C:\Users\alice\AppData\Local\Temp\d551f28f.tmp,df5721b9ecbe2bff197621735d5f49280aa9679e189f04dfc1331ca204c256a2,Registry query or modification.,Discovery,Query Registry,T1012,Possible discovery of startup keys or persistence mechanisms.
115,2025-08-04 12:19:03,WIN-HOST-071,4702,Service Control Manager,Information,Guest,17.223.18.215,C:\Windows\System32\taskhostw.exe,"""C:\Windows\System32\taskhostw.exe"" -arg4 /c ""do_something""",C:\Users\Guest\AppData\Local\Temp\67c529ca.tmp,d87a95d9d90e954331296b37ff17df3010f57ac7a4257cb14202fb1452503e6e,Scheduled task created or executed.,Execution,Scheduled Task/Job,T1053.005,Persistence via scheduled task.
116,2025-07-03 09:11:33,WIN-HOST-065,8,Microsoft-Windows-Sysmon,Information,svc_updater,38.10.89.98,C:\Windows\System32\svchost.exe,"""C:\Windows\System32\svchost.exe"" -arg4 /c ""do_something""",C:\Users\svc_updater\AppData\Local\Temp\8aa2172d.tmp,b607dea284b5d3375d0e017e6c84c5579554a2d062e956fdc45cae8c15776582,CreateRemoteThread detected.,Collection,Input Capture,T1056,
